[35m[1mConsolidate compiler generated dependencies of target automatic_simulations_exec[0m
[100%] Built target automatic_simulations_exec
-- Install configuration: ""
-- Up-to-date: /home/josedag31/Arus/ws/src/ARUSSim/install/automatic_simulations/lib/automatic_simulations/automatic_simulations_exec
-- Up-to-date: /home/josedag31/Arus/ws/src/ARUSSim/install/automatic_simulations/share/automatic_simulations/config
-- Up-to-date: /home/josedag31/Arus/ws/src/ARUSSim/install/automatic_simulations/share/automatic_simulations/config/automatic_simulations_config.yaml
-- Up-to-date: /home/josedag31/Arus/ws/src/ARUSSim/install/automatic_simulations/share/ament_index/resource_index/package_run_dependencies/automatic_simulations
-- Up-to-date: /home/josedag31/Arus/ws/src/ARUSSim/install/automatic_simulations/share/ament_index/resource_index/parent_prefix_path/automatic_simulations
-- Up-to-date: /home/josedag31/Arus/ws/src/ARUSSim/install/automatic_simulations/share/automatic_simulations/environment/ament_prefix_path.sh
-- Up-to-date: /home/josedag31/Arus/ws/src/ARUSSim/install/automatic_simulations/share/automatic_simulations/environment/ament_prefix_path.dsv
-- Up-to-date: /home/josedag31/Arus/ws/src/ARUSSim/install/automatic_simulations/share/automatic_simulations/environment/path.sh
-- Up-to-date: /home/josedag31/Arus/ws/src/ARUSSim/install/automatic_simulations/share/automatic_simulations/environment/path.dsv
-- Up-to-date: /home/josedag31/Arus/ws/src/ARUSSim/install/automatic_simulations/share/automatic_simulations/local_setup.bash
-- Up-to-date: /home/josedag31/Arus/ws/src/ARUSSim/install/automatic_simulations/share/automatic_simulations/local_setup.sh
-- Up-to-date: /home/josedag31/Arus/ws/src/ARUSSim/install/automatic_simulations/share/automatic_simulations/local_setup.zsh
-- Up-to-date: /home/josedag31/Arus/ws/src/ARUSSim/install/automatic_simulations/share/automatic_simulations/local_setup.dsv
-- Installing: /home/josedag31/Arus/ws/src/ARUSSim/install/automatic_simulations/share/automatic_simulations/package.dsv
-- Up-to-date: /home/josedag31/Arus/ws/src/ARUSSim/install/automatic_simulations/share/ament_index/resource_index/packages/automatic_simulations
-- Up-to-date: /home/josedag31/Arus/ws/src/ARUSSim/install/automatic_simulations/share/automatic_simulations/cmake/automatic_simulationsConfig.cmake
-- Up-to-date: /home/josedag31/Arus/ws/src/ARUSSim/install/automatic_simulations/share/automatic_simulations/cmake/automatic_simulationsConfig-version.cmake
-- Up-to-date: /home/josedag31/Arus/ws/src/ARUSSim/install/automatic_simulations/share/automatic_simulations/package.xml
