[0.023s] Invoking command in '/home/josedag31/Arus/ws/src/ARUSSim/build/automatic_simulations': CMAKE_PREFIX_PATH=${CMAKE_PREFIX_PATH}:/opt/ros/humble /usr/bin/cmake --build /home/josedag31/Arus/ws/src/ARUSSim/build/automatic_simulations -- -j8 -l8
[0.083s] [35m[1mConsolidate compiler generated dependencies of target automatic_simulations_exec[0m
[0.116s] [100%] Built target automatic_simulations_exec
[0.141s] Invoked command in '/home/josedag31/Arus/ws/src/ARUSSim/build/automatic_simulations' returned '0': CMAKE_PREFIX_PATH=${CMAKE_PREFIX_PATH}:/opt/ros/humble /usr/bin/cmake --build /home/josedag31/Arus/ws/src/ARUSSim/build/automatic_simulations -- -j8 -l8
[0.162s] Invoking command in '/home/josedag31/Arus/ws/src/ARUSSim/build/automatic_simulations': CMAKE_PREFIX_PATH=${CMAKE_PREFIX_PATH}:/opt/ros/humble /usr/bin/cmake --install /home/josedag31/Arus/ws/src/ARUSSim/build/automatic_simulations
[0.178s] -- Install configuration: ""
[0.181s] -- Up-to-date: /home/josedag31/Arus/ws/src/ARUSSim/install/automatic_simulations/lib/automatic_simulations/automatic_simulations_exec
[0.182s] -- Up-to-date: /home/josedag31/Arus/ws/src/ARUSSim/install/automatic_simulations/share/automatic_simulations/config
[0.182s] -- Up-to-date: /home/josedag31/Arus/ws/src/ARUSSim/install/automatic_simulations/share/automatic_simulations/config/automatic_simulations_config.yaml
[0.182s] -- Up-to-date: /home/josedag31/Arus/ws/src/ARUSSim/install/automatic_simulations/share/ament_index/resource_index/package_run_dependencies/automatic_simulations
[0.182s] -- Up-to-date: /home/josedag31/Arus/ws/src/ARUSSim/install/automatic_simulations/share/ament_index/resource_index/parent_prefix_path/automatic_simulations
[0.182s] -- Up-to-date: /home/josedag31/Arus/ws/src/ARUSSim/install/automatic_simulations/share/automatic_simulations/environment/ament_prefix_path.sh
[0.182s] -- Up-to-date: /home/josedag31/Arus/ws/src/ARUSSim/install/automatic_simulations/share/automatic_simulations/environment/ament_prefix_path.dsv
[0.182s] -- Up-to-date: /home/josedag31/Arus/ws/src/ARUSSim/install/automatic_simulations/share/automatic_simulations/environment/path.sh
[0.182s] -- Up-to-date: /home/josedag31/Arus/ws/src/ARUSSim/install/automatic_simulations/share/automatic_simulations/environment/path.dsv
[0.183s] -- Up-to-date: /home/josedag31/Arus/ws/src/ARUSSim/install/automatic_simulations/share/automatic_simulations/local_setup.bash
[0.184s] -- Up-to-date: /home/josedag31/Arus/ws/src/ARUSSim/install/automatic_simulations/share/automatic_simulations/local_setup.sh
[0.186s] -- Up-to-date: /home/josedag31/Arus/ws/src/ARUSSim/install/automatic_simulations/share/automatic_simulations/local_setup.zsh
[0.186s] -- Up-to-date: /home/josedag31/Arus/ws/src/ARUSSim/install/automatic_simulations/share/automatic_simulations/local_setup.dsv
[0.186s] -- Installing: /home/josedag31/Arus/ws/src/ARUSSim/install/automatic_simulations/share/automatic_simulations/package.dsv
[0.186s] -- Up-to-date: /home/josedag31/Arus/ws/src/ARUSSim/install/automatic_simulations/share/ament_index/resource_index/packages/automatic_simulations
[0.186s] -- Up-to-date: /home/josedag31/Arus/ws/src/ARUSSim/install/automatic_simulations/share/automatic_simulations/cmake/automatic_simulationsConfig.cmake
[0.186s] -- Up-to-date: /home/josedag31/Arus/ws/src/ARUSSim/install/automatic_simulations/share/automatic_simulations/cmake/automatic_simulationsConfig-version.cmake
[0.187s] -- Up-to-date: /home/josedag31/Arus/ws/src/ARUSSim/install/automatic_simulations/share/automatic_simulations/package.xml
[0.187s] Invoked command in '/home/josedag31/Arus/ws/src/ARUSSim/build/automatic_simulations' returned '0': CMAKE_PREFIX_PATH=${CMAKE_PREFIX_PATH}:/opt/ros/humble /usr/bin/cmake --install /home/josedag31/Arus/ws/src/ARUSSim/build/automatic_simulations
