[0.111s] DEBUG:colcon:Command line arguments: ['/usr/bin/colcon', 'build']
[0.111s] DEBUG:colcon:Parsed command line arguments: Namespace(log_base=None, log_level=None, verb_name='build', build_base='build', install_base='install', merge_install=False, symlink_install=False, test_result_base=None, continue_on_error=False, executor='parallel', parallel_workers=8, event_handlers=None, ignore_user_meta=False, metas=['./colcon.meta'], base_paths=['.'], packages_ignore=None, packages_ignore_regex=None, paths=None, packages_up_to=None, packages_up_to_regex=None, packages_above=None, packages_above_and_dependencies=None, packages_above_depth=None, packages_select_by_dep=None, packages_skip_by_dep=None, packages_skip_up_to=None, packages_select_build_failed=False, packages_skip_build_finished=False, packages_select_test_failures=False, packages_skip_test_passed=False, packages_select=None, packages_skip=None, packages_select_regex=None, packages_skip_regex=None, packages_start=None, packages_end=None, allow_overriding=[], cmake_args=None, cmake_target=None, cmake_target_skip_unavailable=False, cmake_clean_cache=False, cmake_clean_first=False, cmake_force_configure=False, ament_cmake_args=None, catkin_cmake_args=None, catkin_skip_building_tests=False, mixin_files=None, mixin=None, verb_parser=<colcon_mixin.mixin.mixin_argument.MixinArgumentDecorator object at 0x75340f151e10>, verb_extension=<colcon_core.verb.build.BuildVerb object at 0x75340f1518a0>, main=<bound method BuildVerb.main of <colcon_core.verb.build.BuildVerb object at 0x75340f1518a0>>, mixin_verb=('build',))
[0.315s] Level 1:colcon.colcon_core.package_discovery:discover_packages(colcon_meta) check parameters
[0.315s] Level 1:colcon.colcon_core.package_discovery:discover_packages(recursive) check parameters
[0.315s] Level 1:colcon.colcon_core.package_discovery:discover_packages(ignore) check parameters
[0.315s] Level 1:colcon.colcon_core.package_discovery:discover_packages(path) check parameters
[0.315s] Level 1:colcon.colcon_core.package_discovery:discover_packages(colcon_meta) discover
[0.316s] Level 1:colcon.colcon_core.package_discovery:discover_packages(recursive) discover
[0.316s] INFO:colcon.colcon_core.package_discovery:Crawling recursively for packages in '/home/josedag31/Arus/ws/src/ARUSSim'
[0.316s] Level 1:colcon.colcon_core.package_identification:_identify(.) by extensions ['ignore', 'ignore_ament_install']
[0.316s] Level 1:colcon.colcon_core.package_identification:_identify(.) by extension 'ignore'
[0.316s] Level 1:colcon.colcon_core.package_identification:_identify(.) by extension 'ignore_ament_install'
[0.316s] Level 1:colcon.colcon_core.package_identification:_identify(.) by extensions ['colcon_pkg']
[0.316s] Level 1:colcon.colcon_core.package_identification:_identify(.) by extension 'colcon_pkg'
[0.316s] Level 1:colcon.colcon_core.package_identification:_identify(.) by extensions ['colcon_meta']
[0.316s] Level 1:colcon.colcon_core.package_identification:_identify(.) by extension 'colcon_meta'
[0.316s] Level 1:colcon.colcon_core.package_identification:_identify(.) by extensions ['ros']
[0.316s] Level 1:colcon.colcon_core.package_identification:_identify(.) by extension 'ros'
[0.329s] Level 1:colcon.colcon_core.package_identification:_identify(.) by extensions ['cmake', 'python']
[0.329s] Level 1:colcon.colcon_core.package_identification:_identify(.) by extension 'cmake'
[0.329s] Level 1:colcon.colcon_core.package_identification:_identify(.) by extension 'python'
[0.329s] Level 1:colcon.colcon_core.package_identification:_identify(.) by extensions ['python_setup_py']
[0.329s] Level 1:colcon.colcon_core.package_identification:_identify(.) by extension 'python_setup_py'
[0.330s] Level 1:colcon.colcon_core.package_identification:_identify(build) by extensions ['ignore', 'ignore_ament_install']
[0.330s] Level 1:colcon.colcon_core.package_identification:_identify(build) by extension 'ignore'
[0.330s] Level 1:colcon.colcon_core.package_identification:_identify(build) ignored
[0.330s] Level 1:colcon.colcon_core.package_identification:_identify(docs) by extensions ['ignore', 'ignore_ament_install']
[0.330s] Level 1:colcon.colcon_core.package_identification:_identify(docs) by extension 'ignore'
[0.330s] Level 1:colcon.colcon_core.package_identification:_identify(docs) by extension 'ignore_ament_install'
[0.330s] Level 1:colcon.colcon_core.package_identification:_identify(docs) by extensions ['colcon_pkg']
[0.330s] Level 1:colcon.colcon_core.package_identification:_identify(docs) by extension 'colcon_pkg'
[0.330s] Level 1:colcon.colcon_core.package_identification:_identify(docs) by extensions ['colcon_meta']
[0.330s] Level 1:colcon.colcon_core.package_identification:_identify(docs) by extension 'colcon_meta'
[0.330s] Level 1:colcon.colcon_core.package_identification:_identify(docs) by extensions ['ros']
[0.330s] Level 1:colcon.colcon_core.package_identification:_identify(docs) by extension 'ros'
[0.330s] Level 1:colcon.colcon_core.package_identification:_identify(docs) by extensions ['cmake', 'python']
[0.330s] Level 1:colcon.colcon_core.package_identification:_identify(docs) by extension 'cmake'
[0.330s] Level 1:colcon.colcon_core.package_identification:_identify(docs) by extension 'python'
[0.330s] Level 1:colcon.colcon_core.package_identification:_identify(docs) by extensions ['python_setup_py']
[0.330s] Level 1:colcon.colcon_core.package_identification:_identify(docs) by extension 'python_setup_py'
[0.331s] Level 1:colcon.colcon_core.package_identification:_identify(docs/_source) by extensions ['ignore', 'ignore_ament_install']
[0.331s] Level 1:colcon.colcon_core.package_identification:_identify(docs/_source) by extension 'ignore'
[0.331s] Level 1:colcon.colcon_core.package_identification:_identify(docs/_source) by extension 'ignore_ament_install'
[0.331s] Level 1:colcon.colcon_core.package_identification:_identify(docs/_source) by extensions ['colcon_pkg']
[0.331s] Level 1:colcon.colcon_core.package_identification:_identify(docs/_source) by extension 'colcon_pkg'
[0.331s] Level 1:colcon.colcon_core.package_identification:_identify(docs/_source) by extensions ['colcon_meta']
[0.331s] Level 1:colcon.colcon_core.package_identification:_identify(docs/_source) by extension 'colcon_meta'
[0.331s] Level 1:colcon.colcon_core.package_identification:_identify(docs/_source) by extensions ['ros']
[0.331s] Level 1:colcon.colcon_core.package_identification:_identify(docs/_source) by extension 'ros'
[0.331s] Level 1:colcon.colcon_core.package_identification:_identify(docs/_source) by extensions ['cmake', 'python']
[0.331s] Level 1:colcon.colcon_core.package_identification:_identify(docs/_source) by extension 'cmake'
[0.331s] Level 1:colcon.colcon_core.package_identification:_identify(docs/_source) by extension 'python'
[0.331s] Level 1:colcon.colcon_core.package_identification:_identify(docs/_source) by extensions ['python_setup_py']
[0.331s] Level 1:colcon.colcon_core.package_identification:_identify(docs/_source) by extension 'python_setup_py'
[0.331s] Level 1:colcon.colcon_core.package_identification:_identify(docs/_static) by extensions ['ignore', 'ignore_ament_install']
[0.331s] Level 1:colcon.colcon_core.package_identification:_identify(docs/_static) by extension 'ignore'
[0.331s] Level 1:colcon.colcon_core.package_identification:_identify(docs/_static) by extension 'ignore_ament_install'
[0.331s] Level 1:colcon.colcon_core.package_identification:_identify(docs/_static) by extensions ['colcon_pkg']
[0.331s] Level 1:colcon.colcon_core.package_identification:_identify(docs/_static) by extension 'colcon_pkg'
[0.331s] Level 1:colcon.colcon_core.package_identification:_identify(docs/_static) by extensions ['colcon_meta']
[0.331s] Level 1:colcon.colcon_core.package_identification:_identify(docs/_static) by extension 'colcon_meta'
[0.332s] Level 1:colcon.colcon_core.package_identification:_identify(docs/_static) by extensions ['ros']
[0.332s] Level 1:colcon.colcon_core.package_identification:_identify(docs/_static) by extension 'ros'
[0.332s] Level 1:colcon.colcon_core.package_identification:_identify(docs/_static) by extensions ['cmake', 'python']
[0.332s] Level 1:colcon.colcon_core.package_identification:_identify(docs/_static) by extension 'cmake'
[0.332s] Level 1:colcon.colcon_core.package_identification:_identify(docs/_static) by extension 'python'
[0.332s] Level 1:colcon.colcon_core.package_identification:_identify(docs/_static) by extensions ['python_setup_py']
[0.332s] Level 1:colcon.colcon_core.package_identification:_identify(docs/_static) by extension 'python_setup_py'
[0.332s] Level 1:colcon.colcon_core.package_identification:_identify(docs/_static/images) by extensions ['ignore', 'ignore_ament_install']
[0.332s] Level 1:colcon.colcon_core.package_identification:_identify(docs/_static/images) by extension 'ignore'
[0.332s] Level 1:colcon.colcon_core.package_identification:_identify(docs/_static/images) by extension 'ignore_ament_install'
[0.332s] Level 1:colcon.colcon_core.package_identification:_identify(docs/_static/images) by extensions ['colcon_pkg']
[0.332s] Level 1:colcon.colcon_core.package_identification:_identify(docs/_static/images) by extension 'colcon_pkg'
[0.332s] Level 1:colcon.colcon_core.package_identification:_identify(docs/_static/images) by extensions ['colcon_meta']
[0.332s] Level 1:colcon.colcon_core.package_identification:_identify(docs/_static/images) by extension 'colcon_meta'
[0.332s] Level 1:colcon.colcon_core.package_identification:_identify(docs/_static/images) by extensions ['ros']
[0.332s] Level 1:colcon.colcon_core.package_identification:_identify(docs/_static/images) by extension 'ros'
[0.332s] Level 1:colcon.colcon_core.package_identification:_identify(docs/_static/images) by extensions ['cmake', 'python']
[0.332s] Level 1:colcon.colcon_core.package_identification:_identify(docs/_static/images) by extension 'cmake'
[0.332s] Level 1:colcon.colcon_core.package_identification:_identify(docs/_static/images) by extension 'python'
[0.332s] Level 1:colcon.colcon_core.package_identification:_identify(docs/_static/images) by extensions ['python_setup_py']
[0.332s] Level 1:colcon.colcon_core.package_identification:_identify(docs/_static/images) by extension 'python_setup_py'
[0.333s] Level 1:colcon.colcon_core.package_identification:_identify(docs/content) by extensions ['ignore', 'ignore_ament_install']
[0.333s] Level 1:colcon.colcon_core.package_identification:_identify(docs/content) by extension 'ignore'
[0.333s] Level 1:colcon.colcon_core.package_identification:_identify(docs/content) by extension 'ignore_ament_install'
[0.333s] Level 1:colcon.colcon_core.package_identification:_identify(docs/content) by extensions ['colcon_pkg']
[0.333s] Level 1:colcon.colcon_core.package_identification:_identify(docs/content) by extension 'colcon_pkg'
[0.333s] Level 1:colcon.colcon_core.package_identification:_identify(docs/content) by extensions ['colcon_meta']
[0.333s] Level 1:colcon.colcon_core.package_identification:_identify(docs/content) by extension 'colcon_meta'
[0.333s] Level 1:colcon.colcon_core.package_identification:_identify(docs/content) by extensions ['ros']
[0.333s] Level 1:colcon.colcon_core.package_identification:_identify(docs/content) by extension 'ros'
[0.333s] Level 1:colcon.colcon_core.package_identification:_identify(docs/content) by extensions ['cmake', 'python']
[0.333s] Level 1:colcon.colcon_core.package_identification:_identify(docs/content) by extension 'cmake'
[0.333s] Level 1:colcon.colcon_core.package_identification:_identify(docs/content) by extension 'python'
[0.333s] Level 1:colcon.colcon_core.package_identification:_identify(docs/content) by extensions ['python_setup_py']
[0.333s] Level 1:colcon.colcon_core.package_identification:_identify(docs/content) by extension 'python_setup_py'
[0.333s] Level 1:colcon.colcon_core.package_identification:_identify(install) by extensions ['ignore', 'ignore_ament_install']
[0.333s] Level 1:colcon.colcon_core.package_identification:_identify(install) by extension 'ignore'
[0.333s] Level 1:colcon.colcon_core.package_identification:_identify(install) ignored
[0.333s] Level 1:colcon.colcon_core.package_identification:_identify(log) by extensions ['ignore', 'ignore_ament_install']
[0.334s] Level 1:colcon.colcon_core.package_identification:_identify(log) by extension 'ignore'
[0.334s] Level 1:colcon.colcon_core.package_identification:_identify(log) ignored
[0.334s] Level 1:colcon.colcon_core.package_identification:_identify(src) by extensions ['ignore', 'ignore_ament_install']
[0.334s] Level 1:colcon.colcon_core.package_identification:_identify(src) by extension 'ignore'
[0.334s] Level 1:colcon.colcon_core.package_identification:_identify(src) by extension 'ignore_ament_install'
[0.334s] Level 1:colcon.colcon_core.package_identification:_identify(src) by extensions ['colcon_pkg']
[0.334s] Level 1:colcon.colcon_core.package_identification:_identify(src) by extension 'colcon_pkg'
[0.334s] Level 1:colcon.colcon_core.package_identification:_identify(src) by extensions ['colcon_meta']
[0.334s] Level 1:colcon.colcon_core.package_identification:_identify(src) by extension 'colcon_meta'
[0.334s] Level 1:colcon.colcon_core.package_identification:_identify(src) by extensions ['ros']
[0.334s] Level 1:colcon.colcon_core.package_identification:_identify(src) by extension 'ros'
[0.334s] Level 1:colcon.colcon_core.package_identification:_identify(src) by extensions ['cmake', 'python']
[0.334s] Level 1:colcon.colcon_core.package_identification:_identify(src) by extension 'cmake'
[0.334s] Level 1:colcon.colcon_core.package_identification:_identify(src) by extension 'python'
[0.334s] Level 1:colcon.colcon_core.package_identification:_identify(src) by extensions ['python_setup_py']
[0.334s] Level 1:colcon.colcon_core.package_identification:_identify(src) by extension 'python_setup_py'
[0.334s] Level 1:colcon.colcon_core.package_identification:_identify(src/arussim) by extensions ['ignore', 'ignore_ament_install']
[0.334s] Level 1:colcon.colcon_core.package_identification:_identify(src/arussim) by extension 'ignore'
[0.335s] Level 1:colcon.colcon_core.package_identification:_identify(src/arussim) by extension 'ignore_ament_install'
[0.335s] Level 1:colcon.colcon_core.package_identification:_identify(src/arussim) by extensions ['colcon_pkg']
[0.335s] Level 1:colcon.colcon_core.package_identification:_identify(src/arussim) by extension 'colcon_pkg'
[0.335s] Level 1:colcon.colcon_core.package_identification:_identify(src/arussim) by extensions ['colcon_meta']
[0.335s] Level 1:colcon.colcon_core.package_identification:_identify(src/arussim) by extension 'colcon_meta'
[0.335s] Level 1:colcon.colcon_core.package_identification:_identify(src/arussim) by extensions ['ros']
[0.335s] Level 1:colcon.colcon_core.package_identification:_identify(src/arussim) by extension 'ros'
[0.339s] DEBUG:colcon.colcon_core.package_identification:Package 'src/arussim' with type 'ros.ament_cmake' and name 'arussim'
[0.339s] Level 1:colcon.colcon_core.package_identification:_identify(src/arussim_msgs) by extensions ['ignore', 'ignore_ament_install']
[0.340s] Level 1:colcon.colcon_core.package_identification:_identify(src/arussim_msgs) by extension 'ignore'
[0.340s] Level 1:colcon.colcon_core.package_identification:_identify(src/arussim_msgs) by extension 'ignore_ament_install'
[0.340s] Level 1:colcon.colcon_core.package_identification:_identify(src/arussim_msgs) by extensions ['colcon_pkg']
[0.340s] Level 1:colcon.colcon_core.package_identification:_identify(src/arussim_msgs) by extension 'colcon_pkg'
[0.340s] Level 1:colcon.colcon_core.package_identification:_identify(src/arussim_msgs) by extensions ['colcon_meta']
[0.340s] Level 1:colcon.colcon_core.package_identification:_identify(src/arussim_msgs) by extension 'colcon_meta'
[0.340s] Level 1:colcon.colcon_core.package_identification:_identify(src/arussim_msgs) by extensions ['ros']
[0.340s] Level 1:colcon.colcon_core.package_identification:_identify(src/arussim_msgs) by extension 'ros'
[0.341s] DEBUG:colcon.colcon_core.package_identification:Package 'src/arussim_msgs' with type 'ros.ament_cmake' and name 'arussim_msgs'
[0.341s] Level 1:colcon.colcon_core.package_identification:_identify(src/automatic_simulations) by extensions ['ignore', 'ignore_ament_install']
[0.341s] Level 1:colcon.colcon_core.package_identification:_identify(src/automatic_simulations) by extension 'ignore'
[0.341s] Level 1:colcon.colcon_core.package_identification:_identify(src/automatic_simulations) by extension 'ignore_ament_install'
[0.341s] Level 1:colcon.colcon_core.package_identification:_identify(src/automatic_simulations) by extensions ['colcon_pkg']
[0.341s] Level 1:colcon.colcon_core.package_identification:_identify(src/automatic_simulations) by extension 'colcon_pkg'
[0.341s] Level 1:colcon.colcon_core.package_identification:_identify(src/automatic_simulations) by extensions ['colcon_meta']
[0.341s] Level 1:colcon.colcon_core.package_identification:_identify(src/automatic_simulations) by extension 'colcon_meta'
[0.341s] Level 1:colcon.colcon_core.package_identification:_identify(src/automatic_simulations) by extensions ['ros']
[0.341s] Level 1:colcon.colcon_core.package_identification:_identify(src/automatic_simulations) by extension 'ros'
[0.342s] DEBUG:colcon.colcon_core.package_identification:Package 'src/automatic_simulations' with type 'ros.ament_cmake' and name 'automatic_simulations'
[0.342s] Level 1:colcon.colcon_core.package_identification:_identify(src/track_editor) by extensions ['ignore', 'ignore_ament_install']
[0.342s] Level 1:colcon.colcon_core.package_identification:_identify(src/track_editor) by extension 'ignore'
[0.342s] Level 1:colcon.colcon_core.package_identification:_identify(src/track_editor) by extension 'ignore_ament_install'
[0.342s] Level 1:colcon.colcon_core.package_identification:_identify(src/track_editor) by extensions ['colcon_pkg']
[0.342s] Level 1:colcon.colcon_core.package_identification:_identify(src/track_editor) by extension 'colcon_pkg'
[0.342s] Level 1:colcon.colcon_core.package_identification:_identify(src/track_editor) by extensions ['colcon_meta']
[0.342s] Level 1:colcon.colcon_core.package_identification:_identify(src/track_editor) by extension 'colcon_meta'
[0.343s] Level 1:colcon.colcon_core.package_identification:_identify(src/track_editor) by extensions ['ros']
[0.343s] Level 1:colcon.colcon_core.package_identification:_identify(src/track_editor) by extension 'ros'
[0.343s] Level 1:colcon.colcon_core.package_identification:_identify(src/track_editor) by extensions ['cmake', 'python']
[0.343s] Level 1:colcon.colcon_core.package_identification:_identify(src/track_editor) by extension 'cmake'
[0.343s] Level 1:colcon.colcon_core.package_identification:_identify(src/track_editor) by extension 'python'
[0.343s] Level 1:colcon.colcon_core.package_identification:_identify(src/track_editor) by extensions ['python_setup_py']
[0.343s] Level 1:colcon.colcon_core.package_identification:_identify(src/track_editor) by extension 'python_setup_py'
[0.343s] Level 1:colcon.colcon_core.package_identification:_identify(src/track_editor/icons) by extensions ['ignore', 'ignore_ament_install']
[0.343s] Level 1:colcon.colcon_core.package_identification:_identify(src/track_editor/icons) by extension 'ignore'
[0.343s] Level 1:colcon.colcon_core.package_identification:_identify(src/track_editor/icons) by extension 'ignore_ament_install'
[0.343s] Level 1:colcon.colcon_core.package_identification:_identify(src/track_editor/icons) by extensions ['colcon_pkg']
[0.343s] Level 1:colcon.colcon_core.package_identification:_identify(src/track_editor/icons) by extension 'colcon_pkg'
[0.343s] Level 1:colcon.colcon_core.package_identification:_identify(src/track_editor/icons) by extensions ['colcon_meta']
[0.343s] Level 1:colcon.colcon_core.package_identification:_identify(src/track_editor/icons) by extension 'colcon_meta'
[0.344s] Level 1:colcon.colcon_core.package_identification:_identify(src/track_editor/icons) by extensions ['ros']
[0.344s] Level 1:colcon.colcon_core.package_identification:_identify(src/track_editor/icons) by extension 'ros'
[0.344s] Level 1:colcon.colcon_core.package_identification:_identify(src/track_editor/icons) by extensions ['cmake', 'python']
[0.344s] Level 1:colcon.colcon_core.package_identification:_identify(src/track_editor/icons) by extension 'cmake'
[0.344s] Level 1:colcon.colcon_core.package_identification:_identify(src/track_editor/icons) by extension 'python'
[0.344s] Level 1:colcon.colcon_core.package_identification:_identify(src/track_editor/icons) by extensions ['python_setup_py']
[0.344s] Level 1:colcon.colcon_core.package_identification:_identify(src/track_editor/icons) by extension 'python_setup_py'
[0.344s] Level 1:colcon.colcon_core.package_discovery:discover_packages(recursive) using defaults
[0.344s] Level 1:colcon.colcon_core.package_discovery:discover_packages(ignore) discover
[0.344s] Level 1:colcon.colcon_core.package_discovery:discover_packages(ignore) using defaults
[0.344s] Level 1:colcon.colcon_core.package_discovery:discover_packages(path) discover
[0.344s] Level 1:colcon.colcon_core.package_discovery:discover_packages(path) using defaults
[0.392s] Level 1:colcon.colcon_core.package_discovery:discover_packages(prefix_path) check parameters
[0.393s] Level 1:colcon.colcon_core.package_discovery:discover_packages(prefix_path) discover
[0.396s] DEBUG:colcon.colcon_installed_package_information.package_discovery:Found 19 installed packages in /home/josedag31/Arus/ws/install
[0.398s] DEBUG:colcon.colcon_installed_package_information.package_discovery:Found 274 installed packages in /opt/ros/humble
[0.400s] Level 1:colcon.colcon_core.package_discovery:discover_packages(prefix_path) using defaults
[0.449s] Level 5:colcon.colcon_core.verb:set package 'arussim_msgs' build argument 'cmake_args' from command line to 'None'
[0.449s] Level 5:colcon.colcon_core.verb:set package 'arussim_msgs' build argument 'cmake_target' from command line to 'None'
[0.449s] Level 5:colcon.colcon_core.verb:set package 'arussim_msgs' build argument 'cmake_target_skip_unavailable' from command line to 'False'
[0.449s] Level 5:colcon.colcon_core.verb:set package 'arussim_msgs' build argument 'cmake_clean_cache' from command line to 'False'
[0.449s] Level 5:colcon.colcon_core.verb:set package 'arussim_msgs' build argument 'cmake_clean_first' from command line to 'False'
[0.449s] Level 5:colcon.colcon_core.verb:set package 'arussim_msgs' build argument 'cmake_force_configure' from command line to 'False'
[0.449s] Level 5:colcon.colcon_core.verb:set package 'arussim_msgs' build argument 'ament_cmake_args' from command line to 'None'
[0.449s] Level 5:colcon.colcon_core.verb:set package 'arussim_msgs' build argument 'catkin_cmake_args' from command line to 'None'
[0.449s] Level 5:colcon.colcon_core.verb:set package 'arussim_msgs' build argument 'catkin_skip_building_tests' from command line to 'False'
[0.449s] DEBUG:colcon.colcon_core.verb:Building package 'arussim_msgs' with the following arguments: {'ament_cmake_args': None, 'build_base': '/home/josedag31/Arus/ws/src/ARUSSim/build/arussim_msgs', 'catkin_cmake_args': None, 'catkin_skip_building_tests': False, 'cmake_args': None, 'cmake_clean_cache': False, 'cmake_clean_first': False, 'cmake_force_configure': False, 'cmake_target': None, 'cmake_target_skip_unavailable': False, 'install_base': '/home/josedag31/Arus/ws/src/ARUSSim/install/arussim_msgs', 'merge_install': False, 'path': '/home/josedag31/Arus/ws/src/ARUSSim/src/arussim_msgs', 'symlink_install': False, 'test_result_base': None}
[0.450s] Level 5:colcon.colcon_core.verb:set package 'automatic_simulations' build argument 'cmake_args' from command line to 'None'
[0.450s] Level 5:colcon.colcon_core.verb:set package 'automatic_simulations' build argument 'cmake_target' from command line to 'None'
[0.450s] Level 5:colcon.colcon_core.verb:set package 'automatic_simulations' build argument 'cmake_target_skip_unavailable' from command line to 'False'
[0.450s] Level 5:colcon.colcon_core.verb:set package 'automatic_simulations' build argument 'cmake_clean_cache' from command line to 'False'
[0.450s] Level 5:colcon.colcon_core.verb:set package 'automatic_simulations' build argument 'cmake_clean_first' from command line to 'False'
[0.450s] Level 5:colcon.colcon_core.verb:set package 'automatic_simulations' build argument 'cmake_force_configure' from command line to 'False'
[0.450s] Level 5:colcon.colcon_core.verb:set package 'automatic_simulations' build argument 'ament_cmake_args' from command line to 'None'
[0.450s] Level 5:colcon.colcon_core.verb:set package 'automatic_simulations' build argument 'catkin_cmake_args' from command line to 'None'
[0.450s] Level 5:colcon.colcon_core.verb:set package 'automatic_simulations' build argument 'catkin_skip_building_tests' from command line to 'False'
[0.450s] DEBUG:colcon.colcon_core.verb:Building package 'automatic_simulations' with the following arguments: {'ament_cmake_args': None, 'build_base': '/home/josedag31/Arus/ws/src/ARUSSim/build/automatic_simulations', 'catkin_cmake_args': None, 'catkin_skip_building_tests': False, 'cmake_args': None, 'cmake_clean_cache': False, 'cmake_clean_first': False, 'cmake_force_configure': False, 'cmake_target': None, 'cmake_target_skip_unavailable': False, 'install_base': '/home/josedag31/Arus/ws/src/ARUSSim/install/automatic_simulations', 'merge_install': False, 'path': '/home/josedag31/Arus/ws/src/ARUSSim/src/automatic_simulations', 'symlink_install': False, 'test_result_base': None}
[0.451s] Level 5:colcon.colcon_core.verb:set package 'arussim' build argument 'cmake_args' from command line to 'None'
[0.451s] Level 5:colcon.colcon_core.verb:set package 'arussim' build argument 'cmake_target' from command line to 'None'
[0.451s] Level 5:colcon.colcon_core.verb:set package 'arussim' build argument 'cmake_target_skip_unavailable' from command line to 'False'
[0.451s] Level 5:colcon.colcon_core.verb:set package 'arussim' build argument 'cmake_clean_cache' from command line to 'False'
[0.451s] Level 5:colcon.colcon_core.verb:set package 'arussim' build argument 'cmake_clean_first' from command line to 'False'
[0.451s] Level 5:colcon.colcon_core.verb:set package 'arussim' build argument 'cmake_force_configure' from command line to 'False'
[0.451s] Level 5:colcon.colcon_core.verb:set package 'arussim' build argument 'ament_cmake_args' from command line to 'None'
[0.451s] Level 5:colcon.colcon_core.verb:set package 'arussim' build argument 'catkin_cmake_args' from command line to 'None'
[0.451s] Level 5:colcon.colcon_core.verb:set package 'arussim' build argument 'catkin_skip_building_tests' from command line to 'False'
[0.451s] DEBUG:colcon.colcon_core.verb:Building package 'arussim' with the following arguments: {'ament_cmake_args': None, 'build_base': '/home/josedag31/Arus/ws/src/ARUSSim/build/arussim', 'catkin_cmake_args': None, 'catkin_skip_building_tests': False, 'cmake_args': None, 'cmake_clean_cache': False, 'cmake_clean_first': False, 'cmake_force_configure': False, 'cmake_target': None, 'cmake_target_skip_unavailable': False, 'install_base': '/home/josedag31/Arus/ws/src/ARUSSim/install/arussim', 'merge_install': False, 'path': '/home/josedag31/Arus/ws/src/ARUSSim/src/arussim', 'symlink_install': False, 'test_result_base': None}
[0.451s] INFO:colcon.colcon_core.executor:Executing jobs using 'parallel' executor
[0.453s] DEBUG:colcon.colcon_parallel_executor.executor.parallel:run_until_complete
[0.453s] INFO:colcon.colcon_ros.task.ament_cmake.build:Building ROS package in '/home/josedag31/Arus/ws/src/ARUSSim/src/arussim_msgs' with build type 'ament_cmake'
[0.454s] INFO:colcon.colcon_cmake.task.cmake.build:Building CMake package in '/home/josedag31/Arus/ws/src/ARUSSim/src/arussim_msgs'
[0.457s] INFO:colcon.colcon_core.plugin_system:Skipping extension 'colcon_core.shell.bat': Not used on non-Windows systems
[0.457s] INFO:colcon.colcon_core.shell:Skip shell extension 'powershell' for command environment: Not usable outside of PowerShell
[0.457s] DEBUG:colcon.colcon_core.shell:Skip shell extension 'dsv' for command environment
[0.463s] INFO:colcon.colcon_ros.task.ament_cmake.build:Building ROS package in '/home/josedag31/Arus/ws/src/ARUSSim/src/automatic_simulations' with build type 'ament_cmake'
[0.463s] INFO:colcon.colcon_cmake.task.cmake.build:Building CMake package in '/home/josedag31/Arus/ws/src/ARUSSim/src/automatic_simulations'
[0.464s] INFO:colcon.colcon_core.shell:Skip shell extension 'powershell' for command environment: Not usable outside of PowerShell
[0.464s] DEBUG:colcon.colcon_core.shell:Skip shell extension 'dsv' for command environment
[0.479s] DEBUG:colcon.colcon_core.event_handler.log_command:Invoking command in '/home/josedag31/Arus/ws/src/ARUSSim/build/arussim_msgs': CMAKE_PREFIX_PATH=${CMAKE_PREFIX_PATH}:/opt/ros/humble /usr/bin/cmake --build /home/josedag31/Arus/ws/src/ARUSSim/build/arussim_msgs -- -j8 -l8
[0.485s] DEBUG:colcon.colcon_core.event_handler.log_command:Invoking command in '/home/josedag31/Arus/ws/src/ARUSSim/build/automatic_simulations': CMAKE_PREFIX_PATH=${CMAKE_PREFIX_PATH}:/opt/ros/humble /usr/bin/cmake --build /home/josedag31/Arus/ws/src/ARUSSim/build/automatic_simulations -- -j8 -l8
[0.599s] DEBUG:colcon.colcon_core.event_handler.log_command:Invoked command in '/home/josedag31/Arus/ws/src/ARUSSim/build/automatic_simulations' returned '0': CMAKE_PREFIX_PATH=${CMAKE_PREFIX_PATH}:/opt/ros/humble /usr/bin/cmake --build /home/josedag31/Arus/ws/src/ARUSSim/build/automatic_simulations -- -j8 -l8
[0.613s] DEBUG:colcon.colcon_core.event_handler.log_command:Invoking command in '/home/josedag31/Arus/ws/src/ARUSSim/build/automatic_simulations': CMAKE_PREFIX_PATH=${CMAKE_PREFIX_PATH}:/opt/ros/humble /usr/bin/cmake --install /home/josedag31/Arus/ws/src/ARUSSim/build/automatic_simulations
[0.632s] Level 1:colcon.colcon_core.environment:create_environment_scripts_only(automatic_simulations)
[0.633s] DEBUG:colcon.colcon_core.event_handler.log_command:Invoked command in '/home/josedag31/Arus/ws/src/ARUSSim/build/automatic_simulations' returned '0': CMAKE_PREFIX_PATH=${CMAKE_PREFIX_PATH}:/opt/ros/humble /usr/bin/cmake --install /home/josedag31/Arus/ws/src/ARUSSim/build/automatic_simulations
[0.637s] Level 1:colcon.colcon_core.environment:checking '/home/josedag31/Arus/ws/src/ARUSSim/install/automatic_simulations' for CMake module files
[0.638s] Level 1:colcon.colcon_core.environment:checking '/home/josedag31/Arus/ws/src/ARUSSim/install/automatic_simulations' for CMake config files
[0.638s] Level 1:colcon.colcon_core.shell:create_environment_hook('automatic_simulations', 'cmake_prefix_path')
[0.639s] INFO:colcon.colcon_core.shell:Creating environment hook '/home/josedag31/Arus/ws/src/ARUSSim/install/automatic_simulations/share/automatic_simulations/hook/cmake_prefix_path.ps1'
[0.640s] INFO:colcon.colcon_core.shell:Creating environment descriptor '/home/josedag31/Arus/ws/src/ARUSSim/install/automatic_simulations/share/automatic_simulations/hook/cmake_prefix_path.dsv'
[0.640s] INFO:colcon.colcon_core.shell:Creating environment hook '/home/josedag31/Arus/ws/src/ARUSSim/install/automatic_simulations/share/automatic_simulations/hook/cmake_prefix_path.sh'
[0.642s] Level 1:colcon.colcon_core.environment:checking '/home/josedag31/Arus/ws/src/ARUSSim/install/automatic_simulations/lib'
[0.642s] Level 1:colcon.colcon_core.environment:checking '/home/josedag31/Arus/ws/src/ARUSSim/install/automatic_simulations/bin'
[0.642s] Level 1:colcon.colcon_core.environment:checking '/home/josedag31/Arus/ws/src/ARUSSim/install/automatic_simulations/lib/pkgconfig/automatic_simulations.pc'
[0.642s] Level 1:colcon.colcon_core.environment:checking '/home/josedag31/Arus/ws/src/ARUSSim/install/automatic_simulations/lib/python3.10/site-packages'
[0.643s] Level 1:colcon.colcon_core.environment:checking '/home/josedag31/Arus/ws/src/ARUSSim/install/automatic_simulations/bin'
[0.643s] INFO:colcon.colcon_core.shell:Creating package script '/home/josedag31/Arus/ws/src/ARUSSim/install/automatic_simulations/share/automatic_simulations/package.ps1'
[0.644s] INFO:colcon.colcon_core.shell:Creating package descriptor '/home/josedag31/Arus/ws/src/ARUSSim/install/automatic_simulations/share/automatic_simulations/package.dsv'
[0.646s] INFO:colcon.colcon_core.shell:Creating package script '/home/josedag31/Arus/ws/src/ARUSSim/install/automatic_simulations/share/automatic_simulations/package.sh'
[0.648s] INFO:colcon.colcon_core.shell:Creating package script '/home/josedag31/Arus/ws/src/ARUSSim/install/automatic_simulations/share/automatic_simulations/package.bash'
[0.649s] INFO:colcon.colcon_core.shell:Creating package script '/home/josedag31/Arus/ws/src/ARUSSim/install/automatic_simulations/share/automatic_simulations/package.zsh'
[0.650s] Level 1:colcon.colcon_core.environment:create_file_with_runtime_dependencies(/home/josedag31/Arus/ws/src/ARUSSim/install/automatic_simulations/share/colcon-core/packages/automatic_simulations)
[0.651s] Level 1:colcon.colcon_core.environment:create_environment_scripts_only(automatic_simulations)
[0.652s] Level 1:colcon.colcon_core.environment:checking '/home/josedag31/Arus/ws/src/ARUSSim/install/automatic_simulations' for CMake module files
[0.653s] Level 1:colcon.colcon_core.environment:checking '/home/josedag31/Arus/ws/src/ARUSSim/install/automatic_simulations' for CMake config files
[0.653s] Level 1:colcon.colcon_core.shell:create_environment_hook('automatic_simulations', 'cmake_prefix_path')
[0.654s] INFO:colcon.colcon_core.shell:Creating environment hook '/home/josedag31/Arus/ws/src/ARUSSim/install/automatic_simulations/share/automatic_simulations/hook/cmake_prefix_path.ps1'
[0.655s] INFO:colcon.colcon_core.shell:Creating environment descriptor '/home/josedag31/Arus/ws/src/ARUSSim/install/automatic_simulations/share/automatic_simulations/hook/cmake_prefix_path.dsv'
[0.656s] INFO:colcon.colcon_core.shell:Creating environment hook '/home/josedag31/Arus/ws/src/ARUSSim/install/automatic_simulations/share/automatic_simulations/hook/cmake_prefix_path.sh'
[0.657s] Level 1:colcon.colcon_core.environment:checking '/home/josedag31/Arus/ws/src/ARUSSim/install/automatic_simulations/lib'
[0.657s] Level 1:colcon.colcon_core.environment:checking '/home/josedag31/Arus/ws/src/ARUSSim/install/automatic_simulations/bin'
[0.657s] Level 1:colcon.colcon_core.environment:checking '/home/josedag31/Arus/ws/src/ARUSSim/install/automatic_simulations/lib/pkgconfig/automatic_simulations.pc'
[0.658s] Level 1:colcon.colcon_core.environment:checking '/home/josedag31/Arus/ws/src/ARUSSim/install/automatic_simulations/lib/python3.10/site-packages'
[0.658s] Level 1:colcon.colcon_core.environment:checking '/home/josedag31/Arus/ws/src/ARUSSim/install/automatic_simulations/bin'
[0.659s] INFO:colcon.colcon_core.shell:Creating package script '/home/josedag31/Arus/ws/src/ARUSSim/install/automatic_simulations/share/automatic_simulations/package.ps1'
[0.660s] INFO:colcon.colcon_core.shell:Creating package descriptor '/home/josedag31/Arus/ws/src/ARUSSim/install/automatic_simulations/share/automatic_simulations/package.dsv'
[0.661s] INFO:colcon.colcon_core.shell:Creating package script '/home/josedag31/Arus/ws/src/ARUSSim/install/automatic_simulations/share/automatic_simulations/package.sh'
[0.662s] INFO:colcon.colcon_core.shell:Creating package script '/home/josedag31/Arus/ws/src/ARUSSim/install/automatic_simulations/share/automatic_simulations/package.bash'
[0.663s] INFO:colcon.colcon_core.shell:Creating package script '/home/josedag31/Arus/ws/src/ARUSSim/install/automatic_simulations/share/automatic_simulations/package.zsh'
[0.664s] Level 1:colcon.colcon_core.environment:create_file_with_runtime_dependencies(/home/josedag31/Arus/ws/src/ARUSSim/install/automatic_simulations/share/colcon-core/packages/automatic_simulations)
[1.029s] DEBUG:colcon.colcon_core.event_handler.log_command:Invoked command in '/home/josedag31/Arus/ws/src/ARUSSim/build/arussim_msgs' returned '0': CMAKE_PREFIX_PATH=${CMAKE_PREFIX_PATH}:/opt/ros/humble /usr/bin/cmake --build /home/josedag31/Arus/ws/src/ARUSSim/build/arussim_msgs -- -j8 -l8
[1.032s] DEBUG:colcon.colcon_core.event_handler.log_command:Invoking command in '/home/josedag31/Arus/ws/src/ARUSSim/build/arussim_msgs': CMAKE_PREFIX_PATH=${CMAKE_PREFIX_PATH}:/opt/ros/humble /usr/bin/cmake --install /home/josedag31/Arus/ws/src/ARUSSim/build/arussim_msgs
[1.111s] Level 1:colcon.colcon_core.environment:create_environment_scripts_only(arussim_msgs)
[1.112s] DEBUG:colcon.colcon_core.event_handler.log_command:Invoked command in '/home/josedag31/Arus/ws/src/ARUSSim/build/arussim_msgs' returned '0': CMAKE_PREFIX_PATH=${CMAKE_PREFIX_PATH}:/opt/ros/humble /usr/bin/cmake --install /home/josedag31/Arus/ws/src/ARUSSim/build/arussim_msgs
[1.112s] Level 1:colcon.colcon_core.environment:checking '/home/josedag31/Arus/ws/src/ARUSSim/install/arussim_msgs' for CMake module files
[1.113s] Level 1:colcon.colcon_core.environment:checking '/home/josedag31/Arus/ws/src/ARUSSim/install/arussim_msgs' for CMake config files
[1.114s] Level 1:colcon.colcon_core.shell:create_environment_hook('arussim_msgs', 'cmake_prefix_path')
[1.114s] INFO:colcon.colcon_core.shell:Creating environment hook '/home/josedag31/Arus/ws/src/ARUSSim/install/arussim_msgs/share/arussim_msgs/hook/cmake_prefix_path.ps1'
[1.115s] INFO:colcon.colcon_core.shell:Creating environment descriptor '/home/josedag31/Arus/ws/src/ARUSSim/install/arussim_msgs/share/arussim_msgs/hook/cmake_prefix_path.dsv'
[1.115s] INFO:colcon.colcon_core.shell:Creating environment hook '/home/josedag31/Arus/ws/src/ARUSSim/install/arussim_msgs/share/arussim_msgs/hook/cmake_prefix_path.sh'
[1.116s] Level 1:colcon.colcon_core.environment:checking '/home/josedag31/Arus/ws/src/ARUSSim/install/arussim_msgs/lib'
[1.116s] Level 1:colcon.colcon_core.shell:create_environment_hook('arussim_msgs', 'ld_library_path_lib')
[1.117s] INFO:colcon.colcon_core.shell:Creating environment hook '/home/josedag31/Arus/ws/src/ARUSSim/install/arussim_msgs/share/arussim_msgs/hook/ld_library_path_lib.ps1'
[1.118s] INFO:colcon.colcon_core.shell:Creating environment descriptor '/home/josedag31/Arus/ws/src/ARUSSim/install/arussim_msgs/share/arussim_msgs/hook/ld_library_path_lib.dsv'
[1.118s] INFO:colcon.colcon_core.shell:Creating environment hook '/home/josedag31/Arus/ws/src/ARUSSim/install/arussim_msgs/share/arussim_msgs/hook/ld_library_path_lib.sh'
[1.119s] Level 1:colcon.colcon_core.environment:checking '/home/josedag31/Arus/ws/src/ARUSSim/install/arussim_msgs/bin'
[1.119s] Level 1:colcon.colcon_core.environment:checking '/home/josedag31/Arus/ws/src/ARUSSim/install/arussim_msgs/lib/pkgconfig/arussim_msgs.pc'
[1.120s] Level 1:colcon.colcon_core.environment:checking '/home/josedag31/Arus/ws/src/ARUSSim/install/arussim_msgs/lib/python3.10/site-packages'
[1.121s] Level 1:colcon.colcon_core.environment:checking '/home/josedag31/Arus/ws/src/ARUSSim/install/arussim_msgs/bin'
[1.121s] INFO:colcon.colcon_core.shell:Creating package script '/home/josedag31/Arus/ws/src/ARUSSim/install/arussim_msgs/share/arussim_msgs/package.ps1'
[1.122s] INFO:colcon.colcon_core.shell:Creating package descriptor '/home/josedag31/Arus/ws/src/ARUSSim/install/arussim_msgs/share/arussim_msgs/package.dsv'
[1.123s] INFO:colcon.colcon_core.shell:Creating package script '/home/josedag31/Arus/ws/src/ARUSSim/install/arussim_msgs/share/arussim_msgs/package.sh'
[1.124s] INFO:colcon.colcon_core.shell:Creating package script '/home/josedag31/Arus/ws/src/ARUSSim/install/arussim_msgs/share/arussim_msgs/package.bash'
[1.125s] INFO:colcon.colcon_core.shell:Creating package script '/home/josedag31/Arus/ws/src/ARUSSim/install/arussim_msgs/share/arussim_msgs/package.zsh'
[1.125s] Level 1:colcon.colcon_core.environment:create_file_with_runtime_dependencies(/home/josedag31/Arus/ws/src/ARUSSim/install/arussim_msgs/share/colcon-core/packages/arussim_msgs)
[1.126s] Level 1:colcon.colcon_core.environment:create_environment_scripts_only(arussim_msgs)
[1.127s] Level 1:colcon.colcon_core.environment:checking '/home/josedag31/Arus/ws/src/ARUSSim/install/arussim_msgs' for CMake module files
[1.128s] Level 1:colcon.colcon_core.environment:checking '/home/josedag31/Arus/ws/src/ARUSSim/install/arussim_msgs' for CMake config files
[1.128s] Level 1:colcon.colcon_core.shell:create_environment_hook('arussim_msgs', 'cmake_prefix_path')
[1.129s] INFO:colcon.colcon_core.shell:Creating environment hook '/home/josedag31/Arus/ws/src/ARUSSim/install/arussim_msgs/share/arussim_msgs/hook/cmake_prefix_path.ps1'
[1.129s] INFO:colcon.colcon_core.shell:Creating environment descriptor '/home/josedag31/Arus/ws/src/ARUSSim/install/arussim_msgs/share/arussim_msgs/hook/cmake_prefix_path.dsv'
[1.130s] INFO:colcon.colcon_core.shell:Creating environment hook '/home/josedag31/Arus/ws/src/ARUSSim/install/arussim_msgs/share/arussim_msgs/hook/cmake_prefix_path.sh'
[1.131s] Level 1:colcon.colcon_core.environment:checking '/home/josedag31/Arus/ws/src/ARUSSim/install/arussim_msgs/lib'
[1.131s] Level 1:colcon.colcon_core.shell:create_environment_hook('arussim_msgs', 'ld_library_path_lib')
[1.132s] INFO:colcon.colcon_core.shell:Creating environment hook '/home/josedag31/Arus/ws/src/ARUSSim/install/arussim_msgs/share/arussim_msgs/hook/ld_library_path_lib.ps1'
[1.132s] INFO:colcon.colcon_core.shell:Creating environment descriptor '/home/josedag31/Arus/ws/src/ARUSSim/install/arussim_msgs/share/arussim_msgs/hook/ld_library_path_lib.dsv'
[1.133s] INFO:colcon.colcon_core.shell:Creating environment hook '/home/josedag31/Arus/ws/src/ARUSSim/install/arussim_msgs/share/arussim_msgs/hook/ld_library_path_lib.sh'
[1.134s] Level 1:colcon.colcon_core.environment:checking '/home/josedag31/Arus/ws/src/ARUSSim/install/arussim_msgs/bin'
[1.134s] Level 1:colcon.colcon_core.environment:checking '/home/josedag31/Arus/ws/src/ARUSSim/install/arussim_msgs/lib/pkgconfig/arussim_msgs.pc'
[1.134s] Level 1:colcon.colcon_core.environment:checking '/home/josedag31/Arus/ws/src/ARUSSim/install/arussim_msgs/lib/python3.10/site-packages'
[1.134s] Level 1:colcon.colcon_core.environment:checking '/home/josedag31/Arus/ws/src/ARUSSim/install/arussim_msgs/bin'
[1.135s] INFO:colcon.colcon_core.shell:Creating package script '/home/josedag31/Arus/ws/src/ARUSSim/install/arussim_msgs/share/arussim_msgs/package.ps1'
[1.136s] INFO:colcon.colcon_core.shell:Creating package descriptor '/home/josedag31/Arus/ws/src/ARUSSim/install/arussim_msgs/share/arussim_msgs/package.dsv'
[1.137s] INFO:colcon.colcon_core.shell:Creating package script '/home/josedag31/Arus/ws/src/ARUSSim/install/arussim_msgs/share/arussim_msgs/package.sh'
[1.139s] INFO:colcon.colcon_core.shell:Creating package script '/home/josedag31/Arus/ws/src/ARUSSim/install/arussim_msgs/share/arussim_msgs/package.bash'
[1.139s] INFO:colcon.colcon_core.shell:Creating package script '/home/josedag31/Arus/ws/src/ARUSSim/install/arussim_msgs/share/arussim_msgs/package.zsh'
[1.140s] Level 1:colcon.colcon_core.environment:create_file_with_runtime_dependencies(/home/josedag31/Arus/ws/src/ARUSSim/install/arussim_msgs/share/colcon-core/packages/arussim_msgs)
[1.140s] INFO:colcon.colcon_ros.task.ament_cmake.build:Building ROS package in '/home/josedag31/Arus/ws/src/ARUSSim/src/arussim' with build type 'ament_cmake'
[1.140s] INFO:colcon.colcon_cmake.task.cmake.build:Building CMake package in '/home/josedag31/Arus/ws/src/ARUSSim/src/arussim'
[1.141s] INFO:colcon.colcon_core.shell:Skip shell extension 'powershell' for command environment: Not usable outside of PowerShell
[1.141s] DEBUG:colcon.colcon_core.shell:Skip shell extension 'dsv' for command environment
[1.157s] DEBUG:colcon.colcon_core.event_handler.log_command:Invoking command in '/home/josedag31/Arus/ws/src/ARUSSim/build/arussim': AMENT_PREFIX_PATH=/home/josedag31/Arus/ws/src/ARUSSim/install/arussim_msgs:${AMENT_PREFIX_PATH} CMAKE_PREFIX_PATH=/home/josedag31/Arus/ws/src/ARUSSim/install/arussim_msgs:/home/josedag31/Arus/ws/install/visualization:/home/josedag31/Arus/ws/install/trajectory_optimization:/home/josedag31/Arus/ws/install/skidpad_planning:/home/josedag31/Arus/ws/install/perception:/home/josedag31/Arus/ws/install/path_planning:/home/josedag31/Arus/ws/install/inspection_control:/home/josedag31/Arus/ws/install/icp_slam:/home/josedag31/Arus/ws/install/graph_slam:/home/josedag31/Arus/ws/install/epos_interface:/home/josedag31/Arus/ws/install/controller:/home/josedag31/Arus/ws/install/car_state:/home/josedag31/Arus/ws/install/common_msgs:/home/josedag31/Arus/ws/install/common_meta:/home/josedag31/Arus/ws/install/can_interface:/home/josedag31/Arus/ws/install/automatic_simulations:/home/josedag31/Arus/ws/install/arussim_msgs:/home/josedag31/Arus/ws/install/arussim_interface:/home/josedag31/Arus/ws/install/arussim:/home/josedag31/Arus/ws/install/acc_planning:/opt/ros/humble LD_LIBRARY_PATH=/home/josedag31/Arus/ws/src/ARUSSim/install/arussim_msgs/lib:${LD_LIBRARY_PATH} PYTHONPATH=/home/josedag31/Arus/ws/src/ARUSSim/install/arussim_msgs/local/lib/python3.10/dist-packages:${PYTHONPATH} /usr/bin/cmake --build /home/josedag31/Arus/ws/src/ARUSSim/build/arussim -- -j8 -l8
[4.459s] DEBUG:colcon.colcon_core.event_handler.log_command:Invoked command in '/home/josedag31/Arus/ws/src/ARUSSim/build/arussim' returned '2': AMENT_PREFIX_PATH=/home/josedag31/Arus/ws/src/ARUSSim/install/arussim_msgs:${AMENT_PREFIX_PATH} CMAKE_PREFIX_PATH=/home/josedag31/Arus/ws/src/ARUSSim/install/arussim_msgs:/home/josedag31/Arus/ws/install/visualization:/home/josedag31/Arus/ws/install/trajectory_optimization:/home/josedag31/Arus/ws/install/skidpad_planning:/home/josedag31/Arus/ws/install/perception:/home/josedag31/Arus/ws/install/path_planning:/home/josedag31/Arus/ws/install/inspection_control:/home/josedag31/Arus/ws/install/icp_slam:/home/josedag31/Arus/ws/install/graph_slam:/home/josedag31/Arus/ws/install/epos_interface:/home/josedag31/Arus/ws/install/controller:/home/josedag31/Arus/ws/install/car_state:/home/josedag31/Arus/ws/install/common_msgs:/home/josedag31/Arus/ws/install/common_meta:/home/josedag31/Arus/ws/install/can_interface:/home/josedag31/Arus/ws/install/automatic_simulations:/home/josedag31/Arus/ws/install/arussim_msgs:/home/josedag31/Arus/ws/install/arussim_interface:/home/josedag31/Arus/ws/install/arussim:/home/josedag31/Arus/ws/install/acc_planning:/opt/ros/humble LD_LIBRARY_PATH=/home/josedag31/Arus/ws/src/ARUSSim/install/arussim_msgs/lib:${LD_LIBRARY_PATH} PYTHONPATH=/home/josedag31/Arus/ws/src/ARUSSim/install/arussim_msgs/local/lib/python3.10/dist-packages:${PYTHONPATH} /usr/bin/cmake --build /home/josedag31/Arus/ws/src/ARUSSim/build/arussim -- -j8 -l8
[4.460s] Level 1:colcon.colcon_core.environment:create_environment_scripts_only(arussim)
[4.460s] Level 1:colcon.colcon_core.environment:checking '/home/josedag31/Arus/ws/src/ARUSSim/install/arussim' for CMake module files
[4.462s] Level 1:colcon.colcon_core.environment:checking '/home/josedag31/Arus/ws/src/ARUSSim/install/arussim' for CMake config files
[4.462s] Level 1:colcon.colcon_core.shell:create_environment_hook('arussim', 'cmake_prefix_path')
[4.463s] INFO:colcon.colcon_core.shell:Creating environment hook '/home/josedag31/Arus/ws/src/ARUSSim/install/arussim/share/arussim/hook/cmake_prefix_path.ps1'
[4.464s] INFO:colcon.colcon_core.shell:Creating environment descriptor '/home/josedag31/Arus/ws/src/ARUSSim/install/arussim/share/arussim/hook/cmake_prefix_path.dsv'
[4.465s] INFO:colcon.colcon_core.shell:Creating environment hook '/home/josedag31/Arus/ws/src/ARUSSim/install/arussim/share/arussim/hook/cmake_prefix_path.sh'
[4.466s] Level 1:colcon.colcon_core.environment:checking '/home/josedag31/Arus/ws/src/ARUSSim/install/arussim/lib'
[4.467s] Level 1:colcon.colcon_core.shell:create_environment_hook('arussim', 'ld_library_path_lib')
[4.467s] INFO:colcon.colcon_core.shell:Creating environment hook '/home/josedag31/Arus/ws/src/ARUSSim/install/arussim/share/arussim/hook/ld_library_path_lib.ps1'
[4.469s] INFO:colcon.colcon_core.shell:Creating environment descriptor '/home/josedag31/Arus/ws/src/ARUSSim/install/arussim/share/arussim/hook/ld_library_path_lib.dsv'
[4.470s] INFO:colcon.colcon_core.shell:Creating environment hook '/home/josedag31/Arus/ws/src/ARUSSim/install/arussim/share/arussim/hook/ld_library_path_lib.sh'
[4.471s] Level 1:colcon.colcon_core.environment:checking '/home/josedag31/Arus/ws/src/ARUSSim/install/arussim/bin'
[4.471s] Level 1:colcon.colcon_core.environment:checking '/home/josedag31/Arus/ws/src/ARUSSim/install/arussim/lib/pkgconfig/arussim.pc'
[4.472s] Level 1:colcon.colcon_core.environment:checking '/home/josedag31/Arus/ws/src/ARUSSim/install/arussim/lib/python3.10/site-packages'
[4.472s] Level 1:colcon.colcon_core.environment:checking '/home/josedag31/Arus/ws/src/ARUSSim/install/arussim/bin'
[4.473s] INFO:colcon.colcon_core.shell:Creating package script '/home/josedag31/Arus/ws/src/ARUSSim/install/arussim/share/arussim/package.ps1'
[4.475s] INFO:colcon.colcon_core.shell:Creating package descriptor '/home/josedag31/Arus/ws/src/ARUSSim/install/arussim/share/arussim/package.dsv'
[4.477s] INFO:colcon.colcon_core.shell:Creating package script '/home/josedag31/Arus/ws/src/ARUSSim/install/arussim/share/arussim/package.sh'
[4.478s] INFO:colcon.colcon_core.shell:Creating package script '/home/josedag31/Arus/ws/src/ARUSSim/install/arussim/share/arussim/package.bash'
[4.480s] INFO:colcon.colcon_core.shell:Creating package script '/home/josedag31/Arus/ws/src/ARUSSim/install/arussim/share/arussim/package.zsh'
[4.481s] Level 1:colcon.colcon_core.environment:create_file_with_runtime_dependencies(/home/josedag31/Arus/ws/src/ARUSSim/install/arussim/share/colcon-core/packages/arussim)
[4.492s] DEBUG:colcon.colcon_parallel_executor.executor.parallel:closing loop
[4.492s] DEBUG:colcon.colcon_parallel_executor.executor.parallel:loop closed
[4.492s] DEBUG:colcon.colcon_parallel_executor.executor.parallel:run_until_complete finished with '2'
[4.493s] DEBUG:colcon.colcon_core.event_reactor:joining thread
[4.501s] INFO:colcon.colcon_core.plugin_system:Skipping extension 'colcon_notification.desktop_notification.terminal_notifier': Not used on non-Darwin systems
[4.501s] INFO:colcon.colcon_core.plugin_system:Skipping extension 'colcon_notification.desktop_notification.win32': Not used on non-Windows systems
[4.501s] INFO:colcon.colcon_notification.desktop_notification:Sending desktop notification using 'notify2'
[4.519s] DEBUG:colcon.colcon_core.event_reactor:joined thread
[4.520s] INFO:colcon.colcon_core.shell:Creating prefix script '/home/josedag31/Arus/ws/src/ARUSSim/install/local_setup.ps1'
[4.522s] INFO:colcon.colcon_core.shell:Creating prefix util module '/home/josedag31/Arus/ws/src/ARUSSim/install/_local_setup_util_ps1.py'
[4.526s] INFO:colcon.colcon_core.shell:Creating prefix chain script '/home/josedag31/Arus/ws/src/ARUSSim/install/setup.ps1'
[4.531s] INFO:colcon.colcon_core.shell:Creating prefix script '/home/josedag31/Arus/ws/src/ARUSSim/install/local_setup.sh'
[4.532s] INFO:colcon.colcon_core.shell:Creating prefix util module '/home/josedag31/Arus/ws/src/ARUSSim/install/_local_setup_util_sh.py'
[4.533s] INFO:colcon.colcon_core.shell:Creating prefix chain script '/home/josedag31/Arus/ws/src/ARUSSim/install/setup.sh'
[4.539s] INFO:colcon.colcon_core.shell:Creating prefix script '/home/josedag31/Arus/ws/src/ARUSSim/install/local_setup.bash'
[4.541s] INFO:colcon.colcon_core.shell:Creating prefix chain script '/home/josedag31/Arus/ws/src/ARUSSim/install/setup.bash'
[4.546s] INFO:colcon.colcon_core.shell:Creating prefix script '/home/josedag31/Arus/ws/src/ARUSSim/install/local_setup.zsh'
[4.547s] INFO:colcon.colcon_core.shell:Creating prefix chain script '/home/josedag31/Arus/ws/src/ARUSSim/install/setup.zsh'
