[0.022s] Invoking command in '/home/josedag31/Arus/ws/src/ARUSSim/build/automatic_simulations': CMAKE_PREFIX_PATH=${CMAKE_PREFIX_PATH}:/opt/ros/humble /usr/bin/cmake --build /home/josedag31/Arus/ws/src/ARUSSim/build/automatic_simulations -- -j8 -l8
[0.102s] [100%] Built target automatic_simulations_exec
[0.139s] Invoked command in '/home/josedag31/Arus/ws/src/ARUSSim/build/automatic_simulations' returned '0': CMAKE_PREFIX_PATH=${CMAKE_PREFIX_PATH}:/opt/ros/humble /usr/bin/cmake --build /home/josedag31/Arus/ws/src/ARUSSim/build/automatic_simulations -- -j8 -l8
[0.153s] Invoking command in '/home/josedag31/Arus/ws/src/ARUSSim/build/automatic_simulations': CMAKE_PREFIX_PATH=${CMAKE_PREFIX_PATH}:/opt/ros/humble /usr/bin/cmake --install /home/josedag31/Arus/ws/src/ARUSSim/build/automatic_simulations
[0.163s] -- Install configuration: ""
[0.165s] -- Up-to-date: /home/josedag31/Arus/ws/src/ARUSSim/install/automatic_simulations/lib/automatic_simulations/automatic_simulations_exec
[0.166s] -- Up-to-date: /home/josedag31/Arus/ws/src/ARUSSim/install/automatic_simulations/share/automatic_simulations/config
[0.167s] -- Up-to-date: /home/josedag31/Arus/ws/src/ARUSSim/install/automatic_simulations/share/automatic_simulations/config/automatic_simulations_config.yaml
[0.167s] -- Up-to-date: /home/josedag31/Arus/ws/src/ARUSSim/install/automatic_simulations/share/ament_index/resource_index/package_run_dependencies/automatic_simulations
[0.167s] -- Up-to-date: /home/josedag31/Arus/ws/src/ARUSSim/install/automatic_simulations/share/ament_index/resource_index/parent_prefix_path/automatic_simulations
[0.167s] -- Up-to-date: /home/josedag31/Arus/ws/src/ARUSSim/install/automatic_simulations/share/automatic_simulations/environment/ament_prefix_path.sh
[0.167s] -- Up-to-date: /home/josedag31/Arus/ws/src/ARUSSim/install/automatic_simulations/share/automatic_simulations/environment/ament_prefix_path.dsv
[0.167s] -- Up-to-date: /home/josedag31/Arus/ws/src/ARUSSim/install/automatic_simulations/share/automatic_simulations/environment/path.sh
[0.167s] -- Up-to-date: /home/josedag31/Arus/ws/src/ARUSSim/install/automatic_simulations/share/automatic_simulations/environment/path.dsv
[0.168s] -- Up-to-date: /home/josedag31/Arus/ws/src/ARUSSim/install/automatic_simulations/share/automatic_simulations/local_setup.bash
[0.168s] -- Up-to-date: /home/josedag31/Arus/ws/src/ARUSSim/install/automatic_simulations/share/automatic_simulations/local_setup.sh
[0.168s] -- Up-to-date: /home/josedag31/Arus/ws/src/ARUSSim/install/automatic_simulations/share/automatic_simulations/local_setup.zsh
[0.168s] -- Up-to-date: /home/josedag31/Arus/ws/src/ARUSSim/install/automatic_simulations/share/automatic_simulations/local_setup.dsv
[0.168s] -- Installing: /home/josedag31/Arus/ws/src/ARUSSim/install/automatic_simulations/share/automatic_simulations/package.dsv
[0.169s] -- Up-to-date: /home/josedag31/Arus/ws/src/ARUSSim/install/automatic_simulations/share/ament_index/resource_index/packages/automatic_simulations
[0.169s] -- Up-to-date: /home/josedag31/Arus/ws/src/ARUSSim/install/automatic_simulations/share/automatic_simulations/cmake/automatic_simulationsConfig.cmake
[0.170s] -- Up-to-date: /home/josedag31/Arus/ws/src/ARUSSim/install/automatic_simulations/share/automatic_simulations/cmake/automatic_simulationsConfig-version.cmake
[0.170s] -- Up-to-date: /home/josedag31/Arus/ws/src/ARUSSim/install/automatic_simulations/share/automatic_simulations/package.xml
[0.174s] Invoked command in '/home/josedag31/Arus/ws/src/ARUSSim/build/automatic_simulations' returned '0': CMAKE_PREFIX_PATH=${CMAKE_PREFIX_PATH}:/opt/ros/humble /usr/bin/cmake --install /home/josedag31/Arus/ws/src/ARUSSim/build/automatic_simulations
