[0.023s] Invoking command in '/home/josedag31/Arus/ws/src/ARUSSim/build/arussim_msgs': CMAKE_PREFIX_PATH=${CMAKE_PREFIX_PATH}:/opt/ros/humble /usr/bin/cmake /home/josedag31/Arus/ws/src/ARUSSim/src/arussim_msgs -DCMAKE_INSTALL_PREFIX=/home/josedag31/Arus/ws/src/ARUSSim/install/arussim_msgs
[0.274s] -- The C compiler identification is GNU 11.4.0
[0.427s] -- The CXX compiler identification is GNU 11.4.0
[0.448s] -- Detecting C compiler ABI info
[0.566s] -- Detecting C compiler ABI info - done
[0.582s] -- Check for working C compiler: /usr/bin/cc - skipped
[0.583s] -- Detecting C compile features
[0.584s] -- Detecting C compile features - done
[0.591s] -- Detecting CXX compiler ABI info
[0.734s] -- Detecting CXX compiler ABI info - done
[0.749s] -- Check for working CXX compiler: /usr/bin/c++ - skipped
[0.750s] -- Detecting CXX compile features
[0.750s] -- Detecting CXX compile features - done
[0.761s] -- Found ament_cmake: 1.3.11 (/opt/ros/humble/share/ament_cmake/cmake)
[1.071s] -- Found Python3: /usr/bin/python3 (found version "3.10.12") found components: Interpreter 
[1.280s] -- Found std_msgs: 4.2.4 (/opt/ros/humble/share/std_msgs/cmake)
[1.374s] -- Found rosidl_generator_c: 3.1.6 (/opt/ros/humble/share/rosidl_generator_c/cmake)
[1.387s] -- Found rosidl_adapter: 3.1.6 (/opt/ros/humble/share/rosidl_adapter/cmake)
[1.409s] -- Found rosidl_generator_cpp: 3.1.6 (/opt/ros/humble/share/rosidl_generator_cpp/cmake)
[1.442s] -- Using all available rosidl_typesupport_c: rosidl_typesupport_fastrtps_c;rosidl_typesupport_introspection_c
[1.478s] -- Using all available rosidl_typesupport_cpp: rosidl_typesupport_fastrtps_cpp;rosidl_typesupport_introspection_cpp
[1.529s] -- Found rosidl_default_generators: 1.2.0 (/opt/ros/humble/share/rosidl_default_generators/cmake)
[2.013s] -- Found ament_cmake_ros: 0.10.0 (/opt/ros/humble/share/ament_cmake_ros/cmake)
[2.606s] -- Using all available rosidl_typesupport_c: rosidl_typesupport_fastrtps_c;rosidl_typesupport_introspection_c
[2.825s] -- Using all available rosidl_typesupport_cpp: rosidl_typesupport_fastrtps_cpp;rosidl_typesupport_introspection_cpp
[2.870s] -- Found PythonInterp: /usr/bin/python3 (found suitable version "3.10.12", minimum required is "3.6") 
[2.876s] -- Found python_cmake_module: 0.10.0 (/opt/ros/humble/share/python_cmake_module/cmake)
[2.920s] -- Found PythonLibs: /usr/lib/x86_64-linux-gnu/libpython3.10.so (found suitable version "3.10.12", minimum required is "3.5") 
[2.920s] -- Using PYTHON_EXECUTABLE: /usr/bin/python3
[2.921s] -- Using PYTHON_INCLUDE_DIRS: /usr/include/python3.10
[2.921s] -- Using PYTHON_LIBRARIES: /usr/lib/x86_64-linux-gnu/libpython3.10.so
[2.952s] -- Found PythonExtra: .so  
[3.111s] -- Configuring done
[3.219s] -- Generating done
[3.246s] -- Build files have been written to: /home/josedag31/Arus/ws/src/ARUSSim/build/arussim_msgs
[3.257s] Invoked command in '/home/josedag31/Arus/ws/src/ARUSSim/build/arussim_msgs' returned '0': CMAKE_PREFIX_PATH=${CMAKE_PREFIX_PATH}:/opt/ros/humble /usr/bin/cmake /home/josedag31/Arus/ws/src/ARUSSim/src/arussim_msgs -DCMAKE_INSTALL_PREFIX=/home/josedag31/Arus/ws/src/ARUSSim/install/arussim_msgs
[3.261s] Invoking command in '/home/josedag31/Arus/ws/src/ARUSSim/build/arussim_msgs': CMAKE_PREFIX_PATH=${CMAKE_PREFIX_PATH}:/opt/ros/humble /usr/bin/cmake --build /home/josedag31/Arus/ws/src/ARUSSim/build/arussim_msgs -- -j8 -l8
[3.327s] [  1%] [34m[1mGenerating C code for ROS interfaces[0m
[3.351s] [  2%] [34m[1mGenerating C++ code for ROS interfaces[0m
[3.365s] [  2%] Built target ament_cmake_python_copy_arussim_msgs
[3.908s] running egg_info
[3.910s] creating arussim_msgs.egg-info
[3.911s] writing arussim_msgs.egg-info/PKG-INFO
[3.912s] writing dependency_links to arussim_msgs.egg-info/dependency_links.txt
[3.912s] writing top-level names to arussim_msgs.egg-info/top_level.txt
[3.913s] writing manifest file 'arussim_msgs.egg-info/SOURCES.txt'
[3.917s] reading manifest file 'arussim_msgs.egg-info/SOURCES.txt'
[3.918s] writing manifest file 'arussim_msgs.egg-info/SOURCES.txt'
[3.984s] [  2%] Built target ament_cmake_python_build_arussim_msgs_egg
[4.628s] [  5%] [32mBuilding C object CMakeFiles/arussim_msgs__rosidl_generator_c.dir/rosidl_generator_c/arussim_msgs/msg/detail/cmd__functions.c.o[0m
[4.628s] [  5%] [32mBuilding C object CMakeFiles/arussim_msgs__rosidl_generator_c.dir/rosidl_generator_c/arussim_msgs/msg/detail/cmd4_wd__functions.c.o[0m
[4.628s] [  7%] [32mBuilding C object CMakeFiles/arussim_msgs__rosidl_generator_c.dir/rosidl_generator_c/arussim_msgs/msg/detail/trajectory__functions.c.o[0m
[4.629s] [  8%] [32mBuilding C object CMakeFiles/arussim_msgs__rosidl_generator_c.dir/rosidl_generator_c/arussim_msgs/msg/detail/point_xy__functions.c.o[0m
[4.630s] [  9%] [32mBuilding C object CMakeFiles/arussim_msgs__rosidl_generator_c.dir/rosidl_generator_c/arussim_msgs/msg/detail/state__functions.c.o[0m
[4.633s] [ 11%] [32mBuilding C object CMakeFiles/arussim_msgs__rosidl_generator_c.dir/rosidl_generator_c/arussim_msgs/msg/detail/four_wheel_drive__functions.c.o[0m
[4.783s] [ 12%] [32m[1mLinking C shared library libarussim_msgs__rosidl_generator_c.so[0m
[4.892s] [ 12%] Built target arussim_msgs__cpp
[4.909s] [ 12%] Built target arussim_msgs__rosidl_generator_c
[4.912s] [ 15%] [34m[1mGenerating C++ type support for eProsima Fast-RTPS[0m
[4.912s] [ 15%] [34m[1mGenerating C++ type support dispatch for ROS interfaces[0m
[4.914s] [ 16%] [34m[1mGenerating C++ introspection for ROS interfaces[0m
[4.939s] [ 18%] [34m[1mGenerating C type support for eProsima Fast-RTPS[0m
[4.944s] [ 19%] [34m[1mGenerating C introspection for ROS interfaces[0m
[4.948s] [ 21%] [34m[1mGenerating C type support dispatch for ROS interfaces[0m
[6.508s] [ 22%] [32mBuilding CXX object CMakeFiles/arussim_msgs__rosidl_typesupport_c.dir/rosidl_typesupport_c/arussim_msgs/msg/cmd__type_support.cpp.o[0m
[6.521s] [ 23%] [32mBuilding CXX object CMakeFiles/arussim_msgs__rosidl_typesupport_cpp.dir/rosidl_typesupport_cpp/arussim_msgs/msg/cmd__type_support.cpp.o[0m
[6.527s] [ 25%] [32mBuilding CXX object CMakeFiles/arussim_msgs__rosidl_typesupport_c.dir/rosidl_typesupport_c/arussim_msgs/msg/cmd4_wd__type_support.cpp.o[0m
[6.533s] [ 26%] [32mBuilding CXX object CMakeFiles/arussim_msgs__rosidl_typesupport_cpp.dir/rosidl_typesupport_cpp/arussim_msgs/msg/cmd4_wd__type_support.cpp.o[0m
[6.634s] [ 28%] [32mBuilding CXX object CMakeFiles/arussim_msgs__rosidl_typesupport_c.dir/rosidl_typesupport_c/arussim_msgs/msg/four_wheel_drive__type_support.cpp.o[0m
[6.637s] [ 29%] [32mBuilding CXX object CMakeFiles/arussim_msgs__rosidl_typesupport_c.dir/rosidl_typesupport_c/arussim_msgs/msg/point_xy__type_support.cpp.o[0m
[6.748s] [ 30%] [32mBuilding CXX object CMakeFiles/arussim_msgs__rosidl_typesupport_cpp.dir/rosidl_typesupport_cpp/arussim_msgs/msg/four_wheel_drive__type_support.cpp.o[0m
[6.782s] [ 32%] [32mBuilding CXX object CMakeFiles/arussim_msgs__rosidl_typesupport_c.dir/rosidl_typesupport_c/arussim_msgs/msg/state__type_support.cpp.o[0m
[6.855s] [ 33%] [32mBuilding CXX object CMakeFiles/arussim_msgs__rosidl_typesupport_c.dir/rosidl_typesupport_c/arussim_msgs/msg/trajectory__type_support.cpp.o[0m
[6.936s] [ 35%] [32m[1mLinking CXX shared library libarussim_msgs__rosidl_typesupport_c.so[0m
[7.102s] [ 36%] [32mBuilding CXX object CMakeFiles/arussim_msgs__rosidl_typesupport_introspection_cpp.dir/rosidl_typesupport_introspection_cpp/arussim_msgs/msg/detail/cmd__type_support.cpp.o[0m
[7.121s] [ 38%] [32mBuilding CXX object CMakeFiles/arussim_msgs__rosidl_typesupport_fastrtps_c.dir/rosidl_typesupport_fastrtps_c/arussim_msgs/msg/detail/cmd__type_support_c.cpp.o[0m
[7.130s] [ 38%] Built target arussim_msgs__rosidl_typesupport_c
[7.174s] [ 39%] [32mBuilding CXX object CMakeFiles/arussim_msgs__rosidl_typesupport_fastrtps_cpp.dir/rosidl_typesupport_fastrtps_cpp/arussim_msgs/msg/detail/dds_fastrtps/cmd__type_support.cpp.o[0m
[7.176s] [ 40%] [32mBuilding CXX object CMakeFiles/arussim_msgs__rosidl_typesupport_introspection_cpp.dir/rosidl_typesupport_introspection_cpp/arussim_msgs/msg/detail/cmd4_wd__type_support.cpp.o[0m
[7.221s] [ 42%] [32mBuilding C object CMakeFiles/arussim_msgs__rosidl_typesupport_introspection_c.dir/rosidl_typesupport_introspection_c/arussim_msgs/msg/detail/cmd__type_support.c.o[0m
[7.346s] [ 43%] [32mBuilding CXX object CMakeFiles/arussim_msgs__rosidl_typesupport_fastrtps_c.dir/rosidl_typesupport_fastrtps_c/arussim_msgs/msg/detail/cmd4_wd__type_support_c.cpp.o[0m
[7.358s] [ 45%] [32mBuilding C object CMakeFiles/arussim_msgs__rosidl_typesupport_introspection_c.dir/rosidl_typesupport_introspection_c/arussim_msgs/msg/detail/cmd4_wd__type_support.c.o[0m
[7.397s] [ 46%] [32mBuilding CXX object CMakeFiles/arussim_msgs__rosidl_typesupport_fastrtps_c.dir/rosidl_typesupport_fastrtps_c/arussim_msgs/msg/detail/four_wheel_drive__type_support_c.cpp.o[0m
[7.463s] [ 47%] [32mBuilding C object CMakeFiles/arussim_msgs__rosidl_typesupport_introspection_c.dir/rosidl_typesupport_introspection_c/arussim_msgs/msg/detail/four_wheel_drive__type_support.c.o[0m
[7.613s] [ 49%] [32mBuilding CXX object CMakeFiles/arussim_msgs__rosidl_typesupport_cpp.dir/rosidl_typesupport_cpp/arussim_msgs/msg/point_xy__type_support.cpp.o[0m
[7.629s] [ 50%] [32mBuilding C object CMakeFiles/arussim_msgs__rosidl_typesupport_introspection_c.dir/rosidl_typesupport_introspection_c/arussim_msgs/msg/detail/point_xy__type_support.c.o[0m
[7.811s] [ 52%] [32mBuilding C object CMakeFiles/arussim_msgs__rosidl_typesupport_introspection_c.dir/rosidl_typesupport_introspection_c/arussim_msgs/msg/detail/state__type_support.c.o[0m
[7.980s] [ 53%] [32mBuilding C object CMakeFiles/arussim_msgs__rosidl_typesupport_introspection_c.dir/rosidl_typesupport_introspection_c/arussim_msgs/msg/detail/trajectory__type_support.c.o[0m
[8.105s] [ 54%] [32m[1mLinking C shared library libarussim_msgs__rosidl_typesupport_introspection_c.so[0m
[8.183s] [ 56%] [32mBuilding CXX object CMakeFiles/arussim_msgs__rosidl_typesupport_fastrtps_cpp.dir/rosidl_typesupport_fastrtps_cpp/arussim_msgs/msg/detail/dds_fastrtps/cmd4_wd__type_support.cpp.o[0m
[8.250s] [ 56%] Built target arussim_msgs__rosidl_typesupport_introspection_c
[8.290s] [ 57%] [32mBuilding CXX object CMakeFiles/arussim_msgs__rosidl_typesupport_introspection_cpp.dir/rosidl_typesupport_introspection_cpp/arussim_msgs/msg/detail/four_wheel_drive__type_support.cpp.o[0m
[8.314s] [ 59%] [32mBuilding CXX object CMakeFiles/arussim_msgs__rosidl_typesupport_cpp.dir/rosidl_typesupport_cpp/arussim_msgs/msg/state__type_support.cpp.o[0m
[8.386s] [ 60%] [32mBuilding CXX object CMakeFiles/arussim_msgs__rosidl_typesupport_cpp.dir/rosidl_typesupport_cpp/arussim_msgs/msg/trajectory__type_support.cpp.o[0m
[8.402s] [ 61%] [32mBuilding CXX object CMakeFiles/arussim_msgs__rosidl_typesupport_fastrtps_c.dir/rosidl_typesupport_fastrtps_c/arussim_msgs/msg/detail/point_xy__type_support_c.cpp.o[0m
[8.459s] [ 63%] [32mBuilding CXX object CMakeFiles/arussim_msgs__rosidl_typesupport_fastrtps_c.dir/rosidl_typesupport_fastrtps_c/arussim_msgs/msg/detail/state__type_support_c.cpp.o[0m
[8.584s] [ 64%] [32mBuilding CXX object CMakeFiles/arussim_msgs__rosidl_typesupport_fastrtps_c.dir/rosidl_typesupport_fastrtps_c/arussim_msgs/msg/detail/trajectory__type_support_c.cpp.o[0m
[8.599s] [ 66%] [32mBuilding CXX object CMakeFiles/arussim_msgs__rosidl_typesupport_fastrtps_cpp.dir/rosidl_typesupport_fastrtps_cpp/arussim_msgs/msg/detail/dds_fastrtps/four_wheel_drive__type_support.cpp.o[0m
[9.267s] [ 67%] [32mBuilding CXX object CMakeFiles/arussim_msgs__rosidl_typesupport_introspection_cpp.dir/rosidl_typesupport_introspection_cpp/arussim_msgs/msg/detail/point_xy__type_support.cpp.o[0m
[9.359s] [ 69%] [32m[1mLinking CXX shared library libarussim_msgs__rosidl_typesupport_cpp.so[0m
[9.586s] [ 69%] Built target arussim_msgs__rosidl_typesupport_cpp
[9.612s] [ 70%] [32mBuilding CXX object CMakeFiles/arussim_msgs__rosidl_typesupport_introspection_cpp.dir/rosidl_typesupport_introspection_cpp/arussim_msgs/msg/detail/state__type_support.cpp.o[0m
[9.635s] [ 71%] [32mBuilding CXX object CMakeFiles/arussim_msgs__rosidl_typesupport_introspection_cpp.dir/rosidl_typesupport_introspection_cpp/arussim_msgs/msg/detail/trajectory__type_support.cpp.o[0m
[9.735s] [ 73%] [32mBuilding CXX object CMakeFiles/arussim_msgs__rosidl_typesupport_fastrtps_cpp.dir/rosidl_typesupport_fastrtps_cpp/arussim_msgs/msg/detail/dds_fastrtps/point_xy__type_support.cpp.o[0m
[9.783s] [ 74%] [32mBuilding CXX object CMakeFiles/arussim_msgs__rosidl_typesupport_fastrtps_cpp.dir/rosidl_typesupport_fastrtps_cpp/arussim_msgs/msg/detail/dds_fastrtps/state__type_support.cpp.o[0m
[9.884s] [ 76%] [32mBuilding CXX object CMakeFiles/arussim_msgs__rosidl_typesupport_fastrtps_cpp.dir/rosidl_typesupport_fastrtps_cpp/arussim_msgs/msg/detail/dds_fastrtps/trajectory__type_support.cpp.o[0m
[9.958s] [ 77%] [32m[1mLinking CXX shared library libarussim_msgs__rosidl_typesupport_fastrtps_c.so[0m
[10.293s] [ 77%] Built target arussim_msgs__rosidl_typesupport_fastrtps_c
[11.008s] [ 78%] [32m[1mLinking CXX shared library libarussim_msgs__rosidl_typesupport_introspection_cpp.so[0m
[11.012s] [ 80%] [32m[1mLinking CXX shared library libarussim_msgs__rosidl_typesupport_fastrtps_cpp.so[0m
[11.184s] [ 80%] Built target arussim_msgs__rosidl_typesupport_fastrtps_cpp
[11.211s] [ 80%] Built target arussim_msgs__rosidl_typesupport_introspection_cpp
[11.248s] [ 80%] Built target arussim_msgs
[11.285s] [ 81%] [34m[1mGenerating Python code for ROS interfaces[0m
[13.056s] [ 81%] Built target arussim_msgs__py
[13.101s] [ 84%] [32mBuilding C object CMakeFiles/arussim_msgs__rosidl_generator_py.dir/rosidl_generator_py/arussim_msgs/msg/_cmd4_wd_s.c.o[0m
[13.101s] [ 84%] [32mBuilding C object CMakeFiles/arussim_msgs__rosidl_generator_py.dir/rosidl_generator_py/arussim_msgs/msg/_four_wheel_drive_s.c.o[0m
[13.103s] [ 85%] [32mBuilding C object CMakeFiles/arussim_msgs__rosidl_generator_py.dir/rosidl_generator_py/arussim_msgs/msg/_point_xy_s.c.o[0m
[13.105s] [ 87%] [32mBuilding C object CMakeFiles/arussim_msgs__rosidl_generator_py.dir/rosidl_generator_py/arussim_msgs/msg/_cmd_s.c.o[0m
[13.113s] [ 90%] [32mBuilding C object CMakeFiles/arussim_msgs__rosidl_generator_py.dir/rosidl_generator_py/arussim_msgs/msg/_state_s.c.o[0m
[13.114s] [ 90%] [32mBuilding C object CMakeFiles/arussim_msgs__rosidl_generator_py.dir/rosidl_generator_py/arussim_msgs/msg/_trajectory_s.c.o[0m
[13.430s] [ 91%] [32m[1mLinking C shared library rosidl_generator_py/arussim_msgs/libarussim_msgs__rosidl_generator_py.so[0m
[13.521s] [ 91%] Built target arussim_msgs__rosidl_generator_py
[13.564s] [ 92%] [32mBuilding C object CMakeFiles/arussim_msgs__rosidl_typesupport_c__pyext.dir/rosidl_generator_py/arussim_msgs/_arussim_msgs_s.ep.rosidl_typesupport_c.c.o[0m
[13.566s] [ 94%] [32mBuilding C object CMakeFiles/arussim_msgs__rosidl_typesupport_introspection_c__pyext.dir/rosidl_generator_py/arussim_msgs/_arussim_msgs_s.ep.rosidl_typesupport_introspection_c.c.o[0m
[13.566s] [ 95%] [32mBuilding C object CMakeFiles/arussim_msgs__rosidl_typesupport_fastrtps_c__pyext.dir/rosidl_generator_py/arussim_msgs/_arussim_msgs_s.ep.rosidl_typesupport_fastrtps_c.c.o[0m
[13.782s] [ 98%] [32m[1mLinking C shared library rosidl_generator_py/arussim_msgs/arussim_msgs_s__rosidl_typesupport_fastrtps_c.cpython-310-x86_64-linux-gnu.so[0m
[13.782s] [ 98%] [32m[1mLinking C shared library rosidl_generator_py/arussim_msgs/arussim_msgs_s__rosidl_typesupport_c.cpython-310-x86_64-linux-gnu.so[0m
[13.843s] [100%] [32m[1mLinking C shared library rosidl_generator_py/arussim_msgs/arussim_msgs_s__rosidl_typesupport_introspection_c.cpython-310-x86_64-linux-gnu.so[0m
[13.867s] [100%] Built target arussim_msgs__rosidl_typesupport_c__pyext
[13.869s] [100%] Built target arussim_msgs__rosidl_typesupport_fastrtps_c__pyext
[13.931s] [100%] Built target arussim_msgs__rosidl_typesupport_introspection_c__pyext
[13.963s] Invoked command in '/home/josedag31/Arus/ws/src/ARUSSim/build/arussim_msgs' returned '0': CMAKE_PREFIX_PATH=${CMAKE_PREFIX_PATH}:/opt/ros/humble /usr/bin/cmake --build /home/josedag31/Arus/ws/src/ARUSSim/build/arussim_msgs -- -j8 -l8
[13.984s] Invoking command in '/home/josedag31/Arus/ws/src/ARUSSim/build/arussim_msgs': CMAKE_PREFIX_PATH=${CMAKE_PREFIX_PATH}:/opt/ros/humble /usr/bin/cmake --install /home/josedag31/Arus/ws/src/ARUSSim/build/arussim_msgs
[13.998s] -- Install configuration: ""
[13.998s] -- Installing: /home/josedag31/Arus/ws/src/ARUSSim/install/arussim_msgs/share/ament_index/resource_index/rosidl_interfaces/arussim_msgs
[13.999s] -- Installing: /home/josedag31/Arus/ws/src/ARUSSim/install/arussim_msgs/include/arussim_msgs/arussim_msgs
[13.999s] -- Installing: /home/josedag31/Arus/ws/src/ARUSSim/install/arussim_msgs/include/arussim_msgs/arussim_msgs/msg
[14.000s] -- Installing: /home/josedag31/Arus/ws/src/ARUSSim/install/arussim_msgs/include/arussim_msgs/arussim_msgs/msg/cmd.h
[14.000s] -- Installing: /home/josedag31/Arus/ws/src/ARUSSim/install/arussim_msgs/include/arussim_msgs/arussim_msgs/msg/state.h
[14.000s] -- Installing: /home/josedag31/Arus/ws/src/ARUSSim/install/arussim_msgs/include/arussim_msgs/arussim_msgs/msg/detail
[14.000s] -- Installing: /home/josedag31/Arus/ws/src/ARUSSim/install/arussim_msgs/include/arussim_msgs/arussim_msgs/msg/detail/cmd__functions.h
[14.001s] -- Installing: /home/josedag31/Arus/ws/src/ARUSSim/install/arussim_msgs/include/arussim_msgs/arussim_msgs/msg/detail/four_wheel_drive__functions.c
[14.001s] -- Installing: /home/josedag31/Arus/ws/src/ARUSSim/install/arussim_msgs/include/arussim_msgs/arussim_msgs/msg/detail/point_xy__functions.c
[14.002s] -- Installing: /home/josedag31/Arus/ws/src/ARUSSim/install/arussim_msgs/include/arussim_msgs/arussim_msgs/msg/detail/state__struct.h
[14.002s] -- Installing: /home/josedag31/Arus/ws/src/ARUSSim/install/arussim_msgs/include/arussim_msgs/arussim_msgs/msg/detail/trajectory__functions.c
[14.002s] -- Installing: /home/josedag31/Arus/ws/src/ARUSSim/install/arussim_msgs/include/arussim_msgs/arussim_msgs/msg/detail/cmd__struct.h
[14.003s] -- Installing: /home/josedag31/Arus/ws/src/ARUSSim/install/arussim_msgs/include/arussim_msgs/arussim_msgs/msg/detail/point_xy__type_support.h
[14.003s] -- Installing: /home/josedag31/Arus/ws/src/ARUSSim/install/arussim_msgs/include/arussim_msgs/arussim_msgs/msg/detail/trajectory__struct.h
[14.003s] -- Installing: /home/josedag31/Arus/ws/src/ARUSSim/install/arussim_msgs/include/arussim_msgs/arussim_msgs/msg/detail/state__functions.c
[14.003s] -- Installing: /home/josedag31/Arus/ws/src/ARUSSim/install/arussim_msgs/include/arussim_msgs/arussim_msgs/msg/detail/cmd__type_support.h
[14.004s] -- Installing: /home/josedag31/Arus/ws/src/ARUSSim/install/arussim_msgs/include/arussim_msgs/arussim_msgs/msg/detail/state__type_support.h
[14.004s] -- Installing: /home/josedag31/Arus/ws/src/ARUSSim/install/arussim_msgs/include/arussim_msgs/arussim_msgs/msg/detail/cmd__functions.c
[14.004s] -- Installing: /home/josedag31/Arus/ws/src/ARUSSim/install/arussim_msgs/include/arussim_msgs/arussim_msgs/msg/detail/cmd4_wd__type_support.h
[14.005s] -- Installing: /home/josedag31/Arus/ws/src/ARUSSim/install/arussim_msgs/include/arussim_msgs/arussim_msgs/msg/detail/cmd4_wd__struct.h
[14.005s] -- Installing: /home/josedag31/Arus/ws/src/ARUSSim/install/arussim_msgs/include/arussim_msgs/arussim_msgs/msg/detail/point_xy__struct.h
[14.005s] -- Installing: /home/josedag31/Arus/ws/src/ARUSSim/install/arussim_msgs/include/arussim_msgs/arussim_msgs/msg/detail/cmd4_wd__functions.h
[14.005s] -- Installing: /home/josedag31/Arus/ws/src/ARUSSim/install/arussim_msgs/include/arussim_msgs/arussim_msgs/msg/detail/cmd4_wd__functions.c
[14.006s] -- Installing: /home/josedag31/Arus/ws/src/ARUSSim/install/arussim_msgs/include/arussim_msgs/arussim_msgs/msg/detail/four_wheel_drive__struct.h
[14.006s] -- Installing: /home/josedag31/Arus/ws/src/ARUSSim/install/arussim_msgs/include/arussim_msgs/arussim_msgs/msg/detail/trajectory__functions.h
[14.006s] -- Installing: /home/josedag31/Arus/ws/src/ARUSSim/install/arussim_msgs/include/arussim_msgs/arussim_msgs/msg/detail/point_xy__functions.h
[14.007s] -- Installing: /home/josedag31/Arus/ws/src/ARUSSim/install/arussim_msgs/include/arussim_msgs/arussim_msgs/msg/detail/trajectory__type_support.h
[14.007s] -- Installing: /home/josedag31/Arus/ws/src/ARUSSim/install/arussim_msgs/include/arussim_msgs/arussim_msgs/msg/detail/four_wheel_drive__functions.h
[14.007s] -- Installing: /home/josedag31/Arus/ws/src/ARUSSim/install/arussim_msgs/include/arussim_msgs/arussim_msgs/msg/detail/four_wheel_drive__type_support.h
[14.008s] -- Installing: /home/josedag31/Arus/ws/src/ARUSSim/install/arussim_msgs/include/arussim_msgs/arussim_msgs/msg/detail/state__functions.h
[14.008s] -- Installing: /home/josedag31/Arus/ws/src/ARUSSim/install/arussim_msgs/include/arussim_msgs/arussim_msgs/msg/trajectory.h
[14.009s] -- Installing: /home/josedag31/Arus/ws/src/ARUSSim/install/arussim_msgs/include/arussim_msgs/arussim_msgs/msg/cmd4_wd.h
[14.009s] -- Installing: /home/josedag31/Arus/ws/src/ARUSSim/install/arussim_msgs/include/arussim_msgs/arussim_msgs/msg/four_wheel_drive.h
[14.009s] -- Installing: /home/josedag31/Arus/ws/src/ARUSSim/install/arussim_msgs/include/arussim_msgs/arussim_msgs/msg/rosidl_generator_c__visibility_control.h
[14.010s] -- Installing: /home/josedag31/Arus/ws/src/ARUSSim/install/arussim_msgs/include/arussim_msgs/arussim_msgs/msg/point_xy.h
[14.010s] -- Installing: /home/josedag31/Arus/ws/src/ARUSSim/install/arussim_msgs/share/arussim_msgs/environment/library_path.sh
[14.010s] -- Installing: /home/josedag31/Arus/ws/src/ARUSSim/install/arussim_msgs/share/arussim_msgs/environment/library_path.dsv
[14.011s] -- Installing: /home/josedag31/Arus/ws/src/ARUSSim/install/arussim_msgs/lib/libarussim_msgs__rosidl_generator_c.so
[14.012s] -- Set runtime path of "/home/josedag31/Arus/ws/src/ARUSSim/install/arussim_msgs/lib/libarussim_msgs__rosidl_generator_c.so" to ""
[14.012s] -- Up-to-date: /home/josedag31/Arus/ws/src/ARUSSim/install/arussim_msgs/include/arussim_msgs/arussim_msgs
[14.013s] -- Up-to-date: /home/josedag31/Arus/ws/src/ARUSSim/install/arussim_msgs/include/arussim_msgs/arussim_msgs/msg
[14.013s] -- Up-to-date: /home/josedag31/Arus/ws/src/ARUSSim/install/arussim_msgs/include/arussim_msgs/arussim_msgs/msg/detail
[14.013s] -- Installing: /home/josedag31/Arus/ws/src/ARUSSim/install/arussim_msgs/include/arussim_msgs/arussim_msgs/msg/detail/trajectory__rosidl_typesupport_fastrtps_c.h
[14.013s] -- Installing: /home/josedag31/Arus/ws/src/ARUSSim/install/arussim_msgs/include/arussim_msgs/arussim_msgs/msg/detail/cmd4_wd__rosidl_typesupport_fastrtps_c.h
[14.013s] -- Installing: /home/josedag31/Arus/ws/src/ARUSSim/install/arussim_msgs/include/arussim_msgs/arussim_msgs/msg/detail/point_xy__rosidl_typesupport_fastrtps_c.h
[14.014s] -- Installing: /home/josedag31/Arus/ws/src/ARUSSim/install/arussim_msgs/include/arussim_msgs/arussim_msgs/msg/detail/cmd__rosidl_typesupport_fastrtps_c.h
[14.014s] -- Installing: /home/josedag31/Arus/ws/src/ARUSSim/install/arussim_msgs/include/arussim_msgs/arussim_msgs/msg/detail/four_wheel_drive__rosidl_typesupport_fastrtps_c.h
[14.014s] -- Installing: /home/josedag31/Arus/ws/src/ARUSSim/install/arussim_msgs/include/arussim_msgs/arussim_msgs/msg/detail/state__rosidl_typesupport_fastrtps_c.h
[14.014s] -- Installing: /home/josedag31/Arus/ws/src/ARUSSim/install/arussim_msgs/include/arussim_msgs/arussim_msgs/msg/rosidl_typesupport_fastrtps_c__visibility_control.h
[14.015s] -- Installing: /home/josedag31/Arus/ws/src/ARUSSim/install/arussim_msgs/lib/libarussim_msgs__rosidl_typesupport_fastrtps_c.so
[14.016s] -- Set runtime path of "/home/josedag31/Arus/ws/src/ARUSSim/install/arussim_msgs/lib/libarussim_msgs__rosidl_typesupport_fastrtps_c.so" to ""
[14.016s] -- Up-to-date: /home/josedag31/Arus/ws/src/ARUSSim/install/arussim_msgs/include/arussim_msgs/arussim_msgs
[14.016s] -- Up-to-date: /home/josedag31/Arus/ws/src/ARUSSim/install/arussim_msgs/include/arussim_msgs/arussim_msgs/msg
[14.017s] -- Installing: /home/josedag31/Arus/ws/src/ARUSSim/install/arussim_msgs/include/arussim_msgs/arussim_msgs/msg/point_xy.hpp
[14.017s] -- Installing: /home/josedag31/Arus/ws/src/ARUSSim/install/arussim_msgs/include/arussim_msgs/arussim_msgs/msg/state.hpp
[14.017s] -- Up-to-date: /home/josedag31/Arus/ws/src/ARUSSim/install/arussim_msgs/include/arussim_msgs/arussim_msgs/msg/detail
[14.017s] -- Installing: /home/josedag31/Arus/ws/src/ARUSSim/install/arussim_msgs/include/arussim_msgs/arussim_msgs/msg/detail/four_wheel_drive__type_support.hpp
[14.017s] -- Installing: /home/josedag31/Arus/ws/src/ARUSSim/install/arussim_msgs/include/arussim_msgs/arussim_msgs/msg/detail/trajectory__struct.hpp
[14.017s] -- Installing: /home/josedag31/Arus/ws/src/ARUSSim/install/arussim_msgs/include/arussim_msgs/arussim_msgs/msg/detail/cmd__struct.hpp
[14.018s] -- Installing: /home/josedag31/Arus/ws/src/ARUSSim/install/arussim_msgs/include/arussim_msgs/arussim_msgs/msg/detail/state__traits.hpp
[14.018s] -- Installing: /home/josedag31/Arus/ws/src/ARUSSim/install/arussim_msgs/include/arussim_msgs/arussim_msgs/msg/detail/cmd4_wd__builder.hpp
[14.018s] -- Installing: /home/josedag31/Arus/ws/src/ARUSSim/install/arussim_msgs/include/arussim_msgs/arussim_msgs/msg/detail/cmd__traits.hpp
[14.018s] -- Installing: /home/josedag31/Arus/ws/src/ARUSSim/install/arussim_msgs/include/arussim_msgs/arussim_msgs/msg/detail/state__struct.hpp
[14.019s] -- Installing: /home/josedag31/Arus/ws/src/ARUSSim/install/arussim_msgs/include/arussim_msgs/arussim_msgs/msg/detail/four_wheel_drive__struct.hpp
[14.019s] -- Installing: /home/josedag31/Arus/ws/src/ARUSSim/install/arussim_msgs/include/arussim_msgs/arussim_msgs/msg/detail/trajectory__type_support.hpp
[14.019s] -- Installing: /home/josedag31/Arus/ws/src/ARUSSim/install/arussim_msgs/include/arussim_msgs/arussim_msgs/msg/detail/cmd__builder.hpp
[14.020s] -- Installing: /home/josedag31/Arus/ws/src/ARUSSim/install/arussim_msgs/include/arussim_msgs/arussim_msgs/msg/detail/four_wheel_drive__traits.hpp
[14.022s] -- Installing: /home/josedag31/Arus/ws/src/ARUSSim/install/arussim_msgs/include/arussim_msgs/arussim_msgs/msg/detail/point_xy__struct.hpp
[14.023s] -- Installing: /home/josedag31/Arus/ws/src/ARUSSim/install/arussim_msgs/include/arussim_msgs/arussim_msgs/msg/detail/state__builder.hpp
[14.023s] -- Installing: /home/josedag31/Arus/ws/src/ARUSSim/install/arussim_msgs/include/arussim_msgs/arussim_msgs/msg/detail/four_wheel_drive__builder.hpp
[14.023s] -- Installing: /home/josedag31/Arus/ws/src/ARUSSim/install/arussim_msgs/include/arussim_msgs/arussim_msgs/msg/detail/cmd4_wd__traits.hpp
[14.023s] -- Installing: /home/josedag31/Arus/ws/src/ARUSSim/install/arussim_msgs/include/arussim_msgs/arussim_msgs/msg/detail/trajectory__builder.hpp
[14.023s] -- Installing: /home/josedag31/Arus/ws/src/ARUSSim/install/arussim_msgs/include/arussim_msgs/arussim_msgs/msg/detail/state__type_support.hpp
[14.024s] -- Installing: /home/josedag31/Arus/ws/src/ARUSSim/install/arussim_msgs/include/arussim_msgs/arussim_msgs/msg/detail/cmd4_wd__type_support.hpp
[14.024s] -- Installing: /home/josedag31/Arus/ws/src/ARUSSim/install/arussim_msgs/include/arussim_msgs/arussim_msgs/msg/detail/cmd4_wd__struct.hpp
[14.024s] -- Installing: /home/josedag31/Arus/ws/src/ARUSSim/install/arussim_msgs/include/arussim_msgs/arussim_msgs/msg/detail/point_xy__type_support.hpp
[14.024s] -- Installing: /home/josedag31/Arus/ws/src/ARUSSim/install/arussim_msgs/include/arussim_msgs/arussim_msgs/msg/detail/trajectory__traits.hpp
[14.025s] -- Installing: /home/josedag31/Arus/ws/src/ARUSSim/install/arussim_msgs/include/arussim_msgs/arussim_msgs/msg/detail/point_xy__builder.hpp
[14.025s] -- Installing: /home/josedag31/Arus/ws/src/ARUSSim/install/arussim_msgs/include/arussim_msgs/arussim_msgs/msg/detail/cmd__type_support.hpp
[14.025s] -- Installing: /home/josedag31/Arus/ws/src/ARUSSim/install/arussim_msgs/include/arussim_msgs/arussim_msgs/msg/detail/point_xy__traits.hpp
[14.025s] -- Installing: /home/josedag31/Arus/ws/src/ARUSSim/install/arussim_msgs/include/arussim_msgs/arussim_msgs/msg/cmd.hpp
[14.025s] -- Installing: /home/josedag31/Arus/ws/src/ARUSSim/install/arussim_msgs/include/arussim_msgs/arussim_msgs/msg/four_wheel_drive.hpp
[14.025s] -- Installing: /home/josedag31/Arus/ws/src/ARUSSim/install/arussim_msgs/include/arussim_msgs/arussim_msgs/msg/rosidl_generator_cpp__visibility_control.hpp
[14.026s] -- Installing: /home/josedag31/Arus/ws/src/ARUSSim/install/arussim_msgs/include/arussim_msgs/arussim_msgs/msg/cmd4_wd.hpp
[14.026s] -- Installing: /home/josedag31/Arus/ws/src/ARUSSim/install/arussim_msgs/include/arussim_msgs/arussim_msgs/msg/trajectory.hpp
[14.026s] -- Up-to-date: /home/josedag31/Arus/ws/src/ARUSSim/install/arussim_msgs/include/arussim_msgs/arussim_msgs
[14.026s] -- Up-to-date: /home/josedag31/Arus/ws/src/ARUSSim/install/arussim_msgs/include/arussim_msgs/arussim_msgs/msg
[14.026s] -- Up-to-date: /home/josedag31/Arus/ws/src/ARUSSim/install/arussim_msgs/include/arussim_msgs/arussim_msgs/msg/detail
[14.027s] -- Installing: /home/josedag31/Arus/ws/src/ARUSSim/install/arussim_msgs/include/arussim_msgs/arussim_msgs/msg/detail/trajectory__rosidl_typesupport_fastrtps_cpp.hpp
[14.027s] -- Installing: /home/josedag31/Arus/ws/src/ARUSSim/install/arussim_msgs/include/arussim_msgs/arussim_msgs/msg/detail/four_wheel_drive__rosidl_typesupport_fastrtps_cpp.hpp
[14.027s] -- Installing: /home/josedag31/Arus/ws/src/ARUSSim/install/arussim_msgs/include/arussim_msgs/arussim_msgs/msg/detail/point_xy__rosidl_typesupport_fastrtps_cpp.hpp
[14.027s] -- Installing: /home/josedag31/Arus/ws/src/ARUSSim/install/arussim_msgs/include/arussim_msgs/arussim_msgs/msg/detail/cmd__rosidl_typesupport_fastrtps_cpp.hpp
[14.027s] -- Installing: /home/josedag31/Arus/ws/src/ARUSSim/install/arussim_msgs/include/arussim_msgs/arussim_msgs/msg/detail/state__rosidl_typesupport_fastrtps_cpp.hpp
[14.027s] -- Installing: /home/josedag31/Arus/ws/src/ARUSSim/install/arussim_msgs/include/arussim_msgs/arussim_msgs/msg/detail/dds_fastrtps
[14.028s] -- Installing: /home/josedag31/Arus/ws/src/ARUSSim/install/arussim_msgs/include/arussim_msgs/arussim_msgs/msg/detail/cmd4_wd__rosidl_typesupport_fastrtps_cpp.hpp
[14.028s] -- Installing: /home/josedag31/Arus/ws/src/ARUSSim/install/arussim_msgs/include/arussim_msgs/arussim_msgs/msg/rosidl_typesupport_fastrtps_cpp__visibility_control.h
[14.028s] -- Installing: /home/josedag31/Arus/ws/src/ARUSSim/install/arussim_msgs/lib/libarussim_msgs__rosidl_typesupport_fastrtps_cpp.so
[14.029s] -- Set runtime path of "/home/josedag31/Arus/ws/src/ARUSSim/install/arussim_msgs/lib/libarussim_msgs__rosidl_typesupport_fastrtps_cpp.so" to ""
[14.029s] -- Up-to-date: /home/josedag31/Arus/ws/src/ARUSSim/install/arussim_msgs/include/arussim_msgs/arussim_msgs
[14.029s] -- Up-to-date: /home/josedag31/Arus/ws/src/ARUSSim/install/arussim_msgs/include/arussim_msgs/arussim_msgs/msg
[14.029s] -- Up-to-date: /home/josedag31/Arus/ws/src/ARUSSim/install/arussim_msgs/include/arussim_msgs/arussim_msgs/msg/detail
[14.030s] -- Installing: /home/josedag31/Arus/ws/src/ARUSSim/install/arussim_msgs/include/arussim_msgs/arussim_msgs/msg/detail/point_xy__rosidl_typesupport_introspection_c.h
[14.030s] -- Installing: /home/josedag31/Arus/ws/src/ARUSSim/install/arussim_msgs/include/arussim_msgs/arussim_msgs/msg/detail/trajectory__rosidl_typesupport_introspection_c.h
[14.030s] -- Installing: /home/josedag31/Arus/ws/src/ARUSSim/install/arussim_msgs/include/arussim_msgs/arussim_msgs/msg/detail/point_xy__type_support.c
[14.030s] -- Installing: /home/josedag31/Arus/ws/src/ARUSSim/install/arussim_msgs/include/arussim_msgs/arussim_msgs/msg/detail/state__rosidl_typesupport_introspection_c.h
[14.030s] -- Installing: /home/josedag31/Arus/ws/src/ARUSSim/install/arussim_msgs/include/arussim_msgs/arussim_msgs/msg/detail/cmd__type_support.c
[14.031s] -- Installing: /home/josedag31/Arus/ws/src/ARUSSim/install/arussim_msgs/include/arussim_msgs/arussim_msgs/msg/detail/four_wheel_drive__rosidl_typesupport_introspection_c.h
[14.031s] -- Installing: /home/josedag31/Arus/ws/src/ARUSSim/install/arussim_msgs/include/arussim_msgs/arussim_msgs/msg/detail/trajectory__type_support.c
[14.031s] -- Installing: /home/josedag31/Arus/ws/src/ARUSSim/install/arussim_msgs/include/arussim_msgs/arussim_msgs/msg/detail/cmd4_wd__rosidl_typesupport_introspection_c.h
[14.032s] -- Installing: /home/josedag31/Arus/ws/src/ARUSSim/install/arussim_msgs/include/arussim_msgs/arussim_msgs/msg/detail/cmd4_wd__type_support.c
[14.032s] -- Installing: /home/josedag31/Arus/ws/src/ARUSSim/install/arussim_msgs/include/arussim_msgs/arussim_msgs/msg/detail/four_wheel_drive__type_support.c
[14.032s] -- Installing: /home/josedag31/Arus/ws/src/ARUSSim/install/arussim_msgs/include/arussim_msgs/arussim_msgs/msg/detail/cmd__rosidl_typesupport_introspection_c.h
[14.032s] -- Installing: /home/josedag31/Arus/ws/src/ARUSSim/install/arussim_msgs/include/arussim_msgs/arussim_msgs/msg/detail/state__type_support.c
[14.033s] -- Installing: /home/josedag31/Arus/ws/src/ARUSSim/install/arussim_msgs/include/arussim_msgs/arussim_msgs/msg/rosidl_typesupport_introspection_c__visibility_control.h
[14.033s] -- Installing: /home/josedag31/Arus/ws/src/ARUSSim/install/arussim_msgs/lib/libarussim_msgs__rosidl_typesupport_introspection_c.so
[14.034s] -- Set runtime path of "/home/josedag31/Arus/ws/src/ARUSSim/install/arussim_msgs/lib/libarussim_msgs__rosidl_typesupport_introspection_c.so" to ""
[14.035s] -- Installing: /home/josedag31/Arus/ws/src/ARUSSim/install/arussim_msgs/lib/libarussim_msgs__rosidl_typesupport_c.so
[14.035s] -- Set runtime path of "/home/josedag31/Arus/ws/src/ARUSSim/install/arussim_msgs/lib/libarussim_msgs__rosidl_typesupport_c.so" to ""
[14.035s] -- Up-to-date: /home/josedag31/Arus/ws/src/ARUSSim/install/arussim_msgs/include/arussim_msgs/arussim_msgs
[14.036s] -- Up-to-date: /home/josedag31/Arus/ws/src/ARUSSim/install/arussim_msgs/include/arussim_msgs/arussim_msgs/msg
[14.036s] -- Up-to-date: /home/josedag31/Arus/ws/src/ARUSSim/install/arussim_msgs/include/arussim_msgs/arussim_msgs/msg/detail
[14.036s] -- Installing: /home/josedag31/Arus/ws/src/ARUSSim/install/arussim_msgs/include/arussim_msgs/arussim_msgs/msg/detail/point_xy__type_support.cpp
[14.036s] -- Installing: /home/josedag31/Arus/ws/src/ARUSSim/install/arussim_msgs/include/arussim_msgs/arussim_msgs/msg/detail/state__rosidl_typesupport_introspection_cpp.hpp
[14.037s] -- Installing: /home/josedag31/Arus/ws/src/ARUSSim/install/arussim_msgs/include/arussim_msgs/arussim_msgs/msg/detail/cmd4_wd__type_support.cpp
[14.037s] -- Installing: /home/josedag31/Arus/ws/src/ARUSSim/install/arussim_msgs/include/arussim_msgs/arussim_msgs/msg/detail/cmd__type_support.cpp
[14.037s] -- Installing: /home/josedag31/Arus/ws/src/ARUSSim/install/arussim_msgs/include/arussim_msgs/arussim_msgs/msg/detail/four_wheel_drive__type_support.cpp
[14.037s] -- Installing: /home/josedag31/Arus/ws/src/ARUSSim/install/arussim_msgs/include/arussim_msgs/arussim_msgs/msg/detail/state__type_support.cpp
[14.038s] -- Installing: /home/josedag31/Arus/ws/src/ARUSSim/install/arussim_msgs/include/arussim_msgs/arussim_msgs/msg/detail/cmd__rosidl_typesupport_introspection_cpp.hpp
[14.038s] -- Installing: /home/josedag31/Arus/ws/src/ARUSSim/install/arussim_msgs/include/arussim_msgs/arussim_msgs/msg/detail/trajectory__type_support.cpp
[14.038s] -- Installing: /home/josedag31/Arus/ws/src/ARUSSim/install/arussim_msgs/include/arussim_msgs/arussim_msgs/msg/detail/four_wheel_drive__rosidl_typesupport_introspection_cpp.hpp
[14.038s] -- Installing: /home/josedag31/Arus/ws/src/ARUSSim/install/arussim_msgs/include/arussim_msgs/arussim_msgs/msg/detail/cmd4_wd__rosidl_typesupport_introspection_cpp.hpp
[14.039s] -- Installing: /home/josedag31/Arus/ws/src/ARUSSim/install/arussim_msgs/include/arussim_msgs/arussim_msgs/msg/detail/trajectory__rosidl_typesupport_introspection_cpp.hpp
[14.039s] -- Installing: /home/josedag31/Arus/ws/src/ARUSSim/install/arussim_msgs/include/arussim_msgs/arussim_msgs/msg/detail/point_xy__rosidl_typesupport_introspection_cpp.hpp
[14.039s] -- Installing: /home/josedag31/Arus/ws/src/ARUSSim/install/arussim_msgs/lib/libarussim_msgs__rosidl_typesupport_introspection_cpp.so
[14.041s] -- Set runtime path of "/home/josedag31/Arus/ws/src/ARUSSim/install/arussim_msgs/lib/libarussim_msgs__rosidl_typesupport_introspection_cpp.so" to ""
[14.042s] -- Installing: /home/josedag31/Arus/ws/src/ARUSSim/install/arussim_msgs/lib/libarussim_msgs__rosidl_typesupport_cpp.so
[14.042s] -- Set runtime path of "/home/josedag31/Arus/ws/src/ARUSSim/install/arussim_msgs/lib/libarussim_msgs__rosidl_typesupport_cpp.so" to ""
[14.042s] -- Installing: /home/josedag31/Arus/ws/src/ARUSSim/install/arussim_msgs/share/arussim_msgs/environment/pythonpath.sh
[14.043s] -- Installing: /home/josedag31/Arus/ws/src/ARUSSim/install/arussim_msgs/share/arussim_msgs/environment/pythonpath.dsv
[14.043s] -- Installing: /home/josedag31/Arus/ws/src/ARUSSim/install/arussim_msgs/local/lib/python3.10/dist-packages/arussim_msgs-0.0.0-py3.10.egg-info
[14.043s] -- Installing: /home/josedag31/Arus/ws/src/ARUSSim/install/arussim_msgs/local/lib/python3.10/dist-packages/arussim_msgs-0.0.0-py3.10.egg-info/dependency_links.txt
[14.044s] -- Installing: /home/josedag31/Arus/ws/src/ARUSSim/install/arussim_msgs/local/lib/python3.10/dist-packages/arussim_msgs-0.0.0-py3.10.egg-info/top_level.txt
[14.044s] -- Installing: /home/josedag31/Arus/ws/src/ARUSSim/install/arussim_msgs/local/lib/python3.10/dist-packages/arussim_msgs-0.0.0-py3.10.egg-info/PKG-INFO
[14.044s] -- Installing: /home/josedag31/Arus/ws/src/ARUSSim/install/arussim_msgs/local/lib/python3.10/dist-packages/arussim_msgs-0.0.0-py3.10.egg-info/SOURCES.txt
[14.045s] -- Installing: /home/josedag31/Arus/ws/src/ARUSSim/install/arussim_msgs/local/lib/python3.10/dist-packages/arussim_msgs
[14.045s] -- Installing: /home/josedag31/Arus/ws/src/ARUSSim/install/arussim_msgs/local/lib/python3.10/dist-packages/arussim_msgs/_arussim_msgs_s.ep.rosidl_typesupport_c.c
[14.045s] -- Installing: /home/josedag31/Arus/ws/src/ARUSSim/install/arussim_msgs/local/lib/python3.10/dist-packages/arussim_msgs/_arussim_msgs_s.ep.rosidl_typesupport_fastrtps_c.c
[14.045s] -- Installing: /home/josedag31/Arus/ws/src/ARUSSim/install/arussim_msgs/local/lib/python3.10/dist-packages/arussim_msgs/__init__.py
[14.046s] -- Installing: /home/josedag31/Arus/ws/src/ARUSSim/install/arussim_msgs/local/lib/python3.10/dist-packages/arussim_msgs/arussim_msgs_s__rosidl_typesupport_c.cpython-310-x86_64-linux-gnu.so
[14.046s] -- Installing: /home/josedag31/Arus/ws/src/ARUSSim/install/arussim_msgs/local/lib/python3.10/dist-packages/arussim_msgs/_arussim_msgs_s.ep.rosidl_typesupport_introspection_c.c
[14.046s] -- Installing: /home/josedag31/Arus/ws/src/ARUSSim/install/arussim_msgs/local/lib/python3.10/dist-packages/arussim_msgs/arussim_msgs_s__rosidl_typesupport_introspection_c.cpython-310-x86_64-linux-gnu.so
[14.046s] -- Installing: /home/josedag31/Arus/ws/src/ARUSSim/install/arussim_msgs/local/lib/python3.10/dist-packages/arussim_msgs/libarussim_msgs__rosidl_generator_py.so
[14.047s] -- Installing: /home/josedag31/Arus/ws/src/ARUSSim/install/arussim_msgs/local/lib/python3.10/dist-packages/arussim_msgs/arussim_msgs_s__rosidl_typesupport_fastrtps_c.cpython-310-x86_64-linux-gnu.so
[14.047s] -- Installing: /home/josedag31/Arus/ws/src/ARUSSim/install/arussim_msgs/local/lib/python3.10/dist-packages/arussim_msgs/msg
[14.047s] -- Installing: /home/josedag31/Arus/ws/src/ARUSSim/install/arussim_msgs/local/lib/python3.10/dist-packages/arussim_msgs/msg/_point_xy_s.c
[14.048s] -- Installing: /home/josedag31/Arus/ws/src/ARUSSim/install/arussim_msgs/local/lib/python3.10/dist-packages/arussim_msgs/msg/__init__.py
[14.048s] -- Installing: /home/josedag31/Arus/ws/src/ARUSSim/install/arussim_msgs/local/lib/python3.10/dist-packages/arussim_msgs/msg/_state.py
[14.048s] -- Installing: /home/josedag31/Arus/ws/src/ARUSSim/install/arussim_msgs/local/lib/python3.10/dist-packages/arussim_msgs/msg/_point_xy.py
[14.049s] -- Installing: /home/josedag31/Arus/ws/src/ARUSSim/install/arussim_msgs/local/lib/python3.10/dist-packages/arussim_msgs/msg/_trajectory_s.c
[14.049s] -- Installing: /home/josedag31/Arus/ws/src/ARUSSim/install/arussim_msgs/local/lib/python3.10/dist-packages/arussim_msgs/msg/_cmd4_wd.py
[14.049s] -- Installing: /home/josedag31/Arus/ws/src/ARUSSim/install/arussim_msgs/local/lib/python3.10/dist-packages/arussim_msgs/msg/_cmd_s.c
[14.050s] -- Installing: /home/josedag31/Arus/ws/src/ARUSSim/install/arussim_msgs/local/lib/python3.10/dist-packages/arussim_msgs/msg/_state_s.c
[14.050s] -- Installing: /home/josedag31/Arus/ws/src/ARUSSim/install/arussim_msgs/local/lib/python3.10/dist-packages/arussim_msgs/msg/_cmd.py
[14.050s] -- Installing: /home/josedag31/Arus/ws/src/ARUSSim/install/arussim_msgs/local/lib/python3.10/dist-packages/arussim_msgs/msg/_trajectory.py
[14.051s] -- Installing: /home/josedag31/Arus/ws/src/ARUSSim/install/arussim_msgs/local/lib/python3.10/dist-packages/arussim_msgs/msg/_cmd4_wd_s.c
[14.051s] -- Installing: /home/josedag31/Arus/ws/src/ARUSSim/install/arussim_msgs/local/lib/python3.10/dist-packages/arussim_msgs/msg/_four_wheel_drive_s.c
[14.051s] -- Installing: /home/josedag31/Arus/ws/src/ARUSSim/install/arussim_msgs/local/lib/python3.10/dist-packages/arussim_msgs/msg/_four_wheel_drive.py
[14.127s] Listing '/home/josedag31/Arus/ws/src/ARUSSim/install/arussim_msgs/local/lib/python3.10/dist-packages/arussim_msgs'...
[14.127s] Compiling '/home/josedag31/Arus/ws/src/ARUSSim/install/arussim_msgs/local/lib/python3.10/dist-packages/arussim_msgs/__init__.py'...
[14.128s] Listing '/home/josedag31/Arus/ws/src/ARUSSim/install/arussim_msgs/local/lib/python3.10/dist-packages/arussim_msgs/msg'...
[14.128s] Compiling '/home/josedag31/Arus/ws/src/ARUSSim/install/arussim_msgs/local/lib/python3.10/dist-packages/arussim_msgs/msg/__init__.py'...
[14.128s] Compiling '/home/josedag31/Arus/ws/src/ARUSSim/install/arussim_msgs/local/lib/python3.10/dist-packages/arussim_msgs/msg/_cmd.py'...
[14.128s] Compiling '/home/josedag31/Arus/ws/src/ARUSSim/install/arussim_msgs/local/lib/python3.10/dist-packages/arussim_msgs/msg/_cmd4_wd.py'...
[14.128s] Compiling '/home/josedag31/Arus/ws/src/ARUSSim/install/arussim_msgs/local/lib/python3.10/dist-packages/arussim_msgs/msg/_four_wheel_drive.py'...
[14.128s] Compiling '/home/josedag31/Arus/ws/src/ARUSSim/install/arussim_msgs/local/lib/python3.10/dist-packages/arussim_msgs/msg/_point_xy.py'...
[14.128s] Compiling '/home/josedag31/Arus/ws/src/ARUSSim/install/arussim_msgs/local/lib/python3.10/dist-packages/arussim_msgs/msg/_state.py'...
[14.128s] Compiling '/home/josedag31/Arus/ws/src/ARUSSim/install/arussim_msgs/local/lib/python3.10/dist-packages/arussim_msgs/msg/_trajectory.py'...
[14.137s] -- Installing: /home/josedag31/Arus/ws/src/ARUSSim/install/arussim_msgs/local/lib/python3.10/dist-packages/arussim_msgs/arussim_msgs_s__rosidl_typesupport_fastrtps_c.cpython-310-x86_64-linux-gnu.so
[14.137s] -- Set runtime path of "/home/josedag31/Arus/ws/src/ARUSSim/install/arussim_msgs/local/lib/python3.10/dist-packages/arussim_msgs/arussim_msgs_s__rosidl_typesupport_fastrtps_c.cpython-310-x86_64-linux-gnu.so" to ""
[14.137s] -- Installing: /home/josedag31/Arus/ws/src/ARUSSim/install/arussim_msgs/local/lib/python3.10/dist-packages/arussim_msgs/arussim_msgs_s__rosidl_typesupport_introspection_c.cpython-310-x86_64-linux-gnu.so
[14.137s] -- Set runtime path of "/home/josedag31/Arus/ws/src/ARUSSim/install/arussim_msgs/local/lib/python3.10/dist-packages/arussim_msgs/arussim_msgs_s__rosidl_typesupport_introspection_c.cpython-310-x86_64-linux-gnu.so" to ""
[14.138s] -- Installing: /home/josedag31/Arus/ws/src/ARUSSim/install/arussim_msgs/local/lib/python3.10/dist-packages/arussim_msgs/arussim_msgs_s__rosidl_typesupport_c.cpython-310-x86_64-linux-gnu.so
[14.138s] -- Set runtime path of "/home/josedag31/Arus/ws/src/ARUSSim/install/arussim_msgs/local/lib/python3.10/dist-packages/arussim_msgs/arussim_msgs_s__rosidl_typesupport_c.cpython-310-x86_64-linux-gnu.so" to ""
[14.138s] -- Installing: /home/josedag31/Arus/ws/src/ARUSSim/install/arussim_msgs/lib/libarussim_msgs__rosidl_generator_py.so
[14.139s] -- Set runtime path of "/home/josedag31/Arus/ws/src/ARUSSim/install/arussim_msgs/lib/libarussim_msgs__rosidl_generator_py.so" to ""
[14.139s] -- Installing: /home/josedag31/Arus/ws/src/ARUSSim/install/arussim_msgs/share/arussim_msgs/msg/Cmd.idl
[14.139s] -- Installing: /home/josedag31/Arus/ws/src/ARUSSim/install/arussim_msgs/share/arussim_msgs/msg/Cmd4WD.idl
[14.140s] -- Installing: /home/josedag31/Arus/ws/src/ARUSSim/install/arussim_msgs/share/arussim_msgs/msg/FourWheelDrive.idl
[14.140s] -- Installing: /home/josedag31/Arus/ws/src/ARUSSim/install/arussim_msgs/share/arussim_msgs/msg/PointXY.idl
[14.140s] -- Installing: /home/josedag31/Arus/ws/src/ARUSSim/install/arussim_msgs/share/arussim_msgs/msg/State.idl
[14.141s] -- Installing: /home/josedag31/Arus/ws/src/ARUSSim/install/arussim_msgs/share/arussim_msgs/msg/Trajectory.idl
[14.141s] -- Installing: /home/josedag31/Arus/ws/src/ARUSSim/install/arussim_msgs/share/arussim_msgs/msg/Cmd.msg
[14.141s] -- Installing: /home/josedag31/Arus/ws/src/ARUSSim/install/arussim_msgs/share/arussim_msgs/msg/Cmd4WD.msg
[14.142s] -- Installing: /home/josedag31/Arus/ws/src/ARUSSim/install/arussim_msgs/share/arussim_msgs/msg/FourWheelDrive.msg
[14.142s] -- Installing: /home/josedag31/Arus/ws/src/ARUSSim/install/arussim_msgs/share/arussim_msgs/msg/PointXY.msg
[14.142s] -- Installing: /home/josedag31/Arus/ws/src/ARUSSim/install/arussim_msgs/share/arussim_msgs/msg/State.msg
[14.143s] -- Installing: /home/josedag31/Arus/ws/src/ARUSSim/install/arussim_msgs/share/arussim_msgs/msg/Trajectory.msg
[14.143s] -- Installing: /home/josedag31/Arus/ws/src/ARUSSim/install/arussim_msgs/share/ament_index/resource_index/package_run_dependencies/arussim_msgs
[14.143s] -- Installing: /home/josedag31/Arus/ws/src/ARUSSim/install/arussim_msgs/share/ament_index/resource_index/parent_prefix_path/arussim_msgs
[14.144s] -- Installing: /home/josedag31/Arus/ws/src/ARUSSim/install/arussim_msgs/share/arussim_msgs/environment/ament_prefix_path.sh
[14.144s] -- Installing: /home/josedag31/Arus/ws/src/ARUSSim/install/arussim_msgs/share/arussim_msgs/environment/ament_prefix_path.dsv
[14.144s] -- Installing: /home/josedag31/Arus/ws/src/ARUSSim/install/arussim_msgs/share/arussim_msgs/environment/path.sh
[14.144s] -- Installing: /home/josedag31/Arus/ws/src/ARUSSim/install/arussim_msgs/share/arussim_msgs/environment/path.dsv
[14.145s] -- Installing: /home/josedag31/Arus/ws/src/ARUSSim/install/arussim_msgs/share/arussim_msgs/local_setup.bash
[14.145s] -- Installing: /home/josedag31/Arus/ws/src/ARUSSim/install/arussim_msgs/share/arussim_msgs/local_setup.sh
[14.145s] -- Installing: /home/josedag31/Arus/ws/src/ARUSSim/install/arussim_msgs/share/arussim_msgs/local_setup.zsh
[14.146s] -- Installing: /home/josedag31/Arus/ws/src/ARUSSim/install/arussim_msgs/share/arussim_msgs/local_setup.dsv
[14.146s] -- Installing: /home/josedag31/Arus/ws/src/ARUSSim/install/arussim_msgs/share/arussim_msgs/package.dsv
[14.146s] -- Installing: /home/josedag31/Arus/ws/src/ARUSSim/install/arussim_msgs/share/ament_index/resource_index/packages/arussim_msgs
[14.146s] -- Installing: /home/josedag31/Arus/ws/src/ARUSSim/install/arussim_msgs/share/arussim_msgs/cmake/export_arussim_msgs__rosidl_generator_cExport.cmake
[14.147s] -- Installing: /home/josedag31/Arus/ws/src/ARUSSim/install/arussim_msgs/share/arussim_msgs/cmake/export_arussim_msgs__rosidl_generator_cExport-noconfig.cmake
[14.147s] -- Installing: /home/josedag31/Arus/ws/src/ARUSSim/install/arussim_msgs/share/arussim_msgs/cmake/export_arussim_msgs__rosidl_typesupport_fastrtps_cExport.cmake
[14.147s] -- Installing: /home/josedag31/Arus/ws/src/ARUSSim/install/arussim_msgs/share/arussim_msgs/cmake/export_arussim_msgs__rosidl_typesupport_fastrtps_cExport-noconfig.cmake
[14.148s] -- Installing: /home/josedag31/Arus/ws/src/ARUSSim/install/arussim_msgs/share/arussim_msgs/cmake/export_arussim_msgs__rosidl_generator_cppExport.cmake
[14.148s] -- Installing: /home/josedag31/Arus/ws/src/ARUSSim/install/arussim_msgs/share/arussim_msgs/cmake/export_arussim_msgs__rosidl_typesupport_fastrtps_cppExport.cmake
[14.148s] -- Installing: /home/josedag31/Arus/ws/src/ARUSSim/install/arussim_msgs/share/arussim_msgs/cmake/export_arussim_msgs__rosidl_typesupport_fastrtps_cppExport-noconfig.cmake
[14.148s] -- Installing: /home/josedag31/Arus/ws/src/ARUSSim/install/arussim_msgs/share/arussim_msgs/cmake/arussim_msgs__rosidl_typesupport_introspection_cExport.cmake
[14.149s] -- Installing: /home/josedag31/Arus/ws/src/ARUSSim/install/arussim_msgs/share/arussim_msgs/cmake/arussim_msgs__rosidl_typesupport_introspection_cExport-noconfig.cmake
[14.149s] -- Installing: /home/josedag31/Arus/ws/src/ARUSSim/install/arussim_msgs/share/arussim_msgs/cmake/arussim_msgs__rosidl_typesupport_cExport.cmake
[14.149s] -- Installing: /home/josedag31/Arus/ws/src/ARUSSim/install/arussim_msgs/share/arussim_msgs/cmake/arussim_msgs__rosidl_typesupport_cExport-noconfig.cmake
[14.150s] -- Installing: /home/josedag31/Arus/ws/src/ARUSSim/install/arussim_msgs/share/arussim_msgs/cmake/arussim_msgs__rosidl_typesupport_introspection_cppExport.cmake
[14.150s] -- Installing: /home/josedag31/Arus/ws/src/ARUSSim/install/arussim_msgs/share/arussim_msgs/cmake/arussim_msgs__rosidl_typesupport_introspection_cppExport-noconfig.cmake
[14.150s] -- Installing: /home/josedag31/Arus/ws/src/ARUSSim/install/arussim_msgs/share/arussim_msgs/cmake/arussim_msgs__rosidl_typesupport_cppExport.cmake
[14.151s] -- Installing: /home/josedag31/Arus/ws/src/ARUSSim/install/arussim_msgs/share/arussim_msgs/cmake/arussim_msgs__rosidl_typesupport_cppExport-noconfig.cmake
[14.151s] -- Installing: /home/josedag31/Arus/ws/src/ARUSSim/install/arussim_msgs/share/arussim_msgs/cmake/export_arussim_msgs__rosidl_generator_pyExport.cmake
[14.151s] -- Installing: /home/josedag31/Arus/ws/src/ARUSSim/install/arussim_msgs/share/arussim_msgs/cmake/export_arussim_msgs__rosidl_generator_pyExport-noconfig.cmake
[14.152s] -- Installing: /home/josedag31/Arus/ws/src/ARUSSim/install/arussim_msgs/share/arussim_msgs/cmake/rosidl_cmake-extras.cmake
[14.152s] -- Installing: /home/josedag31/Arus/ws/src/ARUSSim/install/arussim_msgs/share/arussim_msgs/cmake/ament_cmake_export_dependencies-extras.cmake
[14.152s] -- Installing: /home/josedag31/Arus/ws/src/ARUSSim/install/arussim_msgs/share/arussim_msgs/cmake/ament_cmake_export_include_directories-extras.cmake
[14.153s] -- Installing: /home/josedag31/Arus/ws/src/ARUSSim/install/arussim_msgs/share/arussim_msgs/cmake/ament_cmake_export_libraries-extras.cmake
[14.153s] -- Installing: /home/josedag31/Arus/ws/src/ARUSSim/install/arussim_msgs/share/arussim_msgs/cmake/ament_cmake_export_targets-extras.cmake
[14.154s] -- Installing: /home/josedag31/Arus/ws/src/ARUSSim/install/arussim_msgs/share/arussim_msgs/cmake/rosidl_cmake_export_typesupport_targets-extras.cmake
[14.154s] -- Installing: /home/josedag31/Arus/ws/src/ARUSSim/install/arussim_msgs/share/arussim_msgs/cmake/rosidl_cmake_export_typesupport_libraries-extras.cmake
[14.156s] -- Installing: /home/josedag31/Arus/ws/src/ARUSSim/install/arussim_msgs/share/arussim_msgs/cmake/arussim_msgsConfig.cmake
[14.156s] -- Installing: /home/josedag31/Arus/ws/src/ARUSSim/install/arussim_msgs/share/arussim_msgs/cmake/arussim_msgsConfig-version.cmake
[14.156s] -- Installing: /home/josedag31/Arus/ws/src/ARUSSim/install/arussim_msgs/share/arussim_msgs/package.xml
[14.161s] Invoked command in '/home/josedag31/Arus/ws/src/ARUSSim/build/arussim_msgs' returned '0': CMAKE_PREFIX_PATH=${CMAKE_PREFIX_PATH}:/opt/ros/humble /usr/bin/cmake --install /home/josedag31/Arus/ws/src/ARUSSim/build/arussim_msgs
