[0.021s] Invoking command in '/home/josedag31/Arus/ws/src/ARUSSim/build/arussim': AMENT_PREFIX_PATH=/home/josedag31/Arus/ws/src/ARUSSim/install/arussim_msgs:${AMENT_PREFIX_PATH} CMAKE_PREFIX_PATH=/home/josedag31/Arus/ws/src/ARUSSim/install/arussim_msgs:/home/josedag31/Arus/ws/install/visualization:/home/josedag31/Arus/ws/install/trajectory_optimization:/home/josedag31/Arus/ws/install/skidpad_planning:/home/josedag31/Arus/ws/install/perception:/home/josedag31/Arus/ws/install/path_planning:/home/josedag31/Arus/ws/install/inspection_control:/home/josedag31/Arus/ws/install/icp_slam:/home/josedag31/Arus/ws/install/graph_slam:/home/josedag31/Arus/ws/install/epos_interface:/home/josedag31/Arus/ws/install/controller:/home/josedag31/Arus/ws/install/car_state:/home/josedag31/Arus/ws/install/common_msgs:/home/josedag31/Arus/ws/install/common_meta:/home/josedag31/Arus/ws/install/can_interface:/home/josedag31/Arus/ws/install/automatic_simulations:/home/josedag31/Arus/ws/install/arussim_msgs:/home/josedag31/Arus/ws/install/arussim_interface:/home/josedag31/Arus/ws/install/arussim:/home/josedag31/Arus/ws/install/acc_planning:/opt/ros/humble LD_LIBRARY_PATH=/home/josedag31/Arus/ws/src/ARUSSim/install/arussim_msgs/lib:${LD_LIBRARY_PATH} PYTHONPATH=/home/josedag31/Arus/ws/src/ARUSSim/install/arussim_msgs/local/lib/python3.10/dist-packages:${PYTHONPATH} /usr/bin/cmake --build /home/josedag31/Arus/ws/src/ARUSSim/build/arussim -- -j8 -l8
[0.121s] [  4%] [34m[1mAutomatic MOC for target sensors_exec[0m
[0.122s] [ 12%] [34m[1mAutomatic MOC for target main_interface_exec[0m
[0.122s] [ 12%] [34m[1mAutomatic MOC for target plot_interface_exec[0m
[0.122s] [ 16%] [34m[1mAutomatic MOC for target arussim_exec[0m
[0.128s] [ 20%] [34m[1mAutomatic MOC for target supervisor_exec[0m
[0.163s] [ 20%] Built target sensors_exec_autogen
[0.166s] [ 20%] Built target plot_interface_exec_autogen
[0.171s] [ 20%] Built target main_interface_exec_autogen
[0.173s] [ 20%] Built target supervisor_exec_autogen
[0.180s] [ 20%] Built target arussim_exec_autogen
[0.186s] [35m[1mConsolidate compiler generated dependencies of target sensors_exec[0m
[0.192s] [35m[1mConsolidate compiler generated dependencies of target plot_interface_exec[0m
[0.194s] [35m[1mConsolidate compiler generated dependencies of target supervisor_exec[0m
[0.197s] [35m[1mConsolidate compiler generated dependencies of target main_interface_exec[0m
[0.206s] [35m[1mConsolidate compiler generated dependencies of target arussim_exec[0m
[0.225s] [ 32%] Built target sensors_exec
[0.226s] [ 44%] Built target supervisor_exec
[0.235s] [ 64%] Built target plot_interface_exec
[0.239s] [ 84%] Built target main_interface_exec
[0.260s] [ 88%] [32mBuilding CXX object CMakeFiles/arussim_exec.dir/src/arussim_node.cpp.o[0m
[27.523s] [ 92%] [32m[1mLinking CXX executable arussim_exec[0m
[30.542s] [100%] Built target arussim_exec
[30.561s] Invoked command in '/home/josedag31/Arus/ws/src/ARUSSim/build/arussim' returned '0': AMENT_PREFIX_PATH=/home/josedag31/Arus/ws/src/ARUSSim/install/arussim_msgs:${AMENT_PREFIX_PATH} CMAKE_PREFIX_PATH=/home/josedag31/Arus/ws/src/ARUSSim/install/arussim_msgs:/home/josedag31/Arus/ws/install/visualization:/home/josedag31/Arus/ws/install/trajectory_optimization:/home/josedag31/Arus/ws/install/skidpad_planning:/home/josedag31/Arus/ws/install/perception:/home/josedag31/Arus/ws/install/path_planning:/home/josedag31/Arus/ws/install/inspection_control:/home/josedag31/Arus/ws/install/icp_slam:/home/josedag31/Arus/ws/install/graph_slam:/home/josedag31/Arus/ws/install/epos_interface:/home/josedag31/Arus/ws/install/controller:/home/josedag31/Arus/ws/install/car_state:/home/josedag31/Arus/ws/install/common_msgs:/home/josedag31/Arus/ws/install/common_meta:/home/josedag31/Arus/ws/install/can_interface:/home/josedag31/Arus/ws/install/automatic_simulations:/home/josedag31/Arus/ws/install/arussim_msgs:/home/josedag31/Arus/ws/install/arussim_interface:/home/josedag31/Arus/ws/install/arussim:/home/josedag31/Arus/ws/install/acc_planning:/opt/ros/humble LD_LIBRARY_PATH=/home/josedag31/Arus/ws/src/ARUSSim/install/arussim_msgs/lib:${LD_LIBRARY_PATH} PYTHONPATH=/home/josedag31/Arus/ws/src/ARUSSim/install/arussim_msgs/local/lib/python3.10/dist-packages:${PYTHONPATH} /usr/bin/cmake --build /home/josedag31/Arus/ws/src/ARUSSim/build/arussim -- -j8 -l8
[30.564s] Invoking command in '/home/josedag31/Arus/ws/src/ARUSSim/build/arussim': AMENT_PREFIX_PATH=/home/josedag31/Arus/ws/src/ARUSSim/install/arussim_msgs:${AMENT_PREFIX_PATH} CMAKE_PREFIX_PATH=/home/josedag31/Arus/ws/src/ARUSSim/install/arussim_msgs:/home/josedag31/Arus/ws/install/visualization:/home/josedag31/Arus/ws/install/trajectory_optimization:/home/josedag31/Arus/ws/install/skidpad_planning:/home/josedag31/Arus/ws/install/perception:/home/josedag31/Arus/ws/install/path_planning:/home/josedag31/Arus/ws/install/inspection_control:/home/josedag31/Arus/ws/install/icp_slam:/home/josedag31/Arus/ws/install/graph_slam:/home/josedag31/Arus/ws/install/epos_interface:/home/josedag31/Arus/ws/install/controller:/home/josedag31/Arus/ws/install/car_state:/home/josedag31/Arus/ws/install/common_msgs:/home/josedag31/Arus/ws/install/common_meta:/home/josedag31/Arus/ws/install/can_interface:/home/josedag31/Arus/ws/install/automatic_simulations:/home/josedag31/Arus/ws/install/arussim_msgs:/home/josedag31/Arus/ws/install/arussim_interface:/home/josedag31/Arus/ws/install/arussim:/home/josedag31/Arus/ws/install/acc_planning:/opt/ros/humble LD_LIBRARY_PATH=/home/josedag31/Arus/ws/src/ARUSSim/install/arussim_msgs/lib:${LD_LIBRARY_PATH} PYTHONPATH=/home/josedag31/Arus/ws/src/ARUSSim/install/arussim_msgs/local/lib/python3.10/dist-packages:${PYTHONPATH} /usr/bin/cmake --install /home/josedag31/Arus/ws/src/ARUSSim/build/arussim
[30.573s] -- Install configuration: ""
[30.573s] -- Up-to-date: /home/josedag31/Arus/ws/src/ARUSSim/install/arussim/lib/libmain_interface_exec.so
[30.573s] -- Up-to-date: /home/josedag31/Arus/ws/src/ARUSSim/install/arussim/lib/libplot_interface_exec.so
[30.574s] -- Up-to-date: /home/josedag31/Arus/ws/src/ARUSSim/install/arussim/include
[30.574s] -- Up-to-date: /home/josedag31/Arus/ws/src/ARUSSim/install/arussim/include/controller_sim
[30.574s] -- Up-to-date: /home/josedag31/Arus/ws/src/ARUSSim/install/arussim/include/controller_sim/traction_control.hpp
[30.574s] -- Up-to-date: /home/josedag31/Arus/ws/src/ARUSSim/install/arussim/include/controller_sim/.git
[30.574s] -- Up-to-date: /home/josedag31/Arus/ws/src/ARUSSim/install/arussim/include/controller_sim/.git/info
[30.574s] -- Up-to-date: /home/josedag31/Arus/ws/src/ARUSSim/install/arussim/include/controller_sim/.git/info/exclude
[30.575s] -- Up-to-date: /home/josedag31/Arus/ws/src/ARUSSim/install/arussim/include/controller_sim/.git/branches
[30.575s] -- Up-to-date: /home/josedag31/Arus/ws/src/ARUSSim/install/arussim/include/controller_sim/.git/COMMIT_EDITMSG
[30.575s] -- Up-to-date: /home/josedag31/Arus/ws/src/ARUSSim/install/arussim/include/controller_sim/.git/logs
[30.575s] -- Up-to-date: /home/josedag31/Arus/ws/src/ARUSSim/install/arussim/include/controller_sim/.git/logs/refs
[30.576s] -- Up-to-date: /home/josedag31/Arus/ws/src/ARUSSim/install/arussim/include/controller_sim/.git/logs/refs/heads
[30.576s] -- Up-to-date: /home/josedag31/Arus/ws/src/ARUSSim/install/arussim/include/controller_sim/.git/logs/refs/heads/main
[30.576s] -- Up-to-date: /home/josedag31/Arus/ws/src/ARUSSim/install/arussim/include/controller_sim/.git/logs/refs/remotes
[30.576s] -- Up-to-date: /home/josedag31/Arus/ws/src/ARUSSim/install/arussim/include/controller_sim/.git/logs/refs/remotes/origin
[30.577s] -- Up-to-date: /home/josedag31/Arus/ws/src/ARUSSim/install/arussim/include/controller_sim/.git/logs/refs/remotes/origin/main
[30.577s] -- Up-to-date: /home/josedag31/Arus/ws/src/ARUSSim/install/arussim/include/controller_sim/.git/logs/HEAD
[30.577s] -- Up-to-date: /home/josedag31/Arus/ws/src/ARUSSim/install/arussim/include/controller_sim/.git/index
[30.577s] -- Up-to-date: /home/josedag31/Arus/ws/src/ARUSSim/install/arussim/include/controller_sim/.git/config
[30.577s] -- Up-to-date: /home/josedag31/Arus/ws/src/ARUSSim/install/arussim/include/controller_sim/.git/refs
[30.577s] -- Up-to-date: /home/josedag31/Arus/ws/src/ARUSSim/install/arussim/include/controller_sim/.git/refs/heads
[30.577s] -- Up-to-date: /home/josedag31/Arus/ws/src/ARUSSim/install/arussim/include/controller_sim/.git/refs/heads/main
[30.577s] -- Up-to-date: /home/josedag31/Arus/ws/src/ARUSSim/install/arussim/include/controller_sim/.git/refs/tags
[30.577s] -- Up-to-date: /home/josedag31/Arus/ws/src/ARUSSim/install/arussim/include/controller_sim/.git/refs/remotes
[30.578s] -- Up-to-date: /home/josedag31/Arus/ws/src/ARUSSim/install/arussim/include/controller_sim/.git/refs/remotes/origin
[30.578s] -- Up-to-date: /home/josedag31/Arus/ws/src/ARUSSim/install/arussim/include/controller_sim/.git/refs/remotes/origin/main
[30.578s] -- Up-to-date: /home/josedag31/Arus/ws/src/ARUSSim/install/arussim/include/controller_sim/.git/HEAD
[30.578s] -- Up-to-date: /home/josedag31/Arus/ws/src/ARUSSim/install/arussim/include/controller_sim/.git/description
[30.578s] -- Up-to-date: /home/josedag31/Arus/ws/src/ARUSSim/install/arussim/include/controller_sim/.git/hooks
[30.578s] -- Up-to-date: /home/josedag31/Arus/ws/src/ARUSSim/install/arussim/include/controller_sim/.git/hooks/pre-push.sample
[30.578s] -- Up-to-date: /home/josedag31/Arus/ws/src/ARUSSim/install/arussim/include/controller_sim/.git/hooks/pre-applypatch.sample
[30.578s] -- Up-to-date: /home/josedag31/Arus/ws/src/ARUSSim/install/arussim/include/controller_sim/.git/hooks/fsmonitor-watchman.sample
[30.579s] -- Up-to-date: /home/josedag31/Arus/ws/src/ARUSSim/install/arussim/include/controller_sim/.git/hooks/push-to-checkout.sample
[30.579s] -- Up-to-date: /home/josedag31/Arus/ws/src/ARUSSim/install/arussim/include/controller_sim/.git/hooks/post-update.sample
[30.579s] -- Up-to-date: /home/josedag31/Arus/ws/src/ARUSSim/install/arussim/include/controller_sim/.git/hooks/prepare-commit-msg.sample
[30.579s] -- Up-to-date: /home/josedag31/Arus/ws/src/ARUSSim/install/arussim/include/controller_sim/.git/hooks/pre-receive.sample
[30.579s] -- Up-to-date: /home/josedag31/Arus/ws/src/ARUSSim/install/arussim/include/controller_sim/.git/hooks/pre-rebase.sample
[30.579s] -- Up-to-date: /home/josedag31/Arus/ws/src/ARUSSim/install/arussim/include/controller_sim/.git/hooks/pre-merge-commit.sample
[30.579s] -- Up-to-date: /home/josedag31/Arus/ws/src/ARUSSim/install/arussim/include/controller_sim/.git/hooks/commit-msg.sample
[30.579s] -- Up-to-date: /home/josedag31/Arus/ws/src/ARUSSim/install/arussim/include/controller_sim/.git/hooks/pre-commit.sample
[30.579s] -- Up-to-date: /home/josedag31/Arus/ws/src/ARUSSim/install/arussim/include/controller_sim/.git/hooks/applypatch-msg.sample
[30.579s] -- Up-to-date: /home/josedag31/Arus/ws/src/ARUSSim/install/arussim/include/controller_sim/.git/hooks/update.sample
[30.580s] -- Up-to-date: /home/josedag31/Arus/ws/src/ARUSSim/install/arussim/include/controller_sim/.git/objects
[30.580s] -- Up-to-date: /home/josedag31/Arus/ws/src/ARUSSim/install/arussim/include/controller_sim/.git/objects/info
[30.580s] -- Up-to-date: /home/josedag31/Arus/ws/src/ARUSSim/install/arussim/include/controller_sim/.git/objects/6f
[30.580s] -- Up-to-date: /home/josedag31/Arus/ws/src/ARUSSim/install/arussim/include/controller_sim/.git/objects/6f/31bd99fcfa17ad3ecd05fefc867720bb76eb78
[30.580s] -- Up-to-date: /home/josedag31/Arus/ws/src/ARUSSim/install/arussim/include/controller_sim/.git/objects/d1
[30.580s] -- Up-to-date: /home/josedag31/Arus/ws/src/ARUSSim/install/arussim/include/controller_sim/.git/objects/d1/51d54e3347fccc3756563f96fc3778e33efbe4
[30.580s] -- Up-to-date: /home/josedag31/Arus/ws/src/ARUSSim/install/arussim/include/controller_sim/.git/objects/d4
[30.580s] -- Up-to-date: /home/josedag31/Arus/ws/src/ARUSSim/install/arussim/include/controller_sim/.git/objects/d4/19ade9a1d6c842837085dbe86d593251a900d0
[30.580s] -- Up-to-date: /home/josedag31/Arus/ws/src/ARUSSim/install/arussim/include/controller_sim/.git/objects/9e
[30.580s] -- Up-to-date: /home/josedag31/Arus/ws/src/ARUSSim/install/arussim/include/controller_sim/.git/objects/9e/3e810bde3140818cb7e844b070460ce75d30fe
[30.580s] -- Up-to-date: /home/josedag31/Arus/ws/src/ARUSSim/install/arussim/include/controller_sim/.git/objects/07
[30.580s] -- Up-to-date: /home/josedag31/Arus/ws/src/ARUSSim/install/arussim/include/controller_sim/.git/objects/07/bdebc3baede12107fa5b68686ce378477a8410
[30.580s] -- Up-to-date: /home/josedag31/Arus/ws/src/ARUSSim/install/arussim/include/controller_sim/.git/objects/0e
[30.580s] -- Up-to-date: /home/josedag31/Arus/ws/src/ARUSSim/install/arussim/include/controller_sim/.git/objects/0e/f21704e7aa5abca4a3fecee4e3a73daabb8b08
[30.581s] -- Up-to-date: /home/josedag31/Arus/ws/src/ARUSSim/install/arussim/include/controller_sim/.git/objects/63
[30.581s] -- Up-to-date: /home/josedag31/Arus/ws/src/ARUSSim/install/arussim/include/controller_sim/.git/objects/63/05c378cf91caef39863752eddd3049bc9a2d35
[30.581s] -- Up-to-date: /home/josedag31/Arus/ws/src/ARUSSim/install/arussim/include/controller_sim/.git/objects/9f
[30.581s] -- Up-to-date: /home/josedag31/Arus/ws/src/ARUSSim/install/arussim/include/controller_sim/.git/objects/9f/4eaaca9db7bab404d46032c6fb1f2331748c99
[30.581s] -- Up-to-date: /home/josedag31/Arus/ws/src/ARUSSim/install/arussim/include/controller_sim/.git/objects/a1
[30.581s] -- Up-to-date: /home/josedag31/Arus/ws/src/ARUSSim/install/arussim/include/controller_sim/.git/objects/a1/15c1d72e52760c820488d2bac3653956d69f64
[30.581s] -- Up-to-date: /home/josedag31/Arus/ws/src/ARUSSim/install/arussim/include/controller_sim/.git/objects/62
[30.581s] -- Up-to-date: /home/josedag31/Arus/ws/src/ARUSSim/install/arussim/include/controller_sim/.git/objects/62/c1052d3fe81c1821ecd4071698dfa148dceb79
[30.581s] -- Up-to-date: /home/josedag31/Arus/ws/src/ARUSSim/install/arussim/include/controller_sim/.git/objects/6d
[30.581s] -- Up-to-date: /home/josedag31/Arus/ws/src/ARUSSim/install/arussim/include/controller_sim/.git/objects/6d/80e94b5bc13363becdced103dd184d0f718cf1
[30.581s] -- Up-to-date: /home/josedag31/Arus/ws/src/ARUSSim/install/arussim/include/controller_sim/.git/objects/68
[30.581s] -- Up-to-date: /home/josedag31/Arus/ws/src/ARUSSim/install/arussim/include/controller_sim/.git/objects/68/44e47eead5ea23e5ecdeaff21ede4cb35df8a0
[30.581s] -- Up-to-date: /home/josedag31/Arus/ws/src/ARUSSim/install/arussim/include/controller_sim/.git/objects/0d
[30.581s] -- Up-to-date: /home/josedag31/Arus/ws/src/ARUSSim/install/arussim/include/controller_sim/.git/objects/0d/1f1e2ee2dc93f968bf6132cc185182fafa7665
[30.581s] -- Up-to-date: /home/josedag31/Arus/ws/src/ARUSSim/install/arussim/include/controller_sim/.git/objects/6c
[30.582s] -- Up-to-date: /home/josedag31/Arus/ws/src/ARUSSim/install/arussim/include/controller_sim/.git/objects/6c/b1d02b63647746151c9eff791e5c135b479e83
[30.582s] -- Up-to-date: /home/josedag31/Arus/ws/src/ARUSSim/install/arussim/include/controller_sim/.git/objects/32
[30.582s] -- Up-to-date: /home/josedag31/Arus/ws/src/ARUSSim/install/arussim/include/controller_sim/.git/objects/32/5a29c1887add41eaf3e54f126fba2a99d8423d
[30.582s] -- Up-to-date: /home/josedag31/Arus/ws/src/ARUSSim/install/arussim/include/controller_sim/.git/objects/74
[30.582s] -- Up-to-date: /home/josedag31/Arus/ws/src/ARUSSim/install/arussim/include/controller_sim/.git/objects/74/6c73cf1a082177f52b831de064cba7ef6e700a
[30.582s] -- Up-to-date: /home/josedag31/Arus/ws/src/ARUSSim/install/arussim/include/controller_sim/.git/objects/1e
[30.582s] -- Up-to-date: /home/josedag31/Arus/ws/src/ARUSSim/install/arussim/include/controller_sim/.git/objects/1e/ac0c283655603cd9d5324fde7ecfdc54aeef61
[30.582s] -- Up-to-date: /home/josedag31/Arus/ws/src/ARUSSim/install/arussim/include/controller_sim/.git/objects/44
[30.582s] -- Up-to-date: /home/josedag31/Arus/ws/src/ARUSSim/install/arussim/include/controller_sim/.git/objects/44/a6d68d510666e6df8059b9ab9017f99e937fd8
[30.582s] -- Up-to-date: /home/josedag31/Arus/ws/src/ARUSSim/install/arussim/include/controller_sim/.git/objects/a0
[30.582s] -- Up-to-date: /home/josedag31/Arus/ws/src/ARUSSim/install/arussim/include/controller_sim/.git/objects/a0/483f9895ed8482a856e7ed87a41b99b6a43207
[30.582s] -- Up-to-date: /home/josedag31/Arus/ws/src/ARUSSim/install/arussim/include/controller_sim/.git/objects/84
[30.582s] -- Up-to-date: /home/josedag31/Arus/ws/src/ARUSSim/install/arussim/include/controller_sim/.git/objects/84/34f35056a7c2161820bbd1092c0f0b5250dc4d
[30.582s] -- Up-to-date: /home/josedag31/Arus/ws/src/ARUSSim/install/arussim/include/controller_sim/.git/objects/e6
[30.583s] -- Up-to-date: /home/josedag31/Arus/ws/src/ARUSSim/install/arussim/include/controller_sim/.git/objects/e6/9de29bb2d1d6434b8b29ae775ad8c2e48c5391
[30.583s] -- Up-to-date: /home/josedag31/Arus/ws/src/ARUSSim/install/arussim/include/controller_sim/.git/objects/3d
[30.583s] -- Up-to-date: /home/josedag31/Arus/ws/src/ARUSSim/install/arussim/include/controller_sim/.git/objects/3d/c4403e23ad004814db755a567824b4bb96a117
[30.583s] -- Up-to-date: /home/josedag31/Arus/ws/src/ARUSSim/install/arussim/include/controller_sim/.git/objects/72
[30.583s] -- Up-to-date: /home/josedag31/Arus/ws/src/ARUSSim/install/arussim/include/controller_sim/.git/objects/72/a6bbcbe1c1050978eeb49886596a49f5e4898a
[30.583s] -- Up-to-date: /home/josedag31/Arus/ws/src/ARUSSim/install/arussim/include/controller_sim/.git/objects/40
[30.583s] -- Up-to-date: /home/josedag31/Arus/ws/src/ARUSSim/install/arussim/include/controller_sim/.git/objects/40/7c548120622fd6ffac24edc9b3a38f92171445
[30.583s] -- Up-to-date: /home/josedag31/Arus/ws/src/ARUSSim/install/arussim/include/controller_sim/.git/objects/pack
[30.583s] -- Up-to-date: /home/josedag31/Arus/ws/src/ARUSSim/install/arussim/include/controller_sim/.git/objects/bb
[30.583s] -- Up-to-date: /home/josedag31/Arus/ws/src/ARUSSim/install/arussim/include/controller_sim/.git/objects/bb/30f56dc342e7cf34bdaedd8346c64fcc1f8b89
[30.583s] -- Up-to-date: /home/josedag31/Arus/ws/src/ARUSSim/install/arussim/include/controller_sim/.git/objects/7f
[30.583s] -- Up-to-date: /home/josedag31/Arus/ws/src/ARUSSim/install/arussim/include/controller_sim/.git/objects/7f/3075735a5aa2fe724817691cf150cf527821bc
[30.584s] -- Up-to-date: /home/josedag31/Arus/ws/src/ARUSSim/install/arussim/include/controller_sim/.git/objects/06
[30.584s] -- Up-to-date: /home/josedag31/Arus/ws/src/ARUSSim/install/arussim/include/controller_sim/.git/objects/06/d54ce1e13c95db38e264676537857fcbd87184
[30.584s] -- Up-to-date: /home/josedag31/Arus/ws/src/ARUSSim/install/arussim/include/controller_sim/.git/objects/f9
[30.584s] -- Up-to-date: /home/josedag31/Arus/ws/src/ARUSSim/install/arussim/include/controller_sim/.git/objects/f9/1f805bdcfc49f4ac087451efa81c763ebe2922
[30.584s] -- Up-to-date: /home/josedag31/Arus/ws/src/ARUSSim/install/arussim/include/controller_sim/.git/objects/5f
[30.584s] -- Up-to-date: /home/josedag31/Arus/ws/src/ARUSSim/install/arussim/include/controller_sim/.git/objects/5f/94d2ca8b4fded96163e9ccbcb196fd34843540
[30.585s] -- Up-to-date: /home/josedag31/Arus/ws/src/ARUSSim/install/arussim/include/controller_sim/.git/objects/99
[30.585s] -- Up-to-date: /home/josedag31/Arus/ws/src/ARUSSim/install/arussim/include/controller_sim/.git/objects/99/febb023de6f818cd415845f7bfed430ded1bca
[30.585s] -- Up-to-date: /home/josedag31/Arus/ws/src/ARUSSim/install/arussim/include/controller_sim/.git/objects/42
[30.585s] -- Up-to-date: /home/josedag31/Arus/ws/src/ARUSSim/install/arussim/include/controller_sim/.git/objects/42/536dc920625f0bd621256721a5ffef952b56ae
[30.585s] -- Up-to-date: /home/josedag31/Arus/ws/src/ARUSSim/install/arussim/include/controller_sim/.git/objects/27
[30.586s] -- Up-to-date: /home/josedag31/Arus/ws/src/ARUSSim/install/arussim/include/controller_sim/.git/objects/27/f0acf712458cb7b11c0000c6d7fd665b232e79
[30.586s] -- Up-to-date: /home/josedag31/Arus/ws/src/ARUSSim/install/arussim/include/controller_sim/torque_vectoring.hpp
[30.586s] -- Up-to-date: /home/josedag31/Arus/ws/src/ARUSSim/install/arussim/include/controller_sim/.vscode
[30.586s] -- Up-to-date: /home/josedag31/Arus/ws/src/ARUSSim/install/arussim/include/controller_sim/.vscode/settings.json
[30.586s] -- Up-to-date: /home/josedag31/Arus/ws/src/ARUSSim/install/arussim/include/controller_sim/.vscode/c_cpp_properties.json
[30.586s] -- Up-to-date: /home/josedag31/Arus/ws/src/ARUSSim/install/arussim/include/controller_sim/controller_sim.hpp
[30.587s] -- Up-to-date: /home/josedag31/Arus/ws/src/ARUSSim/install/arussim/include/controller_sim/power_limitation.hpp
[30.587s] -- Up-to-date: /home/josedag31/Arus/ws/src/ARUSSim/install/arussim/include/controller_sim/estimation.hpp
[30.587s] -- Up-to-date: /home/josedag31/Arus/ws/src/ARUSSim/install/arussim/include/arussim
[30.587s] -- Up-to-date: /home/josedag31/Arus/ws/src/ARUSSim/install/arussim/include/arussim/arussim_node.hpp
[30.587s] -- Up-to-date: /home/josedag31/Arus/ws/src/ARUSSim/install/arussim/include/arussim/sensors.hpp
[30.587s] -- Up-to-date: /home/josedag31/Arus/ws/src/ARUSSim/install/arussim/include/arussim/plot_interface.hpp
[30.588s] -- Up-to-date: /home/josedag31/Arus/ws/src/ARUSSim/install/arussim/include/arussim/supervisor.hpp
[30.588s] -- Up-to-date: /home/josedag31/Arus/ws/src/ARUSSim/install/arussim/include/arussim/csv_generator.hpp
[30.588s] -- Up-to-date: /home/josedag31/Arus/ws/src/ARUSSim/install/arussim/include/arussim/vehicle_dynamics.hpp
[30.588s] -- Up-to-date: /home/josedag31/Arus/ws/src/ARUSSim/install/arussim/include/arussim/ConeXYZColorScore.h
[30.588s] -- Up-to-date: /home/josedag31/Arus/ws/src/ARUSSim/install/arussim/include/arussim/main_interface.hpp
[30.589s] -- Up-to-date: /home/josedag31/Arus/ws/src/ARUSSim/install/arussim/share/arussim/main_interface.xml
[30.589s] -- Up-to-date: /home/josedag31/Arus/ws/src/ARUSSim/install/arussim/share/arussim/plot_interface.xml
[30.589s] -- Installing: /home/josedag31/Arus/ws/src/ARUSSim/install/arussim/lib/arussim/arussim_exec
[30.594s] -- Set runtime path of "/home/josedag31/Arus/ws/src/ARUSSim/install/arussim/lib/arussim/arussim_exec" to ""
[30.594s] -- Up-to-date: /home/josedag31/Arus/ws/src/ARUSSim/install/arussim/lib/arussim/sensors_exec
[30.595s] -- Up-to-date: /home/josedag31/Arus/ws/src/ARUSSim/install/arussim/lib/arussim/supervisor_exec
[30.595s] -- Up-to-date: /home/josedag31/Arus/ws/src/ARUSSim/install/arussim/share/arussim/launch
[30.595s] -- Up-to-date: /home/josedag31/Arus/ws/src/ARUSSim/install/arussim/share/arussim/launch/sim_automatic_launch.py
[30.595s] -- Up-to-date: /home/josedag31/Arus/ws/src/ARUSSim/install/arussim/share/arussim/launch/arussim_launch.py
[30.595s] -- Up-to-date: /home/josedag31/Arus/ws/src/ARUSSim/install/arussim/share/arussim/config
[30.596s] -- Up-to-date: /home/josedag31/Arus/ws/src/ARUSSim/install/arussim/share/arussim/config/simulator_config.yaml
[30.596s] -- Up-to-date: /home/josedag31/Arus/ws/src/ARUSSim/install/arussim/share/arussim/config/supervisor_config.yaml
[30.596s] -- Up-to-date: /home/josedag31/Arus/ws/src/ARUSSim/install/arussim/share/arussim/config/sensors_config.yaml
[30.596s] -- Up-to-date: /home/josedag31/Arus/ws/src/ARUSSim/install/arussim/share/arussim/config/arussim_rviz_config.rviz
[30.597s] -- Up-to-date: /home/josedag31/Arus/ws/src/ARUSSim/install/arussim/share/arussim/resources
[30.597s] -- Up-to-date: /home/josedag31/Arus/ws/src/ARUSSim/install/arussim/share/arussim/resources/meshes
[30.597s] -- Up-to-date: /home/josedag31/Arus/ws/src/ARUSSim/install/arussim/share/arussim/resources/meshes/whole_car.stl
[30.597s] -- Up-to-date: /home/josedag31/Arus/ws/src/ARUSSim/install/arussim/share/arussim/resources/meshes/cone.stl
[30.597s] -- Up-to-date: /home/josedag31/Arus/ws/src/ARUSSim/install/arussim/share/arussim/resources/meshes/ART24D.stl
[30.598s] -- Up-to-date: /home/josedag31/Arus/ws/src/ARUSSim/install/arussim/share/arussim/resources/tracks
[30.598s] -- Up-to-date: /home/josedag31/Arus/ws/src/ARUSSim/install/arussim/share/arussim/resources/tracks/test27F.json
[30.598s] -- Up-to-date: /home/josedag31/Arus/ws/src/ARUSSim/install/arussim/share/arussim/resources/tracks/FSEast23.json
[30.598s] -- Up-to-date: /home/josedag31/Arus/ws/src/ARUSSim/install/arussim/share/arussim/resources/tracks/acceleration.pcd
[30.598s] -- Up-to-date: /home/josedag31/Arus/ws/src/ARUSSim/install/arussim/share/arussim/resources/tracks/slam_track.pcd
[30.599s] -- Up-to-date: /home/josedag31/Arus/ws/src/ARUSSim/install/arussim/share/arussim/resources/tracks/FSG24.pcd
[30.599s] -- Up-to-date: /home/josedag31/Arus/ws/src/ARUSSim/install/arussim/share/arussim/resources/tracks/test27F.pcd
[30.599s] -- Up-to-date: /home/josedag31/Arus/ws/src/ARUSSim/install/arussim/share/arussim/resources/tracks/FSG.pcd
[30.599s] -- Up-to-date: /home/josedag31/Arus/ws/src/ARUSSim/install/arussim/share/arussim/resources/tracks/FSG24.json
[30.599s] -- Up-to-date: /home/josedag31/Arus/ws/src/ARUSSim/install/arussim/share/arussim/resources/tracks/test15M.json
[30.599s] -- Up-to-date: /home/josedag31/Arus/ws/src/ARUSSim/install/arussim/share/arussim/resources/tracks/skidpad.pcd
[30.600s] -- Up-to-date: /home/josedag31/Arus/ws/src/ARUSSim/install/arussim/share/arussim/resources/tracks/FSG.json
[30.601s] -- Up-to-date: /home/josedag31/Arus/ws/src/ARUSSim/install/arussim/share/arussim/resources/tracks/acceleration.json
[30.601s] -- Up-to-date: /home/josedag31/Arus/ws/src/ARUSSim/install/arussim/share/arussim/resources/tracks/test15M.pcd
[30.603s] -- Up-to-date: /home/josedag31/Arus/ws/src/ARUSSim/install/arussim/share/arussim/resources/tracks/FSEast23.pcd
[30.603s] -- Up-to-date: /home/josedag31/Arus/ws/src/ARUSSim/install/arussim/share/arussim/resources/tracks/test1.json
[30.604s] -- Up-to-date: /home/josedag31/Arus/ws/src/ARUSSim/install/arussim/share/arussim/resources/tracks/test1.pcd
[30.604s] -- Up-to-date: /home/josedag31/Arus/ws/src/ARUSSim/install/arussim/share/arussim/main_interface.xml
[30.604s] -- Up-to-date: /home/josedag31/Arus/ws/src/ARUSSim/install/arussim/share/arussim/plot_interface.xml
[30.604s] -- Up-to-date: /home/josedag31/Arus/ws/src/ARUSSim/install/arussim/share/ament_index/resource_index/package_run_dependencies/arussim
[30.605s] -- Up-to-date: /home/josedag31/Arus/ws/src/ARUSSim/install/arussim/share/ament_index/resource_index/parent_prefix_path/arussim
[30.605s] -- Up-to-date: /home/josedag31/Arus/ws/src/ARUSSim/install/arussim/share/arussim/environment/ament_prefix_path.sh
[30.606s] -- Up-to-date: /home/josedag31/Arus/ws/src/ARUSSim/install/arussim/share/arussim/environment/ament_prefix_path.dsv
[30.606s] -- Up-to-date: /home/josedag31/Arus/ws/src/ARUSSim/install/arussim/share/arussim/environment/path.sh
[30.606s] -- Up-to-date: /home/josedag31/Arus/ws/src/ARUSSim/install/arussim/share/arussim/environment/path.dsv
[30.607s] -- Up-to-date: /home/josedag31/Arus/ws/src/ARUSSim/install/arussim/share/arussim/local_setup.bash
[30.607s] -- Up-to-date: /home/josedag31/Arus/ws/src/ARUSSim/install/arussim/share/arussim/local_setup.sh
[30.607s] -- Up-to-date: /home/josedag31/Arus/ws/src/ARUSSim/install/arussim/share/arussim/local_setup.zsh
[30.608s] -- Up-to-date: /home/josedag31/Arus/ws/src/ARUSSim/install/arussim/share/arussim/local_setup.dsv
[30.608s] -- Installing: /home/josedag31/Arus/ws/src/ARUSSim/install/arussim/share/arussim/package.dsv
[30.608s] -- Up-to-date: /home/josedag31/Arus/ws/src/ARUSSim/install/arussim/share/ament_index/resource_index/packages/arussim
[30.608s] -- Up-to-date: /home/josedag31/Arus/ws/src/ARUSSim/install/arussim/share/ament_index/resource_index/rviz_common__pluginlib__plugin/arussim
[30.609s] -- Up-to-date: /home/josedag31/Arus/ws/src/ARUSSim/install/arussim/share/arussim/cmake/export_main_interfaceExport.cmake
[30.609s] -- Up-to-date: /home/josedag31/Arus/ws/src/ARUSSim/install/arussim/share/arussim/cmake/export_main_interfaceExport-noconfig.cmake
[30.609s] -- Up-to-date: /home/josedag31/Arus/ws/src/ARUSSim/install/arussim/share/arussim/cmake/ament_cmake_export_include_directories-extras.cmake
[30.609s] -- Up-to-date: /home/josedag31/Arus/ws/src/ARUSSim/install/arussim/share/arussim/cmake/ament_cmake_export_targets-extras.cmake
[30.610s] -- Up-to-date: /home/josedag31/Arus/ws/src/ARUSSim/install/arussim/share/arussim/cmake/arussimConfig.cmake
[30.610s] -- Up-to-date: /home/josedag31/Arus/ws/src/ARUSSim/install/arussim/share/arussim/cmake/arussimConfig-version.cmake
[30.611s] -- Up-to-date: /home/josedag31/Arus/ws/src/ARUSSim/install/arussim/share/arussim/package.xml
[30.611s] Invoked command in '/home/josedag31/Arus/ws/src/ARUSSim/build/arussim' returned '0': AMENT_PREFIX_PATH=/home/josedag31/Arus/ws/src/ARUSSim/install/arussim_msgs:${AMENT_PREFIX_PATH} CMAKE_PREFIX_PATH=/home/josedag31/Arus/ws/src/ARUSSim/install/arussim_msgs:/home/josedag31/Arus/ws/install/visualization:/home/josedag31/Arus/ws/install/trajectory_optimization:/home/josedag31/Arus/ws/install/skidpad_planning:/home/josedag31/Arus/ws/install/perception:/home/josedag31/Arus/ws/install/path_planning:/home/josedag31/Arus/ws/install/inspection_control:/home/josedag31/Arus/ws/install/icp_slam:/home/josedag31/Arus/ws/install/graph_slam:/home/josedag31/Arus/ws/install/epos_interface:/home/josedag31/Arus/ws/install/controller:/home/josedag31/Arus/ws/install/car_state:/home/josedag31/Arus/ws/install/common_msgs:/home/josedag31/Arus/ws/install/common_meta:/home/josedag31/Arus/ws/install/can_interface:/home/josedag31/Arus/ws/install/automatic_simulations:/home/josedag31/Arus/ws/install/arussim_msgs:/home/josedag31/Arus/ws/install/arussim_interface:/home/josedag31/Arus/ws/install/arussim:/home/josedag31/Arus/ws/install/acc_planning:/opt/ros/humble LD_LIBRARY_PATH=/home/josedag31/Arus/ws/src/ARUSSim/install/arussim_msgs/lib:${LD_LIBRARY_PATH} PYTHONPATH=/home/josedag31/Arus/ws/src/ARUSSim/install/arussim_msgs/local/lib/python3.10/dist-packages:${PYTHONPATH} /usr/bin/cmake --install /home/josedag31/Arus/ws/src/ARUSSim/build/arussim
