[0.168s] DEBUG:colcon:Command line arguments: ['/usr/bin/colcon', 'build']
[0.168s] DEBUG:colcon:Parsed command line arguments: Namespace(log_base=None, log_level=None, verb_name='build', build_base='build', install_base='install', merge_install=False, symlink_install=False, test_result_base=None, continue_on_error=False, executor='parallel', parallel_workers=8, event_handlers=None, ignore_user_meta=False, metas=['./colcon.meta'], base_paths=['.'], packages_ignore=None, packages_ignore_regex=None, paths=None, packages_up_to=None, packages_up_to_regex=None, packages_above=None, packages_above_and_dependencies=None, packages_above_depth=None, packages_select_by_dep=None, packages_skip_by_dep=None, packages_skip_up_to=None, packages_select_build_failed=False, packages_skip_build_finished=False, packages_select_test_failures=False, packages_skip_test_passed=False, packages_select=None, packages_skip=None, packages_select_regex=None, packages_skip_regex=None, packages_start=None, packages_end=None, allow_overriding=[], cmake_args=None, cmake_target=None, cmake_target_skip_unavailable=False, cmake_clean_cache=False, cmake_clean_first=False, cmake_force_configure=False, ament_cmake_args=None, catkin_cmake_args=None, catkin_skip_building_tests=False, mixin_files=None, mixin=None, verb_parser=<colcon_mixin.mixin.mixin_argument.MixinArgumentDecorator object at 0x79a6aab51e10>, verb_extension=<colcon_core.verb.build.BuildVerb object at 0x79a6aab518a0>, main=<bound method BuildVerb.main of <colcon_core.verb.build.BuildVerb object at 0x79a6aab518a0>>, mixin_verb=('build',))
[0.400s] Level 1:colcon.colcon_core.package_discovery:discover_packages(colcon_meta) check parameters
[0.400s] Level 1:colcon.colcon_core.package_discovery:discover_packages(recursive) check parameters
[0.400s] Level 1:colcon.colcon_core.package_discovery:discover_packages(ignore) check parameters
[0.400s] Level 1:colcon.colcon_core.package_discovery:discover_packages(path) check parameters
[0.400s] Level 1:colcon.colcon_core.package_discovery:discover_packages(colcon_meta) discover
[0.400s] Level 1:colcon.colcon_core.package_discovery:discover_packages(recursive) discover
[0.400s] INFO:colcon.colcon_core.package_discovery:Crawling recursively for packages in '/home/josedag31/Arus/ws/src/ARUSSim'
[0.400s] Level 1:colcon.colcon_core.package_identification:_identify(.) by extensions ['ignore', 'ignore_ament_install']
[0.400s] Level 1:colcon.colcon_core.package_identification:_identify(.) by extension 'ignore'
[0.400s] Level 1:colcon.colcon_core.package_identification:_identify(.) by extension 'ignore_ament_install'
[0.400s] Level 1:colcon.colcon_core.package_identification:_identify(.) by extensions ['colcon_pkg']
[0.400s] Level 1:colcon.colcon_core.package_identification:_identify(.) by extension 'colcon_pkg'
[0.401s] Level 1:colcon.colcon_core.package_identification:_identify(.) by extensions ['colcon_meta']
[0.401s] Level 1:colcon.colcon_core.package_identification:_identify(.) by extension 'colcon_meta'
[0.401s] Level 1:colcon.colcon_core.package_identification:_identify(.) by extensions ['ros']
[0.401s] Level 1:colcon.colcon_core.package_identification:_identify(.) by extension 'ros'
[0.416s] Level 1:colcon.colcon_core.package_identification:_identify(.) by extensions ['cmake', 'python']
[0.416s] Level 1:colcon.colcon_core.package_identification:_identify(.) by extension 'cmake'
[0.416s] Level 1:colcon.colcon_core.package_identification:_identify(.) by extension 'python'
[0.416s] Level 1:colcon.colcon_core.package_identification:_identify(.) by extensions ['python_setup_py']
[0.416s] Level 1:colcon.colcon_core.package_identification:_identify(.) by extension 'python_setup_py'
[0.416s] Level 1:colcon.colcon_core.package_identification:_identify(build) by extensions ['ignore', 'ignore_ament_install']
[0.417s] Level 1:colcon.colcon_core.package_identification:_identify(build) by extension 'ignore'
[0.417s] Level 1:colcon.colcon_core.package_identification:_identify(build) ignored
[0.417s] Level 1:colcon.colcon_core.package_identification:_identify(docs) by extensions ['ignore', 'ignore_ament_install']
[0.417s] Level 1:colcon.colcon_core.package_identification:_identify(docs) by extension 'ignore'
[0.417s] Level 1:colcon.colcon_core.package_identification:_identify(docs) by extension 'ignore_ament_install'
[0.417s] Level 1:colcon.colcon_core.package_identification:_identify(docs) by extensions ['colcon_pkg']
[0.417s] Level 1:colcon.colcon_core.package_identification:_identify(docs) by extension 'colcon_pkg'
[0.417s] Level 1:colcon.colcon_core.package_identification:_identify(docs) by extensions ['colcon_meta']
[0.417s] Level 1:colcon.colcon_core.package_identification:_identify(docs) by extension 'colcon_meta'
[0.417s] Level 1:colcon.colcon_core.package_identification:_identify(docs) by extensions ['ros']
[0.417s] Level 1:colcon.colcon_core.package_identification:_identify(docs) by extension 'ros'
[0.417s] Level 1:colcon.colcon_core.package_identification:_identify(docs) by extensions ['cmake', 'python']
[0.417s] Level 1:colcon.colcon_core.package_identification:_identify(docs) by extension 'cmake'
[0.418s] Level 1:colcon.colcon_core.package_identification:_identify(docs) by extension 'python'
[0.418s] Level 1:colcon.colcon_core.package_identification:_identify(docs) by extensions ['python_setup_py']
[0.418s] Level 1:colcon.colcon_core.package_identification:_identify(docs) by extension 'python_setup_py'
[0.418s] Level 1:colcon.colcon_core.package_identification:_identify(docs/_source) by extensions ['ignore', 'ignore_ament_install']
[0.418s] Level 1:colcon.colcon_core.package_identification:_identify(docs/_source) by extension 'ignore'
[0.418s] Level 1:colcon.colcon_core.package_identification:_identify(docs/_source) by extension 'ignore_ament_install'
[0.418s] Level 1:colcon.colcon_core.package_identification:_identify(docs/_source) by extensions ['colcon_pkg']
[0.418s] Level 1:colcon.colcon_core.package_identification:_identify(docs/_source) by extension 'colcon_pkg'
[0.418s] Level 1:colcon.colcon_core.package_identification:_identify(docs/_source) by extensions ['colcon_meta']
[0.418s] Level 1:colcon.colcon_core.package_identification:_identify(docs/_source) by extension 'colcon_meta'
[0.418s] Level 1:colcon.colcon_core.package_identification:_identify(docs/_source) by extensions ['ros']
[0.418s] Level 1:colcon.colcon_core.package_identification:_identify(docs/_source) by extension 'ros'
[0.418s] Level 1:colcon.colcon_core.package_identification:_identify(docs/_source) by extensions ['cmake', 'python']
[0.418s] Level 1:colcon.colcon_core.package_identification:_identify(docs/_source) by extension 'cmake'
[0.419s] Level 1:colcon.colcon_core.package_identification:_identify(docs/_source) by extension 'python'
[0.419s] Level 1:colcon.colcon_core.package_identification:_identify(docs/_source) by extensions ['python_setup_py']
[0.419s] Level 1:colcon.colcon_core.package_identification:_identify(docs/_source) by extension 'python_setup_py'
[0.419s] Level 1:colcon.colcon_core.package_identification:_identify(docs/_static) by extensions ['ignore', 'ignore_ament_install']
[0.419s] Level 1:colcon.colcon_core.package_identification:_identify(docs/_static) by extension 'ignore'
[0.419s] Level 1:colcon.colcon_core.package_identification:_identify(docs/_static) by extension 'ignore_ament_install'
[0.419s] Level 1:colcon.colcon_core.package_identification:_identify(docs/_static) by extensions ['colcon_pkg']
[0.419s] Level 1:colcon.colcon_core.package_identification:_identify(docs/_static) by extension 'colcon_pkg'
[0.419s] Level 1:colcon.colcon_core.package_identification:_identify(docs/_static) by extensions ['colcon_meta']
[0.419s] Level 1:colcon.colcon_core.package_identification:_identify(docs/_static) by extension 'colcon_meta'
[0.419s] Level 1:colcon.colcon_core.package_identification:_identify(docs/_static) by extensions ['ros']
[0.419s] Level 1:colcon.colcon_core.package_identification:_identify(docs/_static) by extension 'ros'
[0.419s] Level 1:colcon.colcon_core.package_identification:_identify(docs/_static) by extensions ['cmake', 'python']
[0.419s] Level 1:colcon.colcon_core.package_identification:_identify(docs/_static) by extension 'cmake'
[0.420s] Level 1:colcon.colcon_core.package_identification:_identify(docs/_static) by extension 'python'
[0.420s] Level 1:colcon.colcon_core.package_identification:_identify(docs/_static) by extensions ['python_setup_py']
[0.420s] Level 1:colcon.colcon_core.package_identification:_identify(docs/_static) by extension 'python_setup_py'
[0.420s] Level 1:colcon.colcon_core.package_identification:_identify(docs/_static/images) by extensions ['ignore', 'ignore_ament_install']
[0.420s] Level 1:colcon.colcon_core.package_identification:_identify(docs/_static/images) by extension 'ignore'
[0.420s] Level 1:colcon.colcon_core.package_identification:_identify(docs/_static/images) by extension 'ignore_ament_install'
[0.420s] Level 1:colcon.colcon_core.package_identification:_identify(docs/_static/images) by extensions ['colcon_pkg']
[0.420s] Level 1:colcon.colcon_core.package_identification:_identify(docs/_static/images) by extension 'colcon_pkg'
[0.420s] Level 1:colcon.colcon_core.package_identification:_identify(docs/_static/images) by extensions ['colcon_meta']
[0.420s] Level 1:colcon.colcon_core.package_identification:_identify(docs/_static/images) by extension 'colcon_meta'
[0.420s] Level 1:colcon.colcon_core.package_identification:_identify(docs/_static/images) by extensions ['ros']
[0.420s] Level 1:colcon.colcon_core.package_identification:_identify(docs/_static/images) by extension 'ros'
[0.420s] Level 1:colcon.colcon_core.package_identification:_identify(docs/_static/images) by extensions ['cmake', 'python']
[0.420s] Level 1:colcon.colcon_core.package_identification:_identify(docs/_static/images) by extension 'cmake'
[0.421s] Level 1:colcon.colcon_core.package_identification:_identify(docs/_static/images) by extension 'python'
[0.421s] Level 1:colcon.colcon_core.package_identification:_identify(docs/_static/images) by extensions ['python_setup_py']
[0.421s] Level 1:colcon.colcon_core.package_identification:_identify(docs/_static/images) by extension 'python_setup_py'
[0.421s] Level 1:colcon.colcon_core.package_identification:_identify(docs/content) by extensions ['ignore', 'ignore_ament_install']
[0.421s] Level 1:colcon.colcon_core.package_identification:_identify(docs/content) by extension 'ignore'
[0.421s] Level 1:colcon.colcon_core.package_identification:_identify(docs/content) by extension 'ignore_ament_install'
[0.421s] Level 1:colcon.colcon_core.package_identification:_identify(docs/content) by extensions ['colcon_pkg']
[0.421s] Level 1:colcon.colcon_core.package_identification:_identify(docs/content) by extension 'colcon_pkg'
[0.421s] Level 1:colcon.colcon_core.package_identification:_identify(docs/content) by extensions ['colcon_meta']
[0.421s] Level 1:colcon.colcon_core.package_identification:_identify(docs/content) by extension 'colcon_meta'
[0.421s] Level 1:colcon.colcon_core.package_identification:_identify(docs/content) by extensions ['ros']
[0.421s] Level 1:colcon.colcon_core.package_identification:_identify(docs/content) by extension 'ros'
[0.421s] Level 1:colcon.colcon_core.package_identification:_identify(docs/content) by extensions ['cmake', 'python']
[0.421s] Level 1:colcon.colcon_core.package_identification:_identify(docs/content) by extension 'cmake'
[0.421s] Level 1:colcon.colcon_core.package_identification:_identify(docs/content) by extension 'python'
[0.421s] Level 1:colcon.colcon_core.package_identification:_identify(docs/content) by extensions ['python_setup_py']
[0.421s] Level 1:colcon.colcon_core.package_identification:_identify(docs/content) by extension 'python_setup_py'
[0.422s] Level 1:colcon.colcon_core.package_identification:_identify(install) by extensions ['ignore', 'ignore_ament_install']
[0.422s] Level 1:colcon.colcon_core.package_identification:_identify(install) by extension 'ignore'
[0.422s] Level 1:colcon.colcon_core.package_identification:_identify(install) ignored
[0.422s] Level 1:colcon.colcon_core.package_identification:_identify(log) by extensions ['ignore', 'ignore_ament_install']
[0.422s] Level 1:colcon.colcon_core.package_identification:_identify(log) by extension 'ignore'
[0.422s] Level 1:colcon.colcon_core.package_identification:_identify(log) ignored
[0.423s] Level 1:colcon.colcon_core.package_identification:_identify(src) by extensions ['ignore', 'ignore_ament_install']
[0.423s] Level 1:colcon.colcon_core.package_identification:_identify(src) by extension 'ignore'
[0.423s] Level 1:colcon.colcon_core.package_identification:_identify(src) by extension 'ignore_ament_install'
[0.423s] Level 1:colcon.colcon_core.package_identification:_identify(src) by extensions ['colcon_pkg']
[0.423s] Level 1:colcon.colcon_core.package_identification:_identify(src) by extension 'colcon_pkg'
[0.423s] Level 1:colcon.colcon_core.package_identification:_identify(src) by extensions ['colcon_meta']
[0.423s] Level 1:colcon.colcon_core.package_identification:_identify(src) by extension 'colcon_meta'
[0.423s] Level 1:colcon.colcon_core.package_identification:_identify(src) by extensions ['ros']
[0.423s] Level 1:colcon.colcon_core.package_identification:_identify(src) by extension 'ros'
[0.423s] Level 1:colcon.colcon_core.package_identification:_identify(src) by extensions ['cmake', 'python']
[0.423s] Level 1:colcon.colcon_core.package_identification:_identify(src) by extension 'cmake'
[0.423s] Level 1:colcon.colcon_core.package_identification:_identify(src) by extension 'python'
[0.424s] Level 1:colcon.colcon_core.package_identification:_identify(src) by extensions ['python_setup_py']
[0.424s] Level 1:colcon.colcon_core.package_identification:_identify(src) by extension 'python_setup_py'
[0.424s] Level 1:colcon.colcon_core.package_identification:_identify(src/arussim) by extensions ['ignore', 'ignore_ament_install']
[0.424s] Level 1:colcon.colcon_core.package_identification:_identify(src/arussim) by extension 'ignore'
[0.424s] Level 1:colcon.colcon_core.package_identification:_identify(src/arussim) by extension 'ignore_ament_install'
[0.424s] Level 1:colcon.colcon_core.package_identification:_identify(src/arussim) by extensions ['colcon_pkg']
[0.424s] Level 1:colcon.colcon_core.package_identification:_identify(src/arussim) by extension 'colcon_pkg'
[0.424s] Level 1:colcon.colcon_core.package_identification:_identify(src/arussim) by extensions ['colcon_meta']
[0.424s] Level 1:colcon.colcon_core.package_identification:_identify(src/arussim) by extension 'colcon_meta'
[0.424s] Level 1:colcon.colcon_core.package_identification:_identify(src/arussim) by extensions ['ros']
[0.424s] Level 1:colcon.colcon_core.package_identification:_identify(src/arussim) by extension 'ros'
[0.429s] DEBUG:colcon.colcon_core.package_identification:Package 'src/arussim' with type 'ros.ament_cmake' and name 'arussim'
[0.429s] Level 1:colcon.colcon_core.package_identification:_identify(src/arussim_msgs) by extensions ['ignore', 'ignore_ament_install']
[0.430s] Level 1:colcon.colcon_core.package_identification:_identify(src/arussim_msgs) by extension 'ignore'
[0.430s] Level 1:colcon.colcon_core.package_identification:_identify(src/arussim_msgs) by extension 'ignore_ament_install'
[0.430s] Level 1:colcon.colcon_core.package_identification:_identify(src/arussim_msgs) by extensions ['colcon_pkg']
[0.430s] Level 1:colcon.colcon_core.package_identification:_identify(src/arussim_msgs) by extension 'colcon_pkg'
[0.430s] Level 1:colcon.colcon_core.package_identification:_identify(src/arussim_msgs) by extensions ['colcon_meta']
[0.430s] Level 1:colcon.colcon_core.package_identification:_identify(src/arussim_msgs) by extension 'colcon_meta'
[0.430s] Level 1:colcon.colcon_core.package_identification:_identify(src/arussim_msgs) by extensions ['ros']
[0.430s] Level 1:colcon.colcon_core.package_identification:_identify(src/arussim_msgs) by extension 'ros'
[0.431s] DEBUG:colcon.colcon_core.package_identification:Package 'src/arussim_msgs' with type 'ros.ament_cmake' and name 'arussim_msgs'
[0.431s] Level 1:colcon.colcon_core.package_identification:_identify(src/automatic_simulations) by extensions ['ignore', 'ignore_ament_install']
[0.431s] Level 1:colcon.colcon_core.package_identification:_identify(src/automatic_simulations) by extension 'ignore'
[0.431s] Level 1:colcon.colcon_core.package_identification:_identify(src/automatic_simulations) by extension 'ignore_ament_install'
[0.431s] Level 1:colcon.colcon_core.package_identification:_identify(src/automatic_simulations) by extensions ['colcon_pkg']
[0.431s] Level 1:colcon.colcon_core.package_identification:_identify(src/automatic_simulations) by extension 'colcon_pkg'
[0.431s] Level 1:colcon.colcon_core.package_identification:_identify(src/automatic_simulations) by extensions ['colcon_meta']
[0.432s] Level 1:colcon.colcon_core.package_identification:_identify(src/automatic_simulations) by extension 'colcon_meta'
[0.432s] Level 1:colcon.colcon_core.package_identification:_identify(src/automatic_simulations) by extensions ['ros']
[0.432s] Level 1:colcon.colcon_core.package_identification:_identify(src/automatic_simulations) by extension 'ros'
[0.432s] DEBUG:colcon.colcon_core.package_identification:Package 'src/automatic_simulations' with type 'ros.ament_cmake' and name 'automatic_simulations'
[0.433s] Level 1:colcon.colcon_core.package_identification:_identify(src/track_editor) by extensions ['ignore', 'ignore_ament_install']
[0.433s] Level 1:colcon.colcon_core.package_identification:_identify(src/track_editor) by extension 'ignore'
[0.433s] Level 1:colcon.colcon_core.package_identification:_identify(src/track_editor) by extension 'ignore_ament_install'
[0.433s] Level 1:colcon.colcon_core.package_identification:_identify(src/track_editor) by extensions ['colcon_pkg']
[0.433s] Level 1:colcon.colcon_core.package_identification:_identify(src/track_editor) by extension 'colcon_pkg'
[0.433s] Level 1:colcon.colcon_core.package_identification:_identify(src/track_editor) by extensions ['colcon_meta']
[0.433s] Level 1:colcon.colcon_core.package_identification:_identify(src/track_editor) by extension 'colcon_meta'
[0.433s] Level 1:colcon.colcon_core.package_identification:_identify(src/track_editor) by extensions ['ros']
[0.433s] Level 1:colcon.colcon_core.package_identification:_identify(src/track_editor) by extension 'ros'
[0.433s] Level 1:colcon.colcon_core.package_identification:_identify(src/track_editor) by extensions ['cmake', 'python']
[0.433s] Level 1:colcon.colcon_core.package_identification:_identify(src/track_editor) by extension 'cmake'
[0.433s] Level 1:colcon.colcon_core.package_identification:_identify(src/track_editor) by extension 'python'
[0.433s] Level 1:colcon.colcon_core.package_identification:_identify(src/track_editor) by extensions ['python_setup_py']
[0.433s] Level 1:colcon.colcon_core.package_identification:_identify(src/track_editor) by extension 'python_setup_py'
[0.433s] Level 1:colcon.colcon_core.package_identification:_identify(src/track_editor/icons) by extensions ['ignore', 'ignore_ament_install']
[0.434s] Level 1:colcon.colcon_core.package_identification:_identify(src/track_editor/icons) by extension 'ignore'
[0.434s] Level 1:colcon.colcon_core.package_identification:_identify(src/track_editor/icons) by extension 'ignore_ament_install'
[0.434s] Level 1:colcon.colcon_core.package_identification:_identify(src/track_editor/icons) by extensions ['colcon_pkg']
[0.434s] Level 1:colcon.colcon_core.package_identification:_identify(src/track_editor/icons) by extension 'colcon_pkg'
[0.434s] Level 1:colcon.colcon_core.package_identification:_identify(src/track_editor/icons) by extensions ['colcon_meta']
[0.434s] Level 1:colcon.colcon_core.package_identification:_identify(src/track_editor/icons) by extension 'colcon_meta'
[0.434s] Level 1:colcon.colcon_core.package_identification:_identify(src/track_editor/icons) by extensions ['ros']
[0.434s] Level 1:colcon.colcon_core.package_identification:_identify(src/track_editor/icons) by extension 'ros'
[0.434s] Level 1:colcon.colcon_core.package_identification:_identify(src/track_editor/icons) by extensions ['cmake', 'python']
[0.434s] Level 1:colcon.colcon_core.package_identification:_identify(src/track_editor/icons) by extension 'cmake'
[0.434s] Level 1:colcon.colcon_core.package_identification:_identify(src/track_editor/icons) by extension 'python'
[0.434s] Level 1:colcon.colcon_core.package_identification:_identify(src/track_editor/icons) by extensions ['python_setup_py']
[0.434s] Level 1:colcon.colcon_core.package_identification:_identify(src/track_editor/icons) by extension 'python_setup_py'
[0.434s] Level 1:colcon.colcon_core.package_discovery:discover_packages(recursive) using defaults
[0.434s] Level 1:colcon.colcon_core.package_discovery:discover_packages(ignore) discover
[0.434s] Level 1:colcon.colcon_core.package_discovery:discover_packages(ignore) using defaults
[0.434s] Level 1:colcon.colcon_core.package_discovery:discover_packages(path) discover
[0.434s] Level 1:colcon.colcon_core.package_discovery:discover_packages(path) using defaults
[0.477s] Level 1:colcon.colcon_core.package_discovery:discover_packages(prefix_path) check parameters
[0.477s] Level 1:colcon.colcon_core.package_discovery:discover_packages(prefix_path) discover
[0.480s] DEBUG:colcon.colcon_installed_package_information.package_discovery:Found 19 installed packages in /home/josedag31/Arus/ws/install
[0.482s] DEBUG:colcon.colcon_installed_package_information.package_discovery:Found 274 installed packages in /opt/ros/humble
[0.483s] Level 1:colcon.colcon_core.package_discovery:discover_packages(prefix_path) using defaults
[0.524s] Level 5:colcon.colcon_core.verb:set package 'arussim_msgs' build argument 'cmake_args' from command line to 'None'
[0.524s] Level 5:colcon.colcon_core.verb:set package 'arussim_msgs' build argument 'cmake_target' from command line to 'None'
[0.524s] Level 5:colcon.colcon_core.verb:set package 'arussim_msgs' build argument 'cmake_target_skip_unavailable' from command line to 'False'
[0.524s] Level 5:colcon.colcon_core.verb:set package 'arussim_msgs' build argument 'cmake_clean_cache' from command line to 'False'
[0.524s] Level 5:colcon.colcon_core.verb:set package 'arussim_msgs' build argument 'cmake_clean_first' from command line to 'False'
[0.524s] Level 5:colcon.colcon_core.verb:set package 'arussim_msgs' build argument 'cmake_force_configure' from command line to 'False'
[0.524s] Level 5:colcon.colcon_core.verb:set package 'arussim_msgs' build argument 'ament_cmake_args' from command line to 'None'
[0.524s] Level 5:colcon.colcon_core.verb:set package 'arussim_msgs' build argument 'catkin_cmake_args' from command line to 'None'
[0.524s] Level 5:colcon.colcon_core.verb:set package 'arussim_msgs' build argument 'catkin_skip_building_tests' from command line to 'False'
[0.524s] DEBUG:colcon.colcon_core.verb:Building package 'arussim_msgs' with the following arguments: {'ament_cmake_args': None, 'build_base': '/home/josedag31/Arus/ws/src/ARUSSim/build/arussim_msgs', 'catkin_cmake_args': None, 'catkin_skip_building_tests': False, 'cmake_args': None, 'cmake_clean_cache': False, 'cmake_clean_first': False, 'cmake_force_configure': False, 'cmake_target': None, 'cmake_target_skip_unavailable': False, 'install_base': '/home/josedag31/Arus/ws/src/ARUSSim/install/arussim_msgs', 'merge_install': False, 'path': '/home/josedag31/Arus/ws/src/ARUSSim/src/arussim_msgs', 'symlink_install': False, 'test_result_base': None}
[0.525s] Level 5:colcon.colcon_core.verb:set package 'automatic_simulations' build argument 'cmake_args' from command line to 'None'
[0.525s] Level 5:colcon.colcon_core.verb:set package 'automatic_simulations' build argument 'cmake_target' from command line to 'None'
[0.525s] Level 5:colcon.colcon_core.verb:set package 'automatic_simulations' build argument 'cmake_target_skip_unavailable' from command line to 'False'
[0.525s] Level 5:colcon.colcon_core.verb:set package 'automatic_simulations' build argument 'cmake_clean_cache' from command line to 'False'
[0.525s] Level 5:colcon.colcon_core.verb:set package 'automatic_simulations' build argument 'cmake_clean_first' from command line to 'False'
[0.525s] Level 5:colcon.colcon_core.verb:set package 'automatic_simulations' build argument 'cmake_force_configure' from command line to 'False'
[0.525s] Level 5:colcon.colcon_core.verb:set package 'automatic_simulations' build argument 'ament_cmake_args' from command line to 'None'
[0.525s] Level 5:colcon.colcon_core.verb:set package 'automatic_simulations' build argument 'catkin_cmake_args' from command line to 'None'
[0.525s] Level 5:colcon.colcon_core.verb:set package 'automatic_simulations' build argument 'catkin_skip_building_tests' from command line to 'False'
[0.525s] DEBUG:colcon.colcon_core.verb:Building package 'automatic_simulations' with the following arguments: {'ament_cmake_args': None, 'build_base': '/home/josedag31/Arus/ws/src/ARUSSim/build/automatic_simulations', 'catkin_cmake_args': None, 'catkin_skip_building_tests': False, 'cmake_args': None, 'cmake_clean_cache': False, 'cmake_clean_first': False, 'cmake_force_configure': False, 'cmake_target': None, 'cmake_target_skip_unavailable': False, 'install_base': '/home/josedag31/Arus/ws/src/ARUSSim/install/automatic_simulations', 'merge_install': False, 'path': '/home/josedag31/Arus/ws/src/ARUSSim/src/automatic_simulations', 'symlink_install': False, 'test_result_base': None}
[0.525s] Level 5:colcon.colcon_core.verb:set package 'arussim' build argument 'cmake_args' from command line to 'None'
[0.525s] Level 5:colcon.colcon_core.verb:set package 'arussim' build argument 'cmake_target' from command line to 'None'
[0.525s] Level 5:colcon.colcon_core.verb:set package 'arussim' build argument 'cmake_target_skip_unavailable' from command line to 'False'
[0.525s] Level 5:colcon.colcon_core.verb:set package 'arussim' build argument 'cmake_clean_cache' from command line to 'False'
[0.525s] Level 5:colcon.colcon_core.verb:set package 'arussim' build argument 'cmake_clean_first' from command line to 'False'
[0.525s] Level 5:colcon.colcon_core.verb:set package 'arussim' build argument 'cmake_force_configure' from command line to 'False'
[0.525s] Level 5:colcon.colcon_core.verb:set package 'arussim' build argument 'ament_cmake_args' from command line to 'None'
[0.525s] Level 5:colcon.colcon_core.verb:set package 'arussim' build argument 'catkin_cmake_args' from command line to 'None'
[0.525s] Level 5:colcon.colcon_core.verb:set package 'arussim' build argument 'catkin_skip_building_tests' from command line to 'False'
[0.526s] DEBUG:colcon.colcon_core.verb:Building package 'arussim' with the following arguments: {'ament_cmake_args': None, 'build_base': '/home/josedag31/Arus/ws/src/ARUSSim/build/arussim', 'catkin_cmake_args': None, 'catkin_skip_building_tests': False, 'cmake_args': None, 'cmake_clean_cache': False, 'cmake_clean_first': False, 'cmake_force_configure': False, 'cmake_target': None, 'cmake_target_skip_unavailable': False, 'install_base': '/home/josedag31/Arus/ws/src/ARUSSim/install/arussim', 'merge_install': False, 'path': '/home/josedag31/Arus/ws/src/ARUSSim/src/arussim', 'symlink_install': False, 'test_result_base': None}
[0.526s] INFO:colcon.colcon_core.executor:Executing jobs using 'parallel' executor
[0.527s] DEBUG:colcon.colcon_parallel_executor.executor.parallel:run_until_complete
[0.527s] INFO:colcon.colcon_ros.task.ament_cmake.build:Building ROS package in '/home/josedag31/Arus/ws/src/ARUSSim/src/arussim_msgs' with build type 'ament_cmake'
[0.527s] INFO:colcon.colcon_cmake.task.cmake.build:Building CMake package in '/home/josedag31/Arus/ws/src/ARUSSim/src/arussim_msgs'
[0.530s] INFO:colcon.colcon_core.plugin_system:Skipping extension 'colcon_core.shell.bat': Not used on non-Windows systems
[0.530s] INFO:colcon.colcon_core.shell:Skip shell extension 'powershell' for command environment: Not usable outside of PowerShell
[0.530s] DEBUG:colcon.colcon_core.shell:Skip shell extension 'dsv' for command environment
[0.535s] INFO:colcon.colcon_ros.task.ament_cmake.build:Building ROS package in '/home/josedag31/Arus/ws/src/ARUSSim/src/automatic_simulations' with build type 'ament_cmake'
[0.535s] INFO:colcon.colcon_cmake.task.cmake.build:Building CMake package in '/home/josedag31/Arus/ws/src/ARUSSim/src/automatic_simulations'
[0.536s] INFO:colcon.colcon_core.shell:Skip shell extension 'powershell' for command environment: Not usable outside of PowerShell
[0.536s] DEBUG:colcon.colcon_core.shell:Skip shell extension 'dsv' for command environment
[0.552s] DEBUG:colcon.colcon_core.event_handler.log_command:Invoking command in '/home/josedag31/Arus/ws/src/ARUSSim/build/arussim_msgs': CMAKE_PREFIX_PATH=${CMAKE_PREFIX_PATH}:/opt/ros/humble /usr/bin/cmake --build /home/josedag31/Arus/ws/src/ARUSSim/build/arussim_msgs -- -j8 -l8
[0.558s] DEBUG:colcon.colcon_core.event_handler.log_command:Invoking command in '/home/josedag31/Arus/ws/src/ARUSSim/build/automatic_simulations': CMAKE_PREFIX_PATH=${CMAKE_PREFIX_PATH}:/opt/ros/humble /usr/bin/cmake --build /home/josedag31/Arus/ws/src/ARUSSim/build/automatic_simulations -- -j8 -l8
[0.675s] DEBUG:colcon.colcon_core.event_handler.log_command:Invoked command in '/home/josedag31/Arus/ws/src/ARUSSim/build/automatic_simulations' returned '0': CMAKE_PREFIX_PATH=${CMAKE_PREFIX_PATH}:/opt/ros/humble /usr/bin/cmake --build /home/josedag31/Arus/ws/src/ARUSSim/build/automatic_simulations -- -j8 -l8
[0.689s] DEBUG:colcon.colcon_core.event_handler.log_command:Invoking command in '/home/josedag31/Arus/ws/src/ARUSSim/build/automatic_simulations': CMAKE_PREFIX_PATH=${CMAKE_PREFIX_PATH}:/opt/ros/humble /usr/bin/cmake --install /home/josedag31/Arus/ws/src/ARUSSim/build/automatic_simulations
[0.708s] Level 1:colcon.colcon_core.environment:create_environment_scripts_only(automatic_simulations)
[0.710s] DEBUG:colcon.colcon_core.event_handler.log_command:Invoked command in '/home/josedag31/Arus/ws/src/ARUSSim/build/automatic_simulations' returned '0': CMAKE_PREFIX_PATH=${CMAKE_PREFIX_PATH}:/opt/ros/humble /usr/bin/cmake --install /home/josedag31/Arus/ws/src/ARUSSim/build/automatic_simulations
[0.713s] Level 1:colcon.colcon_core.environment:checking '/home/josedag31/Arus/ws/src/ARUSSim/install/automatic_simulations' for CMake module files
[0.713s] Level 1:colcon.colcon_core.environment:checking '/home/josedag31/Arus/ws/src/ARUSSim/install/automatic_simulations' for CMake config files
[0.714s] Level 1:colcon.colcon_core.shell:create_environment_hook('automatic_simulations', 'cmake_prefix_path')
[0.714s] INFO:colcon.colcon_core.shell:Creating environment hook '/home/josedag31/Arus/ws/src/ARUSSim/install/automatic_simulations/share/automatic_simulations/hook/cmake_prefix_path.ps1'
[0.716s] INFO:colcon.colcon_core.shell:Creating environment descriptor '/home/josedag31/Arus/ws/src/ARUSSim/install/automatic_simulations/share/automatic_simulations/hook/cmake_prefix_path.dsv'
[0.717s] INFO:colcon.colcon_core.shell:Creating environment hook '/home/josedag31/Arus/ws/src/ARUSSim/install/automatic_simulations/share/automatic_simulations/hook/cmake_prefix_path.sh'
[0.718s] Level 1:colcon.colcon_core.environment:checking '/home/josedag31/Arus/ws/src/ARUSSim/install/automatic_simulations/lib'
[0.718s] Level 1:colcon.colcon_core.environment:checking '/home/josedag31/Arus/ws/src/ARUSSim/install/automatic_simulations/bin'
[0.719s] Level 1:colcon.colcon_core.environment:checking '/home/josedag31/Arus/ws/src/ARUSSim/install/automatic_simulations/lib/pkgconfig/automatic_simulations.pc'
[0.719s] Level 1:colcon.colcon_core.environment:checking '/home/josedag31/Arus/ws/src/ARUSSim/install/automatic_simulations/lib/python3.10/site-packages'
[0.719s] Level 1:colcon.colcon_core.environment:checking '/home/josedag31/Arus/ws/src/ARUSSim/install/automatic_simulations/bin'
[0.720s] INFO:colcon.colcon_core.shell:Creating package script '/home/josedag31/Arus/ws/src/ARUSSim/install/automatic_simulations/share/automatic_simulations/package.ps1'
[0.721s] INFO:colcon.colcon_core.shell:Creating package descriptor '/home/josedag31/Arus/ws/src/ARUSSim/install/automatic_simulations/share/automatic_simulations/package.dsv'
[0.723s] INFO:colcon.colcon_core.shell:Creating package script '/home/josedag31/Arus/ws/src/ARUSSim/install/automatic_simulations/share/automatic_simulations/package.sh'
[0.724s] INFO:colcon.colcon_core.shell:Creating package script '/home/josedag31/Arus/ws/src/ARUSSim/install/automatic_simulations/share/automatic_simulations/package.bash'
[0.726s] INFO:colcon.colcon_core.shell:Creating package script '/home/josedag31/Arus/ws/src/ARUSSim/install/automatic_simulations/share/automatic_simulations/package.zsh'
[0.728s] Level 1:colcon.colcon_core.environment:create_file_with_runtime_dependencies(/home/josedag31/Arus/ws/src/ARUSSim/install/automatic_simulations/share/colcon-core/packages/automatic_simulations)
[0.729s] Level 1:colcon.colcon_core.environment:create_environment_scripts_only(automatic_simulations)
[0.730s] Level 1:colcon.colcon_core.environment:checking '/home/josedag31/Arus/ws/src/ARUSSim/install/automatic_simulations' for CMake module files
[0.731s] Level 1:colcon.colcon_core.environment:checking '/home/josedag31/Arus/ws/src/ARUSSim/install/automatic_simulations' for CMake config files
[0.731s] Level 1:colcon.colcon_core.shell:create_environment_hook('automatic_simulations', 'cmake_prefix_path')
[0.732s] INFO:colcon.colcon_core.shell:Creating environment hook '/home/josedag31/Arus/ws/src/ARUSSim/install/automatic_simulations/share/automatic_simulations/hook/cmake_prefix_path.ps1'
[0.732s] INFO:colcon.colcon_core.shell:Creating environment descriptor '/home/josedag31/Arus/ws/src/ARUSSim/install/automatic_simulations/share/automatic_simulations/hook/cmake_prefix_path.dsv'
[0.733s] INFO:colcon.colcon_core.shell:Creating environment hook '/home/josedag31/Arus/ws/src/ARUSSim/install/automatic_simulations/share/automatic_simulations/hook/cmake_prefix_path.sh'
[0.734s] Level 1:colcon.colcon_core.environment:checking '/home/josedag31/Arus/ws/src/ARUSSim/install/automatic_simulations/lib'
[0.735s] Level 1:colcon.colcon_core.environment:checking '/home/josedag31/Arus/ws/src/ARUSSim/install/automatic_simulations/bin'
[0.735s] Level 1:colcon.colcon_core.environment:checking '/home/josedag31/Arus/ws/src/ARUSSim/install/automatic_simulations/lib/pkgconfig/automatic_simulations.pc'
[0.735s] Level 1:colcon.colcon_core.environment:checking '/home/josedag31/Arus/ws/src/ARUSSim/install/automatic_simulations/lib/python3.10/site-packages'
[0.736s] Level 1:colcon.colcon_core.environment:checking '/home/josedag31/Arus/ws/src/ARUSSim/install/automatic_simulations/bin'
[0.736s] INFO:colcon.colcon_core.shell:Creating package script '/home/josedag31/Arus/ws/src/ARUSSim/install/automatic_simulations/share/automatic_simulations/package.ps1'
[0.737s] INFO:colcon.colcon_core.shell:Creating package descriptor '/home/josedag31/Arus/ws/src/ARUSSim/install/automatic_simulations/share/automatic_simulations/package.dsv'
[0.739s] INFO:colcon.colcon_core.shell:Creating package script '/home/josedag31/Arus/ws/src/ARUSSim/install/automatic_simulations/share/automatic_simulations/package.sh'
[0.740s] INFO:colcon.colcon_core.shell:Creating package script '/home/josedag31/Arus/ws/src/ARUSSim/install/automatic_simulations/share/automatic_simulations/package.bash'
[0.740s] INFO:colcon.colcon_core.shell:Creating package script '/home/josedag31/Arus/ws/src/ARUSSim/install/automatic_simulations/share/automatic_simulations/package.zsh'
[0.741s] Level 1:colcon.colcon_core.environment:create_file_with_runtime_dependencies(/home/josedag31/Arus/ws/src/ARUSSim/install/automatic_simulations/share/colcon-core/packages/automatic_simulations)
[1.114s] DEBUG:colcon.colcon_core.event_handler.log_command:Invoked command in '/home/josedag31/Arus/ws/src/ARUSSim/build/arussim_msgs' returned '0': CMAKE_PREFIX_PATH=${CMAKE_PREFIX_PATH}:/opt/ros/humble /usr/bin/cmake --build /home/josedag31/Arus/ws/src/ARUSSim/build/arussim_msgs -- -j8 -l8
[1.117s] DEBUG:colcon.colcon_core.event_handler.log_command:Invoking command in '/home/josedag31/Arus/ws/src/ARUSSim/build/arussim_msgs': CMAKE_PREFIX_PATH=${CMAKE_PREFIX_PATH}:/opt/ros/humble /usr/bin/cmake --install /home/josedag31/Arus/ws/src/ARUSSim/build/arussim_msgs
[1.190s] Level 1:colcon.colcon_core.environment:create_environment_scripts_only(arussim_msgs)
[1.190s] Level 1:colcon.colcon_core.environment:checking '/home/josedag31/Arus/ws/src/ARUSSim/install/arussim_msgs' for CMake module files
[1.196s] DEBUG:colcon.colcon_core.event_handler.log_command:Invoked command in '/home/josedag31/Arus/ws/src/ARUSSim/build/arussim_msgs' returned '0': CMAKE_PREFIX_PATH=${CMAKE_PREFIX_PATH}:/opt/ros/humble /usr/bin/cmake --install /home/josedag31/Arus/ws/src/ARUSSim/build/arussim_msgs
[1.196s] Level 1:colcon.colcon_core.environment:checking '/home/josedag31/Arus/ws/src/ARUSSim/install/arussim_msgs' for CMake config files
[1.197s] Level 1:colcon.colcon_core.shell:create_environment_hook('arussim_msgs', 'cmake_prefix_path')
[1.197s] INFO:colcon.colcon_core.shell:Creating environment hook '/home/josedag31/Arus/ws/src/ARUSSim/install/arussim_msgs/share/arussim_msgs/hook/cmake_prefix_path.ps1'
[1.198s] INFO:colcon.colcon_core.shell:Creating environment descriptor '/home/josedag31/Arus/ws/src/ARUSSim/install/arussim_msgs/share/arussim_msgs/hook/cmake_prefix_path.dsv'
[1.198s] INFO:colcon.colcon_core.shell:Creating environment hook '/home/josedag31/Arus/ws/src/ARUSSim/install/arussim_msgs/share/arussim_msgs/hook/cmake_prefix_path.sh'
[1.199s] Level 1:colcon.colcon_core.environment:checking '/home/josedag31/Arus/ws/src/ARUSSim/install/arussim_msgs/lib'
[1.199s] Level 1:colcon.colcon_core.shell:create_environment_hook('arussim_msgs', 'ld_library_path_lib')
[1.200s] INFO:colcon.colcon_core.shell:Creating environment hook '/home/josedag31/Arus/ws/src/ARUSSim/install/arussim_msgs/share/arussim_msgs/hook/ld_library_path_lib.ps1'
[1.200s] INFO:colcon.colcon_core.shell:Creating environment descriptor '/home/josedag31/Arus/ws/src/ARUSSim/install/arussim_msgs/share/arussim_msgs/hook/ld_library_path_lib.dsv'
[1.202s] INFO:colcon.colcon_core.shell:Creating environment hook '/home/josedag31/Arus/ws/src/ARUSSim/install/arussim_msgs/share/arussim_msgs/hook/ld_library_path_lib.sh'
[1.203s] Level 1:colcon.colcon_core.environment:checking '/home/josedag31/Arus/ws/src/ARUSSim/install/arussim_msgs/bin'
[1.203s] Level 1:colcon.colcon_core.environment:checking '/home/josedag31/Arus/ws/src/ARUSSim/install/arussim_msgs/lib/pkgconfig/arussim_msgs.pc'
[1.204s] Level 1:colcon.colcon_core.environment:checking '/home/josedag31/Arus/ws/src/ARUSSim/install/arussim_msgs/lib/python3.10/site-packages'
[1.204s] Level 1:colcon.colcon_core.environment:checking '/home/josedag31/Arus/ws/src/ARUSSim/install/arussim_msgs/bin'
[1.205s] INFO:colcon.colcon_core.shell:Creating package script '/home/josedag31/Arus/ws/src/ARUSSim/install/arussim_msgs/share/arussim_msgs/package.ps1'
[1.207s] INFO:colcon.colcon_core.shell:Creating package descriptor '/home/josedag31/Arus/ws/src/ARUSSim/install/arussim_msgs/share/arussim_msgs/package.dsv'
[1.208s] INFO:colcon.colcon_core.shell:Creating package script '/home/josedag31/Arus/ws/src/ARUSSim/install/arussim_msgs/share/arussim_msgs/package.sh'
[1.210s] INFO:colcon.colcon_core.shell:Creating package script '/home/josedag31/Arus/ws/src/ARUSSim/install/arussim_msgs/share/arussim_msgs/package.bash'
[1.211s] INFO:colcon.colcon_core.shell:Creating package script '/home/josedag31/Arus/ws/src/ARUSSim/install/arussim_msgs/share/arussim_msgs/package.zsh'
[1.212s] Level 1:colcon.colcon_core.environment:create_file_with_runtime_dependencies(/home/josedag31/Arus/ws/src/ARUSSim/install/arussim_msgs/share/colcon-core/packages/arussim_msgs)
[1.214s] Level 1:colcon.colcon_core.environment:create_environment_scripts_only(arussim_msgs)
[1.215s] Level 1:colcon.colcon_core.environment:checking '/home/josedag31/Arus/ws/src/ARUSSim/install/arussim_msgs' for CMake module files
[1.217s] Level 1:colcon.colcon_core.environment:checking '/home/josedag31/Arus/ws/src/ARUSSim/install/arussim_msgs' for CMake config files
[1.218s] Level 1:colcon.colcon_core.shell:create_environment_hook('arussim_msgs', 'cmake_prefix_path')
[1.218s] INFO:colcon.colcon_core.shell:Creating environment hook '/home/josedag31/Arus/ws/src/ARUSSim/install/arussim_msgs/share/arussim_msgs/hook/cmake_prefix_path.ps1'
[1.220s] INFO:colcon.colcon_core.shell:Creating environment descriptor '/home/josedag31/Arus/ws/src/ARUSSim/install/arussim_msgs/share/arussim_msgs/hook/cmake_prefix_path.dsv'
[1.221s] INFO:colcon.colcon_core.shell:Creating environment hook '/home/josedag31/Arus/ws/src/ARUSSim/install/arussim_msgs/share/arussim_msgs/hook/cmake_prefix_path.sh'
[1.222s] Level 1:colcon.colcon_core.environment:checking '/home/josedag31/Arus/ws/src/ARUSSim/install/arussim_msgs/lib'
[1.222s] Level 1:colcon.colcon_core.shell:create_environment_hook('arussim_msgs', 'ld_library_path_lib')
[1.223s] INFO:colcon.colcon_core.shell:Creating environment hook '/home/josedag31/Arus/ws/src/ARUSSim/install/arussim_msgs/share/arussim_msgs/hook/ld_library_path_lib.ps1'
[1.225s] INFO:colcon.colcon_core.shell:Creating environment descriptor '/home/josedag31/Arus/ws/src/ARUSSim/install/arussim_msgs/share/arussim_msgs/hook/ld_library_path_lib.dsv'
[1.226s] INFO:colcon.colcon_core.shell:Creating environment hook '/home/josedag31/Arus/ws/src/ARUSSim/install/arussim_msgs/share/arussim_msgs/hook/ld_library_path_lib.sh'
[1.228s] Level 1:colcon.colcon_core.environment:checking '/home/josedag31/Arus/ws/src/ARUSSim/install/arussim_msgs/bin'
[1.228s] Level 1:colcon.colcon_core.environment:checking '/home/josedag31/Arus/ws/src/ARUSSim/install/arussim_msgs/lib/pkgconfig/arussim_msgs.pc'
[1.229s] Level 1:colcon.colcon_core.environment:checking '/home/josedag31/Arus/ws/src/ARUSSim/install/arussim_msgs/lib/python3.10/site-packages'
[1.230s] Level 1:colcon.colcon_core.environment:checking '/home/josedag31/Arus/ws/src/ARUSSim/install/arussim_msgs/bin'
[1.231s] INFO:colcon.colcon_core.shell:Creating package script '/home/josedag31/Arus/ws/src/ARUSSim/install/arussim_msgs/share/arussim_msgs/package.ps1'
[1.233s] INFO:colcon.colcon_core.shell:Creating package descriptor '/home/josedag31/Arus/ws/src/ARUSSim/install/arussim_msgs/share/arussim_msgs/package.dsv'
[1.235s] INFO:colcon.colcon_core.shell:Creating package script '/home/josedag31/Arus/ws/src/ARUSSim/install/arussim_msgs/share/arussim_msgs/package.sh'
[1.238s] INFO:colcon.colcon_core.shell:Creating package script '/home/josedag31/Arus/ws/src/ARUSSim/install/arussim_msgs/share/arussim_msgs/package.bash'
[1.239s] INFO:colcon.colcon_core.shell:Creating package script '/home/josedag31/Arus/ws/src/ARUSSim/install/arussim_msgs/share/arussim_msgs/package.zsh'
[1.240s] Level 1:colcon.colcon_core.environment:create_file_with_runtime_dependencies(/home/josedag31/Arus/ws/src/ARUSSim/install/arussim_msgs/share/colcon-core/packages/arussim_msgs)
[1.241s] INFO:colcon.colcon_ros.task.ament_cmake.build:Building ROS package in '/home/josedag31/Arus/ws/src/ARUSSim/src/arussim' with build type 'ament_cmake'
[1.241s] INFO:colcon.colcon_cmake.task.cmake.build:Building CMake package in '/home/josedag31/Arus/ws/src/ARUSSim/src/arussim'
[1.242s] INFO:colcon.colcon_core.shell:Skip shell extension 'powershell' for command environment: Not usable outside of PowerShell
[1.242s] DEBUG:colcon.colcon_core.shell:Skip shell extension 'dsv' for command environment
[1.265s] DEBUG:colcon.colcon_core.event_handler.log_command:Invoking command in '/home/josedag31/Arus/ws/src/ARUSSim/build/arussim': AMENT_PREFIX_PATH=/home/josedag31/Arus/ws/src/ARUSSim/install/arussim_msgs:${AMENT_PREFIX_PATH} CMAKE_PREFIX_PATH=/home/josedag31/Arus/ws/src/ARUSSim/install/arussim_msgs:/home/josedag31/Arus/ws/install/visualization:/home/josedag31/Arus/ws/install/trajectory_optimization:/home/josedag31/Arus/ws/install/skidpad_planning:/home/josedag31/Arus/ws/install/perception:/home/josedag31/Arus/ws/install/path_planning:/home/josedag31/Arus/ws/install/inspection_control:/home/josedag31/Arus/ws/install/icp_slam:/home/josedag31/Arus/ws/install/graph_slam:/home/josedag31/Arus/ws/install/epos_interface:/home/josedag31/Arus/ws/install/controller:/home/josedag31/Arus/ws/install/car_state:/home/josedag31/Arus/ws/install/common_msgs:/home/josedag31/Arus/ws/install/common_meta:/home/josedag31/Arus/ws/install/can_interface:/home/josedag31/Arus/ws/install/automatic_simulations:/home/josedag31/Arus/ws/install/arussim_msgs:/home/josedag31/Arus/ws/install/arussim_interface:/home/josedag31/Arus/ws/install/arussim:/home/josedag31/Arus/ws/install/acc_planning:/opt/ros/humble LD_LIBRARY_PATH=/home/josedag31/Arus/ws/src/ARUSSim/install/arussim_msgs/lib:${LD_LIBRARY_PATH} PYTHONPATH=/home/josedag31/Arus/ws/src/ARUSSim/install/arussim_msgs/local/lib/python3.10/dist-packages:${PYTHONPATH} /usr/bin/cmake --build /home/josedag31/Arus/ws/src/ARUSSim/build/arussim -- -j8 -l8
[31.306s] DEBUG:colcon.colcon_core.event_handler.log_command:Invoked command in '/home/josedag31/Arus/ws/src/ARUSSim/build/arussim' returned '0': AMENT_PREFIX_PATH=/home/josedag31/Arus/ws/src/ARUSSim/install/arussim_msgs:${AMENT_PREFIX_PATH} CMAKE_PREFIX_PATH=/home/josedag31/Arus/ws/src/ARUSSim/install/arussim_msgs:/home/josedag31/Arus/ws/install/visualization:/home/josedag31/Arus/ws/install/trajectory_optimization:/home/josedag31/Arus/ws/install/skidpad_planning:/home/josedag31/Arus/ws/install/perception:/home/josedag31/Arus/ws/install/path_planning:/home/josedag31/Arus/ws/install/inspection_control:/home/josedag31/Arus/ws/install/icp_slam:/home/josedag31/Arus/ws/install/graph_slam:/home/josedag31/Arus/ws/install/epos_interface:/home/josedag31/Arus/ws/install/controller:/home/josedag31/Arus/ws/install/car_state:/home/josedag31/Arus/ws/install/common_msgs:/home/josedag31/Arus/ws/install/common_meta:/home/josedag31/Arus/ws/install/can_interface:/home/josedag31/Arus/ws/install/automatic_simulations:/home/josedag31/Arus/ws/install/arussim_msgs:/home/josedag31/Arus/ws/install/arussim_interface:/home/josedag31/Arus/ws/install/arussim:/home/josedag31/Arus/ws/install/acc_planning:/opt/ros/humble LD_LIBRARY_PATH=/home/josedag31/Arus/ws/src/ARUSSim/install/arussim_msgs/lib:${LD_LIBRARY_PATH} PYTHONPATH=/home/josedag31/Arus/ws/src/ARUSSim/install/arussim_msgs/local/lib/python3.10/dist-packages:${PYTHONPATH} /usr/bin/cmake --build /home/josedag31/Arus/ws/src/ARUSSim/build/arussim -- -j8 -l8
[31.309s] DEBUG:colcon.colcon_core.event_handler.log_command:Invoking command in '/home/josedag31/Arus/ws/src/ARUSSim/build/arussim': AMENT_PREFIX_PATH=/home/josedag31/Arus/ws/src/ARUSSim/install/arussim_msgs:${AMENT_PREFIX_PATH} CMAKE_PREFIX_PATH=/home/josedag31/Arus/ws/src/ARUSSim/install/arussim_msgs:/home/josedag31/Arus/ws/install/visualization:/home/josedag31/Arus/ws/install/trajectory_optimization:/home/josedag31/Arus/ws/install/skidpad_planning:/home/josedag31/Arus/ws/install/perception:/home/josedag31/Arus/ws/install/path_planning:/home/josedag31/Arus/ws/install/inspection_control:/home/josedag31/Arus/ws/install/icp_slam:/home/josedag31/Arus/ws/install/graph_slam:/home/josedag31/Arus/ws/install/epos_interface:/home/josedag31/Arus/ws/install/controller:/home/josedag31/Arus/ws/install/car_state:/home/josedag31/Arus/ws/install/common_msgs:/home/josedag31/Arus/ws/install/common_meta:/home/josedag31/Arus/ws/install/can_interface:/home/josedag31/Arus/ws/install/automatic_simulations:/home/josedag31/Arus/ws/install/arussim_msgs:/home/josedag31/Arus/ws/install/arussim_interface:/home/josedag31/Arus/ws/install/arussim:/home/josedag31/Arus/ws/install/acc_planning:/opt/ros/humble LD_LIBRARY_PATH=/home/josedag31/Arus/ws/src/ARUSSim/install/arussim_msgs/lib:${LD_LIBRARY_PATH} PYTHONPATH=/home/josedag31/Arus/ws/src/ARUSSim/install/arussim_msgs/local/lib/python3.10/dist-packages:${PYTHONPATH} /usr/bin/cmake --install /home/josedag31/Arus/ws/src/ARUSSim/build/arussim
[31.367s] Level 1:colcon.colcon_core.environment:create_environment_scripts_only(arussim)
[31.368s] Level 1:colcon.colcon_core.environment:checking '/home/josedag31/Arus/ws/src/ARUSSim/install/arussim' for CMake module files
[31.369s] DEBUG:colcon.colcon_core.event_handler.log_command:Invoked command in '/home/josedag31/Arus/ws/src/ARUSSim/build/arussim' returned '0': AMENT_PREFIX_PATH=/home/josedag31/Arus/ws/src/ARUSSim/install/arussim_msgs:${AMENT_PREFIX_PATH} CMAKE_PREFIX_PATH=/home/josedag31/Arus/ws/src/ARUSSim/install/arussim_msgs:/home/josedag31/Arus/ws/install/visualization:/home/josedag31/Arus/ws/install/trajectory_optimization:/home/josedag31/Arus/ws/install/skidpad_planning:/home/josedag31/Arus/ws/install/perception:/home/josedag31/Arus/ws/install/path_planning:/home/josedag31/Arus/ws/install/inspection_control:/home/josedag31/Arus/ws/install/icp_slam:/home/josedag31/Arus/ws/install/graph_slam:/home/josedag31/Arus/ws/install/epos_interface:/home/josedag31/Arus/ws/install/controller:/home/josedag31/Arus/ws/install/car_state:/home/josedag31/Arus/ws/install/common_msgs:/home/josedag31/Arus/ws/install/common_meta:/home/josedag31/Arus/ws/install/can_interface:/home/josedag31/Arus/ws/install/automatic_simulations:/home/josedag31/Arus/ws/install/arussim_msgs:/home/josedag31/Arus/ws/install/arussim_interface:/home/josedag31/Arus/ws/install/arussim:/home/josedag31/Arus/ws/install/acc_planning:/opt/ros/humble LD_LIBRARY_PATH=/home/josedag31/Arus/ws/src/ARUSSim/install/arussim_msgs/lib:${LD_LIBRARY_PATH} PYTHONPATH=/home/josedag31/Arus/ws/src/ARUSSim/install/arussim_msgs/local/lib/python3.10/dist-packages:${PYTHONPATH} /usr/bin/cmake --install /home/josedag31/Arus/ws/src/ARUSSim/build/arussim
[31.369s] Level 1:colcon.colcon_core.environment:checking '/home/josedag31/Arus/ws/src/ARUSSim/install/arussim' for CMake config files
[31.370s] Level 1:colcon.colcon_core.shell:create_environment_hook('arussim', 'cmake_prefix_path')
[31.370s] INFO:colcon.colcon_core.shell:Creating environment hook '/home/josedag31/Arus/ws/src/ARUSSim/install/arussim/share/arussim/hook/cmake_prefix_path.ps1'
[31.371s] INFO:colcon.colcon_core.shell:Creating environment descriptor '/home/josedag31/Arus/ws/src/ARUSSim/install/arussim/share/arussim/hook/cmake_prefix_path.dsv'
[31.371s] INFO:colcon.colcon_core.shell:Creating environment hook '/home/josedag31/Arus/ws/src/ARUSSim/install/arussim/share/arussim/hook/cmake_prefix_path.sh'
[31.372s] Level 1:colcon.colcon_core.environment:checking '/home/josedag31/Arus/ws/src/ARUSSim/install/arussim/lib'
[31.372s] Level 1:colcon.colcon_core.shell:create_environment_hook('arussim', 'ld_library_path_lib')
[31.372s] INFO:colcon.colcon_core.shell:Creating environment hook '/home/josedag31/Arus/ws/src/ARUSSim/install/arussim/share/arussim/hook/ld_library_path_lib.ps1'
[31.373s] INFO:colcon.colcon_core.shell:Creating environment descriptor '/home/josedag31/Arus/ws/src/ARUSSim/install/arussim/share/arussim/hook/ld_library_path_lib.dsv'
[31.373s] INFO:colcon.colcon_core.shell:Creating environment hook '/home/josedag31/Arus/ws/src/ARUSSim/install/arussim/share/arussim/hook/ld_library_path_lib.sh'
[31.373s] Level 1:colcon.colcon_core.environment:checking '/home/josedag31/Arus/ws/src/ARUSSim/install/arussim/bin'
[31.374s] Level 1:colcon.colcon_core.environment:checking '/home/josedag31/Arus/ws/src/ARUSSim/install/arussim/lib/pkgconfig/arussim.pc'
[31.374s] Level 1:colcon.colcon_core.environment:checking '/home/josedag31/Arus/ws/src/ARUSSim/install/arussim/lib/python3.10/site-packages'
[31.374s] Level 1:colcon.colcon_core.environment:checking '/home/josedag31/Arus/ws/src/ARUSSim/install/arussim/bin'
[31.374s] INFO:colcon.colcon_core.shell:Creating package script '/home/josedag31/Arus/ws/src/ARUSSim/install/arussim/share/arussim/package.ps1'
[31.375s] INFO:colcon.colcon_core.shell:Creating package descriptor '/home/josedag31/Arus/ws/src/ARUSSim/install/arussim/share/arussim/package.dsv'
[31.376s] INFO:colcon.colcon_core.shell:Creating package script '/home/josedag31/Arus/ws/src/ARUSSim/install/arussim/share/arussim/package.sh'
[31.376s] INFO:colcon.colcon_core.shell:Creating package script '/home/josedag31/Arus/ws/src/ARUSSim/install/arussim/share/arussim/package.bash'
[31.377s] INFO:colcon.colcon_core.shell:Creating package script '/home/josedag31/Arus/ws/src/ARUSSim/install/arussim/share/arussim/package.zsh'
[31.377s] Level 1:colcon.colcon_core.environment:create_file_with_runtime_dependencies(/home/josedag31/Arus/ws/src/ARUSSim/install/arussim/share/colcon-core/packages/arussim)
[31.378s] Level 1:colcon.colcon_core.environment:create_environment_scripts_only(arussim)
[31.378s] Level 1:colcon.colcon_core.environment:checking '/home/josedag31/Arus/ws/src/ARUSSim/install/arussim' for CMake module files
[31.379s] Level 1:colcon.colcon_core.environment:checking '/home/josedag31/Arus/ws/src/ARUSSim/install/arussim' for CMake config files
[31.379s] Level 1:colcon.colcon_core.shell:create_environment_hook('arussim', 'cmake_prefix_path')
[31.379s] INFO:colcon.colcon_core.shell:Creating environment hook '/home/josedag31/Arus/ws/src/ARUSSim/install/arussim/share/arussim/hook/cmake_prefix_path.ps1'
[31.380s] INFO:colcon.colcon_core.shell:Creating environment descriptor '/home/josedag31/Arus/ws/src/ARUSSim/install/arussim/share/arussim/hook/cmake_prefix_path.dsv'
[31.380s] INFO:colcon.colcon_core.shell:Creating environment hook '/home/josedag31/Arus/ws/src/ARUSSim/install/arussim/share/arussim/hook/cmake_prefix_path.sh'
[31.381s] Level 1:colcon.colcon_core.environment:checking '/home/josedag31/Arus/ws/src/ARUSSim/install/arussim/lib'
[31.381s] Level 1:colcon.colcon_core.shell:create_environment_hook('arussim', 'ld_library_path_lib')
[31.381s] INFO:colcon.colcon_core.shell:Creating environment hook '/home/josedag31/Arus/ws/src/ARUSSim/install/arussim/share/arussim/hook/ld_library_path_lib.ps1'
[31.382s] INFO:colcon.colcon_core.shell:Creating environment descriptor '/home/josedag31/Arus/ws/src/ARUSSim/install/arussim/share/arussim/hook/ld_library_path_lib.dsv'
[31.382s] INFO:colcon.colcon_core.shell:Creating environment hook '/home/josedag31/Arus/ws/src/ARUSSim/install/arussim/share/arussim/hook/ld_library_path_lib.sh'
[31.383s] Level 1:colcon.colcon_core.environment:checking '/home/josedag31/Arus/ws/src/ARUSSim/install/arussim/bin'
[31.383s] Level 1:colcon.colcon_core.environment:checking '/home/josedag31/Arus/ws/src/ARUSSim/install/arussim/lib/pkgconfig/arussim.pc'
[31.383s] Level 1:colcon.colcon_core.environment:checking '/home/josedag31/Arus/ws/src/ARUSSim/install/arussim/lib/python3.10/site-packages'
[31.383s] Level 1:colcon.colcon_core.environment:checking '/home/josedag31/Arus/ws/src/ARUSSim/install/arussim/bin'
[31.384s] INFO:colcon.colcon_core.shell:Creating package script '/home/josedag31/Arus/ws/src/ARUSSim/install/arussim/share/arussim/package.ps1'
[31.384s] INFO:colcon.colcon_core.shell:Creating package descriptor '/home/josedag31/Arus/ws/src/ARUSSim/install/arussim/share/arussim/package.dsv'
[31.385s] INFO:colcon.colcon_core.shell:Creating package script '/home/josedag31/Arus/ws/src/ARUSSim/install/arussim/share/arussim/package.sh'
[31.386s] INFO:colcon.colcon_core.shell:Creating package script '/home/josedag31/Arus/ws/src/ARUSSim/install/arussim/share/arussim/package.bash'
[31.386s] INFO:colcon.colcon_core.shell:Creating package script '/home/josedag31/Arus/ws/src/ARUSSim/install/arussim/share/arussim/package.zsh'
[31.387s] Level 1:colcon.colcon_core.environment:create_file_with_runtime_dependencies(/home/josedag31/Arus/ws/src/ARUSSim/install/arussim/share/colcon-core/packages/arussim)
[31.387s] DEBUG:colcon.colcon_parallel_executor.executor.parallel:closing loop
[31.387s] DEBUG:colcon.colcon_parallel_executor.executor.parallel:loop closed
[31.387s] DEBUG:colcon.colcon_parallel_executor.executor.parallel:run_until_complete finished with '0'
[31.387s] DEBUG:colcon.colcon_core.event_reactor:joining thread
[31.396s] INFO:colcon.colcon_core.plugin_system:Skipping extension 'colcon_notification.desktop_notification.terminal_notifier': Not used on non-Darwin systems
[31.396s] INFO:colcon.colcon_core.plugin_system:Skipping extension 'colcon_notification.desktop_notification.win32': Not used on non-Windows systems
[31.396s] INFO:colcon.colcon_notification.desktop_notification:Sending desktop notification using 'notify2'
[31.416s] DEBUG:colcon.colcon_core.event_reactor:joined thread
[31.417s] INFO:colcon.colcon_core.shell:Creating prefix script '/home/josedag31/Arus/ws/src/ARUSSim/install/local_setup.ps1'
[31.420s] INFO:colcon.colcon_core.shell:Creating prefix util module '/home/josedag31/Arus/ws/src/ARUSSim/install/_local_setup_util_ps1.py'
[31.425s] INFO:colcon.colcon_core.shell:Creating prefix chain script '/home/josedag31/Arus/ws/src/ARUSSim/install/setup.ps1'
[31.431s] INFO:colcon.colcon_core.shell:Creating prefix script '/home/josedag31/Arus/ws/src/ARUSSim/install/local_setup.sh'
[31.432s] INFO:colcon.colcon_core.shell:Creating prefix util module '/home/josedag31/Arus/ws/src/ARUSSim/install/_local_setup_util_sh.py'
[31.434s] INFO:colcon.colcon_core.shell:Creating prefix chain script '/home/josedag31/Arus/ws/src/ARUSSim/install/setup.sh'
[31.440s] INFO:colcon.colcon_core.shell:Creating prefix script '/home/josedag31/Arus/ws/src/ARUSSim/install/local_setup.bash'
[31.441s] INFO:colcon.colcon_core.shell:Creating prefix chain script '/home/josedag31/Arus/ws/src/ARUSSim/install/setup.bash'
[31.447s] INFO:colcon.colcon_core.shell:Creating prefix script '/home/josedag31/Arus/ws/src/ARUSSim/install/local_setup.zsh'
[31.449s] INFO:colcon.colcon_core.shell:Creating prefix chain script '/home/josedag31/Arus/ws/src/ARUSSim/install/setup.zsh'
