[0.025s] Invoking command in '/home/josedag31/Arus/ws/src/ARUSSim/build/arussim': AMENT_PREFIX_PATH=/home/josedag31/Arus/ws/src/ARUSSim/install/arussim_msgs:${AMENT_PREFIX_PATH} CMAKE_PREFIX_PATH=/home/josedag31/Arus/ws/src/ARUSSim/install/arussim_msgs:/home/josedag31/Arus/ws/install/visualization:/home/josedag31/Arus/ws/install/trajectory_optimization:/home/josedag31/Arus/ws/install/skidpad_planning:/home/josedag31/Arus/ws/install/perception:/home/josedag31/Arus/ws/install/path_planning:/home/josedag31/Arus/ws/install/inspection_control:/home/josedag31/Arus/ws/install/icp_slam:/home/josedag31/Arus/ws/install/graph_slam:/home/josedag31/Arus/ws/install/epos_interface:/home/josedag31/Arus/ws/install/controller:/home/josedag31/Arus/ws/install/car_state:/home/josedag31/Arus/ws/install/common_msgs:/home/josedag31/Arus/ws/install/common_meta:/home/josedag31/Arus/ws/install/can_interface:/home/josedag31/Arus/ws/install/automatic_simulations:/home/josedag31/Arus/ws/install/arussim_msgs:/home/josedag31/Arus/ws/install/arussim_interface:/home/josedag31/Arus/ws/install/arussim:/home/josedag31/Arus/ws/install/acc_planning:/opt/ros/humble LD_LIBRARY_PATH=/home/josedag31/Arus/ws/src/ARUSSim/install/arussim_msgs/lib:${LD_LIBRARY_PATH} PYTHONPATH=/home/josedag31/Arus/ws/src/ARUSSim/install/arussim_msgs/local/lib/python3.10/dist-packages:${PYTHONPATH} /usr/bin/cmake /home/josedag31/Arus/ws/src/ARUSSim/src/arussim -DCMAKE_INSTALL_PREFIX=/home/josedag31/Arus/ws/src/ARUSSim/install/arussim
[0.151s] -- The C compiler identification is GNU 11.4.0
[0.261s] -- The CXX compiler identification is GNU 11.4.0
[0.276s] -- Detecting C compiler ABI info
[0.423s] -- Detecting C compiler ABI info - done
[0.440s] -- Check for working C compiler: /usr/bin/cc - skipped
[0.441s] -- Detecting C compile features
[0.441s] -- Detecting C compile features - done
[0.448s] -- Detecting CXX compiler ABI info
[0.620s] -- Detecting CXX compiler ABI info - done
[0.643s] -- Check for working CXX compiler: /usr/bin/c++ - skipped
[0.644s] -- Detecting CXX compile features
[0.645s] -- Detecting CXX compile features - done
[0.654s] -- Found ament_cmake: 1.3.11 (/opt/ros/humble/share/ament_cmake/cmake)
[0.974s] -- Found Python3: /usr/bin/python3 (found version "3.10.12") found components: Interpreter 
[1.206s] -- Found rclcpp: 16.0.11 (/opt/ros/humble/share/rclcpp/cmake)
[1.313s] -- Found rosidl_generator_c: 3.1.6 (/opt/ros/humble/share/rosidl_generator_c/cmake)
[1.328s] -- Found rosidl_adapter: 3.1.6 (/opt/ros/humble/share/rosidl_adapter/cmake)
[1.349s] -- Found rosidl_generator_cpp: 3.1.6 (/opt/ros/humble/share/rosidl_generator_cpp/cmake)
[1.377s] -- Using all available rosidl_typesupport_c: rosidl_typesupport_fastrtps_c;rosidl_typesupport_introspection_c
[1.415s] -- Using all available rosidl_typesupport_cpp: rosidl_typesupport_fastrtps_cpp;rosidl_typesupport_introspection_cpp
[1.528s] -- Found rmw_implementation_cmake: 6.1.2 (/opt/ros/humble/share/rmw_implementation_cmake/cmake)
[1.538s] -- Found rmw_fastrtps_cpp: 6.2.7 (/opt/ros/humble/share/rmw_fastrtps_cpp/cmake)
[1.788s] -- Found OpenSSL: /usr/lib/x86_64-linux-gnu/libcrypto.so (found version "3.0.2")  
[1.848s] -- Found FastRTPS: /opt/ros/humble/include  
[1.935s] -- Using RMW implementation 'rmw_fastrtps_cpp' as default
[1.962s] -- Looking for pthread.h
[2.102s] -- Looking for pthread.h - found
[2.103s] -- Performing Test CMAKE_HAVE_LIBC_PTHREAD
[2.242s] -- Performing Test CMAKE_HAVE_LIBC_PTHREAD - Success
[2.244s] -- Found Threads: TRUE  
[2.356s] -- Found geometry_msgs: 4.2.4 (/opt/ros/humble/share/geometry_msgs/cmake)
[2.391s] -- Found sensor_msgs: 4.2.4 (/opt/ros/humble/share/sensor_msgs/cmake)
[2.431s] -- Found visualization_msgs: 4.2.4 (/opt/ros/humble/share/visualization_msgs/cmake)
[2.466s] -- Found arussim_msgs: 0.0.0 (/home/josedag31/Arus/ws/src/ARUSSim/install/arussim_msgs/share/arussim_msgs/cmake)
[2.493s] -- Found tf2_ros: 0.25.12 (/opt/ros/humble/share/tf2_ros/cmake)
[2.835s] -- Checking for module 'eigen3'
[2.868s] --   Found eigen3, version 3.4.0
[2.950s] -- Found Eigen: /usr/include/eigen3 (Required is at least version "3.1") 
[2.951s] -- Eigen found (include: /usr/include/eigen3, version: 3.4.0)
[3.020s] -- Found Boost: /usr/lib/x86_64-linux-gnu/cmake/Boost-1.74.0/BoostConfig.cmake (found suitable version "1.74.0", minimum required is "1.65.0") found components: system filesystem date_time iostreams serialization 
[3.052s] -- Checking for module 'flann'
[3.084s] --   Found flann, version 1.9.1
[3.180s] -- Found FLANN: /usr/lib/x86_64-linux-gnu/libflann_cpp.so  
[3.181s] -- FLANN found (include: /usr/include, lib: /usr/lib/x86_64-linux-gnu/libflann_cpp.so)
[3.251s] -- Found GLEW: /usr/lib/x86_64-linux-gnu/libGLEW.so  
[3.265s] -- Found OpenGL: /usr/lib/x86_64-linux-gnu/libOpenGL.so  found components: OpenGL GLX 
[3.564s] -- Found MPI_C: /usr/lib/x86_64-linux-gnu/libmpi.so (found version "3.1") 
[3.565s] -- Found MPI: TRUE (found version "3.1") found components: C 
[3.572s] -- Found JsonCpp: /usr/lib/x86_64-linux-gnu/libjsoncpp.so (found suitable version "1.9.5", minimum required is "0.7.0") 
[3.601s] -- Found ZLIB: /usr/lib/x86_64-linux-gnu/libz.so (found version "1.2.11") 
[3.634s] -- Found PNG: /usr/lib/x86_64-linux-gnu/libpng.so (found version "1.6.37") 
[3.672s] -- Found Eigen3: /usr/include/eigen3 (found version "3.4.0") 
[3.895s] -- Found X11: /usr/include   
[3.896s] -- Looking for XOpenDisplay in /usr/lib/x86_64-linux-gnu/libX11.so;/usr/lib/x86_64-linux-gnu/libXext.so
[4.054s] -- Looking for XOpenDisplay in /usr/lib/x86_64-linux-gnu/libX11.so;/usr/lib/x86_64-linux-gnu/libXext.so - found
[4.054s] -- Looking for gethostbyname
[4.202s] -- Looking for gethostbyname - found
[4.202s] -- Looking for connect
[4.345s] -- Looking for connect - found
[4.345s] -- Looking for remove
[4.473s] -- Looking for remove - found
[4.473s] -- Looking for shmat
[4.605s] -- Looking for shmat - found
[4.605s] -- Looking for IceConnectionNumber in ICE
[4.743s] -- Looking for IceConnectionNumber in ICE - found
[4.948s] -- Found EXPAT: /usr/lib/x86_64-linux-gnu/libexpat.so (found version "2.4.7") 
[4.960s] -- Found double-conversion: /usr/lib/x86_64-linux-gnu/libdouble-conversion.so  
[4.961s] -- Found LZ4: /usr/lib/x86_64-linux-gnu/liblz4.so (found version "1.9.3") 
[4.967s] -- Found LZMA: /usr/lib/x86_64-linux-gnu/liblzma.so (found version "5.2.5") 
[5.003s] -- Found JPEG: /usr/lib/x86_64-linux-gnu/libjpeg.so (found version "80") 
[5.018s] -- Found TIFF: /usr/lib/x86_64-linux-gnu/libtiff.so (found version "4.3.0")  
[5.026s] -- Found Freetype: /usr/lib/x86_64-linux-gnu/libfreetype.so (found version "2.11.1") 
[5.037s] -- Found utf8cpp: /usr/include/utf8cpp  
[5.224s] -- Checking for module 'libusb-1.0'
[5.260s] --   Found libusb-1.0, version 1.0.25
[5.351s] -- Found libusb: /usr/lib/x86_64-linux-gnu/libusb-1.0.so  
[5.354s] -- Found OpenNI: /usr/lib/libOpenNI.so;libusb::libusb (found version "1.5.4.0") 
[5.354s] -- OpenNI found (version: 1.5.4.0, include: /usr/include/ni, lib: /usr/lib/libOpenNI.so;libusb::libusb)
[5.500s] -- Found OpenNI2: /usr/lib/x86_64-linux-gnu/libOpenNI2.so;libusb::libusb (found version "2.2.0.33") 
[5.500s] -- OpenNI2 found (version: 2.2.0.33, include: /usr/include/openni2, lib: /usr/lib/x86_64-linux-gnu/libOpenNI2.so;libusb::libusb)
[5.500s] [0m** WARNING ** io features related to pcap will be disabled[0m
[5.790s] -- Eigen found (include: /usr/include/eigen3, version: 3.4.0)
[5.801s] -- OpenNI found (version: 1.5.4.0, include: /usr/include/ni, lib: /usr/lib/libOpenNI.so;libusb::libusb)
[5.815s] -- OpenNI2 found (version: 2.2.0.33, include: /usr/include/openni2, lib: /usr/lib/x86_64-linux-gnu/libOpenNI2.so;libusb::libusb)
[6.049s] -- Found Qhull version 8.0.2
[6.328s] -- OpenNI found (version: 1.5.4.0, include: /usr/include/ni, lib: /usr/lib/libOpenNI.so;libusb::libusb)
[6.570s] -- looking for PCL_COMMON
[6.571s] -- Found PCL_COMMON: /usr/lib/x86_64-linux-gnu/libpcl_common.so  
[6.571s] -- looking for PCL_KDTREE
[6.572s] -- Found PCL_KDTREE: /usr/lib/x86_64-linux-gnu/libpcl_kdtree.so  
[6.572s] -- looking for PCL_OCTREE
[6.573s] -- Found PCL_OCTREE: /usr/lib/x86_64-linux-gnu/libpcl_octree.so  
[6.573s] -- looking for PCL_SEARCH
[6.574s] -- Found PCL_SEARCH: /usr/lib/x86_64-linux-gnu/libpcl_search.so  
[6.574s] -- looking for PCL_SAMPLE_CONSENSUS
[6.575s] -- Found PCL_SAMPLE_CONSENSUS: /usr/lib/x86_64-linux-gnu/libpcl_sample_consensus.so  
[6.575s] -- looking for PCL_FILTERS
[6.577s] -- Found PCL_FILTERS: /usr/lib/x86_64-linux-gnu/libpcl_filters.so  
[6.577s] -- looking for PCL_2D
[6.577s] -- Found PCL_2D: /usr/include/pcl-1.12  
[6.578s] -- looking for PCL_GEOMETRY
[6.578s] -- Found PCL_GEOMETRY: /usr/include/pcl-1.12  
[6.578s] -- looking for PCL_IO
[6.579s] -- Found PCL_IO: /usr/lib/x86_64-linux-gnu/libpcl_io.so  
[6.579s] -- looking for PCL_FEATURES
[6.580s] -- Found PCL_FEATURES: /usr/lib/x86_64-linux-gnu/libpcl_features.so  
[6.581s] -- looking for PCL_ML
[6.582s] -- Found PCL_ML: /usr/lib/x86_64-linux-gnu/libpcl_ml.so  
[6.582s] -- looking for PCL_SEGMENTATION
[6.583s] -- Found PCL_SEGMENTATION: /usr/lib/x86_64-linux-gnu/libpcl_segmentation.so  
[6.584s] -- looking for PCL_VISUALIZATION
[6.585s] -- Found PCL_VISUALIZATION: /usr/lib/x86_64-linux-gnu/libpcl_visualization.so  
[6.585s] -- looking for PCL_SURFACE
[6.587s] -- Found PCL_SURFACE: /usr/lib/x86_64-linux-gnu/libpcl_surface.so  
[6.587s] -- looking for PCL_REGISTRATION
[6.588s] -- Found PCL_REGISTRATION: /usr/lib/x86_64-linux-gnu/libpcl_registration.so  
[6.588s] -- looking for PCL_KEYPOINTS
[6.589s] -- Found PCL_KEYPOINTS: /usr/lib/x86_64-linux-gnu/libpcl_keypoints.so  
[6.589s] -- looking for PCL_TRACKING
[6.590s] -- Found PCL_TRACKING: /usr/lib/x86_64-linux-gnu/libpcl_tracking.so  
[6.591s] -- looking for PCL_RECOGNITION
[6.592s] -- Found PCL_RECOGNITION: /usr/lib/x86_64-linux-gnu/libpcl_recognition.so  
[6.592s] -- looking for PCL_STEREO
[6.594s] -- Found PCL_STEREO: /usr/lib/x86_64-linux-gnu/libpcl_stereo.so  
[6.594s] -- looking for PCL_APPS
[6.595s] -- Found PCL_APPS: /usr/lib/x86_64-linux-gnu/libpcl_apps.so  
[6.596s] -- looking for PCL_IN_HAND_SCANNER
[6.596s] -- Found PCL_IN_HAND_SCANNER: /usr/include/pcl-1.12  
[6.596s] -- looking for PCL_MODELER
[6.597s] -- Found PCL_MODELER: /usr/include/pcl-1.12  
[6.597s] -- looking for PCL_POINT_CLOUD_EDITOR
[6.597s] -- Found PCL_POINT_CLOUD_EDITOR: /usr/include/pcl-1.12  
[6.597s] -- looking for PCL_OUTOFCORE
[6.599s] -- Found PCL_OUTOFCORE: /usr/lib/x86_64-linux-gnu/libpcl_outofcore.so  
[6.599s] -- looking for PCL_PEOPLE
[6.600s] -- Found PCL_PEOPLE: /usr/lib/x86_64-linux-gnu/libpcl_people.so  
[6.601s] -- Found PCL: pcl_common;pcl_kdtree;pcl_octree;pcl_search;pcl_sample_consensus;pcl_filters;pcl_io;pcl_features;pcl_ml;pcl_segmentation;pcl_visualization;pcl_surface;pcl_registration;pcl_keypoints;pcl_tracking;pcl_recognition;pcl_stereo;pcl_apps;pcl_outofcore;pcl_people;Boost::system;Boost::filesystem;Boost::date_time;Boost::iostreams;Boost::serialization;/usr/lib/libOpenNI.so;libusb::libusb;/usr/lib/x86_64-linux-gnu/libOpenNI2.so;libusb::libusb;VTK::ChartsCore;VTK::CommonColor;VTK::CommonComputationalGeometry;VTK::CommonCore;VTK::CommonDataModel;VTK::CommonExecutionModel;VTK::CommonMath;VTK::CommonMisc;VTK::CommonTransforms;VTK::FiltersCore;VTK::FiltersExtraction;VTK::FiltersGeneral;VTK::FiltersGeometry;VTK::FiltersModeling;VTK::FiltersSources;VTK::ImagingCore;VTK::ImagingSources;VTK::InteractionImage;VTK::InteractionStyle;VTK::InteractionWidgets;VTK::IOCore;VTK::IOGeometry;VTK::IOImage;VTK::IOLegacy;VTK::IOPLY;VTK::RenderingAnnotation;VTK::RenderingCore;VTK::RenderingContext2D;VTK::RenderingLOD;VTK::RenderingFreeType;VTK::ViewsCore;VTK::ViewsContext2D;VTK::RenderingOpenGL2;VTK::GUISupportQt;FLANN::FLANN;QHULL::QHULL  
[6.613s] -- Found pcl_conversions: 2.4.5 (/opt/ros/humble/share/pcl_conversions/cmake)
[6.652s] -- Found nlohmann_json: /usr/lib/cmake/nlohmann_json/nlohmann_jsonConfig.cmake (found version "3.10.5") 
[6.659s] -- Found rviz_common: 11.2.16 (/opt/ros/humble/share/rviz_common/cmake)
[6.674s] -- Setting assimp_DIR to: '/opt/ros/humble/share/rviz_assimp_vendor/cmake/../../../opt/rviz_assimp_vendor/lib/cmake/assimp-4.1'
[6.695s] -- Setting OGRE_DIR to: '/opt/ros/humble/share/rviz_ogre_vendor/cmake/../../../opt/rviz_ogre_vendor/lib/OGRE/cmake'
[6.699s] -- Found OGRE
[6.699s] --   static     : OFF
[6.699s] --   components : HLMS;MeshLodGenerator;Overlay;Paging;Property;RTShaderSystem;Terrain;Volume
[6.699s] --   plugins    : Plugin_BSPSceneManager;Plugin_OctreeSceneManager;Plugin_PCZSceneManager;Plugin_ParticleFX;RenderSystem_GL;RenderSystem_GL3Plus;Codec_STBI
[6.699s] --   media      : /opt/ros/humble/opt/rviz_ogre_vendor/share/OGRE/Media
[6.699s] -- OGRE_LIBRARIES: OgreHLMS;OgreMeshLodGenerator;OgreOverlay;OgrePaging;OgreProperty;OgreRTShaderSystem;OgreTerrain;OgreVolume;OgreMain
[6.699s] -- OGRE_LIBRARY_DIRS: /opt/ros/humble/opt/rviz_ogre_vendor/lib
[6.700s] -- OGRE_PLUGINS: Plugin_BSPSceneManager;Plugin_OctreeSceneManager;Plugin_PCZSceneManager;Plugin_ParticleFX;RenderSystem_GL;RenderSystem_GL3Plus;Codec_STBI
[6.700s] -- OGRE_PLUGIN_DIR: /opt/ros/humble/opt/rviz_ogre_vendor/lib/OGRE
[6.700s] -- rviz_ogre_vendor::OgreOverlay for IMPORTED_LOCATION_RELEASE: /opt/ros/humble/opt/rviz_ogre_vendor/lib/libOgreOverlay.so
[6.700s] -- rviz_ogre_vendor::OgreOverlay for IMPORTED_LOCATION_DEBUG: /opt/ros/humble/opt/rviz_ogre_vendor/lib/libOgreOverlay.so
[6.700s] -- rviz_ogre_vendor::OgreMain for IMPORTED_LOCATION_RELEASE: /opt/ros/humble/opt/rviz_ogre_vendor/lib/libOgreMain.so
[6.700s] -- rviz_ogre_vendor::OgreMain for IMPORTED_LOCATION_DEBUG: /opt/ros/humble/opt/rviz_ogre_vendor/lib/libOgreMain.so
[6.702s] -- Could not find freeimage library
[6.715s] -- Found OpenGL: /usr/lib/x86_64-linux-gnu/libOpenGL.so   
[6.948s] -- library: /usr/lib/x86_64-linux-gnu/libcurl.so
[7.026s] -- Found Eigen3: TRUE (found version "3.4.0") 
[7.026s] -- Ensuring Eigen3 include directory is part of orocos-kdl CMake target
[7.078s] -- Found ament_cmake_ros: 0.10.0 (/opt/ros/humble/share/ament_cmake_ros/cmake)
[7.226s] -- Configuring done
[7.454s] -- Generating done
[7.491s] -- Build files have been written to: /home/josedag31/Arus/ws/src/ARUSSim/build/arussim
[7.533s] Invoked command in '/home/josedag31/Arus/ws/src/ARUSSim/build/arussim' returned '0': AMENT_PREFIX_PATH=/home/josedag31/Arus/ws/src/ARUSSim/install/arussim_msgs:${AMENT_PREFIX_PATH} CMAKE_PREFIX_PATH=/home/josedag31/Arus/ws/src/ARUSSim/install/arussim_msgs:/home/josedag31/Arus/ws/install/visualization:/home/josedag31/Arus/ws/install/trajectory_optimization:/home/josedag31/Arus/ws/install/skidpad_planning:/home/josedag31/Arus/ws/install/perception:/home/josedag31/Arus/ws/install/path_planning:/home/josedag31/Arus/ws/install/inspection_control:/home/josedag31/Arus/ws/install/icp_slam:/home/josedag31/Arus/ws/install/graph_slam:/home/josedag31/Arus/ws/install/epos_interface:/home/josedag31/Arus/ws/install/controller:/home/josedag31/Arus/ws/install/car_state:/home/josedag31/Arus/ws/install/common_msgs:/home/josedag31/Arus/ws/install/common_meta:/home/josedag31/Arus/ws/install/can_interface:/home/josedag31/Arus/ws/install/automatic_simulations:/home/josedag31/Arus/ws/install/arussim_msgs:/home/josedag31/Arus/ws/install/arussim_interface:/home/josedag31/Arus/ws/install/arussim:/home/josedag31/Arus/ws/install/acc_planning:/opt/ros/humble LD_LIBRARY_PATH=/home/josedag31/Arus/ws/src/ARUSSim/install/arussim_msgs/lib:${LD_LIBRARY_PATH} PYTHONPATH=/home/josedag31/Arus/ws/src/ARUSSim/install/arussim_msgs/local/lib/python3.10/dist-packages:${PYTHONPATH} /usr/bin/cmake /home/josedag31/Arus/ws/src/ARUSSim/src/arussim -DCMAKE_INSTALL_PREFIX=/home/josedag31/Arus/ws/src/ARUSSim/install/arussim
[7.536s] Invoking command in '/home/josedag31/Arus/ws/src/ARUSSim/build/arussim': AMENT_PREFIX_PATH=/home/josedag31/Arus/ws/src/ARUSSim/install/arussim_msgs:${AMENT_PREFIX_PATH} CMAKE_PREFIX_PATH=/home/josedag31/Arus/ws/src/ARUSSim/install/arussim_msgs:/home/josedag31/Arus/ws/install/visualization:/home/josedag31/Arus/ws/install/trajectory_optimization:/home/josedag31/Arus/ws/install/skidpad_planning:/home/josedag31/Arus/ws/install/perception:/home/josedag31/Arus/ws/install/path_planning:/home/josedag31/Arus/ws/install/inspection_control:/home/josedag31/Arus/ws/install/icp_slam:/home/josedag31/Arus/ws/install/graph_slam:/home/josedag31/Arus/ws/install/epos_interface:/home/josedag31/Arus/ws/install/controller:/home/josedag31/Arus/ws/install/car_state:/home/josedag31/Arus/ws/install/common_msgs:/home/josedag31/Arus/ws/install/common_meta:/home/josedag31/Arus/ws/install/can_interface:/home/josedag31/Arus/ws/install/automatic_simulations:/home/josedag31/Arus/ws/install/arussim_msgs:/home/josedag31/Arus/ws/install/arussim_interface:/home/josedag31/Arus/ws/install/arussim:/home/josedag31/Arus/ws/install/acc_planning:/opt/ros/humble LD_LIBRARY_PATH=/home/josedag31/Arus/ws/src/ARUSSim/install/arussim_msgs/lib:${LD_LIBRARY_PATH} PYTHONPATH=/home/josedag31/Arus/ws/src/ARUSSim/install/arussim_msgs/local/lib/python3.10/dist-packages:${PYTHONPATH} /usr/bin/cmake --build /home/josedag31/Arus/ws/src/ARUSSim/build/arussim -- -j8 -l8
[7.653s] [  4%] [34m[1mAutomatic MOC for target arussim_exec[0m
[7.653s] [ 12%] [34m[1mAutomatic MOC for target supervisor_exec[0m
[7.653s] [ 12%] [34m[1mAutomatic MOC for target sensors_exec[0m
[7.662s] [ 16%] [34m[1mAutomatic MOC for target plot_interface_exec[0m
[7.662s] [ 20%] [34m[1mAutomatic MOC for target main_interface_exec[0m
[7.730s] [ 20%] Built target arussim_exec_autogen
[7.730s] [ 20%] Built target main_interface_exec_autogen
[7.732s] [ 20%] Built target sensors_exec_autogen
[7.733s] [ 20%] Built target supervisor_exec_autogen
[7.733s] [ 20%] Built target plot_interface_exec_autogen
[7.748s] [ 28%] [34m[1mGenerating include/arussim/moc_plot_interface.cpp[0m
[7.748s] [ 28%] [34m[1mGenerating include/arussim/moc_main_interface.cpp[0m
[7.769s] [ 32%] [32mBuilding CXX object CMakeFiles/sensors_exec.dir/sensors_exec_autogen/mocs_compilation.cpp.o[0m
[7.772s] [ 36%] [32mBuilding CXX object CMakeFiles/arussim_exec.dir/src/arussim_node.cpp.o[0m
[7.773s] [ 40%] [32mBuilding CXX object CMakeFiles/arussim_exec.dir/arussim_exec_autogen/mocs_compilation.cpp.o[0m
[7.775s] [ 44%] [32mBuilding CXX object CMakeFiles/supervisor_exec.dir/src/supervisor.cpp.o[0m
[7.778s] [ 48%] [32mBuilding CXX object CMakeFiles/supervisor_exec.dir/supervisor_exec_autogen/mocs_compilation.cpp.o[0m
[7.780s] [ 52%] [32mBuilding CXX object CMakeFiles/sensors_exec.dir/src/sensors.cpp.o[0m
[7.811s] [ 56%] [32mBuilding CXX object CMakeFiles/main_interface_exec.dir/main_interface_exec_autogen/mocs_compilation.cpp.o[0m
[7.824s] [ 60%] [32mBuilding CXX object CMakeFiles/plot_interface_exec.dir/src/plot_interface.cpp.o[0m
[7.827s] [ 64%] [32mBuilding CXX object CMakeFiles/plot_interface_exec.dir/plot_interface_exec_autogen/mocs_compilation.cpp.o[0m
[7.831s] [ 68%] [32mBuilding CXX object CMakeFiles/arussim_exec.dir/src/vehicle_dynamics.cpp.o[0m
[7.833s] [ 72%] [32mBuilding CXX object CMakeFiles/plot_interface_exec.dir/include/arussim/moc_plot_interface.cpp.o[0m
[7.876s] [ 76%] [32mBuilding CXX object CMakeFiles/main_interface_exec.dir/src/main_interface.cpp.o[0m
[7.901s] [ 80%] [32mBuilding CXX object CMakeFiles/main_interface_exec.dir/include/arussim/moc_main_interface.cpp.o[0m
[16.501s] [01m[K/home/josedag31/Arus/ws/src/ARUSSim/src/arussim/src/plot_interface.cpp:[m[K In member function ‘[01m[Kvirtual bool plot_interface::PlotInterface::eventFilter(QObject*, QEvent*)[m[K’:
[16.501s] [01m[K/home/josedag31/Arus/ws/src/ARUSSim/src/arussim/src/plot_interface.cpp:264:66:[m[K [01;35m[Kwarning: [m[Kenum constant in boolean context [[01;35m[K]8;;https://gcc.gnu.org/onlinedocs/gcc/Warning-Options.html#index-Wint-in-bool-context-Wint-in-bool-context]8;;[m[K]
[16.501s]   264 |         } else if (event->type() == QEvent::MouseMove && QEvent::[01;35m[KMouseButtonPress[m[K) {
[16.501s]       |                                                                  [01;35m[K^~~~~~~~~~~~~~~~[m[K
[21.867s] [01m[K/home/josedag31/Arus/ws/src/ARUSSim/src/arussim/src/arussim_node.cpp:[m[K In member function ‘[01m[Kvoid Simulator::on_fast_timer()[m[K’:
[21.867s] [01m[K/home/josedag31/Arus/ws/src/ARUSSim/src/arussim/src/arussim_node.cpp:273:12:[m[K [01;35m[Kwarning: [m[Kunused variable ‘[01m[Kdt[m[K’ [[01;35m[K]8;;https://gcc.gnu.org/onlinedocs/gcc/Warning-Options.html#index-Wunused-variable-Wunused-variable]8;;[m[K]
[21.868s]   273 |     double [01;35m[Kdt[m[K = 1.0 / kStateUpdateRate;
[21.868s]       |            [01;35m[K^~[m[K
[27.854s] [ 84%] [32m[1mLinking CXX executable sensors_exec[0m
[29.197s] [ 84%] Built target sensors_exec
[30.537s] [ 88%] [32m[1mLinking CXX executable supervisor_exec[0m
[32.079s] [ 88%] Built target supervisor_exec
[33.138s] [ 92%] [32m[1mLinking CXX shared library libmain_interface_exec.so[0m
[36.960s] [ 92%] Built target main_interface_exec
[39.477s] [ 96%] [32m[1mLinking CXX shared library libplot_interface_exec.so[0m
[43.564s] [ 96%] Built target plot_interface_exec
[48.469s] [100%] [32m[1mLinking CXX executable arussim_exec[0m
[51.817s] [100%] Built target arussim_exec
[51.836s] Invoked command in '/home/josedag31/Arus/ws/src/ARUSSim/build/arussim' returned '0': AMENT_PREFIX_PATH=/home/josedag31/Arus/ws/src/ARUSSim/install/arussim_msgs:${AMENT_PREFIX_PATH} CMAKE_PREFIX_PATH=/home/josedag31/Arus/ws/src/ARUSSim/install/arussim_msgs:/home/josedag31/Arus/ws/install/visualization:/home/josedag31/Arus/ws/install/trajectory_optimization:/home/josedag31/Arus/ws/install/skidpad_planning:/home/josedag31/Arus/ws/install/perception:/home/josedag31/Arus/ws/install/path_planning:/home/josedag31/Arus/ws/install/inspection_control:/home/josedag31/Arus/ws/install/icp_slam:/home/josedag31/Arus/ws/install/graph_slam:/home/josedag31/Arus/ws/install/epos_interface:/home/josedag31/Arus/ws/install/controller:/home/josedag31/Arus/ws/install/car_state:/home/josedag31/Arus/ws/install/common_msgs:/home/josedag31/Arus/ws/install/common_meta:/home/josedag31/Arus/ws/install/can_interface:/home/josedag31/Arus/ws/install/automatic_simulations:/home/josedag31/Arus/ws/install/arussim_msgs:/home/josedag31/Arus/ws/install/arussim_interface:/home/josedag31/Arus/ws/install/arussim:/home/josedag31/Arus/ws/install/acc_planning:/opt/ros/humble LD_LIBRARY_PATH=/home/josedag31/Arus/ws/src/ARUSSim/install/arussim_msgs/lib:${LD_LIBRARY_PATH} PYTHONPATH=/home/josedag31/Arus/ws/src/ARUSSim/install/arussim_msgs/local/lib/python3.10/dist-packages:${PYTHONPATH} /usr/bin/cmake --build /home/josedag31/Arus/ws/src/ARUSSim/build/arussim -- -j8 -l8
[51.838s] Invoking command in '/home/josedag31/Arus/ws/src/ARUSSim/build/arussim': AMENT_PREFIX_PATH=/home/josedag31/Arus/ws/src/ARUSSim/install/arussim_msgs:${AMENT_PREFIX_PATH} CMAKE_PREFIX_PATH=/home/josedag31/Arus/ws/src/ARUSSim/install/arussim_msgs:/home/josedag31/Arus/ws/install/visualization:/home/josedag31/Arus/ws/install/trajectory_optimization:/home/josedag31/Arus/ws/install/skidpad_planning:/home/josedag31/Arus/ws/install/perception:/home/josedag31/Arus/ws/install/path_planning:/home/josedag31/Arus/ws/install/inspection_control:/home/josedag31/Arus/ws/install/icp_slam:/home/josedag31/Arus/ws/install/graph_slam:/home/josedag31/Arus/ws/install/epos_interface:/home/josedag31/Arus/ws/install/controller:/home/josedag31/Arus/ws/install/car_state:/home/josedag31/Arus/ws/install/common_msgs:/home/josedag31/Arus/ws/install/common_meta:/home/josedag31/Arus/ws/install/can_interface:/home/josedag31/Arus/ws/install/automatic_simulations:/home/josedag31/Arus/ws/install/arussim_msgs:/home/josedag31/Arus/ws/install/arussim_interface:/home/josedag31/Arus/ws/install/arussim:/home/josedag31/Arus/ws/install/acc_planning:/opt/ros/humble LD_LIBRARY_PATH=/home/josedag31/Arus/ws/src/ARUSSim/install/arussim_msgs/lib:${LD_LIBRARY_PATH} PYTHONPATH=/home/josedag31/Arus/ws/src/ARUSSim/install/arussim_msgs/local/lib/python3.10/dist-packages:${PYTHONPATH} /usr/bin/cmake --install /home/josedag31/Arus/ws/src/ARUSSim/build/arussim
[51.849s] -- Install configuration: ""
[51.849s] -- Installing: /home/josedag31/Arus/ws/src/ARUSSim/install/arussim/lib/libmain_interface_exec.so
[51.862s] -- Set runtime path of "/home/josedag31/Arus/ws/src/ARUSSim/install/arussim/lib/libmain_interface_exec.so" to ""
[51.862s] -- Installing: /home/josedag31/Arus/ws/src/ARUSSim/install/arussim/lib/libplot_interface_exec.so
[51.881s] -- Set runtime path of "/home/josedag31/Arus/ws/src/ARUSSim/install/arussim/lib/libplot_interface_exec.so" to ""
[51.881s] -- Installing: /home/josedag31/Arus/ws/src/ARUSSim/install/arussim/include
[51.881s] -- Installing: /home/josedag31/Arus/ws/src/ARUSSim/install/arussim/include/controller_sim
[51.881s] -- Installing: /home/josedag31/Arus/ws/src/ARUSSim/install/arussim/include/controller_sim/traction_control.hpp
[51.881s] -- Installing: /home/josedag31/Arus/ws/src/ARUSSim/install/arussim/include/controller_sim/.git
[51.882s] -- Installing: /home/josedag31/Arus/ws/src/ARUSSim/install/arussim/include/controller_sim/.git/info
[51.882s] -- Installing: /home/josedag31/Arus/ws/src/ARUSSim/install/arussim/include/controller_sim/.git/info/exclude
[51.882s] -- Installing: /home/josedag31/Arus/ws/src/ARUSSim/install/arussim/include/controller_sim/.git/branches
[51.882s] -- Installing: /home/josedag31/Arus/ws/src/ARUSSim/install/arussim/include/controller_sim/.git/COMMIT_EDITMSG
[51.883s] -- Installing: /home/josedag31/Arus/ws/src/ARUSSim/install/arussim/include/controller_sim/.git/logs
[51.883s] -- Installing: /home/josedag31/Arus/ws/src/ARUSSim/install/arussim/include/controller_sim/.git/logs/refs
[51.883s] -- Installing: /home/josedag31/Arus/ws/src/ARUSSim/install/arussim/include/controller_sim/.git/logs/refs/heads
[51.883s] -- Installing: /home/josedag31/Arus/ws/src/ARUSSim/install/arussim/include/controller_sim/.git/logs/refs/heads/main
[51.884s] -- Installing: /home/josedag31/Arus/ws/src/ARUSSim/install/arussim/include/controller_sim/.git/logs/refs/remotes
[51.884s] -- Installing: /home/josedag31/Arus/ws/src/ARUSSim/install/arussim/include/controller_sim/.git/logs/refs/remotes/origin
[51.884s] -- Installing: /home/josedag31/Arus/ws/src/ARUSSim/install/arussim/include/controller_sim/.git/logs/refs/remotes/origin/main
[51.885s] -- Installing: /home/josedag31/Arus/ws/src/ARUSSim/install/arussim/include/controller_sim/.git/logs/HEAD
[51.885s] -- Installing: /home/josedag31/Arus/ws/src/ARUSSim/install/arussim/include/controller_sim/.git/index
[51.885s] -- Installing: /home/josedag31/Arus/ws/src/ARUSSim/install/arussim/include/controller_sim/.git/config
[51.885s] -- Installing: /home/josedag31/Arus/ws/src/ARUSSim/install/arussim/include/controller_sim/.git/refs
[51.886s] -- Installing: /home/josedag31/Arus/ws/src/ARUSSim/install/arussim/include/controller_sim/.git/refs/heads
[51.886s] -- Installing: /home/josedag31/Arus/ws/src/ARUSSim/install/arussim/include/controller_sim/.git/refs/heads/main
[51.886s] -- Installing: /home/josedag31/Arus/ws/src/ARUSSim/install/arussim/include/controller_sim/.git/refs/tags
[51.886s] -- Installing: /home/josedag31/Arus/ws/src/ARUSSim/install/arussim/include/controller_sim/.git/refs/remotes
[51.886s] -- Installing: /home/josedag31/Arus/ws/src/ARUSSim/install/arussim/include/controller_sim/.git/refs/remotes/origin
[51.886s] -- Installing: /home/josedag31/Arus/ws/src/ARUSSim/install/arussim/include/controller_sim/.git/refs/remotes/origin/main
[51.886s] -- Installing: /home/josedag31/Arus/ws/src/ARUSSim/install/arussim/include/controller_sim/.git/HEAD
[51.887s] -- Installing: /home/josedag31/Arus/ws/src/ARUSSim/install/arussim/include/controller_sim/.git/description
[51.887s] -- Installing: /home/josedag31/Arus/ws/src/ARUSSim/install/arussim/include/controller_sim/.git/hooks
[51.887s] -- Installing: /home/josedag31/Arus/ws/src/ARUSSim/install/arussim/include/controller_sim/.git/hooks/pre-push.sample
[51.888s] -- Installing: /home/josedag31/Arus/ws/src/ARUSSim/install/arussim/include/controller_sim/.git/hooks/pre-applypatch.sample
[51.888s] -- Installing: /home/josedag31/Arus/ws/src/ARUSSim/install/arussim/include/controller_sim/.git/hooks/fsmonitor-watchman.sample
[51.889s] -- Installing: /home/josedag31/Arus/ws/src/ARUSSim/install/arussim/include/controller_sim/.git/hooks/push-to-checkout.sample
[51.889s] -- Installing: /home/josedag31/Arus/ws/src/ARUSSim/install/arussim/include/controller_sim/.git/hooks/post-update.sample
[51.890s] -- Installing: /home/josedag31/Arus/ws/src/ARUSSim/install/arussim/include/controller_sim/.git/hooks/prepare-commit-msg.sample
[51.890s] -- Installing: /home/josedag31/Arus/ws/src/ARUSSim/install/arussim/include/controller_sim/.git/hooks/pre-receive.sample
[51.891s] -- Installing: /home/josedag31/Arus/ws/src/ARUSSim/install/arussim/include/controller_sim/.git/hooks/pre-rebase.sample
[51.891s] -- Installing: /home/josedag31/Arus/ws/src/ARUSSim/install/arussim/include/controller_sim/.git/hooks/pre-merge-commit.sample
[51.891s] -- Installing: /home/josedag31/Arus/ws/src/ARUSSim/install/arussim/include/controller_sim/.git/hooks/commit-msg.sample
[51.892s] -- Installing: /home/josedag31/Arus/ws/src/ARUSSim/install/arussim/include/controller_sim/.git/hooks/pre-commit.sample
[51.892s] -- Installing: /home/josedag31/Arus/ws/src/ARUSSim/install/arussim/include/controller_sim/.git/hooks/applypatch-msg.sample
[51.893s] -- Installing: /home/josedag31/Arus/ws/src/ARUSSim/install/arussim/include/controller_sim/.git/hooks/update.sample
[51.893s] -- Installing: /home/josedag31/Arus/ws/src/ARUSSim/install/arussim/include/controller_sim/.git/objects
[51.893s] -- Installing: /home/josedag31/Arus/ws/src/ARUSSim/install/arussim/include/controller_sim/.git/objects/info
[51.894s] -- Installing: /home/josedag31/Arus/ws/src/ARUSSim/install/arussim/include/controller_sim/.git/objects/6f
[51.894s] -- Installing: /home/josedag31/Arus/ws/src/ARUSSim/install/arussim/include/controller_sim/.git/objects/6f/31bd99fcfa17ad3ecd05fefc867720bb76eb78
[51.894s] -- Installing: /home/josedag31/Arus/ws/src/ARUSSim/install/arussim/include/controller_sim/.git/objects/d1
[51.894s] -- Installing: /home/josedag31/Arus/ws/src/ARUSSim/install/arussim/include/controller_sim/.git/objects/d1/51d54e3347fccc3756563f96fc3778e33efbe4
[51.895s] -- Installing: /home/josedag31/Arus/ws/src/ARUSSim/install/arussim/include/controller_sim/.git/objects/d4
[51.895s] -- Installing: /home/josedag31/Arus/ws/src/ARUSSim/install/arussim/include/controller_sim/.git/objects/d4/19ade9a1d6c842837085dbe86d593251a900d0
[51.895s] -- Installing: /home/josedag31/Arus/ws/src/ARUSSim/install/arussim/include/controller_sim/.git/objects/9e
[51.895s] -- Installing: /home/josedag31/Arus/ws/src/ARUSSim/install/arussim/include/controller_sim/.git/objects/9e/3e810bde3140818cb7e844b070460ce75d30fe
[51.895s] -- Installing: /home/josedag31/Arus/ws/src/ARUSSim/install/arussim/include/controller_sim/.git/objects/07
[51.896s] -- Installing: /home/josedag31/Arus/ws/src/ARUSSim/install/arussim/include/controller_sim/.git/objects/07/bdebc3baede12107fa5b68686ce378477a8410
[51.896s] -- Installing: /home/josedag31/Arus/ws/src/ARUSSim/install/arussim/include/controller_sim/.git/objects/0e
[51.896s] -- Installing: /home/josedag31/Arus/ws/src/ARUSSim/install/arussim/include/controller_sim/.git/objects/0e/f21704e7aa5abca4a3fecee4e3a73daabb8b08
[51.897s] -- Installing: /home/josedag31/Arus/ws/src/ARUSSim/install/arussim/include/controller_sim/.git/objects/63
[51.897s] -- Installing: /home/josedag31/Arus/ws/src/ARUSSim/install/arussim/include/controller_sim/.git/objects/63/05c378cf91caef39863752eddd3049bc9a2d35
[51.897s] -- Installing: /home/josedag31/Arus/ws/src/ARUSSim/install/arussim/include/controller_sim/.git/objects/9f
[51.898s] -- Installing: /home/josedag31/Arus/ws/src/ARUSSim/install/arussim/include/controller_sim/.git/objects/9f/4eaaca9db7bab404d46032c6fb1f2331748c99
[51.898s] -- Installing: /home/josedag31/Arus/ws/src/ARUSSim/install/arussim/include/controller_sim/.git/objects/a1
[51.898s] -- Installing: /home/josedag31/Arus/ws/src/ARUSSim/install/arussim/include/controller_sim/.git/objects/a1/15c1d72e52760c820488d2bac3653956d69f64
[51.898s] -- Installing: /home/josedag31/Arus/ws/src/ARUSSim/install/arussim/include/controller_sim/.git/objects/62
[51.899s] -- Installing: /home/josedag31/Arus/ws/src/ARUSSim/install/arussim/include/controller_sim/.git/objects/62/c1052d3fe81c1821ecd4071698dfa148dceb79
[51.899s] -- Installing: /home/josedag31/Arus/ws/src/ARUSSim/install/arussim/include/controller_sim/.git/objects/6d
[51.900s] -- Installing: /home/josedag31/Arus/ws/src/ARUSSim/install/arussim/include/controller_sim/.git/objects/6d/80e94b5bc13363becdced103dd184d0f718cf1
[51.900s] -- Installing: /home/josedag31/Arus/ws/src/ARUSSim/install/arussim/include/controller_sim/.git/objects/68
[51.901s] -- Installing: /home/josedag31/Arus/ws/src/ARUSSim/install/arussim/include/controller_sim/.git/objects/68/44e47eead5ea23e5ecdeaff21ede4cb35df8a0
[51.901s] -- Installing: /home/josedag31/Arus/ws/src/ARUSSim/install/arussim/include/controller_sim/.git/objects/0d
[51.901s] -- Installing: /home/josedag31/Arus/ws/src/ARUSSim/install/arussim/include/controller_sim/.git/objects/0d/1f1e2ee2dc93f968bf6132cc185182fafa7665
[51.902s] -- Installing: /home/josedag31/Arus/ws/src/ARUSSim/install/arussim/include/controller_sim/.git/objects/6c
[51.902s] -- Installing: /home/josedag31/Arus/ws/src/ARUSSim/install/arussim/include/controller_sim/.git/objects/6c/b1d02b63647746151c9eff791e5c135b479e83
[51.902s] -- Installing: /home/josedag31/Arus/ws/src/ARUSSim/install/arussim/include/controller_sim/.git/objects/32
[51.902s] -- Installing: /home/josedag31/Arus/ws/src/ARUSSim/install/arussim/include/controller_sim/.git/objects/32/5a29c1887add41eaf3e54f126fba2a99d8423d
[51.903s] -- Installing: /home/josedag31/Arus/ws/src/ARUSSim/install/arussim/include/controller_sim/.git/objects/74
[51.903s] -- Installing: /home/josedag31/Arus/ws/src/ARUSSim/install/arussim/include/controller_sim/.git/objects/74/6c73cf1a082177f52b831de064cba7ef6e700a
[51.903s] -- Installing: /home/josedag31/Arus/ws/src/ARUSSim/install/arussim/include/controller_sim/.git/objects/1e
[51.904s] -- Installing: /home/josedag31/Arus/ws/src/ARUSSim/install/arussim/include/controller_sim/.git/objects/1e/ac0c283655603cd9d5324fde7ecfdc54aeef61
[51.904s] -- Installing: /home/josedag31/Arus/ws/src/ARUSSim/install/arussim/include/controller_sim/.git/objects/44
[51.904s] -- Installing: /home/josedag31/Arus/ws/src/ARUSSim/install/arussim/include/controller_sim/.git/objects/44/a6d68d510666e6df8059b9ab9017f99e937fd8
[51.905s] -- Installing: /home/josedag31/Arus/ws/src/ARUSSim/install/arussim/include/controller_sim/.git/objects/a0
[51.905s] -- Installing: /home/josedag31/Arus/ws/src/ARUSSim/install/arussim/include/controller_sim/.git/objects/a0/483f9895ed8482a856e7ed87a41b99b6a43207
[51.905s] -- Installing: /home/josedag31/Arus/ws/src/ARUSSim/install/arussim/include/controller_sim/.git/objects/84
[51.906s] -- Installing: /home/josedag31/Arus/ws/src/ARUSSim/install/arussim/include/controller_sim/.git/objects/84/34f35056a7c2161820bbd1092c0f0b5250dc4d
[51.906s] -- Installing: /home/josedag31/Arus/ws/src/ARUSSim/install/arussim/include/controller_sim/.git/objects/e6
[51.906s] -- Installing: /home/josedag31/Arus/ws/src/ARUSSim/install/arussim/include/controller_sim/.git/objects/e6/9de29bb2d1d6434b8b29ae775ad8c2e48c5391
[51.909s] -- Installing: /home/josedag31/Arus/ws/src/ARUSSim/install/arussim/include/controller_sim/.git/objects/3d
[51.909s] -- Installing: /home/josedag31/Arus/ws/src/ARUSSim/install/arussim/include/controller_sim/.git/objects/3d/c4403e23ad004814db755a567824b4bb96a117
[51.909s] -- Installing: /home/josedag31/Arus/ws/src/ARUSSim/install/arussim/include/controller_sim/.git/objects/72
[51.909s] -- Installing: /home/josedag31/Arus/ws/src/ARUSSim/install/arussim/include/controller_sim/.git/objects/72/a6bbcbe1c1050978eeb49886596a49f5e4898a
[51.909s] -- Installing: /home/josedag31/Arus/ws/src/ARUSSim/install/arussim/include/controller_sim/.git/objects/40
[51.909s] -- Installing: /home/josedag31/Arus/ws/src/ARUSSim/install/arussim/include/controller_sim/.git/objects/40/7c548120622fd6ffac24edc9b3a38f92171445
[51.910s] -- Installing: /home/josedag31/Arus/ws/src/ARUSSim/install/arussim/include/controller_sim/.git/objects/pack
[51.910s] -- Installing: /home/josedag31/Arus/ws/src/ARUSSim/install/arussim/include/controller_sim/.git/objects/bb
[51.910s] -- Installing: /home/josedag31/Arus/ws/src/ARUSSim/install/arussim/include/controller_sim/.git/objects/bb/30f56dc342e7cf34bdaedd8346c64fcc1f8b89
[51.910s] -- Installing: /home/josedag31/Arus/ws/src/ARUSSim/install/arussim/include/controller_sim/.git/objects/7f
[51.910s] -- Installing: /home/josedag31/Arus/ws/src/ARUSSim/install/arussim/include/controller_sim/.git/objects/7f/3075735a5aa2fe724817691cf150cf527821bc
[51.910s] -- Installing: /home/josedag31/Arus/ws/src/ARUSSim/install/arussim/include/controller_sim/.git/objects/06
[51.910s] -- Installing: /home/josedag31/Arus/ws/src/ARUSSim/install/arussim/include/controller_sim/.git/objects/06/d54ce1e13c95db38e264676537857fcbd87184
[51.910s] -- Installing: /home/josedag31/Arus/ws/src/ARUSSim/install/arussim/include/controller_sim/.git/objects/f9
[51.910s] -- Installing: /home/josedag31/Arus/ws/src/ARUSSim/install/arussim/include/controller_sim/.git/objects/f9/1f805bdcfc49f4ac087451efa81c763ebe2922
[51.911s] -- Installing: /home/josedag31/Arus/ws/src/ARUSSim/install/arussim/include/controller_sim/.git/objects/5f
[51.911s] -- Installing: /home/josedag31/Arus/ws/src/ARUSSim/install/arussim/include/controller_sim/.git/objects/5f/94d2ca8b4fded96163e9ccbcb196fd34843540
[51.911s] -- Installing: /home/josedag31/Arus/ws/src/ARUSSim/install/arussim/include/controller_sim/.git/objects/99
[51.911s] -- Installing: /home/josedag31/Arus/ws/src/ARUSSim/install/arussim/include/controller_sim/.git/objects/99/febb023de6f818cd415845f7bfed430ded1bca
[51.911s] -- Installing: /home/josedag31/Arus/ws/src/ARUSSim/install/arussim/include/controller_sim/.git/objects/42
[51.912s] -- Installing: /home/josedag31/Arus/ws/src/ARUSSim/install/arussim/include/controller_sim/.git/objects/42/536dc920625f0bd621256721a5ffef952b56ae
[51.912s] -- Installing: /home/josedag31/Arus/ws/src/ARUSSim/install/arussim/include/controller_sim/.git/objects/27
[51.913s] -- Installing: /home/josedag31/Arus/ws/src/ARUSSim/install/arussim/include/controller_sim/.git/objects/27/f0acf712458cb7b11c0000c6d7fd665b232e79
[51.913s] -- Installing: /home/josedag31/Arus/ws/src/ARUSSim/install/arussim/include/controller_sim/torque_vectoring.hpp
[51.913s] -- Installing: /home/josedag31/Arus/ws/src/ARUSSim/install/arussim/include/controller_sim/.vscode
[51.913s] -- Installing: /home/josedag31/Arus/ws/src/ARUSSim/install/arussim/include/controller_sim/.vscode/settings.json
[51.915s] -- Installing: /home/josedag31/Arus/ws/src/ARUSSim/install/arussim/include/controller_sim/.vscode/c_cpp_properties.json
[51.916s] -- Installing: /home/josedag31/Arus/ws/src/ARUSSim/install/arussim/include/controller_sim/controller_sim.hpp
[51.916s] -- Installing: /home/josedag31/Arus/ws/src/ARUSSim/install/arussim/include/controller_sim/power_limitation.hpp
[51.916s] -- Installing: /home/josedag31/Arus/ws/src/ARUSSim/install/arussim/include/controller_sim/estimation.hpp
[51.918s] -- Installing: /home/josedag31/Arus/ws/src/ARUSSim/install/arussim/include/arussim
[51.918s] -- Installing: /home/josedag31/Arus/ws/src/ARUSSim/install/arussim/include/arussim/arussim_node.hpp
[51.918s] -- Installing: /home/josedag31/Arus/ws/src/ARUSSim/install/arussim/include/arussim/sensors.hpp
[51.919s] -- Installing: /home/josedag31/Arus/ws/src/ARUSSim/install/arussim/include/arussim/plot_interface.hpp
[51.919s] -- Installing: /home/josedag31/Arus/ws/src/ARUSSim/install/arussim/include/arussim/supervisor.hpp
[51.919s] -- Installing: /home/josedag31/Arus/ws/src/ARUSSim/install/arussim/include/arussim/csv_generator.hpp
[51.919s] -- Installing: /home/josedag31/Arus/ws/src/ARUSSim/install/arussim/include/arussim/vehicle_dynamics.hpp
[51.919s] -- Installing: /home/josedag31/Arus/ws/src/ARUSSim/install/arussim/include/arussim/ConeXYZColorScore.h
[51.920s] -- Installing: /home/josedag31/Arus/ws/src/ARUSSim/install/arussim/include/arussim/main_interface.hpp
[51.920s] -- Installing: /home/josedag31/Arus/ws/src/ARUSSim/install/arussim/share/arussim/main_interface.xml
[51.920s] -- Installing: /home/josedag31/Arus/ws/src/ARUSSim/install/arussim/share/arussim/plot_interface.xml
[51.922s] -- Installing: /home/josedag31/Arus/ws/src/ARUSSim/install/arussim/lib/arussim/arussim_exec
[51.939s] -- Set runtime path of "/home/josedag31/Arus/ws/src/ARUSSim/install/arussim/lib/arussim/arussim_exec" to ""
[51.940s] -- Installing: /home/josedag31/Arus/ws/src/ARUSSim/install/arussim/lib/arussim/sensors_exec
[51.945s] -- Set runtime path of "/home/josedag31/Arus/ws/src/ARUSSim/install/arussim/lib/arussim/sensors_exec" to ""
[51.945s] -- Installing: /home/josedag31/Arus/ws/src/ARUSSim/install/arussim/lib/arussim/supervisor_exec
[51.952s] -- Set runtime path of "/home/josedag31/Arus/ws/src/ARUSSim/install/arussim/lib/arussim/supervisor_exec" to ""
[51.952s] -- Installing: /home/josedag31/Arus/ws/src/ARUSSim/install/arussim/share/arussim/launch
[51.952s] -- Installing: /home/josedag31/Arus/ws/src/ARUSSim/install/arussim/share/arussim/launch/sim_automatic_launch.py
[51.953s] -- Installing: /home/josedag31/Arus/ws/src/ARUSSim/install/arussim/share/arussim/launch/arussim_launch.py
[51.953s] -- Installing: /home/josedag31/Arus/ws/src/ARUSSim/install/arussim/share/arussim/config
[51.953s] -- Installing: /home/josedag31/Arus/ws/src/ARUSSim/install/arussim/share/arussim/config/simulator_config.yaml
[51.954s] -- Installing: /home/josedag31/Arus/ws/src/ARUSSim/install/arussim/share/arussim/config/supervisor_config.yaml
[51.954s] -- Installing: /home/josedag31/Arus/ws/src/ARUSSim/install/arussim/share/arussim/config/sensors_config.yaml
[51.954s] -- Installing: /home/josedag31/Arus/ws/src/ARUSSim/install/arussim/share/arussim/config/arussim_rviz_config.rviz
[51.954s] -- Installing: /home/josedag31/Arus/ws/src/ARUSSim/install/arussim/share/arussim/resources
[51.955s] -- Installing: /home/josedag31/Arus/ws/src/ARUSSim/install/arussim/share/arussim/resources/meshes
[51.955s] -- Installing: /home/josedag31/Arus/ws/src/ARUSSim/install/arussim/share/arussim/resources/meshes/whole_car.stl
[51.981s] -- Installing: /home/josedag31/Arus/ws/src/ARUSSim/install/arussim/share/arussim/resources/meshes/cone.stl
[51.983s] -- Installing: /home/josedag31/Arus/ws/src/ARUSSim/install/arussim/share/arussim/resources/meshes/ART24D.stl
[52.031s] -- Installing: /home/josedag31/Arus/ws/src/ARUSSim/install/arussim/share/arussim/resources/tracks
[52.031s] -- Installing: /home/josedag31/Arus/ws/src/ARUSSim/install/arussim/share/arussim/resources/tracks/test27F.json
[52.032s] -- Installing: /home/josedag31/Arus/ws/src/ARUSSim/install/arussim/share/arussim/resources/tracks/FSEast23.json
[52.033s] -- Installing: /home/josedag31/Arus/ws/src/ARUSSim/install/arussim/share/arussim/resources/tracks/acceleration.pcd
[52.033s] -- Installing: /home/josedag31/Arus/ws/src/ARUSSim/install/arussim/share/arussim/resources/tracks/slam_track.pcd
[52.034s] -- Installing: /home/josedag31/Arus/ws/src/ARUSSim/install/arussim/share/arussim/resources/tracks/FSG24.pcd
[52.034s] -- Installing: /home/josedag31/Arus/ws/src/ARUSSim/install/arussim/share/arussim/resources/tracks/test27F.pcd
[52.034s] -- Installing: /home/josedag31/Arus/ws/src/ARUSSim/install/arussim/share/arussim/resources/tracks/FSG.pcd
[52.035s] -- Installing: /home/josedag31/Arus/ws/src/ARUSSim/install/arussim/share/arussim/resources/tracks/FSG24.json
[52.035s] -- Installing: /home/josedag31/Arus/ws/src/ARUSSim/install/arussim/share/arussim/resources/tracks/test15M.json
[52.036s] -- Installing: /home/josedag31/Arus/ws/src/ARUSSim/install/arussim/share/arussim/resources/tracks/skidpad.pcd
[52.037s] -- Installing: /home/josedag31/Arus/ws/src/ARUSSim/install/arussim/share/arussim/resources/tracks/FSG.json
[52.038s] -- Installing: /home/josedag31/Arus/ws/src/ARUSSim/install/arussim/share/arussim/resources/tracks/acceleration.json
[52.038s] -- Installing: /home/josedag31/Arus/ws/src/ARUSSim/install/arussim/share/arussim/resources/tracks/test15M.pcd
[52.038s] -- Installing: /home/josedag31/Arus/ws/src/ARUSSim/install/arussim/share/arussim/resources/tracks/FSEast23.pcd
[52.039s] -- Installing: /home/josedag31/Arus/ws/src/ARUSSim/install/arussim/share/arussim/resources/tracks/test1.json
[52.040s] -- Installing: /home/josedag31/Arus/ws/src/ARUSSim/install/arussim/share/arussim/resources/tracks/test1.pcd
[52.041s] -- Up-to-date: /home/josedag31/Arus/ws/src/ARUSSim/install/arussim/share/arussim/main_interface.xml
[52.041s] -- Up-to-date: /home/josedag31/Arus/ws/src/ARUSSim/install/arussim/share/arussim/plot_interface.xml
[52.041s] -- Installing: /home/josedag31/Arus/ws/src/ARUSSim/install/arussim/share/ament_index/resource_index/package_run_dependencies/arussim
[52.041s] -- Installing: /home/josedag31/Arus/ws/src/ARUSSim/install/arussim/share/ament_index/resource_index/parent_prefix_path/arussim
[52.042s] -- Installing: /home/josedag31/Arus/ws/src/ARUSSim/install/arussim/share/arussim/environment/ament_prefix_path.sh
[52.042s] -- Installing: /home/josedag31/Arus/ws/src/ARUSSim/install/arussim/share/arussim/environment/ament_prefix_path.dsv
[52.042s] -- Installing: /home/josedag31/Arus/ws/src/ARUSSim/install/arussim/share/arussim/environment/path.sh
[52.042s] -- Installing: /home/josedag31/Arus/ws/src/ARUSSim/install/arussim/share/arussim/environment/path.dsv
[52.043s] -- Installing: /home/josedag31/Arus/ws/src/ARUSSim/install/arussim/share/arussim/local_setup.bash
[52.043s] -- Installing: /home/josedag31/Arus/ws/src/ARUSSim/install/arussim/share/arussim/local_setup.sh
[52.043s] -- Installing: /home/josedag31/Arus/ws/src/ARUSSim/install/arussim/share/arussim/local_setup.zsh
[52.043s] -- Installing: /home/josedag31/Arus/ws/src/ARUSSim/install/arussim/share/arussim/local_setup.dsv
[52.043s] -- Installing: /home/josedag31/Arus/ws/src/ARUSSim/install/arussim/share/arussim/package.dsv
[52.044s] -- Installing: /home/josedag31/Arus/ws/src/ARUSSim/install/arussim/share/ament_index/resource_index/packages/arussim
[52.044s] -- Installing: /home/josedag31/Arus/ws/src/ARUSSim/install/arussim/share/ament_index/resource_index/rviz_common__pluginlib__plugin/arussim
[52.044s] -- Installing: /home/josedag31/Arus/ws/src/ARUSSim/install/arussim/share/arussim/cmake/export_main_interfaceExport.cmake
[52.044s] -- Installing: /home/josedag31/Arus/ws/src/ARUSSim/install/arussim/share/arussim/cmake/export_main_interfaceExport-noconfig.cmake
[52.045s] -- Installing: /home/josedag31/Arus/ws/src/ARUSSim/install/arussim/share/arussim/cmake/ament_cmake_export_include_directories-extras.cmake
[52.045s] -- Installing: /home/josedag31/Arus/ws/src/ARUSSim/install/arussim/share/arussim/cmake/ament_cmake_export_targets-extras.cmake
[52.045s] -- Installing: /home/josedag31/Arus/ws/src/ARUSSim/install/arussim/share/arussim/cmake/arussimConfig.cmake
[52.045s] -- Installing: /home/josedag31/Arus/ws/src/ARUSSim/install/arussim/share/arussim/cmake/arussimConfig-version.cmake
[52.045s] -- Installing: /home/josedag31/Arus/ws/src/ARUSSim/install/arussim/share/arussim/package.xml
[52.049s] Invoked command in '/home/josedag31/Arus/ws/src/ARUSSim/build/arussim' returned '0': AMENT_PREFIX_PATH=/home/josedag31/Arus/ws/src/ARUSSim/install/arussim_msgs:${AMENT_PREFIX_PATH} CMAKE_PREFIX_PATH=/home/josedag31/Arus/ws/src/ARUSSim/install/arussim_msgs:/home/josedag31/Arus/ws/install/visualization:/home/josedag31/Arus/ws/install/trajectory_optimization:/home/josedag31/Arus/ws/install/skidpad_planning:/home/josedag31/Arus/ws/install/perception:/home/josedag31/Arus/ws/install/path_planning:/home/josedag31/Arus/ws/install/inspection_control:/home/josedag31/Arus/ws/install/icp_slam:/home/josedag31/Arus/ws/install/graph_slam:/home/josedag31/Arus/ws/install/epos_interface:/home/josedag31/Arus/ws/install/controller:/home/josedag31/Arus/ws/install/car_state:/home/josedag31/Arus/ws/install/common_msgs:/home/josedag31/Arus/ws/install/common_meta:/home/josedag31/Arus/ws/install/can_interface:/home/josedag31/Arus/ws/install/automatic_simulations:/home/josedag31/Arus/ws/install/arussim_msgs:/home/josedag31/Arus/ws/install/arussim_interface:/home/josedag31/Arus/ws/install/arussim:/home/josedag31/Arus/ws/install/acc_planning:/opt/ros/humble LD_LIBRARY_PATH=/home/josedag31/Arus/ws/src/ARUSSim/install/arussim_msgs/lib:${LD_LIBRARY_PATH} PYTHONPATH=/home/josedag31/Arus/ws/src/ARUSSim/install/arussim_msgs/local/lib/python3.10/dist-packages:${PYTHONPATH} /usr/bin/cmake --install /home/josedag31/Arus/ws/src/ARUSSim/build/arussim
