[0.126s] DEBUG:colcon:Command line arguments: ['/usr/bin/colcon', 'build']
[0.126s] DEBUG:colcon:Parsed command line arguments: Namespace(log_base=None, log_level=None, verb_name='build', build_base='build', install_base='install', merge_install=False, symlink_install=False, test_result_base=None, continue_on_error=False, executor='parallel', parallel_workers=8, event_handlers=None, ignore_user_meta=False, metas=['./colcon.meta'], base_paths=['.'], packages_ignore=None, packages_ignore_regex=None, paths=None, packages_up_to=None, packages_up_to_regex=None, packages_above=None, packages_above_and_dependencies=None, packages_above_depth=None, packages_select_by_dep=None, packages_skip_by_dep=None, packages_skip_up_to=None, packages_select_build_failed=False, packages_skip_build_finished=False, packages_select_test_failures=False, packages_skip_test_passed=False, packages_select=None, packages_skip=None, packages_select_regex=None, packages_skip_regex=None, packages_start=None, packages_end=None, allow_overriding=[], cmake_args=None, cmake_target=None, cmake_target_skip_unavailable=False, cmake_clean_cache=False, cmake_clean_first=False, cmake_force_configure=False, ament_cmake_args=None, catkin_cmake_args=None, catkin_skip_building_tests=False, mixin_files=None, mixin=None, verb_parser=<colcon_mixin.mixin.mixin_argument.MixinArgumentDecorator object at 0x780025049e10>, verb_extension=<colcon_core.verb.build.BuildVerb object at 0x7800250498a0>, main=<bound method BuildVerb.main of <colcon_core.verb.build.BuildVerb object at 0x7800250498a0>>, mixin_verb=('build',))
[0.326s] Level 1:colcon.colcon_core.package_discovery:discover_packages(colcon_meta) check parameters
[0.326s] Level 1:colcon.colcon_core.package_discovery:discover_packages(recursive) check parameters
[0.326s] Level 1:colcon.colcon_core.package_discovery:discover_packages(ignore) check parameters
[0.326s] Level 1:colcon.colcon_core.package_discovery:discover_packages(path) check parameters
[0.326s] Level 1:colcon.colcon_core.package_discovery:discover_packages(colcon_meta) discover
[0.326s] Level 1:colcon.colcon_core.package_discovery:discover_packages(recursive) discover
[0.326s] INFO:colcon.colcon_core.package_discovery:Crawling recursively for packages in '/home/josedag31/Arus/ws/src/ARUSSim'
[0.327s] Level 1:colcon.colcon_core.package_identification:_identify(.) by extensions ['ignore', 'ignore_ament_install']
[0.327s] Level 1:colcon.colcon_core.package_identification:_identify(.) by extension 'ignore'
[0.327s] Level 1:colcon.colcon_core.package_identification:_identify(.) by extension 'ignore_ament_install'
[0.327s] Level 1:colcon.colcon_core.package_identification:_identify(.) by extensions ['colcon_pkg']
[0.327s] Level 1:colcon.colcon_core.package_identification:_identify(.) by extension 'colcon_pkg'
[0.327s] Level 1:colcon.colcon_core.package_identification:_identify(.) by extensions ['colcon_meta']
[0.327s] Level 1:colcon.colcon_core.package_identification:_identify(.) by extension 'colcon_meta'
[0.327s] Level 1:colcon.colcon_core.package_identification:_identify(.) by extensions ['ros']
[0.327s] Level 1:colcon.colcon_core.package_identification:_identify(.) by extension 'ros'
[0.340s] Level 1:colcon.colcon_core.package_identification:_identify(.) by extensions ['cmake', 'python']
[0.341s] Level 1:colcon.colcon_core.package_identification:_identify(.) by extension 'cmake'
[0.341s] Level 1:colcon.colcon_core.package_identification:_identify(.) by extension 'python'
[0.341s] Level 1:colcon.colcon_core.package_identification:_identify(.) by extensions ['python_setup_py']
[0.341s] Level 1:colcon.colcon_core.package_identification:_identify(.) by extension 'python_setup_py'
[0.341s] Level 1:colcon.colcon_core.package_identification:_identify(build) by extensions ['ignore', 'ignore_ament_install']
[0.341s] Level 1:colcon.colcon_core.package_identification:_identify(build) by extension 'ignore'
[0.341s] Level 1:colcon.colcon_core.package_identification:_identify(build) ignored
[0.341s] Level 1:colcon.colcon_core.package_identification:_identify(docs) by extensions ['ignore', 'ignore_ament_install']
[0.341s] Level 1:colcon.colcon_core.package_identification:_identify(docs) by extension 'ignore'
[0.341s] Level 1:colcon.colcon_core.package_identification:_identify(docs) by extension 'ignore_ament_install'
[0.341s] Level 1:colcon.colcon_core.package_identification:_identify(docs) by extensions ['colcon_pkg']
[0.341s] Level 1:colcon.colcon_core.package_identification:_identify(docs) by extension 'colcon_pkg'
[0.341s] Level 1:colcon.colcon_core.package_identification:_identify(docs) by extensions ['colcon_meta']
[0.342s] Level 1:colcon.colcon_core.package_identification:_identify(docs) by extension 'colcon_meta'
[0.342s] Level 1:colcon.colcon_core.package_identification:_identify(docs) by extensions ['ros']
[0.342s] Level 1:colcon.colcon_core.package_identification:_identify(docs) by extension 'ros'
[0.342s] Level 1:colcon.colcon_core.package_identification:_identify(docs) by extensions ['cmake', 'python']
[0.342s] Level 1:colcon.colcon_core.package_identification:_identify(docs) by extension 'cmake'
[0.342s] Level 1:colcon.colcon_core.package_identification:_identify(docs) by extension 'python'
[0.342s] Level 1:colcon.colcon_core.package_identification:_identify(docs) by extensions ['python_setup_py']
[0.342s] Level 1:colcon.colcon_core.package_identification:_identify(docs) by extension 'python_setup_py'
[0.342s] Level 1:colcon.colcon_core.package_identification:_identify(docs/_source) by extensions ['ignore', 'ignore_ament_install']
[0.342s] Level 1:colcon.colcon_core.package_identification:_identify(docs/_source) by extension 'ignore'
[0.342s] Level 1:colcon.colcon_core.package_identification:_identify(docs/_source) by extension 'ignore_ament_install'
[0.342s] Level 1:colcon.colcon_core.package_identification:_identify(docs/_source) by extensions ['colcon_pkg']
[0.342s] Level 1:colcon.colcon_core.package_identification:_identify(docs/_source) by extension 'colcon_pkg'
[0.342s] Level 1:colcon.colcon_core.package_identification:_identify(docs/_source) by extensions ['colcon_meta']
[0.342s] Level 1:colcon.colcon_core.package_identification:_identify(docs/_source) by extension 'colcon_meta'
[0.342s] Level 1:colcon.colcon_core.package_identification:_identify(docs/_source) by extensions ['ros']
[0.342s] Level 1:colcon.colcon_core.package_identification:_identify(docs/_source) by extension 'ros'
[0.342s] Level 1:colcon.colcon_core.package_identification:_identify(docs/_source) by extensions ['cmake', 'python']
[0.343s] Level 1:colcon.colcon_core.package_identification:_identify(docs/_source) by extension 'cmake'
[0.343s] Level 1:colcon.colcon_core.package_identification:_identify(docs/_source) by extension 'python'
[0.343s] Level 1:colcon.colcon_core.package_identification:_identify(docs/_source) by extensions ['python_setup_py']
[0.343s] Level 1:colcon.colcon_core.package_identification:_identify(docs/_source) by extension 'python_setup_py'
[0.343s] Level 1:colcon.colcon_core.package_identification:_identify(docs/_static) by extensions ['ignore', 'ignore_ament_install']
[0.343s] Level 1:colcon.colcon_core.package_identification:_identify(docs/_static) by extension 'ignore'
[0.343s] Level 1:colcon.colcon_core.package_identification:_identify(docs/_static) by extension 'ignore_ament_install'
[0.343s] Level 1:colcon.colcon_core.package_identification:_identify(docs/_static) by extensions ['colcon_pkg']
[0.343s] Level 1:colcon.colcon_core.package_identification:_identify(docs/_static) by extension 'colcon_pkg'
[0.343s] Level 1:colcon.colcon_core.package_identification:_identify(docs/_static) by extensions ['colcon_meta']
[0.343s] Level 1:colcon.colcon_core.package_identification:_identify(docs/_static) by extension 'colcon_meta'
[0.343s] Level 1:colcon.colcon_core.package_identification:_identify(docs/_static) by extensions ['ros']
[0.343s] Level 1:colcon.colcon_core.package_identification:_identify(docs/_static) by extension 'ros'
[0.343s] Level 1:colcon.colcon_core.package_identification:_identify(docs/_static) by extensions ['cmake', 'python']
[0.343s] Level 1:colcon.colcon_core.package_identification:_identify(docs/_static) by extension 'cmake'
[0.343s] Level 1:colcon.colcon_core.package_identification:_identify(docs/_static) by extension 'python'
[0.343s] Level 1:colcon.colcon_core.package_identification:_identify(docs/_static) by extensions ['python_setup_py']
[0.343s] Level 1:colcon.colcon_core.package_identification:_identify(docs/_static) by extension 'python_setup_py'
[0.344s] Level 1:colcon.colcon_core.package_identification:_identify(docs/_static/images) by extensions ['ignore', 'ignore_ament_install']
[0.344s] Level 1:colcon.colcon_core.package_identification:_identify(docs/_static/images) by extension 'ignore'
[0.344s] Level 1:colcon.colcon_core.package_identification:_identify(docs/_static/images) by extension 'ignore_ament_install'
[0.344s] Level 1:colcon.colcon_core.package_identification:_identify(docs/_static/images) by extensions ['colcon_pkg']
[0.344s] Level 1:colcon.colcon_core.package_identification:_identify(docs/_static/images) by extension 'colcon_pkg'
[0.344s] Level 1:colcon.colcon_core.package_identification:_identify(docs/_static/images) by extensions ['colcon_meta']
[0.344s] Level 1:colcon.colcon_core.package_identification:_identify(docs/_static/images) by extension 'colcon_meta'
[0.344s] Level 1:colcon.colcon_core.package_identification:_identify(docs/_static/images) by extensions ['ros']
[0.344s] Level 1:colcon.colcon_core.package_identification:_identify(docs/_static/images) by extension 'ros'
[0.344s] Level 1:colcon.colcon_core.package_identification:_identify(docs/_static/images) by extensions ['cmake', 'python']
[0.344s] Level 1:colcon.colcon_core.package_identification:_identify(docs/_static/images) by extension 'cmake'
[0.344s] Level 1:colcon.colcon_core.package_identification:_identify(docs/_static/images) by extension 'python'
[0.344s] Level 1:colcon.colcon_core.package_identification:_identify(docs/_static/images) by extensions ['python_setup_py']
[0.344s] Level 1:colcon.colcon_core.package_identification:_identify(docs/_static/images) by extension 'python_setup_py'
[0.344s] Level 1:colcon.colcon_core.package_identification:_identify(docs/content) by extensions ['ignore', 'ignore_ament_install']
[0.344s] Level 1:colcon.colcon_core.package_identification:_identify(docs/content) by extension 'ignore'
[0.344s] Level 1:colcon.colcon_core.package_identification:_identify(docs/content) by extension 'ignore_ament_install'
[0.344s] Level 1:colcon.colcon_core.package_identification:_identify(docs/content) by extensions ['colcon_pkg']
[0.344s] Level 1:colcon.colcon_core.package_identification:_identify(docs/content) by extension 'colcon_pkg'
[0.344s] Level 1:colcon.colcon_core.package_identification:_identify(docs/content) by extensions ['colcon_meta']
[0.344s] Level 1:colcon.colcon_core.package_identification:_identify(docs/content) by extension 'colcon_meta'
[0.345s] Level 1:colcon.colcon_core.package_identification:_identify(docs/content) by extensions ['ros']
[0.345s] Level 1:colcon.colcon_core.package_identification:_identify(docs/content) by extension 'ros'
[0.345s] Level 1:colcon.colcon_core.package_identification:_identify(docs/content) by extensions ['cmake', 'python']
[0.345s] Level 1:colcon.colcon_core.package_identification:_identify(docs/content) by extension 'cmake'
[0.345s] Level 1:colcon.colcon_core.package_identification:_identify(docs/content) by extension 'python'
[0.345s] Level 1:colcon.colcon_core.package_identification:_identify(docs/content) by extensions ['python_setup_py']
[0.345s] Level 1:colcon.colcon_core.package_identification:_identify(docs/content) by extension 'python_setup_py'
[0.345s] Level 1:colcon.colcon_core.package_identification:_identify(install) by extensions ['ignore', 'ignore_ament_install']
[0.345s] Level 1:colcon.colcon_core.package_identification:_identify(install) by extension 'ignore'
[0.345s] Level 1:colcon.colcon_core.package_identification:_identify(install) ignored
[0.345s] Level 1:colcon.colcon_core.package_identification:_identify(log) by extensions ['ignore', 'ignore_ament_install']
[0.345s] Level 1:colcon.colcon_core.package_identification:_identify(log) by extension 'ignore'
[0.345s] Level 1:colcon.colcon_core.package_identification:_identify(log) ignored
[0.345s] Level 1:colcon.colcon_core.package_identification:_identify(src) by extensions ['ignore', 'ignore_ament_install']
[0.345s] Level 1:colcon.colcon_core.package_identification:_identify(src) by extension 'ignore'
[0.345s] Level 1:colcon.colcon_core.package_identification:_identify(src) by extension 'ignore_ament_install'
[0.346s] Level 1:colcon.colcon_core.package_identification:_identify(src) by extensions ['colcon_pkg']
[0.346s] Level 1:colcon.colcon_core.package_identification:_identify(src) by extension 'colcon_pkg'
[0.346s] Level 1:colcon.colcon_core.package_identification:_identify(src) by extensions ['colcon_meta']
[0.346s] Level 1:colcon.colcon_core.package_identification:_identify(src) by extension 'colcon_meta'
[0.346s] Level 1:colcon.colcon_core.package_identification:_identify(src) by extensions ['ros']
[0.346s] Level 1:colcon.colcon_core.package_identification:_identify(src) by extension 'ros'
[0.346s] Level 1:colcon.colcon_core.package_identification:_identify(src) by extensions ['cmake', 'python']
[0.346s] Level 1:colcon.colcon_core.package_identification:_identify(src) by extension 'cmake'
[0.346s] Level 1:colcon.colcon_core.package_identification:_identify(src) by extension 'python'
[0.346s] Level 1:colcon.colcon_core.package_identification:_identify(src) by extensions ['python_setup_py']
[0.346s] Level 1:colcon.colcon_core.package_identification:_identify(src) by extension 'python_setup_py'
[0.346s] Level 1:colcon.colcon_core.package_identification:_identify(src/arussim) by extensions ['ignore', 'ignore_ament_install']
[0.346s] Level 1:colcon.colcon_core.package_identification:_identify(src/arussim) by extension 'ignore'
[0.346s] Level 1:colcon.colcon_core.package_identification:_identify(src/arussim) by extension 'ignore_ament_install'
[0.346s] Level 1:colcon.colcon_core.package_identification:_identify(src/arussim) by extensions ['colcon_pkg']
[0.346s] Level 1:colcon.colcon_core.package_identification:_identify(src/arussim) by extension 'colcon_pkg'
[0.346s] Level 1:colcon.colcon_core.package_identification:_identify(src/arussim) by extensions ['colcon_meta']
[0.346s] Level 1:colcon.colcon_core.package_identification:_identify(src/arussim) by extension 'colcon_meta'
[0.346s] Level 1:colcon.colcon_core.package_identification:_identify(src/arussim) by extensions ['ros']
[0.346s] Level 1:colcon.colcon_core.package_identification:_identify(src/arussim) by extension 'ros'
[0.350s] DEBUG:colcon.colcon_core.package_identification:Package 'src/arussim' with type 'ros.ament_cmake' and name 'arussim'
[0.350s] Level 1:colcon.colcon_core.package_identification:_identify(src/arussim_msgs) by extensions ['ignore', 'ignore_ament_install']
[0.350s] Level 1:colcon.colcon_core.package_identification:_identify(src/arussim_msgs) by extension 'ignore'
[0.351s] Level 1:colcon.colcon_core.package_identification:_identify(src/arussim_msgs) by extension 'ignore_ament_install'
[0.351s] Level 1:colcon.colcon_core.package_identification:_identify(src/arussim_msgs) by extensions ['colcon_pkg']
[0.351s] Level 1:colcon.colcon_core.package_identification:_identify(src/arussim_msgs) by extension 'colcon_pkg'
[0.351s] Level 1:colcon.colcon_core.package_identification:_identify(src/arussim_msgs) by extensions ['colcon_meta']
[0.351s] Level 1:colcon.colcon_core.package_identification:_identify(src/arussim_msgs) by extension 'colcon_meta'
[0.351s] Level 1:colcon.colcon_core.package_identification:_identify(src/arussim_msgs) by extensions ['ros']
[0.351s] Level 1:colcon.colcon_core.package_identification:_identify(src/arussim_msgs) by extension 'ros'
[0.352s] DEBUG:colcon.colcon_core.package_identification:Package 'src/arussim_msgs' with type 'ros.ament_cmake' and name 'arussim_msgs'
[0.352s] Level 1:colcon.colcon_core.package_identification:_identify(src/automatic_simulations) by extensions ['ignore', 'ignore_ament_install']
[0.352s] Level 1:colcon.colcon_core.package_identification:_identify(src/automatic_simulations) by extension 'ignore'
[0.352s] Level 1:colcon.colcon_core.package_identification:_identify(src/automatic_simulations) by extension 'ignore_ament_install'
[0.352s] Level 1:colcon.colcon_core.package_identification:_identify(src/automatic_simulations) by extensions ['colcon_pkg']
[0.352s] Level 1:colcon.colcon_core.package_identification:_identify(src/automatic_simulations) by extension 'colcon_pkg'
[0.352s] Level 1:colcon.colcon_core.package_identification:_identify(src/automatic_simulations) by extensions ['colcon_meta']
[0.352s] Level 1:colcon.colcon_core.package_identification:_identify(src/automatic_simulations) by extension 'colcon_meta'
[0.352s] Level 1:colcon.colcon_core.package_identification:_identify(src/automatic_simulations) by extensions ['ros']
[0.352s] Level 1:colcon.colcon_core.package_identification:_identify(src/automatic_simulations) by extension 'ros'
[0.353s] DEBUG:colcon.colcon_core.package_identification:Package 'src/automatic_simulations' with type 'ros.ament_cmake' and name 'automatic_simulations'
[0.353s] Level 1:colcon.colcon_core.package_identification:_identify(src/track_editor) by extensions ['ignore', 'ignore_ament_install']
[0.353s] Level 1:colcon.colcon_core.package_identification:_identify(src/track_editor) by extension 'ignore'
[0.353s] Level 1:colcon.colcon_core.package_identification:_identify(src/track_editor) by extension 'ignore_ament_install'
[0.353s] Level 1:colcon.colcon_core.package_identification:_identify(src/track_editor) by extensions ['colcon_pkg']
[0.353s] Level 1:colcon.colcon_core.package_identification:_identify(src/track_editor) by extension 'colcon_pkg'
[0.353s] Level 1:colcon.colcon_core.package_identification:_identify(src/track_editor) by extensions ['colcon_meta']
[0.353s] Level 1:colcon.colcon_core.package_identification:_identify(src/track_editor) by extension 'colcon_meta'
[0.353s] Level 1:colcon.colcon_core.package_identification:_identify(src/track_editor) by extensions ['ros']
[0.353s] Level 1:colcon.colcon_core.package_identification:_identify(src/track_editor) by extension 'ros'
[0.353s] Level 1:colcon.colcon_core.package_identification:_identify(src/track_editor) by extensions ['cmake', 'python']
[0.354s] Level 1:colcon.colcon_core.package_identification:_identify(src/track_editor) by extension 'cmake'
[0.354s] Level 1:colcon.colcon_core.package_identification:_identify(src/track_editor) by extension 'python'
[0.354s] Level 1:colcon.colcon_core.package_identification:_identify(src/track_editor) by extensions ['python_setup_py']
[0.354s] Level 1:colcon.colcon_core.package_identification:_identify(src/track_editor) by extension 'python_setup_py'
[0.354s] Level 1:colcon.colcon_core.package_identification:_identify(src/track_editor/icons) by extensions ['ignore', 'ignore_ament_install']
[0.354s] Level 1:colcon.colcon_core.package_identification:_identify(src/track_editor/icons) by extension 'ignore'
[0.354s] Level 1:colcon.colcon_core.package_identification:_identify(src/track_editor/icons) by extension 'ignore_ament_install'
[0.354s] Level 1:colcon.colcon_core.package_identification:_identify(src/track_editor/icons) by extensions ['colcon_pkg']
[0.354s] Level 1:colcon.colcon_core.package_identification:_identify(src/track_editor/icons) by extension 'colcon_pkg'
[0.354s] Level 1:colcon.colcon_core.package_identification:_identify(src/track_editor/icons) by extensions ['colcon_meta']
[0.354s] Level 1:colcon.colcon_core.package_identification:_identify(src/track_editor/icons) by extension 'colcon_meta'
[0.354s] Level 1:colcon.colcon_core.package_identification:_identify(src/track_editor/icons) by extensions ['ros']
[0.354s] Level 1:colcon.colcon_core.package_identification:_identify(src/track_editor/icons) by extension 'ros'
[0.354s] Level 1:colcon.colcon_core.package_identification:_identify(src/track_editor/icons) by extensions ['cmake', 'python']
[0.354s] Level 1:colcon.colcon_core.package_identification:_identify(src/track_editor/icons) by extension 'cmake'
[0.354s] Level 1:colcon.colcon_core.package_identification:_identify(src/track_editor/icons) by extension 'python'
[0.354s] Level 1:colcon.colcon_core.package_identification:_identify(src/track_editor/icons) by extensions ['python_setup_py']
[0.354s] Level 1:colcon.colcon_core.package_identification:_identify(src/track_editor/icons) by extension 'python_setup_py'
[0.354s] Level 1:colcon.colcon_core.package_discovery:discover_packages(recursive) using defaults
[0.355s] Level 1:colcon.colcon_core.package_discovery:discover_packages(ignore) discover
[0.355s] Level 1:colcon.colcon_core.package_discovery:discover_packages(ignore) using defaults
[0.355s] Level 1:colcon.colcon_core.package_discovery:discover_packages(path) discover
[0.355s] Level 1:colcon.colcon_core.package_discovery:discover_packages(path) using defaults
[0.403s] Level 1:colcon.colcon_core.package_discovery:discover_packages(prefix_path) check parameters
[0.403s] Level 1:colcon.colcon_core.package_discovery:discover_packages(prefix_path) discover
[0.411s] DEBUG:colcon.colcon_installed_package_information.package_discovery:Found 19 installed packages in /home/josedag31/Arus/ws/install
[0.414s] DEBUG:colcon.colcon_installed_package_information.package_discovery:Found 274 installed packages in /opt/ros/humble
[0.416s] Level 1:colcon.colcon_core.package_discovery:discover_packages(prefix_path) using defaults
[0.476s] Level 5:colcon.colcon_core.verb:set package 'arussim_msgs' build argument 'cmake_args' from command line to 'None'
[0.477s] Level 5:colcon.colcon_core.verb:set package 'arussim_msgs' build argument 'cmake_target' from command line to 'None'
[0.477s] Level 5:colcon.colcon_core.verb:set package 'arussim_msgs' build argument 'cmake_target_skip_unavailable' from command line to 'False'
[0.477s] Level 5:colcon.colcon_core.verb:set package 'arussim_msgs' build argument 'cmake_clean_cache' from command line to 'False'
[0.477s] Level 5:colcon.colcon_core.verb:set package 'arussim_msgs' build argument 'cmake_clean_first' from command line to 'False'
[0.477s] Level 5:colcon.colcon_core.verb:set package 'arussim_msgs' build argument 'cmake_force_configure' from command line to 'False'
[0.477s] Level 5:colcon.colcon_core.verb:set package 'arussim_msgs' build argument 'ament_cmake_args' from command line to 'None'
[0.477s] Level 5:colcon.colcon_core.verb:set package 'arussim_msgs' build argument 'catkin_cmake_args' from command line to 'None'
[0.477s] Level 5:colcon.colcon_core.verb:set package 'arussim_msgs' build argument 'catkin_skip_building_tests' from command line to 'False'
[0.477s] DEBUG:colcon.colcon_core.verb:Building package 'arussim_msgs' with the following arguments: {'ament_cmake_args': None, 'build_base': '/home/josedag31/Arus/ws/src/ARUSSim/build/arussim_msgs', 'catkin_cmake_args': None, 'catkin_skip_building_tests': False, 'cmake_args': None, 'cmake_clean_cache': False, 'cmake_clean_first': False, 'cmake_force_configure': False, 'cmake_target': None, 'cmake_target_skip_unavailable': False, 'install_base': '/home/josedag31/Arus/ws/src/ARUSSim/install/arussim_msgs', 'merge_install': False, 'path': '/home/josedag31/Arus/ws/src/ARUSSim/src/arussim_msgs', 'symlink_install': False, 'test_result_base': None}
[0.477s] Level 5:colcon.colcon_core.verb:set package 'automatic_simulations' build argument 'cmake_args' from command line to 'None'
[0.477s] Level 5:colcon.colcon_core.verb:set package 'automatic_simulations' build argument 'cmake_target' from command line to 'None'
[0.477s] Level 5:colcon.colcon_core.verb:set package 'automatic_simulations' build argument 'cmake_target_skip_unavailable' from command line to 'False'
[0.477s] Level 5:colcon.colcon_core.verb:set package 'automatic_simulations' build argument 'cmake_clean_cache' from command line to 'False'
[0.477s] Level 5:colcon.colcon_core.verb:set package 'automatic_simulations' build argument 'cmake_clean_first' from command line to 'False'
[0.477s] Level 5:colcon.colcon_core.verb:set package 'automatic_simulations' build argument 'cmake_force_configure' from command line to 'False'
[0.477s] Level 5:colcon.colcon_core.verb:set package 'automatic_simulations' build argument 'ament_cmake_args' from command line to 'None'
[0.477s] Level 5:colcon.colcon_core.verb:set package 'automatic_simulations' build argument 'catkin_cmake_args' from command line to 'None'
[0.478s] Level 5:colcon.colcon_core.verb:set package 'automatic_simulations' build argument 'catkin_skip_building_tests' from command line to 'False'
[0.478s] DEBUG:colcon.colcon_core.verb:Building package 'automatic_simulations' with the following arguments: {'ament_cmake_args': None, 'build_base': '/home/josedag31/Arus/ws/src/ARUSSim/build/automatic_simulations', 'catkin_cmake_args': None, 'catkin_skip_building_tests': False, 'cmake_args': None, 'cmake_clean_cache': False, 'cmake_clean_first': False, 'cmake_force_configure': False, 'cmake_target': None, 'cmake_target_skip_unavailable': False, 'install_base': '/home/josedag31/Arus/ws/src/ARUSSim/install/automatic_simulations', 'merge_install': False, 'path': '/home/josedag31/Arus/ws/src/ARUSSim/src/automatic_simulations', 'symlink_install': False, 'test_result_base': None}
[0.478s] Level 5:colcon.colcon_core.verb:set package 'arussim' build argument 'cmake_args' from command line to 'None'
[0.478s] Level 5:colcon.colcon_core.verb:set package 'arussim' build argument 'cmake_target' from command line to 'None'
[0.478s] Level 5:colcon.colcon_core.verb:set package 'arussim' build argument 'cmake_target_skip_unavailable' from command line to 'False'
[0.478s] Level 5:colcon.colcon_core.verb:set package 'arussim' build argument 'cmake_clean_cache' from command line to 'False'
[0.478s] Level 5:colcon.colcon_core.verb:set package 'arussim' build argument 'cmake_clean_first' from command line to 'False'
[0.478s] Level 5:colcon.colcon_core.verb:set package 'arussim' build argument 'cmake_force_configure' from command line to 'False'
[0.478s] Level 5:colcon.colcon_core.verb:set package 'arussim' build argument 'ament_cmake_args' from command line to 'None'
[0.478s] Level 5:colcon.colcon_core.verb:set package 'arussim' build argument 'catkin_cmake_args' from command line to 'None'
[0.478s] Level 5:colcon.colcon_core.verb:set package 'arussim' build argument 'catkin_skip_building_tests' from command line to 'False'
[0.478s] DEBUG:colcon.colcon_core.verb:Building package 'arussim' with the following arguments: {'ament_cmake_args': None, 'build_base': '/home/josedag31/Arus/ws/src/ARUSSim/build/arussim', 'catkin_cmake_args': None, 'catkin_skip_building_tests': False, 'cmake_args': None, 'cmake_clean_cache': False, 'cmake_clean_first': False, 'cmake_force_configure': False, 'cmake_target': None, 'cmake_target_skip_unavailable': False, 'install_base': '/home/josedag31/Arus/ws/src/ARUSSim/install/arussim', 'merge_install': False, 'path': '/home/josedag31/Arus/ws/src/ARUSSim/src/arussim', 'symlink_install': False, 'test_result_base': None}
[0.478s] INFO:colcon.colcon_core.executor:Executing jobs using 'parallel' executor
[0.480s] DEBUG:colcon.colcon_parallel_executor.executor.parallel:run_until_complete
[0.480s] INFO:colcon.colcon_ros.task.ament_cmake.build:Building ROS package in '/home/josedag31/Arus/ws/src/ARUSSim/src/arussim_msgs' with build type 'ament_cmake'
[0.480s] INFO:colcon.colcon_cmake.task.cmake.build:Building CMake package in '/home/josedag31/Arus/ws/src/ARUSSim/src/arussim_msgs'
[0.486s] INFO:colcon.colcon_core.plugin_system:Skipping extension 'colcon_core.shell.bat': Not used on non-Windows systems
[0.486s] INFO:colcon.colcon_core.shell:Skip shell extension 'powershell' for command environment: Not usable outside of PowerShell
[0.486s] DEBUG:colcon.colcon_core.shell:Skip shell extension 'dsv' for command environment
[0.495s] INFO:colcon.colcon_ros.task.ament_cmake.build:Building ROS package in '/home/josedag31/Arus/ws/src/ARUSSim/src/automatic_simulations' with build type 'ament_cmake'
[0.495s] INFO:colcon.colcon_cmake.task.cmake.build:Building CMake package in '/home/josedag31/Arus/ws/src/ARUSSim/src/automatic_simulations'
[0.495s] INFO:colcon.colcon_core.shell:Skip shell extension 'powershell' for command environment: Not usable outside of PowerShell
[0.496s] DEBUG:colcon.colcon_core.shell:Skip shell extension 'dsv' for command environment
[0.504s] DEBUG:colcon.colcon_core.event_handler.log_command:Invoking command in '/home/josedag31/Arus/ws/src/ARUSSim/build/arussim_msgs': CMAKE_PREFIX_PATH=${CMAKE_PREFIX_PATH}:/opt/ros/humble /usr/bin/cmake /home/josedag31/Arus/ws/src/ARUSSim/src/arussim_msgs -DCMAKE_INSTALL_PREFIX=/home/josedag31/Arus/ws/src/ARUSSim/install/arussim_msgs
[0.515s] DEBUG:colcon.colcon_core.event_handler.log_command:Invoking command in '/home/josedag31/Arus/ws/src/ARUSSim/build/automatic_simulations': CMAKE_PREFIX_PATH=${CMAKE_PREFIX_PATH}:/opt/ros/humble /usr/bin/cmake /home/josedag31/Arus/ws/src/ARUSSim/src/automatic_simulations -DCMAKE_INSTALL_PREFIX=/home/josedag31/Arus/ws/src/ARUSSim/install/automatic_simulations
[2.903s] DEBUG:colcon.colcon_core.event_handler.log_command:Invoked command in '/home/josedag31/Arus/ws/src/ARUSSim/build/automatic_simulations' returned '0': CMAKE_PREFIX_PATH=${CMAKE_PREFIX_PATH}:/opt/ros/humble /usr/bin/cmake /home/josedag31/Arus/ws/src/ARUSSim/src/automatic_simulations -DCMAKE_INSTALL_PREFIX=/home/josedag31/Arus/ws/src/ARUSSim/install/automatic_simulations
[2.908s] DEBUG:colcon.colcon_core.event_handler.log_command:Invoking command in '/home/josedag31/Arus/ws/src/ARUSSim/build/automatic_simulations': CMAKE_PREFIX_PATH=${CMAKE_PREFIX_PATH}:/opt/ros/humble /usr/bin/cmake --build /home/josedag31/Arus/ws/src/ARUSSim/build/automatic_simulations -- -j8 -l8
[3.738s] DEBUG:colcon.colcon_core.event_handler.log_command:Invoked command in '/home/josedag31/Arus/ws/src/ARUSSim/build/arussim_msgs' returned '0': CMAKE_PREFIX_PATH=${CMAKE_PREFIX_PATH}:/opt/ros/humble /usr/bin/cmake /home/josedag31/Arus/ws/src/ARUSSim/src/arussim_msgs -DCMAKE_INSTALL_PREFIX=/home/josedag31/Arus/ws/src/ARUSSim/install/arussim_msgs
[3.742s] DEBUG:colcon.colcon_core.event_handler.log_command:Invoking command in '/home/josedag31/Arus/ws/src/ARUSSim/build/arussim_msgs': CMAKE_PREFIX_PATH=${CMAKE_PREFIX_PATH}:/opt/ros/humble /usr/bin/cmake --build /home/josedag31/Arus/ws/src/ARUSSim/build/arussim_msgs -- -j8 -l8
[14.444s] DEBUG:colcon.colcon_core.event_handler.log_command:Invoked command in '/home/josedag31/Arus/ws/src/ARUSSim/build/arussim_msgs' returned '0': CMAKE_PREFIX_PATH=${CMAKE_PREFIX_PATH}:/opt/ros/humble /usr/bin/cmake --build /home/josedag31/Arus/ws/src/ARUSSim/build/arussim_msgs -- -j8 -l8
[14.465s] DEBUG:colcon.colcon_core.event_handler.log_command:Invoking command in '/home/josedag31/Arus/ws/src/ARUSSim/build/arussim_msgs': CMAKE_PREFIX_PATH=${CMAKE_PREFIX_PATH}:/opt/ros/humble /usr/bin/cmake --install /home/josedag31/Arus/ws/src/ARUSSim/build/arussim_msgs
[14.641s] Level 1:colcon.colcon_core.environment:create_environment_scripts_only(arussim_msgs)
[14.642s] DEBUG:colcon.colcon_core.event_handler.log_command:Invoked command in '/home/josedag31/Arus/ws/src/ARUSSim/build/arussim_msgs' returned '0': CMAKE_PREFIX_PATH=${CMAKE_PREFIX_PATH}:/opt/ros/humble /usr/bin/cmake --install /home/josedag31/Arus/ws/src/ARUSSim/build/arussim_msgs
[14.648s] Level 1:colcon.colcon_core.environment:checking '/home/josedag31/Arus/ws/src/ARUSSim/install/arussim_msgs' for CMake module files
[14.649s] Level 1:colcon.colcon_core.environment:checking '/home/josedag31/Arus/ws/src/ARUSSim/install/arussim_msgs' for CMake config files
[14.650s] Level 1:colcon.colcon_core.shell:create_environment_hook('arussim_msgs', 'cmake_prefix_path')
[14.650s] INFO:colcon.colcon_core.shell:Creating environment hook '/home/josedag31/Arus/ws/src/ARUSSim/install/arussim_msgs/share/arussim_msgs/hook/cmake_prefix_path.ps1'
[14.653s] INFO:colcon.colcon_core.shell:Creating environment descriptor '/home/josedag31/Arus/ws/src/ARUSSim/install/arussim_msgs/share/arussim_msgs/hook/cmake_prefix_path.dsv'
[14.654s] INFO:colcon.colcon_core.shell:Creating environment hook '/home/josedag31/Arus/ws/src/ARUSSim/install/arussim_msgs/share/arussim_msgs/hook/cmake_prefix_path.sh'
[14.657s] Level 1:colcon.colcon_core.environment:checking '/home/josedag31/Arus/ws/src/ARUSSim/install/arussim_msgs/lib'
[14.657s] Level 1:colcon.colcon_core.shell:create_environment_hook('arussim_msgs', 'ld_library_path_lib')
[14.658s] INFO:colcon.colcon_core.shell:Creating environment hook '/home/josedag31/Arus/ws/src/ARUSSim/install/arussim_msgs/share/arussim_msgs/hook/ld_library_path_lib.ps1'
[14.659s] INFO:colcon.colcon_core.shell:Creating environment descriptor '/home/josedag31/Arus/ws/src/ARUSSim/install/arussim_msgs/share/arussim_msgs/hook/ld_library_path_lib.dsv'
[14.660s] INFO:colcon.colcon_core.shell:Creating environment hook '/home/josedag31/Arus/ws/src/ARUSSim/install/arussim_msgs/share/arussim_msgs/hook/ld_library_path_lib.sh'
[14.661s] Level 1:colcon.colcon_core.environment:checking '/home/josedag31/Arus/ws/src/ARUSSim/install/arussim_msgs/bin'
[14.662s] Level 1:colcon.colcon_core.environment:checking '/home/josedag31/Arus/ws/src/ARUSSim/install/arussim_msgs/lib/pkgconfig/arussim_msgs.pc'
[14.662s] Level 1:colcon.colcon_core.environment:checking '/home/josedag31/Arus/ws/src/ARUSSim/install/arussim_msgs/lib/python3.10/site-packages'
[14.663s] Level 1:colcon.colcon_core.environment:checking '/home/josedag31/Arus/ws/src/ARUSSim/install/arussim_msgs/bin'
[14.664s] INFO:colcon.colcon_core.shell:Creating package script '/home/josedag31/Arus/ws/src/ARUSSim/install/arussim_msgs/share/arussim_msgs/package.ps1'
[14.667s] INFO:colcon.colcon_core.shell:Creating package descriptor '/home/josedag31/Arus/ws/src/ARUSSim/install/arussim_msgs/share/arussim_msgs/package.dsv'
[14.669s] INFO:colcon.colcon_core.shell:Creating package script '/home/josedag31/Arus/ws/src/ARUSSim/install/arussim_msgs/share/arussim_msgs/package.sh'
[14.671s] INFO:colcon.colcon_core.shell:Creating package script '/home/josedag31/Arus/ws/src/ARUSSim/install/arussim_msgs/share/arussim_msgs/package.bash'
[14.673s] INFO:colcon.colcon_core.shell:Creating package script '/home/josedag31/Arus/ws/src/ARUSSim/install/arussim_msgs/share/arussim_msgs/package.zsh'
[14.675s] Level 1:colcon.colcon_core.environment:create_file_with_runtime_dependencies(/home/josedag31/Arus/ws/src/ARUSSim/install/arussim_msgs/share/colcon-core/packages/arussim_msgs)
[14.676s] Level 1:colcon.colcon_core.environment:create_environment_scripts_only(arussim_msgs)
[14.677s] Level 1:colcon.colcon_core.environment:checking '/home/josedag31/Arus/ws/src/ARUSSim/install/arussim_msgs' for CMake module files
[14.678s] Level 1:colcon.colcon_core.environment:checking '/home/josedag31/Arus/ws/src/ARUSSim/install/arussim_msgs' for CMake config files
[14.678s] Level 1:colcon.colcon_core.shell:create_environment_hook('arussim_msgs', 'cmake_prefix_path')
[14.679s] INFO:colcon.colcon_core.shell:Creating environment hook '/home/josedag31/Arus/ws/src/ARUSSim/install/arussim_msgs/share/arussim_msgs/hook/cmake_prefix_path.ps1'
[14.680s] INFO:colcon.colcon_core.shell:Creating environment descriptor '/home/josedag31/Arus/ws/src/ARUSSim/install/arussim_msgs/share/arussim_msgs/hook/cmake_prefix_path.dsv'
[14.681s] INFO:colcon.colcon_core.shell:Creating environment hook '/home/josedag31/Arus/ws/src/ARUSSim/install/arussim_msgs/share/arussim_msgs/hook/cmake_prefix_path.sh'
[14.682s] Level 1:colcon.colcon_core.environment:checking '/home/josedag31/Arus/ws/src/ARUSSim/install/arussim_msgs/lib'
[14.682s] Level 1:colcon.colcon_core.shell:create_environment_hook('arussim_msgs', 'ld_library_path_lib')
[14.682s] INFO:colcon.colcon_core.shell:Creating environment hook '/home/josedag31/Arus/ws/src/ARUSSim/install/arussim_msgs/share/arussim_msgs/hook/ld_library_path_lib.ps1'
[14.683s] INFO:colcon.colcon_core.shell:Creating environment descriptor '/home/josedag31/Arus/ws/src/ARUSSim/install/arussim_msgs/share/arussim_msgs/hook/ld_library_path_lib.dsv'
[14.684s] INFO:colcon.colcon_core.shell:Creating environment hook '/home/josedag31/Arus/ws/src/ARUSSim/install/arussim_msgs/share/arussim_msgs/hook/ld_library_path_lib.sh'
[14.684s] Level 1:colcon.colcon_core.environment:checking '/home/josedag31/Arus/ws/src/ARUSSim/install/arussim_msgs/bin'
[14.685s] Level 1:colcon.colcon_core.environment:checking '/home/josedag31/Arus/ws/src/ARUSSim/install/arussim_msgs/lib/pkgconfig/arussim_msgs.pc'
[14.685s] Level 1:colcon.colcon_core.environment:checking '/home/josedag31/Arus/ws/src/ARUSSim/install/arussim_msgs/lib/python3.10/site-packages'
[14.685s] Level 1:colcon.colcon_core.environment:checking '/home/josedag31/Arus/ws/src/ARUSSim/install/arussim_msgs/bin'
[14.686s] INFO:colcon.colcon_core.shell:Creating package script '/home/josedag31/Arus/ws/src/ARUSSim/install/arussim_msgs/share/arussim_msgs/package.ps1'
[14.687s] INFO:colcon.colcon_core.shell:Creating package descriptor '/home/josedag31/Arus/ws/src/ARUSSim/install/arussim_msgs/share/arussim_msgs/package.dsv'
[14.689s] INFO:colcon.colcon_core.shell:Creating package script '/home/josedag31/Arus/ws/src/ARUSSim/install/arussim_msgs/share/arussim_msgs/package.sh'
[14.690s] INFO:colcon.colcon_core.shell:Creating package script '/home/josedag31/Arus/ws/src/ARUSSim/install/arussim_msgs/share/arussim_msgs/package.bash'
[14.691s] INFO:colcon.colcon_core.shell:Creating package script '/home/josedag31/Arus/ws/src/ARUSSim/install/arussim_msgs/share/arussim_msgs/package.zsh'
[14.691s] Level 1:colcon.colcon_core.environment:create_file_with_runtime_dependencies(/home/josedag31/Arus/ws/src/ARUSSim/install/arussim_msgs/share/colcon-core/packages/arussim_msgs)
[14.692s] INFO:colcon.colcon_ros.task.ament_cmake.build:Building ROS package in '/home/josedag31/Arus/ws/src/ARUSSim/src/arussim' with build type 'ament_cmake'
[14.692s] INFO:colcon.colcon_cmake.task.cmake.build:Building CMake package in '/home/josedag31/Arus/ws/src/ARUSSim/src/arussim'
[14.693s] INFO:colcon.colcon_core.shell:Skip shell extension 'powershell' for command environment: Not usable outside of PowerShell
[14.693s] DEBUG:colcon.colcon_core.shell:Skip shell extension 'dsv' for command environment
[14.722s] DEBUG:colcon.colcon_core.event_handler.log_command:Invoking command in '/home/josedag31/Arus/ws/src/ARUSSim/build/arussim': AMENT_PREFIX_PATH=/home/josedag31/Arus/ws/src/ARUSSim/install/arussim_msgs:${AMENT_PREFIX_PATH} CMAKE_PREFIX_PATH=/home/josedag31/Arus/ws/src/ARUSSim/install/arussim_msgs:/home/josedag31/Arus/ws/install/visualization:/home/josedag31/Arus/ws/install/trajectory_optimization:/home/josedag31/Arus/ws/install/skidpad_planning:/home/josedag31/Arus/ws/install/perception:/home/josedag31/Arus/ws/install/path_planning:/home/josedag31/Arus/ws/install/inspection_control:/home/josedag31/Arus/ws/install/icp_slam:/home/josedag31/Arus/ws/install/graph_slam:/home/josedag31/Arus/ws/install/epos_interface:/home/josedag31/Arus/ws/install/controller:/home/josedag31/Arus/ws/install/car_state:/home/josedag31/Arus/ws/install/common_msgs:/home/josedag31/Arus/ws/install/common_meta:/home/josedag31/Arus/ws/install/can_interface:/home/josedag31/Arus/ws/install/automatic_simulations:/home/josedag31/Arus/ws/install/arussim_msgs:/home/josedag31/Arus/ws/install/arussim_interface:/home/josedag31/Arus/ws/install/arussim:/home/josedag31/Arus/ws/install/acc_planning:/opt/ros/humble LD_LIBRARY_PATH=/home/josedag31/Arus/ws/src/ARUSSim/install/arussim_msgs/lib:${LD_LIBRARY_PATH} PYTHONPATH=/home/josedag31/Arus/ws/src/ARUSSim/install/arussim_msgs/local/lib/python3.10/dist-packages:${PYTHONPATH} /usr/bin/cmake /home/josedag31/Arus/ws/src/ARUSSim/src/arussim -DCMAKE_INSTALL_PREFIX=/home/josedag31/Arus/ws/src/ARUSSim/install/arussim
[20.309s] DEBUG:colcon.colcon_core.event_handler.log_command:Invoked command in '/home/josedag31/Arus/ws/src/ARUSSim/build/automatic_simulations' returned '0': CMAKE_PREFIX_PATH=${CMAKE_PREFIX_PATH}:/opt/ros/humble /usr/bin/cmake --build /home/josedag31/Arus/ws/src/ARUSSim/build/automatic_simulations -- -j8 -l8
[20.312s] DEBUG:colcon.colcon_core.event_handler.log_command:Invoking command in '/home/josedag31/Arus/ws/src/ARUSSim/build/automatic_simulations': CMAKE_PREFIX_PATH=${CMAKE_PREFIX_PATH}:/opt/ros/humble /usr/bin/cmake --install /home/josedag31/Arus/ws/src/ARUSSim/build/automatic_simulations
[20.342s] Level 1:colcon.colcon_core.environment:create_environment_scripts_only(automatic_simulations)
[20.342s] DEBUG:colcon.colcon_core.event_handler.log_command:Invoked command in '/home/josedag31/Arus/ws/src/ARUSSim/build/automatic_simulations' returned '0': CMAKE_PREFIX_PATH=${CMAKE_PREFIX_PATH}:/opt/ros/humble /usr/bin/cmake --install /home/josedag31/Arus/ws/src/ARUSSim/build/automatic_simulations
[20.343s] Level 1:colcon.colcon_core.environment:checking '/home/josedag31/Arus/ws/src/ARUSSim/install/automatic_simulations' for CMake module files
[20.344s] Level 1:colcon.colcon_core.environment:checking '/home/josedag31/Arus/ws/src/ARUSSim/install/automatic_simulations' for CMake config files
[20.344s] Level 1:colcon.colcon_core.shell:create_environment_hook('automatic_simulations', 'cmake_prefix_path')
[20.344s] INFO:colcon.colcon_core.shell:Creating environment hook '/home/josedag31/Arus/ws/src/ARUSSim/install/automatic_simulations/share/automatic_simulations/hook/cmake_prefix_path.ps1'
[20.345s] INFO:colcon.colcon_core.shell:Creating environment descriptor '/home/josedag31/Arus/ws/src/ARUSSim/install/automatic_simulations/share/automatic_simulations/hook/cmake_prefix_path.dsv'
[20.346s] INFO:colcon.colcon_core.shell:Creating environment hook '/home/josedag31/Arus/ws/src/ARUSSim/install/automatic_simulations/share/automatic_simulations/hook/cmake_prefix_path.sh'
[20.347s] Level 1:colcon.colcon_core.environment:checking '/home/josedag31/Arus/ws/src/ARUSSim/install/automatic_simulations/lib'
[20.347s] Level 1:colcon.colcon_core.environment:checking '/home/josedag31/Arus/ws/src/ARUSSim/install/automatic_simulations/bin'
[20.347s] Level 1:colcon.colcon_core.environment:checking '/home/josedag31/Arus/ws/src/ARUSSim/install/automatic_simulations/lib/pkgconfig/automatic_simulations.pc'
[20.348s] Level 1:colcon.colcon_core.environment:checking '/home/josedag31/Arus/ws/src/ARUSSim/install/automatic_simulations/lib/python3.10/site-packages'
[20.348s] Level 1:colcon.colcon_core.environment:checking '/home/josedag31/Arus/ws/src/ARUSSim/install/automatic_simulations/bin'
[20.348s] INFO:colcon.colcon_core.shell:Creating package script '/home/josedag31/Arus/ws/src/ARUSSim/install/automatic_simulations/share/automatic_simulations/package.ps1'
[20.349s] INFO:colcon.colcon_core.shell:Creating package descriptor '/home/josedag31/Arus/ws/src/ARUSSim/install/automatic_simulations/share/automatic_simulations/package.dsv'
[20.350s] INFO:colcon.colcon_core.shell:Creating package script '/home/josedag31/Arus/ws/src/ARUSSim/install/automatic_simulations/share/automatic_simulations/package.sh'
[20.351s] INFO:colcon.colcon_core.shell:Creating package script '/home/josedag31/Arus/ws/src/ARUSSim/install/automatic_simulations/share/automatic_simulations/package.bash'
[20.351s] INFO:colcon.colcon_core.shell:Creating package script '/home/josedag31/Arus/ws/src/ARUSSim/install/automatic_simulations/share/automatic_simulations/package.zsh'
[20.352s] Level 1:colcon.colcon_core.environment:create_file_with_runtime_dependencies(/home/josedag31/Arus/ws/src/ARUSSim/install/automatic_simulations/share/colcon-core/packages/automatic_simulations)
[20.353s] Level 1:colcon.colcon_core.environment:create_environment_scripts_only(automatic_simulations)
[20.353s] Level 1:colcon.colcon_core.environment:checking '/home/josedag31/Arus/ws/src/ARUSSim/install/automatic_simulations' for CMake module files
[20.354s] Level 1:colcon.colcon_core.environment:checking '/home/josedag31/Arus/ws/src/ARUSSim/install/automatic_simulations' for CMake config files
[20.354s] Level 1:colcon.colcon_core.shell:create_environment_hook('automatic_simulations', 'cmake_prefix_path')
[20.355s] INFO:colcon.colcon_core.shell:Creating environment hook '/home/josedag31/Arus/ws/src/ARUSSim/install/automatic_simulations/share/automatic_simulations/hook/cmake_prefix_path.ps1'
[20.356s] INFO:colcon.colcon_core.shell:Creating environment descriptor '/home/josedag31/Arus/ws/src/ARUSSim/install/automatic_simulations/share/automatic_simulations/hook/cmake_prefix_path.dsv'
[20.357s] INFO:colcon.colcon_core.shell:Creating environment hook '/home/josedag31/Arus/ws/src/ARUSSim/install/automatic_simulations/share/automatic_simulations/hook/cmake_prefix_path.sh'
[20.358s] Level 1:colcon.colcon_core.environment:checking '/home/josedag31/Arus/ws/src/ARUSSim/install/automatic_simulations/lib'
[20.358s] Level 1:colcon.colcon_core.environment:checking '/home/josedag31/Arus/ws/src/ARUSSim/install/automatic_simulations/bin'
[20.358s] Level 1:colcon.colcon_core.environment:checking '/home/josedag31/Arus/ws/src/ARUSSim/install/automatic_simulations/lib/pkgconfig/automatic_simulations.pc'
[20.358s] Level 1:colcon.colcon_core.environment:checking '/home/josedag31/Arus/ws/src/ARUSSim/install/automatic_simulations/lib/python3.10/site-packages'
[20.359s] Level 1:colcon.colcon_core.environment:checking '/home/josedag31/Arus/ws/src/ARUSSim/install/automatic_simulations/bin'
[20.359s] INFO:colcon.colcon_core.shell:Creating package script '/home/josedag31/Arus/ws/src/ARUSSim/install/automatic_simulations/share/automatic_simulations/package.ps1'
[20.360s] INFO:colcon.colcon_core.shell:Creating package descriptor '/home/josedag31/Arus/ws/src/ARUSSim/install/automatic_simulations/share/automatic_simulations/package.dsv'
[20.361s] INFO:colcon.colcon_core.shell:Creating package script '/home/josedag31/Arus/ws/src/ARUSSim/install/automatic_simulations/share/automatic_simulations/package.sh'
[20.362s] INFO:colcon.colcon_core.shell:Creating package script '/home/josedag31/Arus/ws/src/ARUSSim/install/automatic_simulations/share/automatic_simulations/package.bash'
[20.363s] INFO:colcon.colcon_core.shell:Creating package script '/home/josedag31/Arus/ws/src/ARUSSim/install/automatic_simulations/share/automatic_simulations/package.zsh'
[20.364s] Level 1:colcon.colcon_core.environment:create_file_with_runtime_dependencies(/home/josedag31/Arus/ws/src/ARUSSim/install/automatic_simulations/share/colcon-core/packages/automatic_simulations)
[22.230s] DEBUG:colcon.colcon_core.event_handler.log_command:Invoked command in '/home/josedag31/Arus/ws/src/ARUSSim/build/arussim' returned '0': AMENT_PREFIX_PATH=/home/josedag31/Arus/ws/src/ARUSSim/install/arussim_msgs:${AMENT_PREFIX_PATH} CMAKE_PREFIX_PATH=/home/josedag31/Arus/ws/src/ARUSSim/install/arussim_msgs:/home/josedag31/Arus/ws/install/visualization:/home/josedag31/Arus/ws/install/trajectory_optimization:/home/josedag31/Arus/ws/install/skidpad_planning:/home/josedag31/Arus/ws/install/perception:/home/josedag31/Arus/ws/install/path_planning:/home/josedag31/Arus/ws/install/inspection_control:/home/josedag31/Arus/ws/install/icp_slam:/home/josedag31/Arus/ws/install/graph_slam:/home/josedag31/Arus/ws/install/epos_interface:/home/josedag31/Arus/ws/install/controller:/home/josedag31/Arus/ws/install/car_state:/home/josedag31/Arus/ws/install/common_msgs:/home/josedag31/Arus/ws/install/common_meta:/home/josedag31/Arus/ws/install/can_interface:/home/josedag31/Arus/ws/install/automatic_simulations:/home/josedag31/Arus/ws/install/arussim_msgs:/home/josedag31/Arus/ws/install/arussim_interface:/home/josedag31/Arus/ws/install/arussim:/home/josedag31/Arus/ws/install/acc_planning:/opt/ros/humble LD_LIBRARY_PATH=/home/josedag31/Arus/ws/src/ARUSSim/install/arussim_msgs/lib:${LD_LIBRARY_PATH} PYTHONPATH=/home/josedag31/Arus/ws/src/ARUSSim/install/arussim_msgs/local/lib/python3.10/dist-packages:${PYTHONPATH} /usr/bin/cmake /home/josedag31/Arus/ws/src/ARUSSim/src/arussim -DCMAKE_INSTALL_PREFIX=/home/josedag31/Arus/ws/src/ARUSSim/install/arussim
[22.233s] DEBUG:colcon.colcon_core.event_handler.log_command:Invoking command in '/home/josedag31/Arus/ws/src/ARUSSim/build/arussim': AMENT_PREFIX_PATH=/home/josedag31/Arus/ws/src/ARUSSim/install/arussim_msgs:${AMENT_PREFIX_PATH} CMAKE_PREFIX_PATH=/home/josedag31/Arus/ws/src/ARUSSim/install/arussim_msgs:/home/josedag31/Arus/ws/install/visualization:/home/josedag31/Arus/ws/install/trajectory_optimization:/home/josedag31/Arus/ws/install/skidpad_planning:/home/josedag31/Arus/ws/install/perception:/home/josedag31/Arus/ws/install/path_planning:/home/josedag31/Arus/ws/install/inspection_control:/home/josedag31/Arus/ws/install/icp_slam:/home/josedag31/Arus/ws/install/graph_slam:/home/josedag31/Arus/ws/install/epos_interface:/home/josedag31/Arus/ws/install/controller:/home/josedag31/Arus/ws/install/car_state:/home/josedag31/Arus/ws/install/common_msgs:/home/josedag31/Arus/ws/install/common_meta:/home/josedag31/Arus/ws/install/can_interface:/home/josedag31/Arus/ws/install/automatic_simulations:/home/josedag31/Arus/ws/install/arussim_msgs:/home/josedag31/Arus/ws/install/arussim_interface:/home/josedag31/Arus/ws/install/arussim:/home/josedag31/Arus/ws/install/acc_planning:/opt/ros/humble LD_LIBRARY_PATH=/home/josedag31/Arus/ws/src/ARUSSim/install/arussim_msgs/lib:${LD_LIBRARY_PATH} PYTHONPATH=/home/josedag31/Arus/ws/src/ARUSSim/install/arussim_msgs/local/lib/python3.10/dist-packages:${PYTHONPATH} /usr/bin/cmake --build /home/josedag31/Arus/ws/src/ARUSSim/build/arussim -- -j8 -l8
[66.533s] DEBUG:colcon.colcon_core.event_handler.log_command:Invoked command in '/home/josedag31/Arus/ws/src/ARUSSim/build/arussim' returned '0': AMENT_PREFIX_PATH=/home/josedag31/Arus/ws/src/ARUSSim/install/arussim_msgs:${AMENT_PREFIX_PATH} CMAKE_PREFIX_PATH=/home/josedag31/Arus/ws/src/ARUSSim/install/arussim_msgs:/home/josedag31/Arus/ws/install/visualization:/home/josedag31/Arus/ws/install/trajectory_optimization:/home/josedag31/Arus/ws/install/skidpad_planning:/home/josedag31/Arus/ws/install/perception:/home/josedag31/Arus/ws/install/path_planning:/home/josedag31/Arus/ws/install/inspection_control:/home/josedag31/Arus/ws/install/icp_slam:/home/josedag31/Arus/ws/install/graph_slam:/home/josedag31/Arus/ws/install/epos_interface:/home/josedag31/Arus/ws/install/controller:/home/josedag31/Arus/ws/install/car_state:/home/josedag31/Arus/ws/install/common_msgs:/home/josedag31/Arus/ws/install/common_meta:/home/josedag31/Arus/ws/install/can_interface:/home/josedag31/Arus/ws/install/automatic_simulations:/home/josedag31/Arus/ws/install/arussim_msgs:/home/josedag31/Arus/ws/install/arussim_interface:/home/josedag31/Arus/ws/install/arussim:/home/josedag31/Arus/ws/install/acc_planning:/opt/ros/humble LD_LIBRARY_PATH=/home/josedag31/Arus/ws/src/ARUSSim/install/arussim_msgs/lib:${LD_LIBRARY_PATH} PYTHONPATH=/home/josedag31/Arus/ws/src/ARUSSim/install/arussim_msgs/local/lib/python3.10/dist-packages:${PYTHONPATH} /usr/bin/cmake --build /home/josedag31/Arus/ws/src/ARUSSim/build/arussim -- -j8 -l8
[66.536s] DEBUG:colcon.colcon_core.event_handler.log_command:Invoking command in '/home/josedag31/Arus/ws/src/ARUSSim/build/arussim': AMENT_PREFIX_PATH=/home/josedag31/Arus/ws/src/ARUSSim/install/arussim_msgs:${AMENT_PREFIX_PATH} CMAKE_PREFIX_PATH=/home/josedag31/Arus/ws/src/ARUSSim/install/arussim_msgs:/home/josedag31/Arus/ws/install/visualization:/home/josedag31/Arus/ws/install/trajectory_optimization:/home/josedag31/Arus/ws/install/skidpad_planning:/home/josedag31/Arus/ws/install/perception:/home/josedag31/Arus/ws/install/path_planning:/home/josedag31/Arus/ws/install/inspection_control:/home/josedag31/Arus/ws/install/icp_slam:/home/josedag31/Arus/ws/install/graph_slam:/home/josedag31/Arus/ws/install/epos_interface:/home/josedag31/Arus/ws/install/controller:/home/josedag31/Arus/ws/install/car_state:/home/josedag31/Arus/ws/install/common_msgs:/home/josedag31/Arus/ws/install/common_meta:/home/josedag31/Arus/ws/install/can_interface:/home/josedag31/Arus/ws/install/automatic_simulations:/home/josedag31/Arus/ws/install/arussim_msgs:/home/josedag31/Arus/ws/install/arussim_interface:/home/josedag31/Arus/ws/install/arussim:/home/josedag31/Arus/ws/install/acc_planning:/opt/ros/humble LD_LIBRARY_PATH=/home/josedag31/Arus/ws/src/ARUSSim/install/arussim_msgs/lib:${LD_LIBRARY_PATH} PYTHONPATH=/home/josedag31/Arus/ws/src/ARUSSim/install/arussim_msgs/local/lib/python3.10/dist-packages:${PYTHONPATH} /usr/bin/cmake --install /home/josedag31/Arus/ws/src/ARUSSim/build/arussim
[66.744s] Level 1:colcon.colcon_core.environment:create_environment_scripts_only(arussim)
[66.746s] Level 1:colcon.colcon_core.environment:checking '/home/josedag31/Arus/ws/src/ARUSSim/install/arussim' for CMake module files
[66.746s] DEBUG:colcon.colcon_core.event_handler.log_command:Invoked command in '/home/josedag31/Arus/ws/src/ARUSSim/build/arussim' returned '0': AMENT_PREFIX_PATH=/home/josedag31/Arus/ws/src/ARUSSim/install/arussim_msgs:${AMENT_PREFIX_PATH} CMAKE_PREFIX_PATH=/home/josedag31/Arus/ws/src/ARUSSim/install/arussim_msgs:/home/josedag31/Arus/ws/install/visualization:/home/josedag31/Arus/ws/install/trajectory_optimization:/home/josedag31/Arus/ws/install/skidpad_planning:/home/josedag31/Arus/ws/install/perception:/home/josedag31/Arus/ws/install/path_planning:/home/josedag31/Arus/ws/install/inspection_control:/home/josedag31/Arus/ws/install/icp_slam:/home/josedag31/Arus/ws/install/graph_slam:/home/josedag31/Arus/ws/install/epos_interface:/home/josedag31/Arus/ws/install/controller:/home/josedag31/Arus/ws/install/car_state:/home/josedag31/Arus/ws/install/common_msgs:/home/josedag31/Arus/ws/install/common_meta:/home/josedag31/Arus/ws/install/can_interface:/home/josedag31/Arus/ws/install/automatic_simulations:/home/josedag31/Arus/ws/install/arussim_msgs:/home/josedag31/Arus/ws/install/arussim_interface:/home/josedag31/Arus/ws/install/arussim:/home/josedag31/Arus/ws/install/acc_planning:/opt/ros/humble LD_LIBRARY_PATH=/home/josedag31/Arus/ws/src/ARUSSim/install/arussim_msgs/lib:${LD_LIBRARY_PATH} PYTHONPATH=/home/josedag31/Arus/ws/src/ARUSSim/install/arussim_msgs/local/lib/python3.10/dist-packages:${PYTHONPATH} /usr/bin/cmake --install /home/josedag31/Arus/ws/src/ARUSSim/build/arussim
[66.748s] Level 1:colcon.colcon_core.environment:checking '/home/josedag31/Arus/ws/src/ARUSSim/install/arussim' for CMake config files
[66.748s] Level 1:colcon.colcon_core.shell:create_environment_hook('arussim', 'cmake_prefix_path')
[66.749s] INFO:colcon.colcon_core.shell:Creating environment hook '/home/josedag31/Arus/ws/src/ARUSSim/install/arussim/share/arussim/hook/cmake_prefix_path.ps1'
[66.750s] INFO:colcon.colcon_core.shell:Creating environment descriptor '/home/josedag31/Arus/ws/src/ARUSSim/install/arussim/share/arussim/hook/cmake_prefix_path.dsv'
[66.751s] INFO:colcon.colcon_core.shell:Creating environment hook '/home/josedag31/Arus/ws/src/ARUSSim/install/arussim/share/arussim/hook/cmake_prefix_path.sh'
[66.752s] Level 1:colcon.colcon_core.environment:checking '/home/josedag31/Arus/ws/src/ARUSSim/install/arussim/lib'
[66.752s] Level 1:colcon.colcon_core.shell:create_environment_hook('arussim', 'ld_library_path_lib')
[66.752s] INFO:colcon.colcon_core.shell:Creating environment hook '/home/josedag31/Arus/ws/src/ARUSSim/install/arussim/share/arussim/hook/ld_library_path_lib.ps1'
[66.753s] INFO:colcon.colcon_core.shell:Creating environment descriptor '/home/josedag31/Arus/ws/src/ARUSSim/install/arussim/share/arussim/hook/ld_library_path_lib.dsv'
[66.753s] INFO:colcon.colcon_core.shell:Creating environment hook '/home/josedag31/Arus/ws/src/ARUSSim/install/arussim/share/arussim/hook/ld_library_path_lib.sh'
[66.754s] Level 1:colcon.colcon_core.environment:checking '/home/josedag31/Arus/ws/src/ARUSSim/install/arussim/bin'
[66.754s] Level 1:colcon.colcon_core.environment:checking '/home/josedag31/Arus/ws/src/ARUSSim/install/arussim/lib/pkgconfig/arussim.pc'
[66.754s] Level 1:colcon.colcon_core.environment:checking '/home/josedag31/Arus/ws/src/ARUSSim/install/arussim/lib/python3.10/site-packages'
[66.754s] Level 1:colcon.colcon_core.environment:checking '/home/josedag31/Arus/ws/src/ARUSSim/install/arussim/bin'
[66.755s] INFO:colcon.colcon_core.shell:Creating package script '/home/josedag31/Arus/ws/src/ARUSSim/install/arussim/share/arussim/package.ps1'
[66.756s] INFO:colcon.colcon_core.shell:Creating package descriptor '/home/josedag31/Arus/ws/src/ARUSSim/install/arussim/share/arussim/package.dsv'
[66.756s] INFO:colcon.colcon_core.shell:Creating package script '/home/josedag31/Arus/ws/src/ARUSSim/install/arussim/share/arussim/package.sh'
[66.757s] INFO:colcon.colcon_core.shell:Creating package script '/home/josedag31/Arus/ws/src/ARUSSim/install/arussim/share/arussim/package.bash'
[66.758s] INFO:colcon.colcon_core.shell:Creating package script '/home/josedag31/Arus/ws/src/ARUSSim/install/arussim/share/arussim/package.zsh'
[66.758s] Level 1:colcon.colcon_core.environment:create_file_with_runtime_dependencies(/home/josedag31/Arus/ws/src/ARUSSim/install/arussim/share/colcon-core/packages/arussim)
[66.759s] Level 1:colcon.colcon_core.environment:create_environment_scripts_only(arussim)
[66.759s] Level 1:colcon.colcon_core.environment:checking '/home/josedag31/Arus/ws/src/ARUSSim/install/arussim' for CMake module files
[66.760s] Level 1:colcon.colcon_core.environment:checking '/home/josedag31/Arus/ws/src/ARUSSim/install/arussim' for CMake config files
[66.760s] Level 1:colcon.colcon_core.shell:create_environment_hook('arussim', 'cmake_prefix_path')
[66.760s] INFO:colcon.colcon_core.shell:Creating environment hook '/home/josedag31/Arus/ws/src/ARUSSim/install/arussim/share/arussim/hook/cmake_prefix_path.ps1'
[66.761s] INFO:colcon.colcon_core.shell:Creating environment descriptor '/home/josedag31/Arus/ws/src/ARUSSim/install/arussim/share/arussim/hook/cmake_prefix_path.dsv'
[66.762s] INFO:colcon.colcon_core.shell:Creating environment hook '/home/josedag31/Arus/ws/src/ARUSSim/install/arussim/share/arussim/hook/cmake_prefix_path.sh'
[66.762s] Level 1:colcon.colcon_core.environment:checking '/home/josedag31/Arus/ws/src/ARUSSim/install/arussim/lib'
[66.763s] Level 1:colcon.colcon_core.shell:create_environment_hook('arussim', 'ld_library_path_lib')
[66.763s] INFO:colcon.colcon_core.shell:Creating environment hook '/home/josedag31/Arus/ws/src/ARUSSim/install/arussim/share/arussim/hook/ld_library_path_lib.ps1'
[66.763s] INFO:colcon.colcon_core.shell:Creating environment descriptor '/home/josedag31/Arus/ws/src/ARUSSim/install/arussim/share/arussim/hook/ld_library_path_lib.dsv'
[66.764s] INFO:colcon.colcon_core.shell:Creating environment hook '/home/josedag31/Arus/ws/src/ARUSSim/install/arussim/share/arussim/hook/ld_library_path_lib.sh'
[66.764s] Level 1:colcon.colcon_core.environment:checking '/home/josedag31/Arus/ws/src/ARUSSim/install/arussim/bin'
[66.765s] Level 1:colcon.colcon_core.environment:checking '/home/josedag31/Arus/ws/src/ARUSSim/install/arussim/lib/pkgconfig/arussim.pc'
[66.765s] Level 1:colcon.colcon_core.environment:checking '/home/josedag31/Arus/ws/src/ARUSSim/install/arussim/lib/python3.10/site-packages'
[66.765s] Level 1:colcon.colcon_core.environment:checking '/home/josedag31/Arus/ws/src/ARUSSim/install/arussim/bin'
[66.765s] INFO:colcon.colcon_core.shell:Creating package script '/home/josedag31/Arus/ws/src/ARUSSim/install/arussim/share/arussim/package.ps1'
[66.766s] INFO:colcon.colcon_core.shell:Creating package descriptor '/home/josedag31/Arus/ws/src/ARUSSim/install/arussim/share/arussim/package.dsv'
[66.767s] INFO:colcon.colcon_core.shell:Creating package script '/home/josedag31/Arus/ws/src/ARUSSim/install/arussim/share/arussim/package.sh'
[66.767s] INFO:colcon.colcon_core.shell:Creating package script '/home/josedag31/Arus/ws/src/ARUSSim/install/arussim/share/arussim/package.bash'
[66.768s] INFO:colcon.colcon_core.shell:Creating package script '/home/josedag31/Arus/ws/src/ARUSSim/install/arussim/share/arussim/package.zsh'
[66.769s] Level 1:colcon.colcon_core.environment:create_file_with_runtime_dependencies(/home/josedag31/Arus/ws/src/ARUSSim/install/arussim/share/colcon-core/packages/arussim)
[66.769s] DEBUG:colcon.colcon_parallel_executor.executor.parallel:closing loop
[66.770s] DEBUG:colcon.colcon_parallel_executor.executor.parallel:loop closed
[66.770s] DEBUG:colcon.colcon_parallel_executor.executor.parallel:run_until_complete finished with '0'
[66.770s] DEBUG:colcon.colcon_core.event_reactor:joining thread
[66.780s] INFO:colcon.colcon_core.plugin_system:Skipping extension 'colcon_notification.desktop_notification.terminal_notifier': Not used on non-Darwin systems
[66.780s] INFO:colcon.colcon_core.plugin_system:Skipping extension 'colcon_notification.desktop_notification.win32': Not used on non-Windows systems
[66.780s] INFO:colcon.colcon_notification.desktop_notification:Sending desktop notification using 'notify2'
[66.794s] DEBUG:colcon.colcon_core.event_reactor:joined thread
[66.794s] INFO:colcon.colcon_core.shell:Creating prefix script '/home/josedag31/Arus/ws/src/ARUSSim/install/local_setup.ps1'
[66.796s] INFO:colcon.colcon_core.shell:Creating prefix util module '/home/josedag31/Arus/ws/src/ARUSSim/install/_local_setup_util_ps1.py'
[66.798s] INFO:colcon.colcon_core.shell:Creating prefix chain script '/home/josedag31/Arus/ws/src/ARUSSim/install/setup.ps1'
[66.800s] INFO:colcon.colcon_core.shell:Creating prefix script '/home/josedag31/Arus/ws/src/ARUSSim/install/local_setup.sh'
[66.801s] INFO:colcon.colcon_core.shell:Creating prefix util module '/home/josedag31/Arus/ws/src/ARUSSim/install/_local_setup_util_sh.py'
[66.802s] INFO:colcon.colcon_core.shell:Creating prefix chain script '/home/josedag31/Arus/ws/src/ARUSSim/install/setup.sh'
[66.804s] INFO:colcon.colcon_core.shell:Creating prefix script '/home/josedag31/Arus/ws/src/ARUSSim/install/local_setup.bash'
[66.805s] INFO:colcon.colcon_core.shell:Creating prefix chain script '/home/josedag31/Arus/ws/src/ARUSSim/install/setup.bash'
[66.810s] INFO:colcon.colcon_core.shell:Creating prefix script '/home/josedag31/Arus/ws/src/ARUSSim/install/local_setup.zsh'
[66.812s] INFO:colcon.colcon_core.shell:Creating prefix chain script '/home/josedag31/Arus/ws/src/ARUSSim/install/setup.zsh'
