[0.027s] Invoking command in '/home/josedag31/Arus/ws/src/ARUSSim/build/arussim_msgs': CMAKE_PREFIX_PATH=${CMAKE_PREFIX_PATH}:/opt/ros/humble /usr/bin/cmake --build /home/josedag31/Arus/ws/src/ARUSSim/build/arussim_msgs -- -j8 -l8
[0.103s] [35m[1mConsolidate compiler generated dependencies of target arussim_msgs__rosidl_generator_c[0m
[0.116s] [  1%] Built target arussim_msgs__cpp
[0.127s] [ 12%] Built target arussim_msgs__rosidl_generator_c
[0.143s] [35m[1mConsolidate compiler generated dependencies of target arussim_msgs__rosidl_typesupport_introspection_cpp[0m
[0.146s] [35m[1mConsolidate compiler generated dependencies of target arussim_msgs__rosidl_typesupport_fastrtps_cpp[0m
[0.146s] [35m[1mConsolidate compiler generated dependencies of target arussim_msgs__rosidl_typesupport_cpp[0m
[0.160s] [ 12%] Built target ament_cmake_python_copy_arussim_msgs
[0.165s] [35m[1mConsolidate compiler generated dependencies of target arussim_msgs__rosidl_typesupport_fastrtps_c[0m
[0.166s] [35m[1mConsolidate compiler generated dependencies of target arussim_msgs__rosidl_typesupport_introspection_c[0m
[0.176s] [35m[1mConsolidate compiler generated dependencies of target arussim_msgs__rosidl_typesupport_c[0m
[0.185s] [ 30%] Built target arussim_msgs__rosidl_typesupport_fastrtps_cpp
[0.186s] [ 35%] Built target arussim_msgs__rosidl_typesupport_introspection_cpp
[0.188s] [ 46%] Built target arussim_msgs__rosidl_typesupport_cpp
[0.202s] [ 57%] Built target arussim_msgs__rosidl_typesupport_fastrtps_c
[0.205s] [ 69%] Built target arussim_msgs__rosidl_typesupport_c
[0.207s] [ 80%] Built target arussim_msgs__rosidl_typesupport_introspection_c
[0.251s] [ 80%] Built target arussim_msgs
[0.290s] [ 81%] Built target arussim_msgs__py
[0.318s] [35m[1mConsolidate compiler generated dependencies of target arussim_msgs__rosidl_generator_py[0m
[0.346s] [ 91%] Built target arussim_msgs__rosidl_generator_py
[0.366s] [35m[1mConsolidate compiler generated dependencies of target arussim_msgs__rosidl_typesupport_fastrtps_c__pyext[0m
[0.366s] [35m[1mConsolidate compiler generated dependencies of target arussim_msgs__rosidl_typesupport_c__pyext[0m
[0.366s] [35m[1mConsolidate compiler generated dependencies of target arussim_msgs__rosidl_typesupport_introspection_c__pyext[0m
[0.387s] [ 97%] Built target arussim_msgs__rosidl_typesupport_fastrtps_c__pyext
[0.387s] [ 97%] Built target arussim_msgs__rosidl_typesupport_introspection_c__pyext
[0.389s] [100%] Built target arussim_msgs__rosidl_typesupport_c__pyext
[0.542s] running egg_info
[0.544s] writing arussim_msgs.egg-info/PKG-INFO
[0.544s] writing dependency_links to arussim_msgs.egg-info/dependency_links.txt
[0.544s] writing top-level names to arussim_msgs.egg-info/top_level.txt
[0.548s] reading manifest file 'arussim_msgs.egg-info/SOURCES.txt'
[0.549s] writing manifest file 'arussim_msgs.egg-info/SOURCES.txt'
[0.599s] [100%] Built target ament_cmake_python_build_arussim_msgs_egg
[0.622s] Invoked command in '/home/josedag31/Arus/ws/src/ARUSSim/build/arussim_msgs' returned '0': CMAKE_PREFIX_PATH=${CMAKE_PREFIX_PATH}:/opt/ros/humble /usr/bin/cmake --build /home/josedag31/Arus/ws/src/ARUSSim/build/arussim_msgs -- -j8 -l8
[0.626s] Invoking command in '/home/josedag31/Arus/ws/src/ARUSSim/build/arussim_msgs': CMAKE_PREFIX_PATH=${CMAKE_PREFIX_PATH}:/opt/ros/humble /usr/bin/cmake --install /home/josedag31/Arus/ws/src/ARUSSim/build/arussim_msgs
[0.638s] -- Install configuration: ""
[0.638s] -- Up-to-date: /home/josedag31/Arus/ws/src/ARUSSim/install/arussim_msgs/share/ament_index/resource_index/rosidl_interfaces/arussim_msgs
[0.638s] -- Up-to-date: /home/josedag31/Arus/ws/src/ARUSSim/install/arussim_msgs/include/arussim_msgs/arussim_msgs
[0.639s] -- Up-to-date: /home/josedag31/Arus/ws/src/ARUSSim/install/arussim_msgs/include/arussim_msgs/arussim_msgs/msg
[0.639s] -- Up-to-date: /home/josedag31/Arus/ws/src/ARUSSim/install/arussim_msgs/include/arussim_msgs/arussim_msgs/msg/cmd.h
[0.639s] -- Up-to-date: /home/josedag31/Arus/ws/src/ARUSSim/install/arussim_msgs/include/arussim_msgs/arussim_msgs/msg/state.h
[0.639s] -- Up-to-date: /home/josedag31/Arus/ws/src/ARUSSim/install/arussim_msgs/include/arussim_msgs/arussim_msgs/msg/detail
[0.639s] -- Up-to-date: /home/josedag31/Arus/ws/src/ARUSSim/install/arussim_msgs/include/arussim_msgs/arussim_msgs/msg/detail/cmd__functions.h
[0.640s] -- Up-to-date: /home/josedag31/Arus/ws/src/ARUSSim/install/arussim_msgs/include/arussim_msgs/arussim_msgs/msg/detail/four_wheel_drive__functions.c
[0.640s] -- Up-to-date: /home/josedag31/Arus/ws/src/ARUSSim/install/arussim_msgs/include/arussim_msgs/arussim_msgs/msg/detail/point_xy__functions.c
[0.640s] -- Up-to-date: /home/josedag31/Arus/ws/src/ARUSSim/install/arussim_msgs/include/arussim_msgs/arussim_msgs/msg/detail/state__struct.h
[0.640s] -- Up-to-date: /home/josedag31/Arus/ws/src/ARUSSim/install/arussim_msgs/include/arussim_msgs/arussim_msgs/msg/detail/trajectory__functions.c
[0.640s] -- Up-to-date: /home/josedag31/Arus/ws/src/ARUSSim/install/arussim_msgs/include/arussim_msgs/arussim_msgs/msg/detail/cmd__struct.h
[0.640s] -- Up-to-date: /home/josedag31/Arus/ws/src/ARUSSim/install/arussim_msgs/include/arussim_msgs/arussim_msgs/msg/detail/point_xy__type_support.h
[0.640s] -- Up-to-date: /home/josedag31/Arus/ws/src/ARUSSim/install/arussim_msgs/include/arussim_msgs/arussim_msgs/msg/detail/trajectory__struct.h
[0.641s] -- Up-to-date: /home/josedag31/Arus/ws/src/ARUSSim/install/arussim_msgs/include/arussim_msgs/arussim_msgs/msg/detail/state__functions.c
[0.641s] -- Up-to-date: /home/josedag31/Arus/ws/src/ARUSSim/install/arussim_msgs/include/arussim_msgs/arussim_msgs/msg/detail/cmd__type_support.h
[0.641s] -- Up-to-date: /home/josedag31/Arus/ws/src/ARUSSim/install/arussim_msgs/include/arussim_msgs/arussim_msgs/msg/detail/state__type_support.h
[0.641s] -- Up-to-date: /home/josedag31/Arus/ws/src/ARUSSim/install/arussim_msgs/include/arussim_msgs/arussim_msgs/msg/detail/cmd__functions.c
[0.641s] -- Up-to-date: /home/josedag31/Arus/ws/src/ARUSSim/install/arussim_msgs/include/arussim_msgs/arussim_msgs/msg/detail/cmd4_wd__type_support.h
[0.641s] -- Up-to-date: /home/josedag31/Arus/ws/src/ARUSSim/install/arussim_msgs/include/arussim_msgs/arussim_msgs/msg/detail/cmd4_wd__struct.h
[0.641s] -- Up-to-date: /home/josedag31/Arus/ws/src/ARUSSim/install/arussim_msgs/include/arussim_msgs/arussim_msgs/msg/detail/point_xy__struct.h
[0.641s] -- Up-to-date: /home/josedag31/Arus/ws/src/ARUSSim/install/arussim_msgs/include/arussim_msgs/arussim_msgs/msg/detail/cmd4_wd__functions.h
[0.641s] -- Up-to-date: /home/josedag31/Arus/ws/src/ARUSSim/install/arussim_msgs/include/arussim_msgs/arussim_msgs/msg/detail/cmd4_wd__functions.c
[0.642s] -- Up-to-date: /home/josedag31/Arus/ws/src/ARUSSim/install/arussim_msgs/include/arussim_msgs/arussim_msgs/msg/detail/four_wheel_drive__struct.h
[0.642s] -- Up-to-date: /home/josedag31/Arus/ws/src/ARUSSim/install/arussim_msgs/include/arussim_msgs/arussim_msgs/msg/detail/trajectory__functions.h
[0.642s] -- Up-to-date: /home/josedag31/Arus/ws/src/ARUSSim/install/arussim_msgs/include/arussim_msgs/arussim_msgs/msg/detail/point_xy__functions.h
[0.642s] -- Up-to-date: /home/josedag31/Arus/ws/src/ARUSSim/install/arussim_msgs/include/arussim_msgs/arussim_msgs/msg/detail/trajectory__type_support.h
[0.642s] -- Up-to-date: /home/josedag31/Arus/ws/src/ARUSSim/install/arussim_msgs/include/arussim_msgs/arussim_msgs/msg/detail/four_wheel_drive__functions.h
[0.642s] -- Up-to-date: /home/josedag31/Arus/ws/src/ARUSSim/install/arussim_msgs/include/arussim_msgs/arussim_msgs/msg/detail/four_wheel_drive__type_support.h
[0.643s] -- Up-to-date: /home/josedag31/Arus/ws/src/ARUSSim/install/arussim_msgs/include/arussim_msgs/arussim_msgs/msg/detail/state__functions.h
[0.643s] -- Up-to-date: /home/josedag31/Arus/ws/src/ARUSSim/install/arussim_msgs/include/arussim_msgs/arussim_msgs/msg/trajectory.h
[0.643s] -- Up-to-date: /home/josedag31/Arus/ws/src/ARUSSim/install/arussim_msgs/include/arussim_msgs/arussim_msgs/msg/cmd4_wd.h
[0.643s] -- Up-to-date: /home/josedag31/Arus/ws/src/ARUSSim/install/arussim_msgs/include/arussim_msgs/arussim_msgs/msg/four_wheel_drive.h
[0.643s] -- Up-to-date: /home/josedag31/Arus/ws/src/ARUSSim/install/arussim_msgs/include/arussim_msgs/arussim_msgs/msg/rosidl_generator_c__visibility_control.h
[0.644s] -- Up-to-date: /home/josedag31/Arus/ws/src/ARUSSim/install/arussim_msgs/include/arussim_msgs/arussim_msgs/msg/point_xy.h
[0.644s] -- Up-to-date: /home/josedag31/Arus/ws/src/ARUSSim/install/arussim_msgs/share/arussim_msgs/environment/library_path.sh
[0.644s] -- Up-to-date: /home/josedag31/Arus/ws/src/ARUSSim/install/arussim_msgs/share/arussim_msgs/environment/library_path.dsv
[0.644s] -- Up-to-date: /home/josedag31/Arus/ws/src/ARUSSim/install/arussim_msgs/lib/libarussim_msgs__rosidl_generator_c.so
[0.644s] -- Up-to-date: /home/josedag31/Arus/ws/src/ARUSSim/install/arussim_msgs/include/arussim_msgs/arussim_msgs
[0.644s] -- Up-to-date: /home/josedag31/Arus/ws/src/ARUSSim/install/arussim_msgs/include/arussim_msgs/arussim_msgs/msg
[0.644s] -- Up-to-date: /home/josedag31/Arus/ws/src/ARUSSim/install/arussim_msgs/include/arussim_msgs/arussim_msgs/msg/detail
[0.644s] -- Up-to-date: /home/josedag31/Arus/ws/src/ARUSSim/install/arussim_msgs/include/arussim_msgs/arussim_msgs/msg/detail/trajectory__rosidl_typesupport_fastrtps_c.h
[0.645s] -- Up-to-date: /home/josedag31/Arus/ws/src/ARUSSim/install/arussim_msgs/include/arussim_msgs/arussim_msgs/msg/detail/cmd4_wd__rosidl_typesupport_fastrtps_c.h
[0.645s] -- Up-to-date: /home/josedag31/Arus/ws/src/ARUSSim/install/arussim_msgs/include/arussim_msgs/arussim_msgs/msg/detail/point_xy__rosidl_typesupport_fastrtps_c.h
[0.645s] -- Up-to-date: /home/josedag31/Arus/ws/src/ARUSSim/install/arussim_msgs/include/arussim_msgs/arussim_msgs/msg/detail/cmd__rosidl_typesupport_fastrtps_c.h
[0.645s] -- Up-to-date: /home/josedag31/Arus/ws/src/ARUSSim/install/arussim_msgs/include/arussim_msgs/arussim_msgs/msg/detail/four_wheel_drive__rosidl_typesupport_fastrtps_c.h
[0.645s] -- Up-to-date: /home/josedag31/Arus/ws/src/ARUSSim/install/arussim_msgs/include/arussim_msgs/arussim_msgs/msg/detail/state__rosidl_typesupport_fastrtps_c.h
[0.645s] -- Up-to-date: /home/josedag31/Arus/ws/src/ARUSSim/install/arussim_msgs/include/arussim_msgs/arussim_msgs/msg/rosidl_typesupport_fastrtps_c__visibility_control.h
[0.645s] -- Up-to-date: /home/josedag31/Arus/ws/src/ARUSSim/install/arussim_msgs/lib/libarussim_msgs__rosidl_typesupport_fastrtps_c.so
[0.645s] -- Up-to-date: /home/josedag31/Arus/ws/src/ARUSSim/install/arussim_msgs/include/arussim_msgs/arussim_msgs
[0.646s] -- Up-to-date: /home/josedag31/Arus/ws/src/ARUSSim/install/arussim_msgs/include/arussim_msgs/arussim_msgs/msg
[0.646s] -- Up-to-date: /home/josedag31/Arus/ws/src/ARUSSim/install/arussim_msgs/include/arussim_msgs/arussim_msgs/msg/point_xy.hpp
[0.646s] -- Up-to-date: /home/josedag31/Arus/ws/src/ARUSSim/install/arussim_msgs/include/arussim_msgs/arussim_msgs/msg/state.hpp
[0.646s] -- Up-to-date: /home/josedag31/Arus/ws/src/ARUSSim/install/arussim_msgs/include/arussim_msgs/arussim_msgs/msg/detail
[0.646s] -- Up-to-date: /home/josedag31/Arus/ws/src/ARUSSim/install/arussim_msgs/include/arussim_msgs/arussim_msgs/msg/detail/four_wheel_drive__type_support.hpp
[0.646s] -- Up-to-date: /home/josedag31/Arus/ws/src/ARUSSim/install/arussim_msgs/include/arussim_msgs/arussim_msgs/msg/detail/trajectory__struct.hpp
[0.646s] -- Up-to-date: /home/josedag31/Arus/ws/src/ARUSSim/install/arussim_msgs/include/arussim_msgs/arussim_msgs/msg/detail/cmd__struct.hpp
[0.646s] -- Up-to-date: /home/josedag31/Arus/ws/src/ARUSSim/install/arussim_msgs/include/arussim_msgs/arussim_msgs/msg/detail/state__traits.hpp
[0.647s] -- Up-to-date: /home/josedag31/Arus/ws/src/ARUSSim/install/arussim_msgs/include/arussim_msgs/arussim_msgs/msg/detail/cmd4_wd__builder.hpp
[0.647s] -- Up-to-date: /home/josedag31/Arus/ws/src/ARUSSim/install/arussim_msgs/include/arussim_msgs/arussim_msgs/msg/detail/cmd__traits.hpp
[0.647s] -- Up-to-date: /home/josedag31/Arus/ws/src/ARUSSim/install/arussim_msgs/include/arussim_msgs/arussim_msgs/msg/detail/state__struct.hpp
[0.647s] -- Up-to-date: /home/josedag31/Arus/ws/src/ARUSSim/install/arussim_msgs/include/arussim_msgs/arussim_msgs/msg/detail/four_wheel_drive__struct.hpp
[0.647s] -- Up-to-date: /home/josedag31/Arus/ws/src/ARUSSim/install/arussim_msgs/include/arussim_msgs/arussim_msgs/msg/detail/trajectory__type_support.hpp
[0.647s] -- Up-to-date: /home/josedag31/Arus/ws/src/ARUSSim/install/arussim_msgs/include/arussim_msgs/arussim_msgs/msg/detail/cmd__builder.hpp
[0.647s] -- Up-to-date: /home/josedag31/Arus/ws/src/ARUSSim/install/arussim_msgs/include/arussim_msgs/arussim_msgs/msg/detail/four_wheel_drive__traits.hpp
[0.647s] -- Up-to-date: /home/josedag31/Arus/ws/src/ARUSSim/install/arussim_msgs/include/arussim_msgs/arussim_msgs/msg/detail/point_xy__struct.hpp
[0.648s] -- Up-to-date: /home/josedag31/Arus/ws/src/ARUSSim/install/arussim_msgs/include/arussim_msgs/arussim_msgs/msg/detail/state__builder.hpp
[0.648s] -- Up-to-date: /home/josedag31/Arus/ws/src/ARUSSim/install/arussim_msgs/include/arussim_msgs/arussim_msgs/msg/detail/four_wheel_drive__builder.hpp
[0.648s] -- Up-to-date: /home/josedag31/Arus/ws/src/ARUSSim/install/arussim_msgs/include/arussim_msgs/arussim_msgs/msg/detail/cmd4_wd__traits.hpp
[0.648s] -- Up-to-date: /home/josedag31/Arus/ws/src/ARUSSim/install/arussim_msgs/include/arussim_msgs/arussim_msgs/msg/detail/trajectory__builder.hpp
[0.648s] -- Up-to-date: /home/josedag31/Arus/ws/src/ARUSSim/install/arussim_msgs/include/arussim_msgs/arussim_msgs/msg/detail/state__type_support.hpp
[0.648s] -- Up-to-date: /home/josedag31/Arus/ws/src/ARUSSim/install/arussim_msgs/include/arussim_msgs/arussim_msgs/msg/detail/cmd4_wd__type_support.hpp
[0.648s] -- Up-to-date: /home/josedag31/Arus/ws/src/ARUSSim/install/arussim_msgs/include/arussim_msgs/arussim_msgs/msg/detail/cmd4_wd__struct.hpp
[0.649s] -- Up-to-date: /home/josedag31/Arus/ws/src/ARUSSim/install/arussim_msgs/include/arussim_msgs/arussim_msgs/msg/detail/point_xy__type_support.hpp
[0.649s] -- Up-to-date: /home/josedag31/Arus/ws/src/ARUSSim/install/arussim_msgs/include/arussim_msgs/arussim_msgs/msg/detail/trajectory__traits.hpp
[0.649s] -- Up-to-date: /home/josedag31/Arus/ws/src/ARUSSim/install/arussim_msgs/include/arussim_msgs/arussim_msgs/msg/detail/point_xy__builder.hpp
[0.649s] -- Up-to-date: /home/josedag31/Arus/ws/src/ARUSSim/install/arussim_msgs/include/arussim_msgs/arussim_msgs/msg/detail/cmd__type_support.hpp
[0.649s] -- Up-to-date: /home/josedag31/Arus/ws/src/ARUSSim/install/arussim_msgs/include/arussim_msgs/arussim_msgs/msg/detail/point_xy__traits.hpp
[0.649s] -- Up-to-date: /home/josedag31/Arus/ws/src/ARUSSim/install/arussim_msgs/include/arussim_msgs/arussim_msgs/msg/cmd.hpp
[0.649s] -- Up-to-date: /home/josedag31/Arus/ws/src/ARUSSim/install/arussim_msgs/include/arussim_msgs/arussim_msgs/msg/four_wheel_drive.hpp
[0.649s] -- Up-to-date: /home/josedag31/Arus/ws/src/ARUSSim/install/arussim_msgs/include/arussim_msgs/arussim_msgs/msg/rosidl_generator_cpp__visibility_control.hpp
[0.649s] -- Up-to-date: /home/josedag31/Arus/ws/src/ARUSSim/install/arussim_msgs/include/arussim_msgs/arussim_msgs/msg/cmd4_wd.hpp
[0.650s] -- Up-to-date: /home/josedag31/Arus/ws/src/ARUSSim/install/arussim_msgs/include/arussim_msgs/arussim_msgs/msg/trajectory.hpp
[0.650s] -- Up-to-date: /home/josedag31/Arus/ws/src/ARUSSim/install/arussim_msgs/include/arussim_msgs/arussim_msgs
[0.650s] -- Up-to-date: /home/josedag31/Arus/ws/src/ARUSSim/install/arussim_msgs/include/arussim_msgs/arussim_msgs/msg
[0.650s] -- Up-to-date: /home/josedag31/Arus/ws/src/ARUSSim/install/arussim_msgs/include/arussim_msgs/arussim_msgs/msg/detail
[0.650s] -- Up-to-date: /home/josedag31/Arus/ws/src/ARUSSim/install/arussim_msgs/include/arussim_msgs/arussim_msgs/msg/detail/trajectory__rosidl_typesupport_fastrtps_cpp.hpp
[0.650s] -- Up-to-date: /home/josedag31/Arus/ws/src/ARUSSim/install/arussim_msgs/include/arussim_msgs/arussim_msgs/msg/detail/four_wheel_drive__rosidl_typesupport_fastrtps_cpp.hpp
[0.651s] -- Up-to-date: /home/josedag31/Arus/ws/src/ARUSSim/install/arussim_msgs/include/arussim_msgs/arussim_msgs/msg/detail/point_xy__rosidl_typesupport_fastrtps_cpp.hpp
[0.651s] -- Up-to-date: /home/josedag31/Arus/ws/src/ARUSSim/install/arussim_msgs/include/arussim_msgs/arussim_msgs/msg/detail/cmd__rosidl_typesupport_fastrtps_cpp.hpp
[0.651s] -- Up-to-date: /home/josedag31/Arus/ws/src/ARUSSim/install/arussim_msgs/include/arussim_msgs/arussim_msgs/msg/detail/state__rosidl_typesupport_fastrtps_cpp.hpp
[0.651s] -- Up-to-date: /home/josedag31/Arus/ws/src/ARUSSim/install/arussim_msgs/include/arussim_msgs/arussim_msgs/msg/detail/dds_fastrtps
[0.651s] -- Up-to-date: /home/josedag31/Arus/ws/src/ARUSSim/install/arussim_msgs/include/arussim_msgs/arussim_msgs/msg/detail/cmd4_wd__rosidl_typesupport_fastrtps_cpp.hpp
[0.651s] -- Up-to-date: /home/josedag31/Arus/ws/src/ARUSSim/install/arussim_msgs/include/arussim_msgs/arussim_msgs/msg/rosidl_typesupport_fastrtps_cpp__visibility_control.h
[0.652s] -- Up-to-date: /home/josedag31/Arus/ws/src/ARUSSim/install/arussim_msgs/lib/libarussim_msgs__rosidl_typesupport_fastrtps_cpp.so
[0.652s] -- Up-to-date: /home/josedag31/Arus/ws/src/ARUSSim/install/arussim_msgs/include/arussim_msgs/arussim_msgs
[0.652s] -- Up-to-date: /home/josedag31/Arus/ws/src/ARUSSim/install/arussim_msgs/include/arussim_msgs/arussim_msgs/msg
[0.652s] -- Up-to-date: /home/josedag31/Arus/ws/src/ARUSSim/install/arussim_msgs/include/arussim_msgs/arussim_msgs/msg/detail
[0.652s] -- Up-to-date: /home/josedag31/Arus/ws/src/ARUSSim/install/arussim_msgs/include/arussim_msgs/arussim_msgs/msg/detail/point_xy__rosidl_typesupport_introspection_c.h
[0.652s] -- Up-to-date: /home/josedag31/Arus/ws/src/ARUSSim/install/arussim_msgs/include/arussim_msgs/arussim_msgs/msg/detail/trajectory__rosidl_typesupport_introspection_c.h
[0.652s] -- Up-to-date: /home/josedag31/Arus/ws/src/ARUSSim/install/arussim_msgs/include/arussim_msgs/arussim_msgs/msg/detail/point_xy__type_support.c
[0.652s] -- Up-to-date: /home/josedag31/Arus/ws/src/ARUSSim/install/arussim_msgs/include/arussim_msgs/arussim_msgs/msg/detail/state__rosidl_typesupport_introspection_c.h
[0.653s] -- Up-to-date: /home/josedag31/Arus/ws/src/ARUSSim/install/arussim_msgs/include/arussim_msgs/arussim_msgs/msg/detail/cmd__type_support.c
[0.653s] -- Up-to-date: /home/josedag31/Arus/ws/src/ARUSSim/install/arussim_msgs/include/arussim_msgs/arussim_msgs/msg/detail/four_wheel_drive__rosidl_typesupport_introspection_c.h
[0.653s] -- Up-to-date: /home/josedag31/Arus/ws/src/ARUSSim/install/arussim_msgs/include/arussim_msgs/arussim_msgs/msg/detail/trajectory__type_support.c
[0.653s] -- Up-to-date: /home/josedag31/Arus/ws/src/ARUSSim/install/arussim_msgs/include/arussim_msgs/arussim_msgs/msg/detail/cmd4_wd__rosidl_typesupport_introspection_c.h
[0.653s] -- Up-to-date: /home/josedag31/Arus/ws/src/ARUSSim/install/arussim_msgs/include/arussim_msgs/arussim_msgs/msg/detail/cmd4_wd__type_support.c
[0.653s] -- Up-to-date: /home/josedag31/Arus/ws/src/ARUSSim/install/arussim_msgs/include/arussim_msgs/arussim_msgs/msg/detail/four_wheel_drive__type_support.c
[0.653s] -- Up-to-date: /home/josedag31/Arus/ws/src/ARUSSim/install/arussim_msgs/include/arussim_msgs/arussim_msgs/msg/detail/cmd__rosidl_typesupport_introspection_c.h
[0.653s] -- Up-to-date: /home/josedag31/Arus/ws/src/ARUSSim/install/arussim_msgs/include/arussim_msgs/arussim_msgs/msg/detail/state__type_support.c
[0.653s] -- Up-to-date: /home/josedag31/Arus/ws/src/ARUSSim/install/arussim_msgs/include/arussim_msgs/arussim_msgs/msg/rosidl_typesupport_introspection_c__visibility_control.h
[0.653s] -- Up-to-date: /home/josedag31/Arus/ws/src/ARUSSim/install/arussim_msgs/lib/libarussim_msgs__rosidl_typesupport_introspection_c.so
[0.654s] -- Up-to-date: /home/josedag31/Arus/ws/src/ARUSSim/install/arussim_msgs/lib/libarussim_msgs__rosidl_typesupport_c.so
[0.654s] -- Up-to-date: /home/josedag31/Arus/ws/src/ARUSSim/install/arussim_msgs/include/arussim_msgs/arussim_msgs
[0.654s] -- Up-to-date: /home/josedag31/Arus/ws/src/ARUSSim/install/arussim_msgs/include/arussim_msgs/arussim_msgs/msg
[0.654s] -- Up-to-date: /home/josedag31/Arus/ws/src/ARUSSim/install/arussim_msgs/include/arussim_msgs/arussim_msgs/msg/detail
[0.654s] -- Up-to-date: /home/josedag31/Arus/ws/src/ARUSSim/install/arussim_msgs/include/arussim_msgs/arussim_msgs/msg/detail/point_xy__type_support.cpp
[0.654s] -- Up-to-date: /home/josedag31/Arus/ws/src/ARUSSim/install/arussim_msgs/include/arussim_msgs/arussim_msgs/msg/detail/state__rosidl_typesupport_introspection_cpp.hpp
[0.654s] -- Up-to-date: /home/josedag31/Arus/ws/src/ARUSSim/install/arussim_msgs/include/arussim_msgs/arussim_msgs/msg/detail/cmd4_wd__type_support.cpp
[0.654s] -- Up-to-date: /home/josedag31/Arus/ws/src/ARUSSim/install/arussim_msgs/include/arussim_msgs/arussim_msgs/msg/detail/cmd__type_support.cpp
[0.654s] -- Up-to-date: /home/josedag31/Arus/ws/src/ARUSSim/install/arussim_msgs/include/arussim_msgs/arussim_msgs/msg/detail/four_wheel_drive__type_support.cpp
[0.654s] -- Up-to-date: /home/josedag31/Arus/ws/src/ARUSSim/install/arussim_msgs/include/arussim_msgs/arussim_msgs/msg/detail/state__type_support.cpp
[0.654s] -- Up-to-date: /home/josedag31/Arus/ws/src/ARUSSim/install/arussim_msgs/include/arussim_msgs/arussim_msgs/msg/detail/cmd__rosidl_typesupport_introspection_cpp.hpp
[0.654s] -- Up-to-date: /home/josedag31/Arus/ws/src/ARUSSim/install/arussim_msgs/include/arussim_msgs/arussim_msgs/msg/detail/trajectory__type_support.cpp
[0.654s] -- Up-to-date: /home/josedag31/Arus/ws/src/ARUSSim/install/arussim_msgs/include/arussim_msgs/arussim_msgs/msg/detail/four_wheel_drive__rosidl_typesupport_introspection_cpp.hpp
[0.655s] -- Up-to-date: /home/josedag31/Arus/ws/src/ARUSSim/install/arussim_msgs/include/arussim_msgs/arussim_msgs/msg/detail/cmd4_wd__rosidl_typesupport_introspection_cpp.hpp
[0.655s] -- Up-to-date: /home/josedag31/Arus/ws/src/ARUSSim/install/arussim_msgs/include/arussim_msgs/arussim_msgs/msg/detail/trajectory__rosidl_typesupport_introspection_cpp.hpp
[0.655s] -- Up-to-date: /home/josedag31/Arus/ws/src/ARUSSim/install/arussim_msgs/include/arussim_msgs/arussim_msgs/msg/detail/point_xy__rosidl_typesupport_introspection_cpp.hpp
[0.655s] -- Up-to-date: /home/josedag31/Arus/ws/src/ARUSSim/install/arussim_msgs/lib/libarussim_msgs__rosidl_typesupport_introspection_cpp.so
[0.655s] -- Up-to-date: /home/josedag31/Arus/ws/src/ARUSSim/install/arussim_msgs/lib/libarussim_msgs__rosidl_typesupport_cpp.so
[0.655s] -- Up-to-date: /home/josedag31/Arus/ws/src/ARUSSim/install/arussim_msgs/share/arussim_msgs/environment/pythonpath.sh
[0.655s] -- Up-to-date: /home/josedag31/Arus/ws/src/ARUSSim/install/arussim_msgs/share/arussim_msgs/environment/pythonpath.dsv
[0.655s] -- Up-to-date: /home/josedag31/Arus/ws/src/ARUSSim/install/arussim_msgs/local/lib/python3.10/dist-packages/arussim_msgs-0.0.0-py3.10.egg-info
[0.655s] -- Installing: /home/josedag31/Arus/ws/src/ARUSSim/install/arussim_msgs/local/lib/python3.10/dist-packages/arussim_msgs-0.0.0-py3.10.egg-info/dependency_links.txt
[0.655s] -- Installing: /home/josedag31/Arus/ws/src/ARUSSim/install/arussim_msgs/local/lib/python3.10/dist-packages/arussim_msgs-0.0.0-py3.10.egg-info/top_level.txt
[0.655s] -- Installing: /home/josedag31/Arus/ws/src/ARUSSim/install/arussim_msgs/local/lib/python3.10/dist-packages/arussim_msgs-0.0.0-py3.10.egg-info/PKG-INFO
[0.655s] -- Installing: /home/josedag31/Arus/ws/src/ARUSSim/install/arussim_msgs/local/lib/python3.10/dist-packages/arussim_msgs-0.0.0-py3.10.egg-info/SOURCES.txt
[0.656s] -- Up-to-date: /home/josedag31/Arus/ws/src/ARUSSim/install/arussim_msgs/local/lib/python3.10/dist-packages/arussim_msgs
[0.656s] -- Up-to-date: /home/josedag31/Arus/ws/src/ARUSSim/install/arussim_msgs/local/lib/python3.10/dist-packages/arussim_msgs/_arussim_msgs_s.ep.rosidl_typesupport_c.c
[0.656s] -- Up-to-date: /home/josedag31/Arus/ws/src/ARUSSim/install/arussim_msgs/local/lib/python3.10/dist-packages/arussim_msgs/_arussim_msgs_s.ep.rosidl_typesupport_fastrtps_c.c
[0.656s] -- Up-to-date: /home/josedag31/Arus/ws/src/ARUSSim/install/arussim_msgs/local/lib/python3.10/dist-packages/arussim_msgs/__init__.py
[0.656s] -- Up-to-date: /home/josedag31/Arus/ws/src/ARUSSim/install/arussim_msgs/local/lib/python3.10/dist-packages/arussim_msgs/arussim_msgs_s__rosidl_typesupport_c.cpython-310-x86_64-linux-gnu.so
[0.656s] -- Up-to-date: /home/josedag31/Arus/ws/src/ARUSSim/install/arussim_msgs/local/lib/python3.10/dist-packages/arussim_msgs/_arussim_msgs_s.ep.rosidl_typesupport_introspection_c.c
[0.656s] -- Up-to-date: /home/josedag31/Arus/ws/src/ARUSSim/install/arussim_msgs/local/lib/python3.10/dist-packages/arussim_msgs/arussim_msgs_s__rosidl_typesupport_introspection_c.cpython-310-x86_64-linux-gnu.so
[0.656s] -- Up-to-date: /home/josedag31/Arus/ws/src/ARUSSim/install/arussim_msgs/local/lib/python3.10/dist-packages/arussim_msgs/libarussim_msgs__rosidl_generator_py.so
[0.656s] -- Up-to-date: /home/josedag31/Arus/ws/src/ARUSSim/install/arussim_msgs/local/lib/python3.10/dist-packages/arussim_msgs/arussim_msgs_s__rosidl_typesupport_fastrtps_c.cpython-310-x86_64-linux-gnu.so
[0.656s] -- Up-to-date: /home/josedag31/Arus/ws/src/ARUSSim/install/arussim_msgs/local/lib/python3.10/dist-packages/arussim_msgs/msg
[0.656s] -- Up-to-date: /home/josedag31/Arus/ws/src/ARUSSim/install/arussim_msgs/local/lib/python3.10/dist-packages/arussim_msgs/msg/_point_xy_s.c
[0.656s] -- Up-to-date: /home/josedag31/Arus/ws/src/ARUSSim/install/arussim_msgs/local/lib/python3.10/dist-packages/arussim_msgs/msg/__init__.py
[0.656s] -- Up-to-date: /home/josedag31/Arus/ws/src/ARUSSim/install/arussim_msgs/local/lib/python3.10/dist-packages/arussim_msgs/msg/_state.py
[0.657s] -- Up-to-date: /home/josedag31/Arus/ws/src/ARUSSim/install/arussim_msgs/local/lib/python3.10/dist-packages/arussim_msgs/msg/_point_xy.py
[0.657s] -- Up-to-date: /home/josedag31/Arus/ws/src/ARUSSim/install/arussim_msgs/local/lib/python3.10/dist-packages/arussim_msgs/msg/_trajectory_s.c
[0.657s] -- Up-to-date: /home/josedag31/Arus/ws/src/ARUSSim/install/arussim_msgs/local/lib/python3.10/dist-packages/arussim_msgs/msg/_cmd4_wd.py
[0.657s] -- Up-to-date: /home/josedag31/Arus/ws/src/ARUSSim/install/arussim_msgs/local/lib/python3.10/dist-packages/arussim_msgs/msg/_cmd_s.c
[0.657s] -- Up-to-date: /home/josedag31/Arus/ws/src/ARUSSim/install/arussim_msgs/local/lib/python3.10/dist-packages/arussim_msgs/msg/_state_s.c
[0.657s] -- Up-to-date: /home/josedag31/Arus/ws/src/ARUSSim/install/arussim_msgs/local/lib/python3.10/dist-packages/arussim_msgs/msg/_cmd.py
[0.657s] -- Up-to-date: /home/josedag31/Arus/ws/src/ARUSSim/install/arussim_msgs/local/lib/python3.10/dist-packages/arussim_msgs/msg/_trajectory.py
[0.657s] -- Up-to-date: /home/josedag31/Arus/ws/src/ARUSSim/install/arussim_msgs/local/lib/python3.10/dist-packages/arussim_msgs/msg/_cmd4_wd_s.c
[0.658s] -- Up-to-date: /home/josedag31/Arus/ws/src/ARUSSim/install/arussim_msgs/local/lib/python3.10/dist-packages/arussim_msgs/msg/_four_wheel_drive_s.c
[0.658s] -- Up-to-date: /home/josedag31/Arus/ws/src/ARUSSim/install/arussim_msgs/local/lib/python3.10/dist-packages/arussim_msgs/msg/_four_wheel_drive.py
[0.700s] Listing '/home/josedag31/Arus/ws/src/ARUSSim/install/arussim_msgs/local/lib/python3.10/dist-packages/arussim_msgs'...
[0.700s] Listing '/home/josedag31/Arus/ws/src/ARUSSim/install/arussim_msgs/local/lib/python3.10/dist-packages/arussim_msgs/msg'...
[0.709s] -- Up-to-date: /home/josedag31/Arus/ws/src/ARUSSim/install/arussim_msgs/local/lib/python3.10/dist-packages/arussim_msgs/arussim_msgs_s__rosidl_typesupport_fastrtps_c.cpython-310-x86_64-linux-gnu.so
[0.709s] -- Up-to-date: /home/josedag31/Arus/ws/src/ARUSSim/install/arussim_msgs/local/lib/python3.10/dist-packages/arussim_msgs/arussim_msgs_s__rosidl_typesupport_introspection_c.cpython-310-x86_64-linux-gnu.so
[0.711s] -- Up-to-date: /home/josedag31/Arus/ws/src/ARUSSim/install/arussim_msgs/local/lib/python3.10/dist-packages/arussim_msgs/arussim_msgs_s__rosidl_typesupport_c.cpython-310-x86_64-linux-gnu.so
[0.711s] -- Up-to-date: /home/josedag31/Arus/ws/src/ARUSSim/install/arussim_msgs/lib/libarussim_msgs__rosidl_generator_py.so
[0.711s] -- Up-to-date: /home/josedag31/Arus/ws/src/ARUSSim/install/arussim_msgs/share/arussim_msgs/msg/Cmd.idl
[0.712s] -- Up-to-date: /home/josedag31/Arus/ws/src/ARUSSim/install/arussim_msgs/share/arussim_msgs/msg/Cmd4WD.idl
[0.712s] -- Up-to-date: /home/josedag31/Arus/ws/src/ARUSSim/install/arussim_msgs/share/arussim_msgs/msg/FourWheelDrive.idl
[0.712s] -- Up-to-date: /home/josedag31/Arus/ws/src/ARUSSim/install/arussim_msgs/share/arussim_msgs/msg/PointXY.idl
[0.712s] -- Up-to-date: /home/josedag31/Arus/ws/src/ARUSSim/install/arussim_msgs/share/arussim_msgs/msg/State.idl
[0.712s] -- Up-to-date: /home/josedag31/Arus/ws/src/ARUSSim/install/arussim_msgs/share/arussim_msgs/msg/Trajectory.idl
[0.713s] -- Up-to-date: /home/josedag31/Arus/ws/src/ARUSSim/install/arussim_msgs/share/arussim_msgs/msg/Cmd.msg
[0.713s] -- Up-to-date: /home/josedag31/Arus/ws/src/ARUSSim/install/arussim_msgs/share/arussim_msgs/msg/Cmd4WD.msg
[0.713s] -- Up-to-date: /home/josedag31/Arus/ws/src/ARUSSim/install/arussim_msgs/share/arussim_msgs/msg/FourWheelDrive.msg
[0.713s] -- Up-to-date: /home/josedag31/Arus/ws/src/ARUSSim/install/arussim_msgs/share/arussim_msgs/msg/PointXY.msg
[0.714s] -- Up-to-date: /home/josedag31/Arus/ws/src/ARUSSim/install/arussim_msgs/share/arussim_msgs/msg/State.msg
[0.714s] -- Up-to-date: /home/josedag31/Arus/ws/src/ARUSSim/install/arussim_msgs/share/arussim_msgs/msg/Trajectory.msg
[0.714s] -- Up-to-date: /home/josedag31/Arus/ws/src/ARUSSim/install/arussim_msgs/share/ament_index/resource_index/package_run_dependencies/arussim_msgs
[0.714s] -- Up-to-date: /home/josedag31/Arus/ws/src/ARUSSim/install/arussim_msgs/share/ament_index/resource_index/parent_prefix_path/arussim_msgs
[0.714s] -- Up-to-date: /home/josedag31/Arus/ws/src/ARUSSim/install/arussim_msgs/share/arussim_msgs/environment/ament_prefix_path.sh
[0.714s] -- Up-to-date: /home/josedag31/Arus/ws/src/ARUSSim/install/arussim_msgs/share/arussim_msgs/environment/ament_prefix_path.dsv
[0.714s] -- Up-to-date: /home/josedag31/Arus/ws/src/ARUSSim/install/arussim_msgs/share/arussim_msgs/environment/path.sh
[0.714s] -- Up-to-date: /home/josedag31/Arus/ws/src/ARUSSim/install/arussim_msgs/share/arussim_msgs/environment/path.dsv
[0.715s] -- Up-to-date: /home/josedag31/Arus/ws/src/ARUSSim/install/arussim_msgs/share/arussim_msgs/local_setup.bash
[0.715s] -- Up-to-date: /home/josedag31/Arus/ws/src/ARUSSim/install/arussim_msgs/share/arussim_msgs/local_setup.sh
[0.715s] -- Up-to-date: /home/josedag31/Arus/ws/src/ARUSSim/install/arussim_msgs/share/arussim_msgs/local_setup.zsh
[0.715s] -- Up-to-date: /home/josedag31/Arus/ws/src/ARUSSim/install/arussim_msgs/share/arussim_msgs/local_setup.dsv
[0.715s] -- Installing: /home/josedag31/Arus/ws/src/ARUSSim/install/arussim_msgs/share/arussim_msgs/package.dsv
[0.715s] -- Up-to-date: /home/josedag31/Arus/ws/src/ARUSSim/install/arussim_msgs/share/ament_index/resource_index/packages/arussim_msgs
[0.715s] -- Up-to-date: /home/josedag31/Arus/ws/src/ARUSSim/install/arussim_msgs/share/arussim_msgs/cmake/export_arussim_msgs__rosidl_generator_cExport.cmake
[0.715s] -- Up-to-date: /home/josedag31/Arus/ws/src/ARUSSim/install/arussim_msgs/share/arussim_msgs/cmake/export_arussim_msgs__rosidl_generator_cExport-noconfig.cmake
[0.715s] -- Up-to-date: /home/josedag31/Arus/ws/src/ARUSSim/install/arussim_msgs/share/arussim_msgs/cmake/export_arussim_msgs__rosidl_typesupport_fastrtps_cExport.cmake
[0.716s] -- Up-to-date: /home/josedag31/Arus/ws/src/ARUSSim/install/arussim_msgs/share/arussim_msgs/cmake/export_arussim_msgs__rosidl_typesupport_fastrtps_cExport-noconfig.cmake
[0.716s] -- Up-to-date: /home/josedag31/Arus/ws/src/ARUSSim/install/arussim_msgs/share/arussim_msgs/cmake/export_arussim_msgs__rosidl_generator_cppExport.cmake
[0.716s] -- Up-to-date: /home/josedag31/Arus/ws/src/ARUSSim/install/arussim_msgs/share/arussim_msgs/cmake/export_arussim_msgs__rosidl_typesupport_fastrtps_cppExport.cmake
[0.716s] -- Up-to-date: /home/josedag31/Arus/ws/src/ARUSSim/install/arussim_msgs/share/arussim_msgs/cmake/export_arussim_msgs__rosidl_typesupport_fastrtps_cppExport-noconfig.cmake
[0.716s] -- Up-to-date: /home/josedag31/Arus/ws/src/ARUSSim/install/arussim_msgs/share/arussim_msgs/cmake/arussim_msgs__rosidl_typesupport_introspection_cExport.cmake
[0.716s] -- Up-to-date: /home/josedag31/Arus/ws/src/ARUSSim/install/arussim_msgs/share/arussim_msgs/cmake/arussim_msgs__rosidl_typesupport_introspection_cExport-noconfig.cmake
[0.717s] -- Up-to-date: /home/josedag31/Arus/ws/src/ARUSSim/install/arussim_msgs/share/arussim_msgs/cmake/arussim_msgs__rosidl_typesupport_cExport.cmake
[0.717s] -- Up-to-date: /home/josedag31/Arus/ws/src/ARUSSim/install/arussim_msgs/share/arussim_msgs/cmake/arussim_msgs__rosidl_typesupport_cExport-noconfig.cmake
[0.717s] -- Up-to-date: /home/josedag31/Arus/ws/src/ARUSSim/install/arussim_msgs/share/arussim_msgs/cmake/arussim_msgs__rosidl_typesupport_introspection_cppExport.cmake
[0.718s] -- Up-to-date: /home/josedag31/Arus/ws/src/ARUSSim/install/arussim_msgs/share/arussim_msgs/cmake/arussim_msgs__rosidl_typesupport_introspection_cppExport-noconfig.cmake
[0.718s] -- Up-to-date: /home/josedag31/Arus/ws/src/ARUSSim/install/arussim_msgs/share/arussim_msgs/cmake/arussim_msgs__rosidl_typesupport_cppExport.cmake
[0.718s] -- Up-to-date: /home/josedag31/Arus/ws/src/ARUSSim/install/arussim_msgs/share/arussim_msgs/cmake/arussim_msgs__rosidl_typesupport_cppExport-noconfig.cmake
[0.719s] -- Up-to-date: /home/josedag31/Arus/ws/src/ARUSSim/install/arussim_msgs/share/arussim_msgs/cmake/export_arussim_msgs__rosidl_generator_pyExport.cmake
[0.719s] -- Up-to-date: /home/josedag31/Arus/ws/src/ARUSSim/install/arussim_msgs/share/arussim_msgs/cmake/export_arussim_msgs__rosidl_generator_pyExport-noconfig.cmake
[0.719s] -- Up-to-date: /home/josedag31/Arus/ws/src/ARUSSim/install/arussim_msgs/share/arussim_msgs/cmake/rosidl_cmake-extras.cmake
[0.719s] -- Up-to-date: /home/josedag31/Arus/ws/src/ARUSSim/install/arussim_msgs/share/arussim_msgs/cmake/ament_cmake_export_dependencies-extras.cmake
[0.719s] -- Up-to-date: /home/josedag31/Arus/ws/src/ARUSSim/install/arussim_msgs/share/arussim_msgs/cmake/ament_cmake_export_include_directories-extras.cmake
[0.719s] -- Up-to-date: /home/josedag31/Arus/ws/src/ARUSSim/install/arussim_msgs/share/arussim_msgs/cmake/ament_cmake_export_libraries-extras.cmake
[0.720s] -- Up-to-date: /home/josedag31/Arus/ws/src/ARUSSim/install/arussim_msgs/share/arussim_msgs/cmake/ament_cmake_export_targets-extras.cmake
[0.720s] -- Up-to-date: /home/josedag31/Arus/ws/src/ARUSSim/install/arussim_msgs/share/arussim_msgs/cmake/rosidl_cmake_export_typesupport_targets-extras.cmake
[0.720s] -- Up-to-date: /home/josedag31/Arus/ws/src/ARUSSim/install/arussim_msgs/share/arussim_msgs/cmake/rosidl_cmake_export_typesupport_libraries-extras.cmake
[0.720s] -- Up-to-date: /home/josedag31/Arus/ws/src/ARUSSim/install/arussim_msgs/share/arussim_msgs/cmake/arussim_msgsConfig.cmake
[0.720s] -- Up-to-date: /home/josedag31/Arus/ws/src/ARUSSim/install/arussim_msgs/share/arussim_msgs/cmake/arussim_msgsConfig-version.cmake
[0.720s] -- Up-to-date: /home/josedag31/Arus/ws/src/ARUSSim/install/arussim_msgs/share/arussim_msgs/package.xml
[0.725s] Invoked command in '/home/josedag31/Arus/ws/src/ARUSSim/build/arussim_msgs' returned '0': CMAKE_PREFIX_PATH=${CMAKE_PREFIX_PATH}:/opt/ros/humble /usr/bin/cmake --install /home/josedag31/Arus/ws/src/ARUSSim/build/arussim_msgs
