[  1%] Built target arussim_msgs__cpp
[ 12%] Built target arussim_msgs__rosidl_generator_c
[ 12%] Built target ament_cmake_python_copy_arussim_msgs
[ 35%] Built target arussim_msgs__rosidl_typesupport_introspection_cpp
[ 33%] Built target arussim_msgs__rosidl_typesupport_cpp
[ 46%] Built target arussim_msgs__rosidl_typesupport_fastrtps_cpp
[ 57%] Built target arussim_msgs__rosidl_typesupport_fastrtps_c
[ 69%] Built target arussim_msgs__rosidl_typesupport_introspection_c
[ 80%] Built target arussim_msgs__rosidl_typesupport_c
[ 80%] Built target arussim_msgs
[ 81%] Built target arussim_msgs__py
[ 91%] Built target arussim_msgs__rosidl_generator_py
[ 94%] Built target arussim_msgs__rosidl_typesupport_fastrtps_c__pyext
[ 97%] Built target arussim_msgs__rosidl_typesupport_introspection_c__pyext
[100%] Built target arussim_msgs__rosidl_typesupport_c__pyext
running egg_info
writing arussim_msgs.egg-info/PKG-INFO
writing dependency_links to arussim_msgs.egg-info/dependency_links.txt
writing top-level names to arussim_msgs.egg-info/top_level.txt
reading manifest file 'arussim_msgs.egg-info/SOURCES.txt'
writing manifest file 'arussim_msgs.egg-info/SOURCES.txt'
[100%] Built target ament_cmake_python_build_arussim_msgs_egg
-- Install configuration: ""
-- Up-to-date: /home/josedag31/Arus/ws/src/ARUSSim/install/arussim_msgs/share/ament_index/resource_index/rosidl_interfaces/arussim_msgs
-- Up-to-date: /home/josedag31/Arus/ws/src/ARUSSim/install/arussim_msgs/include/arussim_msgs/arussim_msgs
-- Up-to-date: /home/josedag31/Arus/ws/src/ARUSSim/install/arussim_msgs/include/arussim_msgs/arussim_msgs/msg
-- Up-to-date: /home/josedag31/Arus/ws/src/ARUSSim/install/arussim_msgs/include/arussim_msgs/arussim_msgs/msg/cmd.h
-- Up-to-date: /home/josedag31/Arus/ws/src/ARUSSim/install/arussim_msgs/include/arussim_msgs/arussim_msgs/msg/state.h
-- Up-to-date: /home/josedag31/Arus/ws/src/ARUSSim/install/arussim_msgs/include/arussim_msgs/arussim_msgs/msg/detail
-- Up-to-date: /home/josedag31/Arus/ws/src/ARUSSim/install/arussim_msgs/include/arussim_msgs/arussim_msgs/msg/detail/cmd__functions.h
-- Up-to-date: /home/josedag31/Arus/ws/src/ARUSSim/install/arussim_msgs/include/arussim_msgs/arussim_msgs/msg/detail/four_wheel_drive__functions.c
-- Up-to-date: /home/josedag31/Arus/ws/src/ARUSSim/install/arussim_msgs/include/arussim_msgs/arussim_msgs/msg/detail/point_xy__functions.c
-- Up-to-date: /home/josedag31/Arus/ws/src/ARUSSim/install/arussim_msgs/include/arussim_msgs/arussim_msgs/msg/detail/state__struct.h
-- Up-to-date: /home/josedag31/Arus/ws/src/ARUSSim/install/arussim_msgs/include/arussim_msgs/arussim_msgs/msg/detail/trajectory__functions.c
-- Up-to-date: /home/josedag31/Arus/ws/src/ARUSSim/install/arussim_msgs/include/arussim_msgs/arussim_msgs/msg/detail/cmd__struct.h
-- Up-to-date: /home/josedag31/Arus/ws/src/ARUSSim/install/arussim_msgs/include/arussim_msgs/arussim_msgs/msg/detail/point_xy__type_support.h
-- Up-to-date: /home/josedag31/Arus/ws/src/ARUSSim/install/arussim_msgs/include/arussim_msgs/arussim_msgs/msg/detail/trajectory__struct.h
-- Up-to-date: /home/josedag31/Arus/ws/src/ARUSSim/install/arussim_msgs/include/arussim_msgs/arussim_msgs/msg/detail/state__functions.c
-- Up-to-date: /home/josedag31/Arus/ws/src/ARUSSim/install/arussim_msgs/include/arussim_msgs/arussim_msgs/msg/detail/cmd__type_support.h
-- Up-to-date: /home/josedag31/Arus/ws/src/ARUSSim/install/arussim_msgs/include/arussim_msgs/arussim_msgs/msg/detail/state__type_support.h
-- Up-to-date: /home/josedag31/Arus/ws/src/ARUSSim/install/arussim_msgs/include/arussim_msgs/arussim_msgs/msg/detail/cmd__functions.c
-- Up-to-date: /home/josedag31/Arus/ws/src/ARUSSim/install/arussim_msgs/include/arussim_msgs/arussim_msgs/msg/detail/cmd4_wd__type_support.h
-- Up-to-date: /home/josedag31/Arus/ws/src/ARUSSim/install/arussim_msgs/include/arussim_msgs/arussim_msgs/msg/detail/cmd4_wd__struct.h
-- Up-to-date: /home/josedag31/Arus/ws/src/ARUSSim/install/arussim_msgs/include/arussim_msgs/arussim_msgs/msg/detail/point_xy__struct.h
-- Up-to-date: /home/josedag31/Arus/ws/src/ARUSSim/install/arussim_msgs/include/arussim_msgs/arussim_msgs/msg/detail/cmd4_wd__functions.h
-- Up-to-date: /home/josedag31/Arus/ws/src/ARUSSim/install/arussim_msgs/include/arussim_msgs/arussim_msgs/msg/detail/cmd4_wd__functions.c
-- Up-to-date: /home/josedag31/Arus/ws/src/ARUSSim/install/arussim_msgs/include/arussim_msgs/arussim_msgs/msg/detail/four_wheel_drive__struct.h
-- Up-to-date: /home/josedag31/Arus/ws/src/ARUSSim/install/arussim_msgs/include/arussim_msgs/arussim_msgs/msg/detail/trajectory__functions.h
-- Up-to-date: /home/josedag31/Arus/ws/src/ARUSSim/install/arussim_msgs/include/arussim_msgs/arussim_msgs/msg/detail/point_xy__functions.h
-- Up-to-date: /home/josedag31/Arus/ws/src/ARUSSim/install/arussim_msgs/include/arussim_msgs/arussim_msgs/msg/detail/trajectory__type_support.h
-- Up-to-date: /home/josedag31/Arus/ws/src/ARUSSim/install/arussim_msgs/include/arussim_msgs/arussim_msgs/msg/detail/four_wheel_drive__functions.h
-- Up-to-date: /home/josedag31/Arus/ws/src/ARUSSim/install/arussim_msgs/include/arussim_msgs/arussim_msgs/msg/detail/four_wheel_drive__type_support.h
-- Up-to-date: /home/josedag31/Arus/ws/src/ARUSSim/install/arussim_msgs/include/arussim_msgs/arussim_msgs/msg/detail/state__functions.h
-- Up-to-date: /home/josedag31/Arus/ws/src/ARUSSim/install/arussim_msgs/include/arussim_msgs/arussim_msgs/msg/trajectory.h
-- Up-to-date: /home/josedag31/Arus/ws/src/ARUSSim/install/arussim_msgs/include/arussim_msgs/arussim_msgs/msg/cmd4_wd.h
-- Up-to-date: /home/josedag31/Arus/ws/src/ARUSSim/install/arussim_msgs/include/arussim_msgs/arussim_msgs/msg/four_wheel_drive.h
-- Up-to-date: /home/josedag31/Arus/ws/src/ARUSSim/install/arussim_msgs/include/arussim_msgs/arussim_msgs/msg/rosidl_generator_c__visibility_control.h
-- Up-to-date: /home/josedag31/Arus/ws/src/ARUSSim/install/arussim_msgs/include/arussim_msgs/arussim_msgs/msg/point_xy.h
-- Up-to-date: /home/josedag31/Arus/ws/src/ARUSSim/install/arussim_msgs/share/arussim_msgs/environment/library_path.sh
-- Up-to-date: /home/josedag31/Arus/ws/src/ARUSSim/install/arussim_msgs/share/arussim_msgs/environment/library_path.dsv
-- Up-to-date: /home/josedag31/Arus/ws/src/ARUSSim/install/arussim_msgs/lib/libarussim_msgs__rosidl_generator_c.so
-- Up-to-date: /home/josedag31/Arus/ws/src/ARUSSim/install/arussim_msgs/include/arussim_msgs/arussim_msgs
-- Up-to-date: /home/josedag31/Arus/ws/src/ARUSSim/install/arussim_msgs/include/arussim_msgs/arussim_msgs/msg
-- Up-to-date: /home/josedag31/Arus/ws/src/ARUSSim/install/arussim_msgs/include/arussim_msgs/arussim_msgs/msg/detail
-- Up-to-date: /home/josedag31/Arus/ws/src/ARUSSim/install/arussim_msgs/include/arussim_msgs/arussim_msgs/msg/detail/trajectory__rosidl_typesupport_fastrtps_c.h
-- Up-to-date: /home/josedag31/Arus/ws/src/ARUSSim/install/arussim_msgs/include/arussim_msgs/arussim_msgs/msg/detail/cmd4_wd__rosidl_typesupport_fastrtps_c.h
-- Up-to-date: /home/josedag31/Arus/ws/src/ARUSSim/install/arussim_msgs/include/arussim_msgs/arussim_msgs/msg/detail/point_xy__rosidl_typesupport_fastrtps_c.h
-- Up-to-date: /home/josedag31/Arus/ws/src/ARUSSim/install/arussim_msgs/include/arussim_msgs/arussim_msgs/msg/detail/cmd__rosidl_typesupport_fastrtps_c.h
-- Up-to-date: /home/josedag31/Arus/ws/src/ARUSSim/install/arussim_msgs/include/arussim_msgs/arussim_msgs/msg/detail/four_wheel_drive__rosidl_typesupport_fastrtps_c.h
-- Up-to-date: /home/josedag31/Arus/ws/src/ARUSSim/install/arussim_msgs/include/arussim_msgs/arussim_msgs/msg/detail/state__rosidl_typesupport_fastrtps_c.h
-- Up-to-date: /home/josedag31/Arus/ws/src/ARUSSim/install/arussim_msgs/include/arussim_msgs/arussim_msgs/msg/rosidl_typesupport_fastrtps_c__visibility_control.h
-- Up-to-date: /home/josedag31/Arus/ws/src/ARUSSim/install/arussim_msgs/lib/libarussim_msgs__rosidl_typesupport_fastrtps_c.so
-- Up-to-date: /home/josedag31/Arus/ws/src/ARUSSim/install/arussim_msgs/include/arussim_msgs/arussim_msgs
-- Up-to-date: /home/josedag31/Arus/ws/src/ARUSSim/install/arussim_msgs/include/arussim_msgs/arussim_msgs/msg
-- Up-to-date: /home/josedag31/Arus/ws/src/ARUSSim/install/arussim_msgs/include/arussim_msgs/arussim_msgs/msg/point_xy.hpp
-- Up-to-date: /home/josedag31/Arus/ws/src/ARUSSim/install/arussim_msgs/include/arussim_msgs/arussim_msgs/msg/state.hpp
-- Up-to-date: /home/josedag31/Arus/ws/src/ARUSSim/install/arussim_msgs/include/arussim_msgs/arussim_msgs/msg/detail
-- Up-to-date: /home/josedag31/Arus/ws/src/ARUSSim/install/arussim_msgs/include/arussim_msgs/arussim_msgs/msg/detail/four_wheel_drive__type_support.hpp
-- Up-to-date: /home/josedag31/Arus/ws/src/ARUSSim/install/arussim_msgs/include/arussim_msgs/arussim_msgs/msg/detail/trajectory__struct.hpp
-- Up-to-date: /home/josedag31/Arus/ws/src/ARUSSim/install/arussim_msgs/include/arussim_msgs/arussim_msgs/msg/detail/cmd__struct.hpp
-- Up-to-date: /home/josedag31/Arus/ws/src/ARUSSim/install/arussim_msgs/include/arussim_msgs/arussim_msgs/msg/detail/state__traits.hpp
-- Up-to-date: /home/josedag31/Arus/ws/src/ARUSSim/install/arussim_msgs/include/arussim_msgs/arussim_msgs/msg/detail/cmd4_wd__builder.hpp
-- Up-to-date: /home/josedag31/Arus/ws/src/ARUSSim/install/arussim_msgs/include/arussim_msgs/arussim_msgs/msg/detail/cmd__traits.hpp
-- Up-to-date: /home/josedag31/Arus/ws/src/ARUSSim/install/arussim_msgs/include/arussim_msgs/arussim_msgs/msg/detail/state__struct.hpp
-- Up-to-date: /home/josedag31/Arus/ws/src/ARUSSim/install/arussim_msgs/include/arussim_msgs/arussim_msgs/msg/detail/four_wheel_drive__struct.hpp
-- Up-to-date: /home/josedag31/Arus/ws/src/ARUSSim/install/arussim_msgs/include/arussim_msgs/arussim_msgs/msg/detail/trajectory__type_support.hpp
-- Up-to-date: /home/josedag31/Arus/ws/src/ARUSSim/install/arussim_msgs/include/arussim_msgs/arussim_msgs/msg/detail/cmd__builder.hpp
-- Up-to-date: /home/josedag31/Arus/ws/src/ARUSSim/install/arussim_msgs/include/arussim_msgs/arussim_msgs/msg/detail/four_wheel_drive__traits.hpp
-- Up-to-date: /home/josedag31/Arus/ws/src/ARUSSim/install/arussim_msgs/include/arussim_msgs/arussim_msgs/msg/detail/point_xy__struct.hpp
-- Up-to-date: /home/josedag31/Arus/ws/src/ARUSSim/install/arussim_msgs/include/arussim_msgs/arussim_msgs/msg/detail/state__builder.hpp
-- Up-to-date: /home/josedag31/Arus/ws/src/ARUSSim/install/arussim_msgs/include/arussim_msgs/arussim_msgs/msg/detail/four_wheel_drive__builder.hpp
-- Up-to-date: /home/josedag31/Arus/ws/src/ARUSSim/install/arussim_msgs/include/arussim_msgs/arussim_msgs/msg/detail/cmd4_wd__traits.hpp
-- Up-to-date: /home/josedag31/Arus/ws/src/ARUSSim/install/arussim_msgs/include/arussim_msgs/arussim_msgs/msg/detail/trajectory__builder.hpp
-- Up-to-date: /home/josedag31/Arus/ws/src/ARUSSim/install/arussim_msgs/include/arussim_msgs/arussim_msgs/msg/detail/state__type_support.hpp
-- Up-to-date: /home/josedag31/Arus/ws/src/ARUSSim/install/arussim_msgs/include/arussim_msgs/arussim_msgs/msg/detail/cmd4_wd__type_support.hpp
-- Up-to-date: /home/josedag31/Arus/ws/src/ARUSSim/install/arussim_msgs/include/arussim_msgs/arussim_msgs/msg/detail/cmd4_wd__struct.hpp
-- Up-to-date: /home/josedag31/Arus/ws/src/ARUSSim/install/arussim_msgs/include/arussim_msgs/arussim_msgs/msg/detail/point_xy__type_support.hpp
-- Up-to-date: /home/josedag31/Arus/ws/src/ARUSSim/install/arussim_msgs/include/arussim_msgs/arussim_msgs/msg/detail/trajectory__traits.hpp
-- Up-to-date: /home/josedag31/Arus/ws/src/ARUSSim/install/arussim_msgs/include/arussim_msgs/arussim_msgs/msg/detail/point_xy__builder.hpp
-- Up-to-date: /home/josedag31/Arus/ws/src/ARUSSim/install/arussim_msgs/include/arussim_msgs/arussim_msgs/msg/detail/cmd__type_support.hpp
-- Up-to-date: /home/josedag31/Arus/ws/src/ARUSSim/install/arussim_msgs/include/arussim_msgs/arussim_msgs/msg/detail/point_xy__traits.hpp
-- Up-to-date: /home/josedag31/Arus/ws/src/ARUSSim/install/arussim_msgs/include/arussim_msgs/arussim_msgs/msg/cmd.hpp
-- Up-to-date: /home/josedag31/Arus/ws/src/ARUSSim/install/arussim_msgs/include/arussim_msgs/arussim_msgs/msg/four_wheel_drive.hpp
-- Up-to-date: /home/josedag31/Arus/ws/src/ARUSSim/install/arussim_msgs/include/arussim_msgs/arussim_msgs/msg/rosidl_generator_cpp__visibility_control.hpp
-- Up-to-date: /home/josedag31/Arus/ws/src/ARUSSim/install/arussim_msgs/include/arussim_msgs/arussim_msgs/msg/cmd4_wd.hpp
-- Up-to-date: /home/josedag31/Arus/ws/src/ARUSSim/install/arussim_msgs/include/arussim_msgs/arussim_msgs/msg/trajectory.hpp
-- Up-to-date: /home/josedag31/Arus/ws/src/ARUSSim/install/arussim_msgs/include/arussim_msgs/arussim_msgs
-- Up-to-date: /home/josedag31/Arus/ws/src/ARUSSim/install/arussim_msgs/include/arussim_msgs/arussim_msgs/msg
-- Up-to-date: /home/josedag31/Arus/ws/src/ARUSSim/install/arussim_msgs/include/arussim_msgs/arussim_msgs/msg/detail
-- Up-to-date: /home/josedag31/Arus/ws/src/ARUSSim/install/arussim_msgs/include/arussim_msgs/arussim_msgs/msg/detail/trajectory__rosidl_typesupport_fastrtps_cpp.hpp
-- Up-to-date: /home/josedag31/Arus/ws/src/ARUSSim/install/arussim_msgs/include/arussim_msgs/arussim_msgs/msg/detail/four_wheel_drive__rosidl_typesupport_fastrtps_cpp.hpp
-- Up-to-date: /home/josedag31/Arus/ws/src/ARUSSim/install/arussim_msgs/include/arussim_msgs/arussim_msgs/msg/detail/point_xy__rosidl_typesupport_fastrtps_cpp.hpp
-- Up-to-date: /home/josedag31/Arus/ws/src/ARUSSim/install/arussim_msgs/include/arussim_msgs/arussim_msgs/msg/detail/cmd__rosidl_typesupport_fastrtps_cpp.hpp
-- Up-to-date: /home/josedag31/Arus/ws/src/ARUSSim/install/arussim_msgs/include/arussim_msgs/arussim_msgs/msg/detail/state__rosidl_typesupport_fastrtps_cpp.hpp
-- Up-to-date: /home/josedag31/Arus/ws/src/ARUSSim/install/arussim_msgs/include/arussim_msgs/arussim_msgs/msg/detail/dds_fastrtps
-- Up-to-date: /home/josedag31/Arus/ws/src/ARUSSim/install/arussim_msgs/include/arussim_msgs/arussim_msgs/msg/detail/cmd4_wd__rosidl_typesupport_fastrtps_cpp.hpp
-- Up-to-date: /home/josedag31/Arus/ws/src/ARUSSim/install/arussim_msgs/include/arussim_msgs/arussim_msgs/msg/rosidl_typesupport_fastrtps_cpp__visibility_control.h
-- Up-to-date: /home/josedag31/Arus/ws/src/ARUSSim/install/arussim_msgs/lib/libarussim_msgs__rosidl_typesupport_fastrtps_cpp.so
-- Up-to-date: /home/josedag31/Arus/ws/src/ARUSSim/install/arussim_msgs/include/arussim_msgs/arussim_msgs
-- Up-to-date: /home/josedag31/Arus/ws/src/ARUSSim/install/arussim_msgs/include/arussim_msgs/arussim_msgs/msg
-- Up-to-date: /home/josedag31/Arus/ws/src/ARUSSim/install/arussim_msgs/include/arussim_msgs/arussim_msgs/msg/detail
-- Up-to-date: /home/josedag31/Arus/ws/src/ARUSSim/install/arussim_msgs/include/arussim_msgs/arussim_msgs/msg/detail/point_xy__rosidl_typesupport_introspection_c.h
-- Up-to-date: /home/josedag31/Arus/ws/src/ARUSSim/install/arussim_msgs/include/arussim_msgs/arussim_msgs/msg/detail/trajectory__rosidl_typesupport_introspection_c.h
-- Up-to-date: /home/josedag31/Arus/ws/src/ARUSSim/install/arussim_msgs/include/arussim_msgs/arussim_msgs/msg/detail/point_xy__type_support.c
-- Up-to-date: /home/josedag31/Arus/ws/src/ARUSSim/install/arussim_msgs/include/arussim_msgs/arussim_msgs/msg/detail/state__rosidl_typesupport_introspection_c.h
-- Up-to-date: /home/josedag31/Arus/ws/src/ARUSSim/install/arussim_msgs/include/arussim_msgs/arussim_msgs/msg/detail/cmd__type_support.c
-- Up-to-date: /home/josedag31/Arus/ws/src/ARUSSim/install/arussim_msgs/include/arussim_msgs/arussim_msgs/msg/detail/four_wheel_drive__rosidl_typesupport_introspection_c.h
-- Up-to-date: /home/josedag31/Arus/ws/src/ARUSSim/install/arussim_msgs/include/arussim_msgs/arussim_msgs/msg/detail/trajectory__type_support.c
-- Up-to-date: /home/josedag31/Arus/ws/src/ARUSSim/install/arussim_msgs/include/arussim_msgs/arussim_msgs/msg/detail/cmd4_wd__rosidl_typesupport_introspection_c.h
-- Up-to-date: /home/josedag31/Arus/ws/src/ARUSSim/install/arussim_msgs/include/arussim_msgs/arussim_msgs/msg/detail/cmd4_wd__type_support.c
-- Up-to-date: /home/josedag31/Arus/ws/src/ARUSSim/install/arussim_msgs/include/arussim_msgs/arussim_msgs/msg/detail/four_wheel_drive__type_support.c
-- Up-to-date: /home/josedag31/Arus/ws/src/ARUSSim/install/arussim_msgs/include/arussim_msgs/arussim_msgs/msg/detail/cmd__rosidl_typesupport_introspection_c.h
-- Up-to-date: /home/josedag31/Arus/ws/src/ARUSSim/install/arussim_msgs/include/arussim_msgs/arussim_msgs/msg/detail/state__type_support.c
-- Up-to-date: /home/josedag31/Arus/ws/src/ARUSSim/install/arussim_msgs/include/arussim_msgs/arussim_msgs/msg/rosidl_typesupport_introspection_c__visibility_control.h
-- Up-to-date: /home/josedag31/Arus/ws/src/ARUSSim/install/arussim_msgs/lib/libarussim_msgs__rosidl_typesupport_introspection_c.so
-- Up-to-date: /home/josedag31/Arus/ws/src/ARUSSim/install/arussim_msgs/lib/libarussim_msgs__rosidl_typesupport_c.so
-- Up-to-date: /home/josedag31/Arus/ws/src/ARUSSim/install/arussim_msgs/include/arussim_msgs/arussim_msgs
-- Up-to-date: /home/josedag31/Arus/ws/src/ARUSSim/install/arussim_msgs/include/arussim_msgs/arussim_msgs/msg
-- Up-to-date: /home/josedag31/Arus/ws/src/ARUSSim/install/arussim_msgs/include/arussim_msgs/arussim_msgs/msg/detail
-- Up-to-date: /home/josedag31/Arus/ws/src/ARUSSim/install/arussim_msgs/include/arussim_msgs/arussim_msgs/msg/detail/point_xy__type_support.cpp
-- Up-to-date: /home/josedag31/Arus/ws/src/ARUSSim/install/arussim_msgs/include/arussim_msgs/arussim_msgs/msg/detail/state__rosidl_typesupport_introspection_cpp.hpp
-- Up-to-date: /home/josedag31/Arus/ws/src/ARUSSim/install/arussim_msgs/include/arussim_msgs/arussim_msgs/msg/detail/cmd4_wd__type_support.cpp
-- Up-to-date: /home/josedag31/Arus/ws/src/ARUSSim/install/arussim_msgs/include/arussim_msgs/arussim_msgs/msg/detail/cmd__type_support.cpp
-- Up-to-date: /home/josedag31/Arus/ws/src/ARUSSim/install/arussim_msgs/include/arussim_msgs/arussim_msgs/msg/detail/four_wheel_drive__type_support.cpp
-- Up-to-date: /home/josedag31/Arus/ws/src/ARUSSim/install/arussim_msgs/include/arussim_msgs/arussim_msgs/msg/detail/state__type_support.cpp
-- Up-to-date: /home/josedag31/Arus/ws/src/ARUSSim/install/arussim_msgs/include/arussim_msgs/arussim_msgs/msg/detail/cmd__rosidl_typesupport_introspection_cpp.hpp
-- Up-to-date: /home/josedag31/Arus/ws/src/ARUSSim/install/arussim_msgs/include/arussim_msgs/arussim_msgs/msg/detail/trajectory__type_support.cpp
-- Up-to-date: /home/josedag31/Arus/ws/src/ARUSSim/install/arussim_msgs/include/arussim_msgs/arussim_msgs/msg/detail/four_wheel_drive__rosidl_typesupport_introspection_cpp.hpp
-- Up-to-date: /home/josedag31/Arus/ws/src/ARUSSim/install/arussim_msgs/include/arussim_msgs/arussim_msgs/msg/detail/cmd4_wd__rosidl_typesupport_introspection_cpp.hpp
-- Up-to-date: /home/josedag31/Arus/ws/src/ARUSSim/install/arussim_msgs/include/arussim_msgs/arussim_msgs/msg/detail/trajectory__rosidl_typesupport_introspection_cpp.hpp
-- Up-to-date: /home/josedag31/Arus/ws/src/ARUSSim/install/arussim_msgs/include/arussim_msgs/arussim_msgs/msg/detail/point_xy__rosidl_typesupport_introspection_cpp.hpp
-- Up-to-date: /home/josedag31/Arus/ws/src/ARUSSim/install/arussim_msgs/lib/libarussim_msgs__rosidl_typesupport_introspection_cpp.so
-- Up-to-date: /home/josedag31/Arus/ws/src/ARUSSim/install/arussim_msgs/lib/libarussim_msgs__rosidl_typesupport_cpp.so
-- Up-to-date: /home/josedag31/Arus/ws/src/ARUSSim/install/arussim_msgs/share/arussim_msgs/environment/pythonpath.sh
-- Up-to-date: /home/josedag31/Arus/ws/src/ARUSSim/install/arussim_msgs/share/arussim_msgs/environment/pythonpath.dsv
-- Up-to-date: /home/josedag31/Arus/ws/src/ARUSSim/install/arussim_msgs/local/lib/python3.10/dist-packages/arussim_msgs-0.0.0-py3.10.egg-info
-- Installing: /home/josedag31/Arus/ws/src/ARUSSim/install/arussim_msgs/local/lib/python3.10/dist-packages/arussim_msgs-0.0.0-py3.10.egg-info/dependency_links.txt
-- Installing: /home/josedag31/Arus/ws/src/ARUSSim/install/arussim_msgs/local/lib/python3.10/dist-packages/arussim_msgs-0.0.0-py3.10.egg-info/top_level.txt
-- Installing: /home/josedag31/Arus/ws/src/ARUSSim/install/arussim_msgs/local/lib/python3.10/dist-packages/arussim_msgs-0.0.0-py3.10.egg-info/PKG-INFO
-- Installing: /home/josedag31/Arus/ws/src/ARUSSim/install/arussim_msgs/local/lib/python3.10/dist-packages/arussim_msgs-0.0.0-py3.10.egg-info/SOURCES.txt
-- Up-to-date: /home/josedag31/Arus/ws/src/ARUSSim/install/arussim_msgs/local/lib/python3.10/dist-packages/arussim_msgs
-- Up-to-date: /home/josedag31/Arus/ws/src/ARUSSim/install/arussim_msgs/local/lib/python3.10/dist-packages/arussim_msgs/_arussim_msgs_s.ep.rosidl_typesupport_c.c
-- Up-to-date: /home/josedag31/Arus/ws/src/ARUSSim/install/arussim_msgs/local/lib/python3.10/dist-packages/arussim_msgs/_arussim_msgs_s.ep.rosidl_typesupport_fastrtps_c.c
-- Up-to-date: /home/josedag31/Arus/ws/src/ARUSSim/install/arussim_msgs/local/lib/python3.10/dist-packages/arussim_msgs/__init__.py
-- Up-to-date: /home/josedag31/Arus/ws/src/ARUSSim/install/arussim_msgs/local/lib/python3.10/dist-packages/arussim_msgs/arussim_msgs_s__rosidl_typesupport_c.cpython-310-x86_64-linux-gnu.so
-- Up-to-date: /home/josedag31/Arus/ws/src/ARUSSim/install/arussim_msgs/local/lib/python3.10/dist-packages/arussim_msgs/_arussim_msgs_s.ep.rosidl_typesupport_introspection_c.c
-- Up-to-date: /home/josedag31/Arus/ws/src/ARUSSim/install/arussim_msgs/local/lib/python3.10/dist-packages/arussim_msgs/arussim_msgs_s__rosidl_typesupport_introspection_c.cpython-310-x86_64-linux-gnu.so
-- Up-to-date: /home/josedag31/Arus/ws/src/ARUSSim/install/arussim_msgs/local/lib/python3.10/dist-packages/arussim_msgs/libarussim_msgs__rosidl_generator_py.so
-- Up-to-date: /home/josedag31/Arus/ws/src/ARUSSim/install/arussim_msgs/local/lib/python3.10/dist-packages/arussim_msgs/arussim_msgs_s__rosidl_typesupport_fastrtps_c.cpython-310-x86_64-linux-gnu.so
-- Up-to-date: /home/josedag31/Arus/ws/src/ARUSSim/install/arussim_msgs/local/lib/python3.10/dist-packages/arussim_msgs/msg
-- Up-to-date: /home/josedag31/Arus/ws/src/ARUSSim/install/arussim_msgs/local/lib/python3.10/dist-packages/arussim_msgs/msg/_point_xy_s.c
-- Up-to-date: /home/josedag31/Arus/ws/src/ARUSSim/install/arussim_msgs/local/lib/python3.10/dist-packages/arussim_msgs/msg/__init__.py
-- Up-to-date: /home/josedag31/Arus/ws/src/ARUSSim/install/arussim_msgs/local/lib/python3.10/dist-packages/arussim_msgs/msg/_state.py
-- Up-to-date: /home/josedag31/Arus/ws/src/ARUSSim/install/arussim_msgs/local/lib/python3.10/dist-packages/arussim_msgs/msg/_point_xy.py
-- Up-to-date: /home/josedag31/Arus/ws/src/ARUSSim/install/arussim_msgs/local/lib/python3.10/dist-packages/arussim_msgs/msg/_trajectory_s.c
-- Up-to-date: /home/josedag31/Arus/ws/src/ARUSSim/install/arussim_msgs/local/lib/python3.10/dist-packages/arussim_msgs/msg/_cmd4_wd.py
-- Up-to-date: /home/josedag31/Arus/ws/src/ARUSSim/install/arussim_msgs/local/lib/python3.10/dist-packages/arussim_msgs/msg/_cmd_s.c
-- Up-to-date: /home/josedag31/Arus/ws/src/ARUSSim/install/arussim_msgs/local/lib/python3.10/dist-packages/arussim_msgs/msg/_state_s.c
-- Up-to-date: /home/josedag31/Arus/ws/src/ARUSSim/install/arussim_msgs/local/lib/python3.10/dist-packages/arussim_msgs/msg/_cmd.py
-- Up-to-date: /home/josedag31/Arus/ws/src/ARUSSim/install/arussim_msgs/local/lib/python3.10/dist-packages/arussim_msgs/msg/_trajectory.py
-- Up-to-date: /home/josedag31/Arus/ws/src/ARUSSim/install/arussim_msgs/local/lib/python3.10/dist-packages/arussim_msgs/msg/_cmd4_wd_s.c
-- Up-to-date: /home/josedag31/Arus/ws/src/ARUSSim/install/arussim_msgs/local/lib/python3.10/dist-packages/arussim_msgs/msg/_four_wheel_drive_s.c
-- Up-to-date: /home/josedag31/Arus/ws/src/ARUSSim/install/arussim_msgs/local/lib/python3.10/dist-packages/arussim_msgs/msg/_four_wheel_drive.py
Listing '/home/josedag31/Arus/ws/src/ARUSSim/install/arussim_msgs/local/lib/python3.10/dist-packages/arussim_msgs'...
Listing '/home/josedag31/Arus/ws/src/ARUSSim/install/arussim_msgs/local/lib/python3.10/dist-packages/arussim_msgs/msg'...
-- Up-to-date: /home/josedag31/Arus/ws/src/ARUSSim/install/arussim_msgs/local/lib/python3.10/dist-packages/arussim_msgs/arussim_msgs_s__rosidl_typesupport_fastrtps_c.cpython-310-x86_64-linux-gnu.so
-- Up-to-date: /home/josedag31/Arus/ws/src/ARUSSim/install/arussim_msgs/local/lib/python3.10/dist-packages/arussim_msgs/arussim_msgs_s__rosidl_typesupport_introspection_c.cpython-310-x86_64-linux-gnu.so
-- Up-to-date: /home/josedag31/Arus/ws/src/ARUSSim/install/arussim_msgs/local/lib/python3.10/dist-packages/arussim_msgs/arussim_msgs_s__rosidl_typesupport_c.cpython-310-x86_64-linux-gnu.so
-- Up-to-date: /home/josedag31/Arus/ws/src/ARUSSim/install/arussim_msgs/lib/libarussim_msgs__rosidl_generator_py.so
-- Up-to-date: /home/josedag31/Arus/ws/src/ARUSSim/install/arussim_msgs/share/arussim_msgs/msg/Cmd.idl
-- Up-to-date: /home/josedag31/Arus/ws/src/ARUSSim/install/arussim_msgs/share/arussim_msgs/msg/Cmd4WD.idl
-- Up-to-date: /home/josedag31/Arus/ws/src/ARUSSim/install/arussim_msgs/share/arussim_msgs/msg/FourWheelDrive.idl
-- Up-to-date: /home/josedag31/Arus/ws/src/ARUSSim/install/arussim_msgs/share/arussim_msgs/msg/PointXY.idl
-- Up-to-date: /home/josedag31/Arus/ws/src/ARUSSim/install/arussim_msgs/share/arussim_msgs/msg/State.idl
-- Up-to-date: /home/josedag31/Arus/ws/src/ARUSSim/install/arussim_msgs/share/arussim_msgs/msg/Trajectory.idl
-- Up-to-date: /home/josedag31/Arus/ws/src/ARUSSim/install/arussim_msgs/share/arussim_msgs/msg/Cmd.msg
-- Up-to-date: /home/josedag31/Arus/ws/src/ARUSSim/install/arussim_msgs/share/arussim_msgs/msg/Cmd4WD.msg
-- Up-to-date: /home/josedag31/Arus/ws/src/ARUSSim/install/arussim_msgs/share/arussim_msgs/msg/FourWheelDrive.msg
-- Up-to-date: /home/josedag31/Arus/ws/src/ARUSSim/install/arussim_msgs/share/arussim_msgs/msg/PointXY.msg
-- Up-to-date: /home/josedag31/Arus/ws/src/ARUSSim/install/arussim_msgs/share/arussim_msgs/msg/State.msg
-- Up-to-date: /home/josedag31/Arus/ws/src/ARUSSim/install/arussim_msgs/share/arussim_msgs/msg/Trajectory.msg
-- Up-to-date: /home/josedag31/Arus/ws/src/ARUSSim/install/arussim_msgs/share/ament_index/resource_index/package_run_dependencies/arussim_msgs
-- Up-to-date: /home/josedag31/Arus/ws/src/ARUSSim/install/arussim_msgs/share/ament_index/resource_index/parent_prefix_path/arussim_msgs
-- Up-to-date: /home/josedag31/Arus/ws/src/ARUSSim/install/arussim_msgs/share/arussim_msgs/environment/ament_prefix_path.sh
-- Up-to-date: /home/josedag31/Arus/ws/src/ARUSSim/install/arussim_msgs/share/arussim_msgs/environment/ament_prefix_path.dsv
-- Up-to-date: /home/josedag31/Arus/ws/src/ARUSSim/install/arussim_msgs/share/arussim_msgs/environment/path.sh
-- Up-to-date: /home/josedag31/Arus/ws/src/ARUSSim/install/arussim_msgs/share/arussim_msgs/environment/path.dsv
-- Up-to-date: /home/josedag31/Arus/ws/src/ARUSSim/install/arussim_msgs/share/arussim_msgs/local_setup.bash
-- Up-to-date: /home/josedag31/Arus/ws/src/ARUSSim/install/arussim_msgs/share/arussim_msgs/local_setup.sh
-- Up-to-date: /home/josedag31/Arus/ws/src/ARUSSim/install/arussim_msgs/share/arussim_msgs/local_setup.zsh
-- Up-to-date: /home/josedag31/Arus/ws/src/ARUSSim/install/arussim_msgs/share/arussim_msgs/local_setup.dsv
-- Installing: /home/josedag31/Arus/ws/src/ARUSSim/install/arussim_msgs/share/arussim_msgs/package.dsv
-- Up-to-date: /home/josedag31/Arus/ws/src/ARUSSim/install/arussim_msgs/share/ament_index/resource_index/packages/arussim_msgs
-- Up-to-date: /home/josedag31/Arus/ws/src/ARUSSim/install/arussim_msgs/share/arussim_msgs/cmake/export_arussim_msgs__rosidl_generator_cExport.cmake
-- Up-to-date: /home/josedag31/Arus/ws/src/ARUSSim/install/arussim_msgs/share/arussim_msgs/cmake/export_arussim_msgs__rosidl_generator_cExport-noconfig.cmake
-- Up-to-date: /home/josedag31/Arus/ws/src/ARUSSim/install/arussim_msgs/share/arussim_msgs/cmake/export_arussim_msgs__rosidl_typesupport_fastrtps_cExport.cmake
-- Up-to-date: /home/josedag31/Arus/ws/src/ARUSSim/install/arussim_msgs/share/arussim_msgs/cmake/export_arussim_msgs__rosidl_typesupport_fastrtps_cExport-noconfig.cmake
-- Up-to-date: /home/josedag31/Arus/ws/src/ARUSSim/install/arussim_msgs/share/arussim_msgs/cmake/export_arussim_msgs__rosidl_generator_cppExport.cmake
-- Up-to-date: /home/josedag31/Arus/ws/src/ARUSSim/install/arussim_msgs/share/arussim_msgs/cmake/export_arussim_msgs__rosidl_typesupport_fastrtps_cppExport.cmake
-- Up-to-date: /home/josedag31/Arus/ws/src/ARUSSim/install/arussim_msgs/share/arussim_msgs/cmake/export_arussim_msgs__rosidl_typesupport_fastrtps_cppExport-noconfig.cmake
-- Up-to-date: /home/josedag31/Arus/ws/src/ARUSSim/install/arussim_msgs/share/arussim_msgs/cmake/arussim_msgs__rosidl_typesupport_introspection_cExport.cmake
-- Up-to-date: /home/josedag31/Arus/ws/src/ARUSSim/install/arussim_msgs/share/arussim_msgs/cmake/arussim_msgs__rosidl_typesupport_introspection_cExport-noconfig.cmake
-- Up-to-date: /home/josedag31/Arus/ws/src/ARUSSim/install/arussim_msgs/share/arussim_msgs/cmake/arussim_msgs__rosidl_typesupport_cExport.cmake
-- Up-to-date: /home/josedag31/Arus/ws/src/ARUSSim/install/arussim_msgs/share/arussim_msgs/cmake/arussim_msgs__rosidl_typesupport_cExport-noconfig.cmake
-- Up-to-date: /home/josedag31/Arus/ws/src/ARUSSim/install/arussim_msgs/share/arussim_msgs/cmake/arussim_msgs__rosidl_typesupport_introspection_cppExport.cmake
-- Up-to-date: /home/josedag31/Arus/ws/src/ARUSSim/install/arussim_msgs/share/arussim_msgs/cmake/arussim_msgs__rosidl_typesupport_introspection_cppExport-noconfig.cmake
-- Up-to-date: /home/josedag31/Arus/ws/src/ARUSSim/install/arussim_msgs/share/arussim_msgs/cmake/arussim_msgs__rosidl_typesupport_cppExport.cmake
-- Up-to-date: /home/josedag31/Arus/ws/src/ARUSSim/install/arussim_msgs/share/arussim_msgs/cmake/arussim_msgs__rosidl_typesupport_cppExport-noconfig.cmake
-- Up-to-date: /home/josedag31/Arus/ws/src/ARUSSim/install/arussim_msgs/share/arussim_msgs/cmake/export_arussim_msgs__rosidl_generator_pyExport.cmake
-- Up-to-date: /home/josedag31/Arus/ws/src/ARUSSim/install/arussim_msgs/share/arussim_msgs/cmake/export_arussim_msgs__rosidl_generator_pyExport-noconfig.cmake
-- Up-to-date: /home/josedag31/Arus/ws/src/ARUSSim/install/arussim_msgs/share/arussim_msgs/cmake/rosidl_cmake-extras.cmake
-- Up-to-date: /home/josedag31/Arus/ws/src/ARUSSim/install/arussim_msgs/share/arussim_msgs/cmake/ament_cmake_export_dependencies-extras.cmake
-- Up-to-date: /home/josedag31/Arus/ws/src/ARUSSim/install/arussim_msgs/share/arussim_msgs/cmake/ament_cmake_export_include_directories-extras.cmake
-- Up-to-date: /home/josedag31/Arus/ws/src/ARUSSim/install/arussim_msgs/share/arussim_msgs/cmake/ament_cmake_export_libraries-extras.cmake
-- Up-to-date: /home/josedag31/Arus/ws/src/ARUSSim/install/arussim_msgs/share/arussim_msgs/cmake/ament_cmake_export_targets-extras.cmake
-- Up-to-date: /home/josedag31/Arus/ws/src/ARUSSim/install/arussim_msgs/share/arussim_msgs/cmake/rosidl_cmake_export_typesupport_targets-extras.cmake
-- Up-to-date: /home/josedag31/Arus/ws/src/ARUSSim/install/arussim_msgs/share/arussim_msgs/cmake/rosidl_cmake_export_typesupport_libraries-extras.cmake
-- Up-to-date: /home/josedag31/Arus/ws/src/ARUSSim/install/arussim_msgs/share/arussim_msgs/cmake/arussim_msgsConfig.cmake
-- Up-to-date: /home/josedag31/Arus/ws/src/ARUSSim/install/arussim_msgs/share/arussim_msgs/cmake/arussim_msgsConfig-version.cmake
-- Up-to-date: /home/josedag31/Arus/ws/src/ARUSSim/install/arussim_msgs/share/arussim_msgs/package.xml
