[  8%] [34m[1mAutomatic MOC for target arussim_exec[0m
[  8%] [34m[1mAutomatic MOC for target plot_interface_exec[0m
[ 12%] [34m[1mAutomatic MOC for target main_interface_exec[0m
[ 16%] [34m[1mAutomatic MOC for target sensors_exec[0m
[ 20%] [34m[1mAutomatic MOC for target supervisor_exec[0m
[ 20%] Built target plot_interface_exec_autogen
[ 20%] Built target arussim_exec_autogen
[ 20%] Built target main_interface_exec_autogen
[ 20%] Built target supervisor_exec_autogen
[ 20%] Built target sensors_exec_autogen
[ 40%] Built target plot_interface_exec
[ 52%] Built target supervisor_exec
[ 72%] Built target main_interface_exec
[ 84%] Built target sensors_exec
[ 88%] [32mBuilding CXX object CMakeFiles/arussim_exec.dir/src/arussim_node.cpp.o[0m
[ 92%] [32m[1mLinking CXX executable arussim_exec[0m
[100%] Built target arussim_exec
-- Install configuration: ""
-- Up-to-date: /home/josedag31/Arus/ws/src/ARUSSim/install/arussim/lib/libmain_interface_exec.so
-- Up-to-date: /home/josedag31/Arus/ws/src/ARUSSim/install/arussim/lib/libplot_interface_exec.so
-- Up-to-date: /home/josedag31/Arus/ws/src/ARUSSim/install/arussim/include
-- Up-to-date: /home/josedag31/Arus/ws/src/ARUSSim/install/arussim/include/controller_sim
-- Up-to-date: /home/josedag31/Arus/ws/src/ARUSSim/install/arussim/include/controller_sim/traction_control.hpp
-- Up-to-date: /home/josedag31/Arus/ws/src/ARUSSim/install/arussim/include/controller_sim/.git
-- Up-to-date: /home/josedag31/Arus/ws/src/ARUSSim/install/arussim/include/controller_sim/.git/info
-- Up-to-date: /home/josedag31/Arus/ws/src/ARUSSim/install/arussim/include/controller_sim/.git/info/exclude
-- Up-to-date: /home/josedag31/Arus/ws/src/ARUSSim/install/arussim/include/controller_sim/.git/branches
-- Up-to-date: /home/josedag31/Arus/ws/src/ARUSSim/install/arussim/include/controller_sim/.git/COMMIT_EDITMSG
-- Up-to-date: /home/josedag31/Arus/ws/src/ARUSSim/install/arussim/include/controller_sim/.git/logs
-- Up-to-date: /home/josedag31/Arus/ws/src/ARUSSim/install/arussim/include/controller_sim/.git/logs/refs
-- Up-to-date: /home/josedag31/Arus/ws/src/ARUSSim/install/arussim/include/controller_sim/.git/logs/refs/heads
-- Up-to-date: /home/josedag31/Arus/ws/src/ARUSSim/install/arussim/include/controller_sim/.git/logs/refs/heads/main
-- Up-to-date: /home/josedag31/Arus/ws/src/ARUSSim/install/arussim/include/controller_sim/.git/logs/refs/remotes
-- Up-to-date: /home/josedag31/Arus/ws/src/ARUSSim/install/arussim/include/controller_sim/.git/logs/refs/remotes/origin
-- Up-to-date: /home/josedag31/Arus/ws/src/ARUSSim/install/arussim/include/controller_sim/.git/logs/refs/remotes/origin/main
-- Up-to-date: /home/josedag31/Arus/ws/src/ARUSSim/install/arussim/include/controller_sim/.git/logs/HEAD
-- Up-to-date: /home/josedag31/Arus/ws/src/ARUSSim/install/arussim/include/controller_sim/.git/index
-- Up-to-date: /home/josedag31/Arus/ws/src/ARUSSim/install/arussim/include/controller_sim/.git/config
-- Up-to-date: /home/josedag31/Arus/ws/src/ARUSSim/install/arussim/include/controller_sim/.git/refs
-- Up-to-date: /home/josedag31/Arus/ws/src/ARUSSim/install/arussim/include/controller_sim/.git/refs/heads
-- Up-to-date: /home/josedag31/Arus/ws/src/ARUSSim/install/arussim/include/controller_sim/.git/refs/heads/main
-- Up-to-date: /home/josedag31/Arus/ws/src/ARUSSim/install/arussim/include/controller_sim/.git/refs/tags
-- Up-to-date: /home/josedag31/Arus/ws/src/ARUSSim/install/arussim/include/controller_sim/.git/refs/remotes
-- Up-to-date: /home/josedag31/Arus/ws/src/ARUSSim/install/arussim/include/controller_sim/.git/refs/remotes/origin
-- Up-to-date: /home/josedag31/Arus/ws/src/ARUSSim/install/arussim/include/controller_sim/.git/refs/remotes/origin/main
-- Up-to-date: /home/josedag31/Arus/ws/src/ARUSSim/install/arussim/include/controller_sim/.git/HEAD
-- Up-to-date: /home/josedag31/Arus/ws/src/ARUSSim/install/arussim/include/controller_sim/.git/description
-- Up-to-date: /home/josedag31/Arus/ws/src/ARUSSim/install/arussim/include/controller_sim/.git/hooks
-- Up-to-date: /home/josedag31/Arus/ws/src/ARUSSim/install/arussim/include/controller_sim/.git/hooks/pre-push.sample
-- Up-to-date: /home/josedag31/Arus/ws/src/ARUSSim/install/arussim/include/controller_sim/.git/hooks/pre-applypatch.sample
-- Up-to-date: /home/josedag31/Arus/ws/src/ARUSSim/install/arussim/include/controller_sim/.git/hooks/fsmonitor-watchman.sample
-- Up-to-date: /home/josedag31/Arus/ws/src/ARUSSim/install/arussim/include/controller_sim/.git/hooks/push-to-checkout.sample
-- Up-to-date: /home/josedag31/Arus/ws/src/ARUSSim/install/arussim/include/controller_sim/.git/hooks/post-update.sample
-- Up-to-date: /home/josedag31/Arus/ws/src/ARUSSim/install/arussim/include/controller_sim/.git/hooks/prepare-commit-msg.sample
-- Up-to-date: /home/josedag31/Arus/ws/src/ARUSSim/install/arussim/include/controller_sim/.git/hooks/pre-receive.sample
-- Up-to-date: /home/josedag31/Arus/ws/src/ARUSSim/install/arussim/include/controller_sim/.git/hooks/pre-rebase.sample
-- Up-to-date: /home/josedag31/Arus/ws/src/ARUSSim/install/arussim/include/controller_sim/.git/hooks/pre-merge-commit.sample
-- Up-to-date: /home/josedag31/Arus/ws/src/ARUSSim/install/arussim/include/controller_sim/.git/hooks/commit-msg.sample
-- Up-to-date: /home/josedag31/Arus/ws/src/ARUSSim/install/arussim/include/controller_sim/.git/hooks/pre-commit.sample
-- Up-to-date: /home/josedag31/Arus/ws/src/ARUSSim/install/arussim/include/controller_sim/.git/hooks/applypatch-msg.sample
-- Up-to-date: /home/josedag31/Arus/ws/src/ARUSSim/install/arussim/include/controller_sim/.git/hooks/update.sample
-- Up-to-date: /home/josedag31/Arus/ws/src/ARUSSim/install/arussim/include/controller_sim/.git/objects
-- Up-to-date: /home/josedag31/Arus/ws/src/ARUSSim/install/arussim/include/controller_sim/.git/objects/info
-- Up-to-date: /home/josedag31/Arus/ws/src/ARUSSim/install/arussim/include/controller_sim/.git/objects/6f
-- Up-to-date: /home/josedag31/Arus/ws/src/ARUSSim/install/arussim/include/controller_sim/.git/objects/6f/31bd99fcfa17ad3ecd05fefc867720bb76eb78
-- Up-to-date: /home/josedag31/Arus/ws/src/ARUSSim/install/arussim/include/controller_sim/.git/objects/d1
-- Up-to-date: /home/josedag31/Arus/ws/src/ARUSSim/install/arussim/include/controller_sim/.git/objects/d1/51d54e3347fccc3756563f96fc3778e33efbe4
-- Up-to-date: /home/josedag31/Arus/ws/src/ARUSSim/install/arussim/include/controller_sim/.git/objects/d4
-- Up-to-date: /home/josedag31/Arus/ws/src/ARUSSim/install/arussim/include/controller_sim/.git/objects/d4/19ade9a1d6c842837085dbe86d593251a900d0
-- Up-to-date: /home/josedag31/Arus/ws/src/ARUSSim/install/arussim/include/controller_sim/.git/objects/9e
-- Up-to-date: /home/josedag31/Arus/ws/src/ARUSSim/install/arussim/include/controller_sim/.git/objects/9e/3e810bde3140818cb7e844b070460ce75d30fe
-- Up-to-date: /home/josedag31/Arus/ws/src/ARUSSim/install/arussim/include/controller_sim/.git/objects/07
-- Up-to-date: /home/josedag31/Arus/ws/src/ARUSSim/install/arussim/include/controller_sim/.git/objects/07/bdebc3baede12107fa5b68686ce378477a8410
-- Up-to-date: /home/josedag31/Arus/ws/src/ARUSSim/install/arussim/include/controller_sim/.git/objects/0e
-- Up-to-date: /home/josedag31/Arus/ws/src/ARUSSim/install/arussim/include/controller_sim/.git/objects/0e/f21704e7aa5abca4a3fecee4e3a73daabb8b08
-- Up-to-date: /home/josedag31/Arus/ws/src/ARUSSim/install/arussim/include/controller_sim/.git/objects/63
-- Up-to-date: /home/josedag31/Arus/ws/src/ARUSSim/install/arussim/include/controller_sim/.git/objects/63/05c378cf91caef39863752eddd3049bc9a2d35
-- Up-to-date: /home/josedag31/Arus/ws/src/ARUSSim/install/arussim/include/controller_sim/.git/objects/9f
-- Up-to-date: /home/josedag31/Arus/ws/src/ARUSSim/install/arussim/include/controller_sim/.git/objects/9f/4eaaca9db7bab404d46032c6fb1f2331748c99
-- Up-to-date: /home/josedag31/Arus/ws/src/ARUSSim/install/arussim/include/controller_sim/.git/objects/a1
-- Up-to-date: /home/josedag31/Arus/ws/src/ARUSSim/install/arussim/include/controller_sim/.git/objects/a1/15c1d72e52760c820488d2bac3653956d69f64
-- Up-to-date: /home/josedag31/Arus/ws/src/ARUSSim/install/arussim/include/controller_sim/.git/objects/62
-- Up-to-date: /home/josedag31/Arus/ws/src/ARUSSim/install/arussim/include/controller_sim/.git/objects/62/c1052d3fe81c1821ecd4071698dfa148dceb79
-- Up-to-date: /home/josedag31/Arus/ws/src/ARUSSim/install/arussim/include/controller_sim/.git/objects/6d
-- Up-to-date: /home/josedag31/Arus/ws/src/ARUSSim/install/arussim/include/controller_sim/.git/objects/6d/80e94b5bc13363becdced103dd184d0f718cf1
-- Up-to-date: /home/josedag31/Arus/ws/src/ARUSSim/install/arussim/include/controller_sim/.git/objects/68
-- Up-to-date: /home/josedag31/Arus/ws/src/ARUSSim/install/arussim/include/controller_sim/.git/objects/68/44e47eead5ea23e5ecdeaff21ede4cb35df8a0
-- Up-to-date: /home/josedag31/Arus/ws/src/ARUSSim/install/arussim/include/controller_sim/.git/objects/0d
-- Up-to-date: /home/josedag31/Arus/ws/src/ARUSSim/install/arussim/include/controller_sim/.git/objects/0d/1f1e2ee2dc93f968bf6132cc185182fafa7665
-- Up-to-date: /home/josedag31/Arus/ws/src/ARUSSim/install/arussim/include/controller_sim/.git/objects/6c
-- Up-to-date: /home/josedag31/Arus/ws/src/ARUSSim/install/arussim/include/controller_sim/.git/objects/6c/b1d02b63647746151c9eff791e5c135b479e83
-- Up-to-date: /home/josedag31/Arus/ws/src/ARUSSim/install/arussim/include/controller_sim/.git/objects/32
-- Up-to-date: /home/josedag31/Arus/ws/src/ARUSSim/install/arussim/include/controller_sim/.git/objects/32/5a29c1887add41eaf3e54f126fba2a99d8423d
-- Up-to-date: /home/josedag31/Arus/ws/src/ARUSSim/install/arussim/include/controller_sim/.git/objects/74
-- Up-to-date: /home/josedag31/Arus/ws/src/ARUSSim/install/arussim/include/controller_sim/.git/objects/74/6c73cf1a082177f52b831de064cba7ef6e700a
-- Up-to-date: /home/josedag31/Arus/ws/src/ARUSSim/install/arussim/include/controller_sim/.git/objects/1e
-- Up-to-date: /home/josedag31/Arus/ws/src/ARUSSim/install/arussim/include/controller_sim/.git/objects/1e/ac0c283655603cd9d5324fde7ecfdc54aeef61
-- Up-to-date: /home/josedag31/Arus/ws/src/ARUSSim/install/arussim/include/controller_sim/.git/objects/44
-- Up-to-date: /home/josedag31/Arus/ws/src/ARUSSim/install/arussim/include/controller_sim/.git/objects/44/a6d68d510666e6df8059b9ab9017f99e937fd8
-- Up-to-date: /home/josedag31/Arus/ws/src/ARUSSim/install/arussim/include/controller_sim/.git/objects/a0
-- Up-to-date: /home/josedag31/Arus/ws/src/ARUSSim/install/arussim/include/controller_sim/.git/objects/a0/483f9895ed8482a856e7ed87a41b99b6a43207
-- Up-to-date: /home/josedag31/Arus/ws/src/ARUSSim/install/arussim/include/controller_sim/.git/objects/84
-- Up-to-date: /home/josedag31/Arus/ws/src/ARUSSim/install/arussim/include/controller_sim/.git/objects/84/34f35056a7c2161820bbd1092c0f0b5250dc4d
-- Up-to-date: /home/josedag31/Arus/ws/src/ARUSSim/install/arussim/include/controller_sim/.git/objects/e6
-- Up-to-date: /home/josedag31/Arus/ws/src/ARUSSim/install/arussim/include/controller_sim/.git/objects/e6/9de29bb2d1d6434b8b29ae775ad8c2e48c5391
-- Up-to-date: /home/josedag31/Arus/ws/src/ARUSSim/install/arussim/include/controller_sim/.git/objects/3d
-- Up-to-date: /home/josedag31/Arus/ws/src/ARUSSim/install/arussim/include/controller_sim/.git/objects/3d/c4403e23ad004814db755a567824b4bb96a117
-- Up-to-date: /home/josedag31/Arus/ws/src/ARUSSim/install/arussim/include/controller_sim/.git/objects/72
-- Up-to-date: /home/josedag31/Arus/ws/src/ARUSSim/install/arussim/include/controller_sim/.git/objects/72/a6bbcbe1c1050978eeb49886596a49f5e4898a
-- Up-to-date: /home/josedag31/Arus/ws/src/ARUSSim/install/arussim/include/controller_sim/.git/objects/40
-- Up-to-date: /home/josedag31/Arus/ws/src/ARUSSim/install/arussim/include/controller_sim/.git/objects/40/7c548120622fd6ffac24edc9b3a38f92171445
-- Up-to-date: /home/josedag31/Arus/ws/src/ARUSSim/install/arussim/include/controller_sim/.git/objects/pack
-- Up-to-date: /home/josedag31/Arus/ws/src/ARUSSim/install/arussim/include/controller_sim/.git/objects/bb
-- Up-to-date: /home/josedag31/Arus/ws/src/ARUSSim/install/arussim/include/controller_sim/.git/objects/bb/30f56dc342e7cf34bdaedd8346c64fcc1f8b89
-- Up-to-date: /home/josedag31/Arus/ws/src/ARUSSim/install/arussim/include/controller_sim/.git/objects/7f
-- Up-to-date: /home/josedag31/Arus/ws/src/ARUSSim/install/arussim/include/controller_sim/.git/objects/7f/3075735a5aa2fe724817691cf150cf527821bc
-- Up-to-date: /home/josedag31/Arus/ws/src/ARUSSim/install/arussim/include/controller_sim/.git/objects/06
-- Up-to-date: /home/josedag31/Arus/ws/src/ARUSSim/install/arussim/include/controller_sim/.git/objects/06/d54ce1e13c95db38e264676537857fcbd87184
-- Up-to-date: /home/josedag31/Arus/ws/src/ARUSSim/install/arussim/include/controller_sim/.git/objects/f9
-- Up-to-date: /home/josedag31/Arus/ws/src/ARUSSim/install/arussim/include/controller_sim/.git/objects/f9/1f805bdcfc49f4ac087451efa81c763ebe2922
-- Up-to-date: /home/josedag31/Arus/ws/src/ARUSSim/install/arussim/include/controller_sim/.git/objects/5f
-- Up-to-date: /home/josedag31/Arus/ws/src/ARUSSim/install/arussim/include/controller_sim/.git/objects/5f/94d2ca8b4fded96163e9ccbcb196fd34843540
-- Up-to-date: /home/josedag31/Arus/ws/src/ARUSSim/install/arussim/include/controller_sim/.git/objects/99
-- Up-to-date: /home/josedag31/Arus/ws/src/ARUSSim/install/arussim/include/controller_sim/.git/objects/99/febb023de6f818cd415845f7bfed430ded1bca
-- Up-to-date: /home/josedag31/Arus/ws/src/ARUSSim/install/arussim/include/controller_sim/.git/objects/42
-- Up-to-date: /home/josedag31/Arus/ws/src/ARUSSim/install/arussim/include/controller_sim/.git/objects/42/536dc920625f0bd621256721a5ffef952b56ae
-- Up-to-date: /home/josedag31/Arus/ws/src/ARUSSim/install/arussim/include/controller_sim/.git/objects/27
-- Up-to-date: /home/josedag31/Arus/ws/src/ARUSSim/install/arussim/include/controller_sim/.git/objects/27/f0acf712458cb7b11c0000c6d7fd665b232e79
-- Up-to-date: /home/josedag31/Arus/ws/src/ARUSSim/install/arussim/include/controller_sim/torque_vectoring.hpp
-- Up-to-date: /home/josedag31/Arus/ws/src/ARUSSim/install/arussim/include/controller_sim/.vscode
-- Up-to-date: /home/josedag31/Arus/ws/src/ARUSSim/install/arussim/include/controller_sim/.vscode/settings.json
-- Up-to-date: /home/josedag31/Arus/ws/src/ARUSSim/install/arussim/include/controller_sim/.vscode/c_cpp_properties.json
-- Up-to-date: /home/josedag31/Arus/ws/src/ARUSSim/install/arussim/include/controller_sim/controller_sim.hpp
-- Up-to-date: /home/josedag31/Arus/ws/src/ARUSSim/install/arussim/include/controller_sim/power_limitation.hpp
-- Up-to-date: /home/josedag31/Arus/ws/src/ARUSSim/install/arussim/include/controller_sim/estimation.hpp
-- Up-to-date: /home/josedag31/Arus/ws/src/ARUSSim/install/arussim/include/arussim
-- Up-to-date: /home/josedag31/Arus/ws/src/ARUSSim/install/arussim/include/arussim/arussim_node.hpp
-- Up-to-date: /home/josedag31/Arus/ws/src/ARUSSim/install/arussim/include/arussim/sensors.hpp
-- Up-to-date: /home/josedag31/Arus/ws/src/ARUSSim/install/arussim/include/arussim/plot_interface.hpp
-- Up-to-date: /home/josedag31/Arus/ws/src/ARUSSim/install/arussim/include/arussim/supervisor.hpp
-- Up-to-date: /home/josedag31/Arus/ws/src/ARUSSim/install/arussim/include/arussim/csv_generator.hpp
-- Up-to-date: /home/josedag31/Arus/ws/src/ARUSSim/install/arussim/include/arussim/vehicle_dynamics.hpp
-- Up-to-date: /home/josedag31/Arus/ws/src/ARUSSim/install/arussim/include/arussim/ConeXYZColorScore.h
-- Up-to-date: /home/josedag31/Arus/ws/src/ARUSSim/install/arussim/include/arussim/main_interface.hpp
-- Up-to-date: /home/josedag31/Arus/ws/src/ARUSSim/install/arussim/share/arussim/main_interface.xml
-- Up-to-date: /home/josedag31/Arus/ws/src/ARUSSim/install/arussim/share/arussim/plot_interface.xml
-- Installing: /home/josedag31/Arus/ws/src/ARUSSim/install/arussim/lib/arussim/arussim_exec
-- Set runtime path of "/home/josedag31/Arus/ws/src/ARUSSim/install/arussim/lib/arussim/arussim_exec" to ""
-- Up-to-date: /home/josedag31/Arus/ws/src/ARUSSim/install/arussim/lib/arussim/sensors_exec
-- Up-to-date: /home/josedag31/Arus/ws/src/ARUSSim/install/arussim/lib/arussim/supervisor_exec
-- Up-to-date: /home/josedag31/Arus/ws/src/ARUSSim/install/arussim/share/arussim/launch
-- Up-to-date: /home/josedag31/Arus/ws/src/ARUSSim/install/arussim/share/arussim/launch/sim_automatic_launch.py
-- Up-to-date: /home/josedag31/Arus/ws/src/ARUSSim/install/arussim/share/arussim/launch/arussim_launch.py
-- Up-to-date: /home/josedag31/Arus/ws/src/ARUSSim/install/arussim/share/arussim/config
-- Up-to-date: /home/josedag31/Arus/ws/src/ARUSSim/install/arussim/share/arussim/config/simulator_config.yaml
-- Up-to-date: /home/josedag31/Arus/ws/src/ARUSSim/install/arussim/share/arussim/config/supervisor_config.yaml
-- Up-to-date: /home/josedag31/Arus/ws/src/ARUSSim/install/arussim/share/arussim/config/sensors_config.yaml
-- Up-to-date: /home/josedag31/Arus/ws/src/ARUSSim/install/arussim/share/arussim/config/arussim_rviz_config.rviz
-- Up-to-date: /home/josedag31/Arus/ws/src/ARUSSim/install/arussim/share/arussim/resources
-- Up-to-date: /home/josedag31/Arus/ws/src/ARUSSim/install/arussim/share/arussim/resources/meshes
-- Up-to-date: /home/josedag31/Arus/ws/src/ARUSSim/install/arussim/share/arussim/resources/meshes/whole_car.stl
-- Up-to-date: /home/josedag31/Arus/ws/src/ARUSSim/install/arussim/share/arussim/resources/meshes/cone.stl
-- Up-to-date: /home/josedag31/Arus/ws/src/ARUSSim/install/arussim/share/arussim/resources/meshes/ART24D.stl
-- Up-to-date: /home/josedag31/Arus/ws/src/ARUSSim/install/arussim/share/arussim/resources/tracks
-- Up-to-date: /home/josedag31/Arus/ws/src/ARUSSim/install/arussim/share/arussim/resources/tracks/test27F.json
-- Up-to-date: /home/josedag31/Arus/ws/src/ARUSSim/install/arussim/share/arussim/resources/tracks/FSEast23.json
-- Up-to-date: /home/josedag31/Arus/ws/src/ARUSSim/install/arussim/share/arussim/resources/tracks/acceleration.pcd
-- Up-to-date: /home/josedag31/Arus/ws/src/ARUSSim/install/arussim/share/arussim/resources/tracks/slam_track.pcd
-- Up-to-date: /home/josedag31/Arus/ws/src/ARUSSim/install/arussim/share/arussim/resources/tracks/FSG24.pcd
-- Up-to-date: /home/josedag31/Arus/ws/src/ARUSSim/install/arussim/share/arussim/resources/tracks/test27F.pcd
-- Up-to-date: /home/josedag31/Arus/ws/src/ARUSSim/install/arussim/share/arussim/resources/tracks/FSG.pcd
-- Up-to-date: /home/josedag31/Arus/ws/src/ARUSSim/install/arussim/share/arussim/resources/tracks/FSG24.json
-- Up-to-date: /home/josedag31/Arus/ws/src/ARUSSim/install/arussim/share/arussim/resources/tracks/test15M.json
-- Up-to-date: /home/josedag31/Arus/ws/src/ARUSSim/install/arussim/share/arussim/resources/tracks/skidpad.pcd
-- Up-to-date: /home/josedag31/Arus/ws/src/ARUSSim/install/arussim/share/arussim/resources/tracks/FSG.json
-- Up-to-date: /home/josedag31/Arus/ws/src/ARUSSim/install/arussim/share/arussim/resources/tracks/acceleration.json
-- Up-to-date: /home/josedag31/Arus/ws/src/ARUSSim/install/arussim/share/arussim/resources/tracks/test15M.pcd
-- Up-to-date: /home/josedag31/Arus/ws/src/ARUSSim/install/arussim/share/arussim/resources/tracks/FSEast23.pcd
-- Up-to-date: /home/josedag31/Arus/ws/src/ARUSSim/install/arussim/share/arussim/resources/tracks/test1.json
-- Up-to-date: /home/josedag31/Arus/ws/src/ARUSSim/install/arussim/share/arussim/resources/tracks/test1.pcd
-- Up-to-date: /home/josedag31/Arus/ws/src/ARUSSim/install/arussim/share/arussim/main_interface.xml
-- Up-to-date: /home/josedag31/Arus/ws/src/ARUSSim/install/arussim/share/arussim/plot_interface.xml
-- Up-to-date: /home/josedag31/Arus/ws/src/ARUSSim/install/arussim/share/ament_index/resource_index/package_run_dependencies/arussim
-- Up-to-date: /home/josedag31/Arus/ws/src/ARUSSim/install/arussim/share/ament_index/resource_index/parent_prefix_path/arussim
-- Up-to-date: /home/josedag31/Arus/ws/src/ARUSSim/install/arussim/share/arussim/environment/ament_prefix_path.sh
-- Up-to-date: /home/josedag31/Arus/ws/src/ARUSSim/install/arussim/share/arussim/environment/ament_prefix_path.dsv
-- Up-to-date: /home/josedag31/Arus/ws/src/ARUSSim/install/arussim/share/arussim/environment/path.sh
-- Up-to-date: /home/josedag31/Arus/ws/src/ARUSSim/install/arussim/share/arussim/environment/path.dsv
-- Up-to-date: /home/josedag31/Arus/ws/src/ARUSSim/install/arussim/share/arussim/local_setup.bash
-- Up-to-date: /home/josedag31/Arus/ws/src/ARUSSim/install/arussim/share/arussim/local_setup.sh
-- Up-to-date: /home/josedag31/Arus/ws/src/ARUSSim/install/arussim/share/arussim/local_setup.zsh
-- Up-to-date: /home/josedag31/Arus/ws/src/ARUSSim/install/arussim/share/arussim/local_setup.dsv
-- Installing: /home/josedag31/Arus/ws/src/ARUSSim/install/arussim/share/arussim/package.dsv
-- Up-to-date: /home/josedag31/Arus/ws/src/ARUSSim/install/arussim/share/ament_index/resource_index/packages/arussim
-- Up-to-date: /home/josedag31/Arus/ws/src/ARUSSim/install/arussim/share/ament_index/resource_index/rviz_common__pluginlib__plugin/arussim
-- Up-to-date: /home/josedag31/Arus/ws/src/ARUSSim/install/arussim/share/arussim/cmake/export_main_interfaceExport.cmake
-- Up-to-date: /home/josedag31/Arus/ws/src/ARUSSim/install/arussim/share/arussim/cmake/export_main_interfaceExport-noconfig.cmake
-- Up-to-date: /home/josedag31/Arus/ws/src/ARUSSim/install/arussim/share/arussim/cmake/ament_cmake_export_include_directories-extras.cmake
-- Up-to-date: /home/josedag31/Arus/ws/src/ARUSSim/install/arussim/share/arussim/cmake/ament_cmake_export_targets-extras.cmake
-- Up-to-date: /home/josedag31/Arus/ws/src/ARUSSim/install/arussim/share/arussim/cmake/arussimConfig.cmake
-- Up-to-date: /home/josedag31/Arus/ws/src/ARUSSim/install/arussim/share/arussim/cmake/arussimConfig-version.cmake
-- Up-to-date: /home/josedag31/Arus/ws/src/ARUSSim/install/arussim/share/arussim/package.xml
